[2026-01-10T01:00:01.689+0000] {local_task_job_runner.py:120} INFO - ::group::Pre task execution logs
[2026-01-10T01:00:01.734+0000] {taskinstance.py:2076} INFO - Dependencies all met for dep_context=non-requeueable deps ti=<TaskInstance: minio_to_snowflake.download_minio scheduled__2026-01-10T00:59:00+00:00 [queued]>
[2026-01-10T01:00:01.745+0000] {taskinstance.py:2076} INFO - Dependencies all met for dep_context=requeueable deps ti=<TaskInstance: minio_to_snowflake.download_minio scheduled__2026-01-10T00:59:00+00:00 [queued]>
[2026-01-10T01:00:01.746+0000] {taskinstance.py:2306} INFO - Starting attempt 1 of 2
[2026-01-10T01:00:01.761+0000] {taskinstance.py:2330} INFO - Executing <Task(PythonOperator): download_minio> on 2026-01-10 00:59:00+00:00
[2026-01-10T01:00:01.774+0000] {standard_task_runner.py:90} INFO - Running: ['***', 'tasks', 'run', 'minio_to_snowflake', 'download_minio', 'scheduled__2026-01-10T00:59:00+00:00', '--job-id', '12', '--raw', '--subdir', 'DAGS_FOLDER/minio_to_snowflake.py', '--cfg-path', '/tmp/tmp1tdddtzg']
[2026-01-10T01:00:01.778+0000] {standard_task_runner.py:91} INFO - Job 12: Subtask download_minio
[2026-01-10T01:00:01.780+0000] {logging_mixin.py:188} WARNING - /home/***/.local/lib/python3.12/site-packages/***/task/task_runner/standard_task_runner.py:62 DeprecationWarning: This process (pid=4982) is multi-threaded, use of fork() may lead to deadlocks in the child.
[2026-01-10T01:00:01.781+0000] {standard_task_runner.py:64} INFO - Started process 4985 to run task
[2026-01-10T01:00:01.868+0000] {task_command.py:426} INFO - Running <TaskInstance: minio_to_snowflake.download_minio scheduled__2026-01-10T00:59:00+00:00 [running]> on host ec4c21923cef
[2026-01-10T01:00:02.022+0000] {taskinstance.py:2648} INFO - Exporting env vars: AIRFLOW_CTX_DAG_OWNER='***' AIRFLOW_CTX_DAG_ID='minio_to_snowflake' AIRFLOW_CTX_TASK_ID='download_minio' AIRFLOW_CTX_EXECUTION_DATE='2026-01-10T00:59:00+00:00' AIRFLOW_CTX_TRY_NUMBER='1' AIRFLOW_CTX_DAG_RUN_ID='scheduled__2026-01-10T00:59:00+00:00'
[2026-01-10T01:00:02.025+0000] {taskinstance.py:430} INFO - ::endgroup::
[2026-01-10T01:00:02.353+0000] {logging_mixin.py:188} INFO - Downloaded AAPL/1767994102.json -> /tmp/minio_downloads/1767994102.json
[2026-01-10T01:00:02.368+0000] {logging_mixin.py:188} INFO - Downloaded AAPL/1767994114.json -> /tmp/minio_downloads/1767994114.json
[2026-01-10T01:00:02.382+0000] {logging_mixin.py:188} INFO - Downloaded AAPL/1767994127.json -> /tmp/minio_downloads/1767994127.json
[2026-01-10T01:00:02.395+0000] {logging_mixin.py:188} INFO - Downloaded AAPL/1767994138.json -> /tmp/minio_downloads/1767994138.json
[2026-01-10T01:00:02.407+0000] {logging_mixin.py:188} INFO - Downloaded AAPL/1767994149.json -> /tmp/minio_downloads/1767994149.json
[2026-01-10T01:00:02.423+0000] {logging_mixin.py:188} INFO - Downloaded AAPL/1767994160.json -> /tmp/minio_downloads/1767994160.json
[2026-01-10T01:00:02.442+0000] {logging_mixin.py:188} INFO - Downloaded AAPL/1767994171.json -> /tmp/minio_downloads/1767994171.json
[2026-01-10T01:00:02.460+0000] {logging_mixin.py:188} INFO - Downloaded AAPL/1767994189.json -> /tmp/minio_downloads/1767994189.json
[2026-01-10T01:00:02.478+0000] {logging_mixin.py:188} INFO - Downloaded AAPL/1767994201.json -> /tmp/minio_downloads/1767994201.json
[2026-01-10T01:00:02.500+0000] {logging_mixin.py:188} INFO - Downloaded AAPL/1767994212.json -> /tmp/minio_downloads/1767994212.json
[2026-01-10T01:00:02.524+0000] {logging_mixin.py:188} INFO - Downloaded AAPL/1767994225.json -> /tmp/minio_downloads/1767994225.json
[2026-01-10T01:00:02.546+0000] {logging_mixin.py:188} INFO - Downloaded AAPL/1767994235.json -> /tmp/minio_downloads/1767994235.json
[2026-01-10T01:00:02.562+0000] {logging_mixin.py:188} INFO - Downloaded AAPL/1767994246.json -> /tmp/minio_downloads/1767994246.json
[2026-01-10T01:00:02.577+0000] {logging_mixin.py:188} INFO - Downloaded AAPL/1767994258.json -> /tmp/minio_downloads/1767994258.json
[2026-01-10T01:00:02.598+0000] {logging_mixin.py:188} INFO - Downloaded AAPL/1767994270.json -> /tmp/minio_downloads/1767994270.json
[2026-01-10T01:00:02.612+0000] {logging_mixin.py:188} INFO - Downloaded AAPL/1767994281.json -> /tmp/minio_downloads/1767994281.json
[2026-01-10T01:00:02.626+0000] {logging_mixin.py:188} INFO - Downloaded AAPL/1767997418.json -> /tmp/minio_downloads/1767997418.json
[2026-01-10T01:00:02.640+0000] {logging_mixin.py:188} INFO - Downloaded AAPL/1767997428.json -> /tmp/minio_downloads/1767997428.json
[2026-01-10T01:00:02.652+0000] {logging_mixin.py:188} INFO - Downloaded AAPL/1767997440.json -> /tmp/minio_downloads/1767997440.json
[2026-01-10T01:00:02.667+0000] {logging_mixin.py:188} INFO - Downloaded AAPL/1767997450.json -> /tmp/minio_downloads/1767997450.json
[2026-01-10T01:00:02.680+0000] {logging_mixin.py:188} INFO - Downloaded AAPL/1767997461.json -> /tmp/minio_downloads/1767997461.json
[2026-01-10T01:00:02.692+0000] {logging_mixin.py:188} INFO - Downloaded AAPL/1767997471.json -> /tmp/minio_downloads/1767997471.json
[2026-01-10T01:00:02.703+0000] {logging_mixin.py:188} INFO - Downloaded AAPL/1767997482.json -> /tmp/minio_downloads/1767997482.json
[2026-01-10T01:00:02.715+0000] {logging_mixin.py:188} INFO - Downloaded AAPL/1767997492.json -> /tmp/minio_downloads/1767997492.json
[2026-01-10T01:00:02.725+0000] {logging_mixin.py:188} INFO - Downloaded AAPL/1768000525.json -> /tmp/minio_downloads/1768000525.json
[2026-01-10T01:00:02.736+0000] {logging_mixin.py:188} INFO - Downloaded AAPL/1768000535.json -> /tmp/minio_downloads/1768000535.json
[2026-01-10T01:00:02.749+0000] {logging_mixin.py:188} INFO - Downloaded AAPL/1768000546.json -> /tmp/minio_downloads/1768000546.json
[2026-01-10T01:00:02.762+0000] {logging_mixin.py:188} INFO - Downloaded AAPL/1768000556.json -> /tmp/minio_downloads/1768000556.json
[2026-01-10T01:00:02.777+0000] {logging_mixin.py:188} INFO - Downloaded AAPL/1768000567.json -> /tmp/minio_downloads/1768000567.json
[2026-01-10T01:00:02.792+0000] {logging_mixin.py:188} INFO - Downloaded AAPL/1768000579.json -> /tmp/minio_downloads/1768000579.json
[2026-01-10T01:00:02.807+0000] {logging_mixin.py:188} INFO - Downloaded AAPL/1768000592.json -> /tmp/minio_downloads/1768000592.json
[2026-01-10T01:00:02.823+0000] {logging_mixin.py:188} INFO - Downloaded AAPL/1768000604.json -> /tmp/minio_downloads/1768000604.json
[2026-01-10T01:00:02.838+0000] {logging_mixin.py:188} INFO - Downloaded AAPL/1768000616.json -> /tmp/minio_downloads/1768000616.json
[2026-01-10T01:00:02.853+0000] {logging_mixin.py:188} INFO - Downloaded AAPL/1768000631.json -> /tmp/minio_downloads/1768000631.json
[2026-01-10T01:00:02.867+0000] {logging_mixin.py:188} INFO - Downloaded AAPL/1768000644.json -> /tmp/minio_downloads/1768000644.json
[2026-01-10T01:00:02.884+0000] {logging_mixin.py:188} INFO - Downloaded AAPL/1768000655.json -> /tmp/minio_downloads/1768000655.json
[2026-01-10T01:00:02.903+0000] {logging_mixin.py:188} INFO - Downloaded AAPL/1768000666.json -> /tmp/minio_downloads/1768000666.json
[2026-01-10T01:00:02.923+0000] {logging_mixin.py:188} INFO - Downloaded AAPL/1768000677.json -> /tmp/minio_downloads/1768000677.json
[2026-01-10T01:00:02.942+0000] {logging_mixin.py:188} INFO - Downloaded AAPL/1768000688.json -> /tmp/minio_downloads/1768000688.json
[2026-01-10T01:00:02.960+0000] {logging_mixin.py:188} INFO - Downloaded AAPL/1768000698.json -> /tmp/minio_downloads/1768000698.json
[2026-01-10T01:00:02.979+0000] {logging_mixin.py:188} INFO - Downloaded AAPL/1768000710.json -> /tmp/minio_downloads/1768000710.json
[2026-01-10T01:00:02.998+0000] {logging_mixin.py:188} INFO - Downloaded AAPL/1768000720.json -> /tmp/minio_downloads/1768000720.json
[2026-01-10T01:00:03.020+0000] {logging_mixin.py:188} INFO - Downloaded AAPL/1768000731.json -> /tmp/minio_downloads/1768000731.json
[2026-01-10T01:00:03.048+0000] {logging_mixin.py:188} INFO - Downloaded AAPL/1768000742.json -> /tmp/minio_downloads/1768000742.json
[2026-01-10T01:00:03.066+0000] {logging_mixin.py:188} INFO - Downloaded AAPL/1768000753.json -> /tmp/minio_downloads/1768000753.json
[2026-01-10T01:00:03.080+0000] {logging_mixin.py:188} INFO - Downloaded AAPL/1768000764.json -> /tmp/minio_downloads/1768000764.json
[2026-01-10T01:00:03.094+0000] {logging_mixin.py:188} INFO - Downloaded AAPL/1768000776.json -> /tmp/minio_downloads/1768000776.json
[2026-01-10T01:00:03.107+0000] {logging_mixin.py:188} INFO - Downloaded AAPL/1768000787.json -> /tmp/minio_downloads/1768000787.json
[2026-01-10T01:00:03.122+0000] {logging_mixin.py:188} INFO - Downloaded AAPL/1768000797.json -> /tmp/minio_downloads/1768000797.json
[2026-01-10T01:00:03.141+0000] {logging_mixin.py:188} INFO - Downloaded AAPL/1768000808.json -> /tmp/minio_downloads/1768000808.json
[2026-01-10T01:00:03.155+0000] {logging_mixin.py:188} INFO - Downloaded AAPL/1768000819.json -> /tmp/minio_downloads/1768000819.json
[2026-01-10T01:00:03.169+0000] {logging_mixin.py:188} INFO - Downloaded AAPL/1768000831.json -> /tmp/minio_downloads/1768000831.json
[2026-01-10T01:00:03.185+0000] {logging_mixin.py:188} INFO - Downloaded AAPL/1768000843.json -> /tmp/minio_downloads/1768000843.json
[2026-01-10T01:00:03.197+0000] {logging_mixin.py:188} INFO - Downloaded AAPL/1768000855.json -> /tmp/minio_downloads/1768000855.json
[2026-01-10T01:00:03.209+0000] {logging_mixin.py:188} INFO - Downloaded AAPL/1768000867.json -> /tmp/minio_downloads/1768000867.json
[2026-01-10T01:00:03.221+0000] {logging_mixin.py:188} INFO - Downloaded AAPL/1768000878.json -> /tmp/minio_downloads/1768000878.json
[2026-01-10T01:00:03.234+0000] {logging_mixin.py:188} INFO - Downloaded AAPL/1768000890.json -> /tmp/minio_downloads/1768000890.json
[2026-01-10T01:00:03.246+0000] {logging_mixin.py:188} INFO - Downloaded AAPL/1768000901.json -> /tmp/minio_downloads/1768000901.json
[2026-01-10T01:00:03.258+0000] {logging_mixin.py:188} INFO - Downloaded AAPL/1768000912.json -> /tmp/minio_downloads/1768000912.json
[2026-01-10T01:00:03.271+0000] {logging_mixin.py:188} INFO - Downloaded AAPL/1768000921.json -> /tmp/minio_downloads/1768000921.json
[2026-01-10T01:00:03.283+0000] {logging_mixin.py:188} INFO - Downloaded AAPL/1768000932.json -> /tmp/minio_downloads/1768000932.json
[2026-01-10T01:00:03.296+0000] {logging_mixin.py:188} INFO - Downloaded AAPL/1768000942.json -> /tmp/minio_downloads/1768000942.json
[2026-01-10T01:00:03.310+0000] {logging_mixin.py:188} INFO - Downloaded AAPL/1768000953.json -> /tmp/minio_downloads/1768000953.json
[2026-01-10T01:00:03.322+0000] {logging_mixin.py:188} INFO - Downloaded AAPL/1768001779.json -> /tmp/minio_downloads/1768001779.json
[2026-01-10T01:00:03.335+0000] {logging_mixin.py:188} INFO - Downloaded AAPL/1768001791.json -> /tmp/minio_downloads/1768001791.json
[2026-01-10T01:00:03.348+0000] {logging_mixin.py:188} INFO - Downloaded AAPL/1768001803.json -> /tmp/minio_downloads/1768001803.json
[2026-01-10T01:00:03.361+0000] {logging_mixin.py:188} INFO - Downloaded AAPL/1768001813.json -> /tmp/minio_downloads/1768001813.json
[2026-01-10T01:00:03.373+0000] {logging_mixin.py:188} INFO - Downloaded AAPL/1768001825.json -> /tmp/minio_downloads/1768001825.json
[2026-01-10T01:00:03.386+0000] {logging_mixin.py:188} INFO - Downloaded AAPL/1768001837.json -> /tmp/minio_downloads/1768001837.json
[2026-01-10T01:00:03.399+0000] {logging_mixin.py:188} INFO - Downloaded AAPL/1768001849.json -> /tmp/minio_downloads/1768001849.json
[2026-01-10T01:00:03.411+0000] {logging_mixin.py:188} INFO - Downloaded AAPL/1768001859.json -> /tmp/minio_downloads/1768001859.json
[2026-01-10T01:00:03.423+0000] {logging_mixin.py:188} INFO - Downloaded AAPL/1768001868.json -> /tmp/minio_downloads/1768001868.json
[2026-01-10T01:00:03.436+0000] {logging_mixin.py:188} INFO - Downloaded AAPL/1768002255.json -> /tmp/minio_downloads/1768002255.json
[2026-01-10T01:00:03.449+0000] {logging_mixin.py:188} INFO - Downloaded AAPL/1768002265.json -> /tmp/minio_downloads/1768002265.json
[2026-01-10T01:00:03.462+0000] {logging_mixin.py:188} INFO - Downloaded AAPL/1768002275.json -> /tmp/minio_downloads/1768002275.json
[2026-01-10T01:00:03.473+0000] {logging_mixin.py:188} INFO - Downloaded AAPL/1768002285.json -> /tmp/minio_downloads/1768002285.json
[2026-01-10T01:00:03.485+0000] {logging_mixin.py:188} INFO - Downloaded AAPL/1768002294.json -> /tmp/minio_downloads/1768002294.json
[2026-01-10T01:00:03.497+0000] {logging_mixin.py:188} INFO - Downloaded AAPL/1768002304.json -> /tmp/minio_downloads/1768002304.json
[2026-01-10T01:00:03.510+0000] {logging_mixin.py:188} INFO - Downloaded AAPL/1768002313.json -> /tmp/minio_downloads/1768002313.json
[2026-01-10T01:00:03.523+0000] {logging_mixin.py:188} INFO - Downloaded AAPL/1768002323.json -> /tmp/minio_downloads/1768002323.json
[2026-01-10T01:00:03.534+0000] {logging_mixin.py:188} INFO - Downloaded AAPL/1768002333.json -> /tmp/minio_downloads/1768002333.json
[2026-01-10T01:00:03.544+0000] {logging_mixin.py:188} INFO - Downloaded AAPL/1768002343.json -> /tmp/minio_downloads/1768002343.json
[2026-01-10T01:00:03.555+0000] {logging_mixin.py:188} INFO - Downloaded AAPL/1768002355.json -> /tmp/minio_downloads/1768002355.json
[2026-01-10T01:00:03.565+0000] {logging_mixin.py:188} INFO - Downloaded AAPL/1768002366.json -> /tmp/minio_downloads/1768002366.json
[2026-01-10T01:00:03.577+0000] {logging_mixin.py:188} INFO - Downloaded AAPL/1768002377.json -> /tmp/minio_downloads/1768002377.json
[2026-01-10T01:00:03.590+0000] {logging_mixin.py:188} INFO - Downloaded AAPL/1768002388.json -> /tmp/minio_downloads/1768002388.json
[2026-01-10T01:00:03.605+0000] {logging_mixin.py:188} INFO - Downloaded AAPL/1768002399.json -> /tmp/minio_downloads/1768002399.json
[2026-01-10T01:00:03.619+0000] {logging_mixin.py:188} INFO - Downloaded AAPL/1768002410.json -> /tmp/minio_downloads/1768002410.json
[2026-01-10T01:00:03.634+0000] {logging_mixin.py:188} INFO - Downloaded AAPL/1768002420.json -> /tmp/minio_downloads/1768002420.json
[2026-01-10T01:00:03.650+0000] {logging_mixin.py:188} INFO - Downloaded AAPL/1768002432.json -> /tmp/minio_downloads/1768002432.json
[2026-01-10T01:00:03.664+0000] {logging_mixin.py:188} INFO - Downloaded AAPL/1768002443.json -> /tmp/minio_downloads/1768002443.json
[2026-01-10T01:00:03.677+0000] {logging_mixin.py:188} INFO - Downloaded AAPL/1768002455.json -> /tmp/minio_downloads/1768002455.json
[2026-01-10T01:00:03.691+0000] {logging_mixin.py:188} INFO - Downloaded AMZN/1767994107.json -> /tmp/minio_downloads/1767994107.json
[2026-01-10T01:00:03.705+0000] {logging_mixin.py:188} INFO - Downloaded AMZN/1767994120.json -> /tmp/minio_downloads/1767994120.json
[2026-01-10T01:00:03.718+0000] {logging_mixin.py:188} INFO - Downloaded AMZN/1767994132.json -> /tmp/minio_downloads/1767994132.json
[2026-01-10T01:00:03.732+0000] {logging_mixin.py:188} INFO - Downloaded AMZN/1767994142.json -> /tmp/minio_downloads/1767994142.json
[2026-01-10T01:00:03.743+0000] {logging_mixin.py:188} INFO - Downloaded AMZN/1767994153.json -> /tmp/minio_downloads/1767994153.json
[2026-01-10T01:00:03.755+0000] {logging_mixin.py:188} INFO - Downloaded AMZN/1767994164.json -> /tmp/minio_downloads/1767994164.json
[2026-01-10T01:00:03.766+0000] {logging_mixin.py:188} INFO - Downloaded AMZN/1767994182.json -> /tmp/minio_downloads/1767994182.json
[2026-01-10T01:00:03.777+0000] {logging_mixin.py:188} INFO - Downloaded AMZN/1767994193.json -> /tmp/minio_downloads/1767994193.json
[2026-01-10T01:00:03.789+0000] {logging_mixin.py:188} INFO - Downloaded AMZN/1767994205.json -> /tmp/minio_downloads/1767994205.json
[2026-01-10T01:00:03.801+0000] {logging_mixin.py:188} INFO - Downloaded AMZN/1767994216.json -> /tmp/minio_downloads/1767994216.json
[2026-01-10T01:00:03.814+0000] {logging_mixin.py:188} INFO - Downloaded AMZN/1767994228.json -> /tmp/minio_downloads/1767994228.json
[2026-01-10T01:00:03.826+0000] {logging_mixin.py:188} INFO - Downloaded AMZN/1767994240.json -> /tmp/minio_downloads/1767994240.json
[2026-01-10T01:00:03.840+0000] {logging_mixin.py:188} INFO - Downloaded AMZN/1767994250.json -> /tmp/minio_downloads/1767994250.json
[2026-01-10T01:00:03.856+0000] {logging_mixin.py:188} INFO - Downloaded AMZN/1767994263.json -> /tmp/minio_downloads/1767994263.json
[2026-01-10T01:00:03.867+0000] {logging_mixin.py:188} INFO - Downloaded AMZN/1767994274.json -> /tmp/minio_downloads/1767994274.json
[2026-01-10T01:00:03.879+0000] {logging_mixin.py:188} INFO - Downloaded AMZN/1767997421.json -> /tmp/minio_downloads/1767997421.json
[2026-01-10T01:00:03.891+0000] {logging_mixin.py:188} INFO - Downloaded AMZN/1767997432.json -> /tmp/minio_downloads/1767997432.json
[2026-01-10T01:00:03.903+0000] {logging_mixin.py:188} INFO - Downloaded AMZN/1767997443.json -> /tmp/minio_downloads/1767997443.json
[2026-01-10T01:00:03.915+0000] {logging_mixin.py:188} INFO - Downloaded AMZN/1767997454.json -> /tmp/minio_downloads/1767997454.json
[2026-01-10T01:00:03.928+0000] {logging_mixin.py:188} INFO - Downloaded AMZN/1767997465.json -> /tmp/minio_downloads/1767997465.json
[2026-01-10T01:00:03.940+0000] {logging_mixin.py:188} INFO - Downloaded AMZN/1767997474.json -> /tmp/minio_downloads/1767997474.json
[2026-01-10T01:00:03.952+0000] {logging_mixin.py:188} INFO - Downloaded AMZN/1767997485.json -> /tmp/minio_downloads/1767997485.json
[2026-01-10T01:00:03.965+0000] {logging_mixin.py:188} INFO - Downloaded AMZN/1767997494.json -> /tmp/minio_downloads/1767997494.json
[2026-01-10T01:00:03.976+0000] {logging_mixin.py:188} INFO - Downloaded AMZN/1768000528.json -> /tmp/minio_downloads/1768000528.json
[2026-01-10T01:00:03.989+0000] {logging_mixin.py:188} INFO - Downloaded AMZN/1768000539.json -> /tmp/minio_downloads/1768000539.json
[2026-01-10T01:00:04.000+0000] {logging_mixin.py:188} INFO - Downloaded AMZN/1768000549.json -> /tmp/minio_downloads/1768000549.json
[2026-01-10T01:00:04.011+0000] {logging_mixin.py:188} INFO - Downloaded AMZN/1768000559.json -> /tmp/minio_downloads/1768000559.json
[2026-01-10T01:00:04.023+0000] {logging_mixin.py:188} INFO - Downloaded AMZN/1768000572.json -> /tmp/minio_downloads/1768000572.json
[2026-01-10T01:00:04.034+0000] {logging_mixin.py:188} INFO - Downloaded AMZN/1768000585.json -> /tmp/minio_downloads/1768000585.json
[2026-01-10T01:00:04.045+0000] {logging_mixin.py:188} INFO - Downloaded AMZN/1768000597.json -> /tmp/minio_downloads/1768000597.json
[2026-01-10T01:00:04.056+0000] {logging_mixin.py:188} INFO - Downloaded AMZN/1768000609.json -> /tmp/minio_downloads/1768000609.json
[2026-01-10T01:00:04.069+0000] {logging_mixin.py:188} INFO - Downloaded AMZN/1768000623.json -> /tmp/minio_downloads/1768000623.json
[2026-01-10T01:00:04.084+0000] {logging_mixin.py:188} INFO - Downloaded AMZN/1768000637.json -> /tmp/minio_downloads/1768000637.json
[2026-01-10T01:00:04.101+0000] {logging_mixin.py:188} INFO - Downloaded AMZN/1768000648.json -> /tmp/minio_downloads/1768000648.json
[2026-01-10T01:00:04.118+0000] {logging_mixin.py:188} INFO - Downloaded AMZN/1768000659.json -> /tmp/minio_downloads/1768000659.json
[2026-01-10T01:00:04.136+0000] {logging_mixin.py:188} INFO - Downloaded AMZN/1768000670.json -> /tmp/minio_downloads/1768000670.json
[2026-01-10T01:00:04.169+0000] {logging_mixin.py:188} INFO - Downloaded AMZN/1768000681.json -> /tmp/minio_downloads/1768000681.json
[2026-01-10T01:00:04.195+0000] {logging_mixin.py:188} INFO - Downloaded AMZN/1768000692.json -> /tmp/minio_downloads/1768000692.json
[2026-01-10T01:00:04.212+0000] {logging_mixin.py:188} INFO - Downloaded AMZN/1768000703.json -> /tmp/minio_downloads/1768000703.json
[2026-01-10T01:00:04.228+0000] {logging_mixin.py:188} INFO - Downloaded AMZN/1768000714.json -> /tmp/minio_downloads/1768000714.json
[2026-01-10T01:00:04.243+0000] {logging_mixin.py:188} INFO - Downloaded AMZN/1768000724.json -> /tmp/minio_downloads/1768000724.json
[2026-01-10T01:00:04.256+0000] {logging_mixin.py:188} INFO - Downloaded AMZN/1768000735.json -> /tmp/minio_downloads/1768000735.json
[2026-01-10T01:00:04.270+0000] {logging_mixin.py:188} INFO - Downloaded AMZN/1768000746.json -> /tmp/minio_downloads/1768000746.json
[2026-01-10T01:00:04.283+0000] {logging_mixin.py:188} INFO - Downloaded AMZN/1768000757.json -> /tmp/minio_downloads/1768000757.json
[2026-01-10T01:00:04.298+0000] {logging_mixin.py:188} INFO - Downloaded AMZN/1768000768.json -> /tmp/minio_downloads/1768000768.json
[2026-01-10T01:00:04.313+0000] {logging_mixin.py:188} INFO - Downloaded AMZN/1768000780.json -> /tmp/minio_downloads/1768000780.json
[2026-01-10T01:00:04.328+0000] {logging_mixin.py:188} INFO - Downloaded AMZN/1768000791.json -> /tmp/minio_downloads/1768000791.json
[2026-01-10T01:00:04.342+0000] {logging_mixin.py:188} INFO - Downloaded AMZN/1768000801.json -> /tmp/minio_downloads/1768000801.json
[2026-01-10T01:00:04.356+0000] {logging_mixin.py:188} INFO - Downloaded AMZN/1768000812.json -> /tmp/minio_downloads/1768000812.json
[2026-01-10T01:00:04.370+0000] {logging_mixin.py:188} INFO - Downloaded AMZN/1768000824.json -> /tmp/minio_downloads/1768000824.json
[2026-01-10T01:00:04.382+0000] {logging_mixin.py:188} INFO - Downloaded AMZN/1768000836.json -> /tmp/minio_downloads/1768000836.json
[2026-01-10T01:00:04.393+0000] {logging_mixin.py:188} INFO - Downloaded AMZN/1768000848.json -> /tmp/minio_downloads/1768000848.json
[2026-01-10T01:00:04.405+0000] {logging_mixin.py:188} INFO - Downloaded AMZN/1768000860.json -> /tmp/minio_downloads/1768000860.json
[2026-01-10T01:00:04.417+0000] {logging_mixin.py:188} INFO - Downloaded AMZN/1768000871.json -> /tmp/minio_downloads/1768000871.json
[2026-01-10T01:00:04.429+0000] {logging_mixin.py:188} INFO - Downloaded AMZN/1768000883.json -> /tmp/minio_downloads/1768000883.json
[2026-01-10T01:00:04.440+0000] {logging_mixin.py:188} INFO - Downloaded AMZN/1768000894.json -> /tmp/minio_downloads/1768000894.json
[2026-01-10T01:00:04.452+0000] {logging_mixin.py:188} INFO - Downloaded AMZN/1768000905.json -> /tmp/minio_downloads/1768000905.json
[2026-01-10T01:00:04.465+0000] {logging_mixin.py:188} INFO - Downloaded AMZN/1768000914.json -> /tmp/minio_downloads/1768000914.json
[2026-01-10T01:00:04.476+0000] {logging_mixin.py:188} INFO - Downloaded AMZN/1768000925.json -> /tmp/minio_downloads/1768000925.json
[2026-01-10T01:00:04.489+0000] {logging_mixin.py:188} INFO - Downloaded AMZN/1768000935.json -> /tmp/minio_downloads/1768000935.json
[2026-01-10T01:00:04.500+0000] {logging_mixin.py:188} INFO - Downloaded AMZN/1768000946.json -> /tmp/minio_downloads/1768000946.json
[2026-01-10T01:00:04.512+0000] {logging_mixin.py:188} INFO - Downloaded AMZN/1768000957.json -> /tmp/minio_downloads/1768000957.json
[2026-01-10T01:00:04.523+0000] {logging_mixin.py:188} INFO - Downloaded AMZN/1768001784.json -> /tmp/minio_downloads/1768001784.json
[2026-01-10T01:00:04.535+0000] {logging_mixin.py:188} INFO - Downloaded AMZN/1768001796.json -> /tmp/minio_downloads/1768001796.json
[2026-01-10T01:00:04.547+0000] {logging_mixin.py:188} INFO - Downloaded AMZN/1768001806.json -> /tmp/minio_downloads/1768001806.json
[2026-01-10T01:00:04.559+0000] {logging_mixin.py:188} INFO - Downloaded AMZN/1768001818.json -> /tmp/minio_downloads/1768001818.json
[2026-01-10T01:00:04.570+0000] {logging_mixin.py:188} INFO - Downloaded AMZN/1768001830.json -> /tmp/minio_downloads/1768001830.json
[2026-01-10T01:00:04.582+0000] {logging_mixin.py:188} INFO - Downloaded AMZN/1768001842.json -> /tmp/minio_downloads/1768001842.json
[2026-01-10T01:00:04.594+0000] {logging_mixin.py:188} INFO - Downloaded AMZN/1768001852.json -> /tmp/minio_downloads/1768001852.json
[2026-01-10T01:00:04.606+0000] {logging_mixin.py:188} INFO - Downloaded AMZN/1768001862.json -> /tmp/minio_downloads/1768001862.json
[2026-01-10T01:00:04.619+0000] {logging_mixin.py:188} INFO - Downloaded AMZN/1768001871.json -> /tmp/minio_downloads/1768001871.json
[2026-01-10T01:00:04.631+0000] {logging_mixin.py:188} INFO - Downloaded AMZN/1768002259.json -> /tmp/minio_downloads/1768002259.json
[2026-01-10T01:00:04.643+0000] {logging_mixin.py:188} INFO - Downloaded AMZN/1768002268.json -> /tmp/minio_downloads/1768002268.json
[2026-01-10T01:00:04.655+0000] {logging_mixin.py:188} INFO - Downloaded AMZN/1768002278.json -> /tmp/minio_downloads/1768002278.json
[2026-01-10T01:00:04.667+0000] {logging_mixin.py:188} INFO - Downloaded AMZN/1768002287.json -> /tmp/minio_downloads/1768002287.json
[2026-01-10T01:00:04.680+0000] {logging_mixin.py:188} INFO - Downloaded AMZN/1768002297.json -> /tmp/minio_downloads/1768002297.json
[2026-01-10T01:00:04.699+0000] {logging_mixin.py:188} INFO - Downloaded AMZN/1768002306.json -> /tmp/minio_downloads/1768002306.json
[2026-01-10T01:00:04.717+0000] {logging_mixin.py:188} INFO - Downloaded AMZN/1768002316.json -> /tmp/minio_downloads/1768002316.json
[2026-01-10T01:00:04.733+0000] {logging_mixin.py:188} INFO - Downloaded AMZN/1768002326.json -> /tmp/minio_downloads/1768002326.json
[2026-01-10T01:00:04.750+0000] {logging_mixin.py:188} INFO - Downloaded AMZN/1768002336.json -> /tmp/minio_downloads/1768002336.json
[2026-01-10T01:00:04.765+0000] {logging_mixin.py:188} INFO - Downloaded AMZN/1768002347.json -> /tmp/minio_downloads/1768002347.json
[2026-01-10T01:00:04.778+0000] {logging_mixin.py:188} INFO - Downloaded AMZN/1768002359.json -> /tmp/minio_downloads/1768002359.json
[2026-01-10T01:00:04.791+0000] {logging_mixin.py:188} INFO - Downloaded AMZN/1768002371.json -> /tmp/minio_downloads/1768002371.json
[2026-01-10T01:00:04.803+0000] {logging_mixin.py:188} INFO - Downloaded AMZN/1768002381.json -> /tmp/minio_downloads/1768002381.json
[2026-01-10T01:00:04.815+0000] {logging_mixin.py:188} INFO - Downloaded AMZN/1768002392.json -> /tmp/minio_downloads/1768002392.json
[2026-01-10T01:00:04.827+0000] {logging_mixin.py:188} INFO - Downloaded AMZN/1768002403.json -> /tmp/minio_downloads/1768002403.json
[2026-01-10T01:00:04.838+0000] {logging_mixin.py:188} INFO - Downloaded AMZN/1768002413.json -> /tmp/minio_downloads/1768002413.json
[2026-01-10T01:00:04.850+0000] {logging_mixin.py:188} INFO - Downloaded AMZN/1768002425.json -> /tmp/minio_downloads/1768002425.json
[2026-01-10T01:00:04.862+0000] {logging_mixin.py:188} INFO - Downloaded AMZN/1768002436.json -> /tmp/minio_downloads/1768002436.json
[2026-01-10T01:00:04.875+0000] {logging_mixin.py:188} INFO - Downloaded AMZN/1768002448.json -> /tmp/minio_downloads/1768002448.json
[2026-01-10T01:00:04.888+0000] {logging_mixin.py:188} INFO - Downloaded AMZN/1768002459.json -> /tmp/minio_downloads/1768002459.json
[2026-01-10T01:00:04.940+0000] {logging_mixin.py:188} INFO - Downloaded GOOGL/1767994105.json -> /tmp/minio_downloads/1767994105.json
[2026-01-10T01:00:04.972+0000] {logging_mixin.py:188} INFO - Downloaded GOOGL/1767994117.json -> /tmp/minio_downloads/1767994117.json
[2026-01-10T01:00:05.009+0000] {logging_mixin.py:188} INFO - Downloaded GOOGL/1767994131.json -> /tmp/minio_downloads/1767994131.json
[2026-01-10T01:00:05.034+0000] {logging_mixin.py:188} INFO - Downloaded GOOGL/1767994141.json -> /tmp/minio_downloads/1767994141.json
[2026-01-10T01:00:05.083+0000] {logging_mixin.py:188} INFO - Downloaded GOOGL/1767994152.json -> /tmp/minio_downloads/1767994152.json
[2026-01-10T01:00:05.106+0000] {logging_mixin.py:188} INFO - Downloaded GOOGL/1767994163.json -> /tmp/minio_downloads/1767994163.json
[2026-01-10T01:00:05.129+0000] {logging_mixin.py:188} INFO - Downloaded GOOGL/1767994181.json -> /tmp/minio_downloads/1767994181.json
[2026-01-10T01:00:05.147+0000] {logging_mixin.py:188} INFO - Downloaded GOOGL/1767994192.json -> /tmp/minio_downloads/1767994192.json
[2026-01-10T01:00:05.167+0000] {logging_mixin.py:188} INFO - Downloaded GOOGL/1767994204.json -> /tmp/minio_downloads/1767994204.json
[2026-01-10T01:00:05.193+0000] {logging_mixin.py:188} INFO - Downloaded GOOGL/1767994215.json -> /tmp/minio_downloads/1767994215.json
[2026-01-10T01:00:05.215+0000] {logging_mixin.py:188} INFO - Downloaded GOOGL/1767994227.json -> /tmp/minio_downloads/1767994227.json
[2026-01-10T01:00:05.238+0000] {logging_mixin.py:188} INFO - Downloaded GOOGL/1767994239.json -> /tmp/minio_downloads/1767994239.json
[2026-01-10T01:00:05.260+0000] {logging_mixin.py:188} INFO - Downloaded GOOGL/1767994249.json -> /tmp/minio_downloads/1767994249.json
[2026-01-10T01:00:05.285+0000] {logging_mixin.py:188} INFO - Downloaded GOOGL/1767994261.json -> /tmp/minio_downloads/1767994261.json
[2026-01-10T01:00:05.310+0000] {logging_mixin.py:188} INFO - Downloaded GOOGL/1767994273.json -> /tmp/minio_downloads/1767994273.json
[2026-01-10T01:00:05.331+0000] {logging_mixin.py:188} INFO - Downloaded GOOGL/1767997420.json -> /tmp/minio_downloads/1767997420.json
[2026-01-10T01:00:05.354+0000] {logging_mixin.py:188} INFO - Downloaded GOOGL/1767997431.json -> /tmp/minio_downloads/1767997431.json
[2026-01-10T01:00:05.375+0000] {logging_mixin.py:188} INFO - Downloaded GOOGL/1767997442.json -> /tmp/minio_downloads/1767997442.json
[2026-01-10T01:00:05.399+0000] {logging_mixin.py:188} INFO - Downloaded GOOGL/1767997453.json -> /tmp/minio_downloads/1767997453.json
[2026-01-10T01:00:05.427+0000] {logging_mixin.py:188} INFO - Downloaded GOOGL/1767997464.json -> /tmp/minio_downloads/1767997464.json
[2026-01-10T01:00:05.456+0000] {logging_mixin.py:188} INFO - Downloaded GOOGL/1767997473.json -> /tmp/minio_downloads/1767997473.json
[2026-01-10T01:00:05.479+0000] {logging_mixin.py:188} INFO - Downloaded GOOGL/1767997484.json -> /tmp/minio_downloads/1767997484.json
[2026-01-10T01:00:05.497+0000] {logging_mixin.py:188} INFO - Downloaded GOOGL/1767997494.json -> /tmp/minio_downloads/1767997494.json
[2026-01-10T01:00:05.516+0000] {logging_mixin.py:188} INFO - Downloaded GOOGL/1768000527.json -> /tmp/minio_downloads/1768000527.json
[2026-01-10T01:00:05.534+0000] {logging_mixin.py:188} INFO - Downloaded GOOGL/1768000538.json -> /tmp/minio_downloads/1768000538.json
[2026-01-10T01:00:05.551+0000] {logging_mixin.py:188} INFO - Downloaded GOOGL/1768000548.json -> /tmp/minio_downloads/1768000548.json
[2026-01-10T01:00:05.567+0000] {logging_mixin.py:188} INFO - Downloaded GOOGL/1768000559.json -> /tmp/minio_downloads/1768000559.json
[2026-01-10T01:00:05.582+0000] {logging_mixin.py:188} INFO - Downloaded GOOGL/1768000570.json -> /tmp/minio_downloads/1768000570.json
[2026-01-10T01:00:05.596+0000] {logging_mixin.py:188} INFO - Downloaded GOOGL/1768000583.json -> /tmp/minio_downloads/1768000583.json
[2026-01-10T01:00:05.610+0000] {logging_mixin.py:188} INFO - Downloaded GOOGL/1768000596.json -> /tmp/minio_downloads/1768000596.json
[2026-01-10T01:00:05.625+0000] {logging_mixin.py:188} INFO - Downloaded GOOGL/1768000608.json -> /tmp/minio_downloads/1768000608.json
[2026-01-10T01:00:05.638+0000] {logging_mixin.py:188} INFO - Downloaded GOOGL/1768000622.json -> /tmp/minio_downloads/1768000622.json
[2026-01-10T01:00:05.654+0000] {logging_mixin.py:188} INFO - Downloaded GOOGL/1768000635.json -> /tmp/minio_downloads/1768000635.json
[2026-01-10T01:00:05.671+0000] {logging_mixin.py:188} INFO - Downloaded GOOGL/1768000647.json -> /tmp/minio_downloads/1768000647.json
[2026-01-10T01:00:05.688+0000] {logging_mixin.py:188} INFO - Downloaded GOOGL/1768000658.json -> /tmp/minio_downloads/1768000658.json
[2026-01-10T01:00:05.706+0000] {logging_mixin.py:188} INFO - Downloaded GOOGL/1768000669.json -> /tmp/minio_downloads/1768000669.json
[2026-01-10T01:00:05.728+0000] {logging_mixin.py:188} INFO - Downloaded GOOGL/1768000680.json -> /tmp/minio_downloads/1768000680.json
[2026-01-10T01:00:05.746+0000] {logging_mixin.py:188} INFO - Downloaded GOOGL/1768000691.json -> /tmp/minio_downloads/1768000691.json
[2026-01-10T01:00:05.760+0000] {logging_mixin.py:188} INFO - Downloaded GOOGL/1768000702.json -> /tmp/minio_downloads/1768000702.json
[2026-01-10T01:00:05.773+0000] {logging_mixin.py:188} INFO - Downloaded GOOGL/1768000713.json -> /tmp/minio_downloads/1768000713.json
[2026-01-10T01:00:05.787+0000] {logging_mixin.py:188} INFO - Downloaded GOOGL/1768000723.json -> /tmp/minio_downloads/1768000723.json
[2026-01-10T01:00:05.800+0000] {logging_mixin.py:188} INFO - Downloaded GOOGL/1768000734.json -> /tmp/minio_downloads/1768000734.json
[2026-01-10T01:00:05.813+0000] {logging_mixin.py:188} INFO - Downloaded GOOGL/1768000745.json -> /tmp/minio_downloads/1768000745.json
[2026-01-10T01:00:05.826+0000] {logging_mixin.py:188} INFO - Downloaded GOOGL/1768000756.json -> /tmp/minio_downloads/1768000756.json
[2026-01-10T01:00:05.872+0000] {logging_mixin.py:188} INFO - Downloaded GOOGL/1768000767.json -> /tmp/minio_downloads/1768000767.json
[2026-01-10T01:00:05.913+0000] {logging_mixin.py:188} INFO - Downloaded GOOGL/1768000779.json -> /tmp/minio_downloads/1768000779.json
[2026-01-10T01:00:05.954+0000] {logging_mixin.py:188} INFO - Downloaded GOOGL/1768000790.json -> /tmp/minio_downloads/1768000790.json
[2026-01-10T01:00:06.023+0000] {logging_mixin.py:188} INFO - Downloaded GOOGL/1768000800.json -> /tmp/minio_downloads/1768000800.json
[2026-01-10T01:00:06.039+0000] {logging_mixin.py:188} INFO - Downloaded GOOGL/1768000811.json -> /tmp/minio_downloads/1768000811.json
[2026-01-10T01:00:06.057+0000] {logging_mixin.py:188} INFO - Downloaded GOOGL/1768000823.json -> /tmp/minio_downloads/1768000823.json
[2026-01-10T01:00:06.084+0000] {logging_mixin.py:188} INFO - Downloaded GOOGL/1768000835.json -> /tmp/minio_downloads/1768000835.json
[2026-01-10T01:00:06.101+0000] {logging_mixin.py:188} INFO - Downloaded GOOGL/1768000847.json -> /tmp/minio_downloads/1768000847.json
[2026-01-10T01:00:06.115+0000] {logging_mixin.py:188} INFO - Downloaded GOOGL/1768000859.json -> /tmp/minio_downloads/1768000859.json
[2026-01-10T01:00:06.129+0000] {logging_mixin.py:188} INFO - Downloaded GOOGL/1768000870.json -> /tmp/minio_downloads/1768000870.json
[2026-01-10T01:00:06.143+0000] {logging_mixin.py:188} INFO - Downloaded GOOGL/1768000882.json -> /tmp/minio_downloads/1768000882.json
[2026-01-10T01:00:06.155+0000] {logging_mixin.py:188} INFO - Downloaded GOOGL/1768000893.json -> /tmp/minio_downloads/1768000893.json
[2026-01-10T01:00:06.168+0000] {logging_mixin.py:188} INFO - Downloaded GOOGL/1768000904.json -> /tmp/minio_downloads/1768000904.json
[2026-01-10T01:00:06.180+0000] {logging_mixin.py:188} INFO - Downloaded GOOGL/1768000914.json -> /tmp/minio_downloads/1768000914.json
[2026-01-10T01:00:06.192+0000] {logging_mixin.py:188} INFO - Downloaded GOOGL/1768000924.json -> /tmp/minio_downloads/1768000924.json
[2026-01-10T01:00:06.206+0000] {logging_mixin.py:188} INFO - Downloaded GOOGL/1768000934.json -> /tmp/minio_downloads/1768000934.json
[2026-01-10T01:00:06.219+0000] {logging_mixin.py:188} INFO - Downloaded GOOGL/1768000945.json -> /tmp/minio_downloads/1768000945.json
[2026-01-10T01:00:06.232+0000] {logging_mixin.py:188} INFO - Downloaded GOOGL/1768000956.json -> /tmp/minio_downloads/1768000956.json
[2026-01-10T01:00:06.246+0000] {logging_mixin.py:188} INFO - Downloaded GOOGL/1768001782.json -> /tmp/minio_downloads/1768001782.json
[2026-01-10T01:00:06.260+0000] {logging_mixin.py:188} INFO - Downloaded GOOGL/1768001795.json -> /tmp/minio_downloads/1768001795.json
[2026-01-10T01:00:06.273+0000] {logging_mixin.py:188} INFO - Downloaded GOOGL/1768001805.json -> /tmp/minio_downloads/1768001805.json
[2026-01-10T01:00:06.289+0000] {logging_mixin.py:188} INFO - Downloaded GOOGL/1768001817.json -> /tmp/minio_downloads/1768001817.json
[2026-01-10T01:00:06.303+0000] {logging_mixin.py:188} INFO - Downloaded GOOGL/1768001828.json -> /tmp/minio_downloads/1768001828.json
[2026-01-10T01:00:06.315+0000] {logging_mixin.py:188} INFO - Downloaded GOOGL/1768001841.json -> /tmp/minio_downloads/1768001841.json
[2026-01-10T01:00:06.327+0000] {logging_mixin.py:188} INFO - Downloaded GOOGL/1768001851.json -> /tmp/minio_downloads/1768001851.json
[2026-01-10T01:00:06.339+0000] {logging_mixin.py:188} INFO - Downloaded GOOGL/1768001861.json -> /tmp/minio_downloads/1768001861.json
[2026-01-10T01:00:06.351+0000] {logging_mixin.py:188} INFO - Downloaded GOOGL/1768001870.json -> /tmp/minio_downloads/1768001870.json
[2026-01-10T01:00:06.363+0000] {logging_mixin.py:188} INFO - Downloaded GOOGL/1768002257.json -> /tmp/minio_downloads/1768002257.json
[2026-01-10T01:00:06.375+0000] {logging_mixin.py:188} INFO - Downloaded GOOGL/1768002268.json -> /tmp/minio_downloads/1768002268.json
[2026-01-10T01:00:06.386+0000] {logging_mixin.py:188} INFO - Downloaded GOOGL/1768002277.json -> /tmp/minio_downloads/1768002277.json
[2026-01-10T01:00:06.398+0000] {logging_mixin.py:188} INFO - Downloaded GOOGL/1768002287.json -> /tmp/minio_downloads/1768002287.json
[2026-01-10T01:00:06.410+0000] {logging_mixin.py:188} INFO - Downloaded GOOGL/1768002296.json -> /tmp/minio_downloads/1768002296.json
[2026-01-10T01:00:06.422+0000] {logging_mixin.py:188} INFO - Downloaded GOOGL/1768002306.json -> /tmp/minio_downloads/1768002306.json
[2026-01-10T01:00:06.433+0000] {logging_mixin.py:188} INFO - Downloaded GOOGL/1768002315.json -> /tmp/minio_downloads/1768002315.json
[2026-01-10T01:00:06.444+0000] {logging_mixin.py:188} INFO - Downloaded GOOGL/1768002325.json -> /tmp/minio_downloads/1768002325.json
[2026-01-10T01:00:06.455+0000] {logging_mixin.py:188} INFO - Downloaded GOOGL/1768002335.json -> /tmp/minio_downloads/1768002335.json
[2026-01-10T01:00:06.468+0000] {logging_mixin.py:188} INFO - Downloaded GOOGL/1768002346.json -> /tmp/minio_downloads/1768002346.json
[2026-01-10T01:00:06.480+0000] {logging_mixin.py:188} INFO - Downloaded GOOGL/1768002358.json -> /tmp/minio_downloads/1768002358.json
[2026-01-10T01:00:06.493+0000] {logging_mixin.py:188} INFO - Downloaded GOOGL/1768002370.json -> /tmp/minio_downloads/1768002370.json
[2026-01-10T01:00:06.506+0000] {logging_mixin.py:188} INFO - Downloaded GOOGL/1768002380.json -> /tmp/minio_downloads/1768002380.json
[2026-01-10T01:00:06.518+0000] {logging_mixin.py:188} INFO - Downloaded GOOGL/1768002391.json -> /tmp/minio_downloads/1768002391.json
[2026-01-10T01:00:06.532+0000] {logging_mixin.py:188} INFO - Downloaded GOOGL/1768002402.json -> /tmp/minio_downloads/1768002402.json
[2026-01-10T01:00:06.545+0000] {logging_mixin.py:188} INFO - Downloaded GOOGL/1768002413.json -> /tmp/minio_downloads/1768002413.json
[2026-01-10T01:00:06.559+0000] {logging_mixin.py:188} INFO - Downloaded GOOGL/1768002424.json -> /tmp/minio_downloads/1768002424.json
[2026-01-10T01:00:06.572+0000] {logging_mixin.py:188} INFO - Downloaded GOOGL/1768002435.json -> /tmp/minio_downloads/1768002435.json
[2026-01-10T01:00:06.584+0000] {logging_mixin.py:188} INFO - Downloaded GOOGL/1768002447.json -> /tmp/minio_downloads/1768002447.json
[2026-01-10T01:00:06.596+0000] {logging_mixin.py:188} INFO - Downloaded GOOGL/1768002458.json -> /tmp/minio_downloads/1768002458.json
[2026-01-10T01:00:06.606+0000] {logging_mixin.py:188} INFO - Downloaded MSFT/1767994103.json -> /tmp/minio_downloads/1767994103.json
[2026-01-10T01:00:06.618+0000] {logging_mixin.py:188} INFO - Downloaded MSFT/1767994115.json -> /tmp/minio_downloads/1767994115.json
[2026-01-10T01:00:06.629+0000] {logging_mixin.py:188} INFO - Downloaded MSFT/1767994129.json -> /tmp/minio_downloads/1767994129.json
[2026-01-10T01:00:06.641+0000] {logging_mixin.py:188} INFO - Downloaded MSFT/1767994139.json -> /tmp/minio_downloads/1767994139.json
[2026-01-10T01:00:06.653+0000] {logging_mixin.py:188} INFO - Downloaded MSFT/1767994150.json -> /tmp/minio_downloads/1767994150.json
[2026-01-10T01:00:06.664+0000] {logging_mixin.py:188} INFO - Downloaded MSFT/1767994161.json -> /tmp/minio_downloads/1767994161.json
[2026-01-10T01:00:06.676+0000] {logging_mixin.py:188} INFO - Downloaded MSFT/1767994172.json -> /tmp/minio_downloads/1767994172.json
[2026-01-10T01:00:06.688+0000] {logging_mixin.py:188} INFO - Downloaded MSFT/1767994190.json -> /tmp/minio_downloads/1767994190.json
[2026-01-10T01:00:06.701+0000] {logging_mixin.py:188} INFO - Downloaded MSFT/1767994202.json -> /tmp/minio_downloads/1767994202.json
[2026-01-10T01:00:06.715+0000] {logging_mixin.py:188} INFO - Downloaded MSFT/1767994212.json -> /tmp/minio_downloads/1767994212.json
[2026-01-10T01:00:06.730+0000] {logging_mixin.py:188} INFO - Downloaded MSFT/1767994226.json -> /tmp/minio_downloads/1767994226.json
[2026-01-10T01:00:06.744+0000] {logging_mixin.py:188} INFO - Downloaded MSFT/1767994236.json -> /tmp/minio_downloads/1767994236.json
[2026-01-10T01:00:06.758+0000] {logging_mixin.py:188} INFO - Downloaded MSFT/1767994247.json -> /tmp/minio_downloads/1767994247.json
[2026-01-10T01:00:06.772+0000] {logging_mixin.py:188} INFO - Downloaded MSFT/1767994259.json -> /tmp/minio_downloads/1767994259.json
[2026-01-10T01:00:06.784+0000] {logging_mixin.py:188} INFO - Downloaded MSFT/1767994271.json -> /tmp/minio_downloads/1767994271.json
[2026-01-10T01:00:06.797+0000] {logging_mixin.py:188} INFO - Downloaded MSFT/1767997419.json -> /tmp/minio_downloads/1767997419.json
[2026-01-10T01:00:06.808+0000] {logging_mixin.py:188} INFO - Downloaded MSFT/1767997429.json -> /tmp/minio_downloads/1767997429.json
[2026-01-10T01:00:06.822+0000] {logging_mixin.py:188} INFO - Downloaded MSFT/1767997440.json -> /tmp/minio_downloads/1767997440.json
[2026-01-10T01:00:06.837+0000] {logging_mixin.py:188} INFO - Downloaded MSFT/1767997451.json -> /tmp/minio_downloads/1767997451.json
[2026-01-10T01:00:06.850+0000] {logging_mixin.py:188} INFO - Downloaded MSFT/1767997462.json -> /tmp/minio_downloads/1767997462.json
[2026-01-10T01:00:06.866+0000] {logging_mixin.py:188} INFO - Downloaded MSFT/1767997472.json -> /tmp/minio_downloads/1767997472.json
[2026-01-10T01:00:06.879+0000] {logging_mixin.py:188} INFO - Downloaded MSFT/1767997482.json -> /tmp/minio_downloads/1767997482.json
[2026-01-10T01:00:06.892+0000] {logging_mixin.py:188} INFO - Downloaded MSFT/1767997492.json -> /tmp/minio_downloads/1767997492.json
[2026-01-10T01:00:06.905+0000] {logging_mixin.py:188} INFO - Downloaded MSFT/1768000525.json -> /tmp/minio_downloads/1768000525.json
[2026-01-10T01:00:06.919+0000] {logging_mixin.py:188} INFO - Downloaded MSFT/1768000536.json -> /tmp/minio_downloads/1768000536.json
[2026-01-10T01:00:06.934+0000] {logging_mixin.py:188} INFO - Downloaded MSFT/1768000547.json -> /tmp/minio_downloads/1768000547.json
[2026-01-10T01:00:06.947+0000] {logging_mixin.py:188} INFO - Downloaded MSFT/1768000557.json -> /tmp/minio_downloads/1768000557.json
[2026-01-10T01:00:06.962+0000] {logging_mixin.py:188} INFO - Downloaded MSFT/1768000568.json -> /tmp/minio_downloads/1768000568.json
[2026-01-10T01:00:06.978+0000] {logging_mixin.py:188} INFO - Downloaded MSFT/1768000581.json -> /tmp/minio_downloads/1768000581.json
[2026-01-10T01:00:06.993+0000] {logging_mixin.py:188} INFO - Downloaded MSFT/1768000593.json -> /tmp/minio_downloads/1768000593.json
[2026-01-10T01:00:07.006+0000] {logging_mixin.py:188} INFO - Downloaded MSFT/1768000605.json -> /tmp/minio_downloads/1768000605.json
[2026-01-10T01:00:07.020+0000] {logging_mixin.py:188} INFO - Downloaded MSFT/1768000619.json -> /tmp/minio_downloads/1768000619.json
[2026-01-10T01:00:07.033+0000] {logging_mixin.py:188} INFO - Downloaded MSFT/1768000632.json -> /tmp/minio_downloads/1768000632.json
[2026-01-10T01:00:07.046+0000] {logging_mixin.py:188} INFO - Downloaded MSFT/1768000645.json -> /tmp/minio_downloads/1768000645.json
[2026-01-10T01:00:07.059+0000] {logging_mixin.py:188} INFO - Downloaded MSFT/1768000656.json -> /tmp/minio_downloads/1768000656.json
[2026-01-10T01:00:07.070+0000] {logging_mixin.py:188} INFO - Downloaded MSFT/1768000667.json -> /tmp/minio_downloads/1768000667.json
[2026-01-10T01:00:07.083+0000] {logging_mixin.py:188} INFO - Downloaded MSFT/1768000678.json -> /tmp/minio_downloads/1768000678.json
[2026-01-10T01:00:07.096+0000] {logging_mixin.py:188} INFO - Downloaded MSFT/1768000689.json -> /tmp/minio_downloads/1768000689.json
[2026-01-10T01:00:07.109+0000] {logging_mixin.py:188} INFO - Downloaded MSFT/1768000699.json -> /tmp/minio_downloads/1768000699.json
[2026-01-10T01:00:07.122+0000] {logging_mixin.py:188} INFO - Downloaded MSFT/1768000711.json -> /tmp/minio_downloads/1768000711.json
[2026-01-10T01:00:07.136+0000] {logging_mixin.py:188} INFO - Downloaded MSFT/1768000721.json -> /tmp/minio_downloads/1768000721.json
[2026-01-10T01:00:07.150+0000] {logging_mixin.py:188} INFO - Downloaded MSFT/1768000732.json -> /tmp/minio_downloads/1768000732.json
[2026-01-10T01:00:07.162+0000] {logging_mixin.py:188} INFO - Downloaded MSFT/1768000743.json -> /tmp/minio_downloads/1768000743.json
[2026-01-10T01:00:07.174+0000] {logging_mixin.py:188} INFO - Downloaded MSFT/1768000754.json -> /tmp/minio_downloads/1768000754.json
[2026-01-10T01:00:07.186+0000] {logging_mixin.py:188} INFO - Downloaded MSFT/1768000765.json -> /tmp/minio_downloads/1768000765.json
[2026-01-10T01:00:07.197+0000] {logging_mixin.py:188} INFO - Downloaded MSFT/1768000777.json -> /tmp/minio_downloads/1768000777.json
[2026-01-10T01:00:07.210+0000] {logging_mixin.py:188} INFO - Downloaded MSFT/1768000788.json -> /tmp/minio_downloads/1768000788.json
[2026-01-10T01:00:07.222+0000] {logging_mixin.py:188} INFO - Downloaded MSFT/1768000798.json -> /tmp/minio_downloads/1768000798.json
[2026-01-10T01:00:07.233+0000] {logging_mixin.py:188} INFO - Downloaded MSFT/1768000809.json -> /tmp/minio_downloads/1768000809.json
[2026-01-10T01:00:07.244+0000] {logging_mixin.py:188} INFO - Downloaded MSFT/1768000821.json -> /tmp/minio_downloads/1768000821.json
[2026-01-10T01:00:07.256+0000] {logging_mixin.py:188} INFO - Downloaded MSFT/1768000832.json -> /tmp/minio_downloads/1768000832.json
[2026-01-10T01:00:07.268+0000] {logging_mixin.py:188} INFO - Downloaded MSFT/1768000845.json -> /tmp/minio_downloads/1768000845.json
[2026-01-10T01:00:07.279+0000] {logging_mixin.py:188} INFO - Downloaded MSFT/1768000856.json -> /tmp/minio_downloads/1768000856.json
[2026-01-10T01:00:07.291+0000] {logging_mixin.py:188} INFO - Downloaded MSFT/1768000868.json -> /tmp/minio_downloads/1768000868.json
[2026-01-10T01:00:07.304+0000] {logging_mixin.py:188} INFO - Downloaded MSFT/1768000879.json -> /tmp/minio_downloads/1768000879.json
[2026-01-10T01:00:07.315+0000] {logging_mixin.py:188} INFO - Downloaded MSFT/1768000891.json -> /tmp/minio_downloads/1768000891.json
[2026-01-10T01:00:07.327+0000] {logging_mixin.py:188} INFO - Downloaded MSFT/1768000902.json -> /tmp/minio_downloads/1768000902.json
[2026-01-10T01:00:07.339+0000] {logging_mixin.py:188} INFO - Downloaded MSFT/1768000912.json -> /tmp/minio_downloads/1768000912.json
[2026-01-10T01:00:07.351+0000] {logging_mixin.py:188} INFO - Downloaded MSFT/1768000922.json -> /tmp/minio_downloads/1768000922.json
[2026-01-10T01:00:07.363+0000] {logging_mixin.py:188} INFO - Downloaded MSFT/1768000932.json -> /tmp/minio_downloads/1768000932.json
[2026-01-10T01:00:07.376+0000] {logging_mixin.py:188} INFO - Downloaded MSFT/1768000943.json -> /tmp/minio_downloads/1768000943.json
[2026-01-10T01:00:07.389+0000] {logging_mixin.py:188} INFO - Downloaded MSFT/1768000954.json -> /tmp/minio_downloads/1768000954.json
[2026-01-10T01:00:07.401+0000] {logging_mixin.py:188} INFO - Downloaded MSFT/1768001780.json -> /tmp/minio_downloads/1768001780.json
[2026-01-10T01:00:07.413+0000] {logging_mixin.py:188} INFO - Downloaded MSFT/1768001792.json -> /tmp/minio_downloads/1768001792.json
[2026-01-10T01:00:07.427+0000] {logging_mixin.py:188} INFO - Downloaded MSFT/1768001803.json -> /tmp/minio_downloads/1768001803.json
[2026-01-10T01:00:07.441+0000] {logging_mixin.py:188} INFO - Downloaded MSFT/1768001814.json -> /tmp/minio_downloads/1768001814.json
[2026-01-10T01:00:07.452+0000] {logging_mixin.py:188} INFO - Downloaded MSFT/1768001826.json -> /tmp/minio_downloads/1768001826.json
[2026-01-10T01:00:07.465+0000] {logging_mixin.py:188} INFO - Downloaded MSFT/1768001838.json -> /tmp/minio_downloads/1768001838.json
[2026-01-10T01:00:07.476+0000] {logging_mixin.py:188} INFO - Downloaded MSFT/1768001850.json -> /tmp/minio_downloads/1768001850.json
[2026-01-10T01:00:07.487+0000] {logging_mixin.py:188} INFO - Downloaded MSFT/1768001859.json -> /tmp/minio_downloads/1768001859.json
[2026-01-10T01:00:07.500+0000] {logging_mixin.py:188} INFO - Downloaded MSFT/1768001869.json -> /tmp/minio_downloads/1768001869.json
[2026-01-10T01:00:07.511+0000] {logging_mixin.py:188} INFO - Downloaded MSFT/1768002256.json -> /tmp/minio_downloads/1768002256.json
[2026-01-10T01:00:07.522+0000] {logging_mixin.py:188} INFO - Downloaded MSFT/1768002266.json -> /tmp/minio_downloads/1768002266.json
[2026-01-10T01:00:07.535+0000] {logging_mixin.py:188} INFO - Downloaded MSFT/1768002276.json -> /tmp/minio_downloads/1768002276.json
[2026-01-10T01:00:07.547+0000] {logging_mixin.py:188} INFO - Downloaded MSFT/1768002285.json -> /tmp/minio_downloads/1768002285.json
[2026-01-10T01:00:07.559+0000] {logging_mixin.py:188} INFO - Downloaded MSFT/1768002295.json -> /tmp/minio_downloads/1768002295.json
[2026-01-10T01:00:07.573+0000] {logging_mixin.py:188} INFO - Downloaded MSFT/1768002304.json -> /tmp/minio_downloads/1768002304.json
[2026-01-10T01:00:07.586+0000] {logging_mixin.py:188} INFO - Downloaded MSFT/1768002314.json -> /tmp/minio_downloads/1768002314.json
[2026-01-10T01:00:07.602+0000] {logging_mixin.py:188} INFO - Downloaded MSFT/1768002324.json -> /tmp/minio_downloads/1768002324.json
[2026-01-10T01:00:07.617+0000] {logging_mixin.py:188} INFO - Downloaded MSFT/1768002333.json -> /tmp/minio_downloads/1768002333.json
[2026-01-10T01:00:07.630+0000] {logging_mixin.py:188} INFO - Downloaded MSFT/1768002344.json -> /tmp/minio_downloads/1768002344.json
[2026-01-10T01:00:07.644+0000] {logging_mixin.py:188} INFO - Downloaded MSFT/1768002356.json -> /tmp/minio_downloads/1768002356.json
[2026-01-10T01:00:07.657+0000] {logging_mixin.py:188} INFO - Downloaded MSFT/1768002368.json -> /tmp/minio_downloads/1768002368.json
[2026-01-10T01:00:07.669+0000] {logging_mixin.py:188} INFO - Downloaded MSFT/1768002378.json -> /tmp/minio_downloads/1768002378.json
[2026-01-10T01:00:07.681+0000] {logging_mixin.py:188} INFO - Downloaded MSFT/1768002389.json -> /tmp/minio_downloads/1768002389.json
[2026-01-10T01:00:07.694+0000] {logging_mixin.py:188} INFO - Downloaded MSFT/1768002400.json -> /tmp/minio_downloads/1768002400.json
[2026-01-10T01:00:07.705+0000] {logging_mixin.py:188} INFO - Downloaded MSFT/1768002411.json -> /tmp/minio_downloads/1768002411.json
[2026-01-10T01:00:07.718+0000] {logging_mixin.py:188} INFO - Downloaded MSFT/1768002421.json -> /tmp/minio_downloads/1768002421.json
[2026-01-10T01:00:07.731+0000] {logging_mixin.py:188} INFO - Downloaded MSFT/1768002433.json -> /tmp/minio_downloads/1768002433.json
[2026-01-10T01:00:07.746+0000] {logging_mixin.py:188} INFO - Downloaded MSFT/1768002445.json -> /tmp/minio_downloads/1768002445.json
[2026-01-10T01:00:07.762+0000] {logging_mixin.py:188} INFO - Downloaded MSFT/1768002456.json -> /tmp/minio_downloads/1768002456.json
[2026-01-10T01:00:07.778+0000] {logging_mixin.py:188} INFO - Downloaded TSLA/1767994104.json -> /tmp/minio_downloads/1767994104.json
[2026-01-10T01:00:07.798+0000] {logging_mixin.py:188} INFO - Downloaded TSLA/1767994116.json -> /tmp/minio_downloads/1767994116.json
[2026-01-10T01:00:07.816+0000] {logging_mixin.py:188} INFO - Downloaded TSLA/1767994130.json -> /tmp/minio_downloads/1767994130.json
[2026-01-10T01:00:07.834+0000] {logging_mixin.py:188} INFO - Downloaded TSLA/1767994140.json -> /tmp/minio_downloads/1767994140.json
[2026-01-10T01:00:07.854+0000] {logging_mixin.py:188} INFO - Downloaded TSLA/1767994151.json -> /tmp/minio_downloads/1767994151.json
[2026-01-10T01:00:07.876+0000] {logging_mixin.py:188} INFO - Downloaded TSLA/1767994162.json -> /tmp/minio_downloads/1767994162.json
[2026-01-10T01:00:07.893+0000] {logging_mixin.py:188} INFO - Downloaded TSLA/1767994173.json -> /tmp/minio_downloads/1767994173.json
[2026-01-10T01:00:07.912+0000] {logging_mixin.py:188} INFO - Downloaded TSLA/1767994191.json -> /tmp/minio_downloads/1767994191.json
[2026-01-10T01:00:07.929+0000] {logging_mixin.py:188} INFO - Downloaded TSLA/1767994203.json -> /tmp/minio_downloads/1767994203.json
[2026-01-10T01:00:07.947+0000] {logging_mixin.py:188} INFO - Downloaded TSLA/1767994214.json -> /tmp/minio_downloads/1767994214.json
[2026-01-10T01:00:07.961+0000] {logging_mixin.py:188} INFO - Downloaded TSLA/1767994227.json -> /tmp/minio_downloads/1767994227.json
[2026-01-10T01:00:07.979+0000] {logging_mixin.py:188} INFO - Downloaded TSLA/1767994238.json -> /tmp/minio_downloads/1767994238.json
[2026-01-10T01:00:08.000+0000] {logging_mixin.py:188} INFO - Downloaded TSLA/1767994248.json -> /tmp/minio_downloads/1767994248.json
[2026-01-10T01:00:08.019+0000] {logging_mixin.py:188} INFO - Downloaded TSLA/1767994260.json -> /tmp/minio_downloads/1767994260.json
[2026-01-10T01:00:08.037+0000] {logging_mixin.py:188} INFO - Downloaded TSLA/1767994272.json -> /tmp/minio_downloads/1767994272.json
[2026-01-10T01:00:08.054+0000] {logging_mixin.py:188} INFO - Downloaded TSLA/1767997419.json -> /tmp/minio_downloads/1767997419.json
[2026-01-10T01:00:08.070+0000] {logging_mixin.py:188} INFO - Downloaded TSLA/1767997430.json -> /tmp/minio_downloads/1767997430.json
[2026-01-10T01:00:08.086+0000] {logging_mixin.py:188} INFO - Downloaded TSLA/1767997441.json -> /tmp/minio_downloads/1767997441.json
[2026-01-10T01:00:08.100+0000] {logging_mixin.py:188} INFO - Downloaded TSLA/1767997452.json -> /tmp/minio_downloads/1767997452.json
[2026-01-10T01:00:08.119+0000] {logging_mixin.py:188} INFO - Downloaded TSLA/1767997463.json -> /tmp/minio_downloads/1767997463.json
[2026-01-10T01:00:08.143+0000] {logging_mixin.py:188} INFO - Downloaded TSLA/1767997473.json -> /tmp/minio_downloads/1767997473.json
[2026-01-10T01:00:08.165+0000] {logging_mixin.py:188} INFO - Downloaded TSLA/1767997483.json -> /tmp/minio_downloads/1767997483.json
[2026-01-10T01:00:08.193+0000] {logging_mixin.py:188} INFO - Downloaded TSLA/1767997493.json -> /tmp/minio_downloads/1767997493.json
[2026-01-10T01:00:08.222+0000] {logging_mixin.py:188} INFO - Downloaded TSLA/1768000526.json -> /tmp/minio_downloads/1768000526.json
[2026-01-10T01:00:08.245+0000] {logging_mixin.py:188} INFO - Downloaded TSLA/1768000537.json -> /tmp/minio_downloads/1768000537.json
[2026-01-10T01:00:08.273+0000] {logging_mixin.py:188} INFO - Downloaded TSLA/1768000548.json -> /tmp/minio_downloads/1768000548.json
[2026-01-10T01:00:08.293+0000] {logging_mixin.py:188} INFO - Downloaded TSLA/1768000558.json -> /tmp/minio_downloads/1768000558.json
[2026-01-10T01:00:08.310+0000] {logging_mixin.py:188} INFO - Downloaded TSLA/1768000569.json -> /tmp/minio_downloads/1768000569.json
[2026-01-10T01:00:08.327+0000] {logging_mixin.py:188} INFO - Downloaded TSLA/1768000582.json -> /tmp/minio_downloads/1768000582.json
[2026-01-10T01:00:08.343+0000] {logging_mixin.py:188} INFO - Downloaded TSLA/1768000594.json -> /tmp/minio_downloads/1768000594.json
[2026-01-10T01:00:08.358+0000] {logging_mixin.py:188} INFO - Downloaded TSLA/1768000607.json -> /tmp/minio_downloads/1768000607.json
[2026-01-10T01:00:08.372+0000] {logging_mixin.py:188} INFO - Downloaded TSLA/1768000621.json -> /tmp/minio_downloads/1768000621.json
[2026-01-10T01:00:08.386+0000] {logging_mixin.py:188} INFO - Downloaded TSLA/1768000634.json -> /tmp/minio_downloads/1768000634.json
[2026-01-10T01:00:08.400+0000] {logging_mixin.py:188} INFO - Downloaded TSLA/1768000646.json -> /tmp/minio_downloads/1768000646.json
[2026-01-10T01:00:08.413+0000] {logging_mixin.py:188} INFO - Downloaded TSLA/1768000657.json -> /tmp/minio_downloads/1768000657.json
[2026-01-10T01:00:08.426+0000] {logging_mixin.py:188} INFO - Downloaded TSLA/1768000668.json -> /tmp/minio_downloads/1768000668.json
[2026-01-10T01:00:08.439+0000] {logging_mixin.py:188} INFO - Downloaded TSLA/1768000679.json -> /tmp/minio_downloads/1768000679.json
[2026-01-10T01:00:08.454+0000] {logging_mixin.py:188} INFO - Downloaded TSLA/1768000690.json -> /tmp/minio_downloads/1768000690.json
[2026-01-10T01:00:08.468+0000] {logging_mixin.py:188} INFO - Downloaded TSLA/1768000701.json -> /tmp/minio_downloads/1768000701.json
[2026-01-10T01:00:08.483+0000] {logging_mixin.py:188} INFO - Downloaded TSLA/1768000712.json -> /tmp/minio_downloads/1768000712.json
[2026-01-10T01:00:08.497+0000] {logging_mixin.py:188} INFO - Downloaded TSLA/1768000722.json -> /tmp/minio_downloads/1768000722.json
[2026-01-10T01:00:08.513+0000] {logging_mixin.py:188} INFO - Downloaded TSLA/1768000733.json -> /tmp/minio_downloads/1768000733.json
[2026-01-10T01:00:08.531+0000] {logging_mixin.py:188} INFO - Downloaded TSLA/1768000744.json -> /tmp/minio_downloads/1768000744.json
[2026-01-10T01:00:08.554+0000] {logging_mixin.py:188} INFO - Downloaded TSLA/1768000755.json -> /tmp/minio_downloads/1768000755.json
[2026-01-10T01:00:08.576+0000] {logging_mixin.py:188} INFO - Downloaded TSLA/1768000766.json -> /tmp/minio_downloads/1768000766.json
[2026-01-10T01:00:08.593+0000] {logging_mixin.py:188} INFO - Downloaded TSLA/1768000778.json -> /tmp/minio_downloads/1768000778.json
[2026-01-10T01:00:08.608+0000] {logging_mixin.py:188} INFO - Downloaded TSLA/1768000789.json -> /tmp/minio_downloads/1768000789.json
[2026-01-10T01:00:08.626+0000] {logging_mixin.py:188} INFO - Downloaded TSLA/1768000799.json -> /tmp/minio_downloads/1768000799.json
[2026-01-10T01:00:08.647+0000] {logging_mixin.py:188} INFO - Downloaded TSLA/1768000810.json -> /tmp/minio_downloads/1768000810.json
[2026-01-10T01:00:08.667+0000] {logging_mixin.py:188} INFO - Downloaded TSLA/1768000822.json -> /tmp/minio_downloads/1768000822.json
[2026-01-10T01:00:08.690+0000] {logging_mixin.py:188} INFO - Downloaded TSLA/1768000834.json -> /tmp/minio_downloads/1768000834.json
[2026-01-10T01:00:08.705+0000] {logging_mixin.py:188} INFO - Downloaded TSLA/1768000846.json -> /tmp/minio_downloads/1768000846.json
[2026-01-10T01:00:08.720+0000] {logging_mixin.py:188} INFO - Downloaded TSLA/1768000858.json -> /tmp/minio_downloads/1768000858.json
[2026-01-10T01:00:08.735+0000] {logging_mixin.py:188} INFO - Downloaded TSLA/1768000869.json -> /tmp/minio_downloads/1768000869.json
[2026-01-10T01:00:08.753+0000] {logging_mixin.py:188} INFO - Downloaded TSLA/1768000880.json -> /tmp/minio_downloads/1768000880.json
[2026-01-10T01:00:08.776+0000] {logging_mixin.py:188} INFO - Downloaded TSLA/1768000892.json -> /tmp/minio_downloads/1768000892.json
[2026-01-10T01:00:08.796+0000] {logging_mixin.py:188} INFO - Downloaded TSLA/1768000903.json -> /tmp/minio_downloads/1768000903.json
[2026-01-10T01:00:08.835+0000] {logging_mixin.py:188} INFO - Downloaded TSLA/1768000913.json -> /tmp/minio_downloads/1768000913.json
[2026-01-10T01:00:08.869+0000] {logging_mixin.py:188} INFO - Downloaded TSLA/1768000923.json -> /tmp/minio_downloads/1768000923.json
[2026-01-10T01:00:08.899+0000] {logging_mixin.py:188} INFO - Downloaded TSLA/1768000933.json -> /tmp/minio_downloads/1768000933.json
[2026-01-10T01:00:08.937+0000] {logging_mixin.py:188} INFO - Downloaded TSLA/1768000944.json -> /tmp/minio_downloads/1768000944.json
[2026-01-10T01:00:08.971+0000] {logging_mixin.py:188} INFO - Downloaded TSLA/1768000956.json -> /tmp/minio_downloads/1768000956.json
[2026-01-10T01:00:09.000+0000] {logging_mixin.py:188} INFO - Downloaded TSLA/1768001781.json -> /tmp/minio_downloads/1768001781.json
[2026-01-10T01:00:09.018+0000] {logging_mixin.py:188} INFO - Downloaded TSLA/1768001793.json -> /tmp/minio_downloads/1768001793.json
[2026-01-10T01:00:09.039+0000] {logging_mixin.py:188} INFO - Downloaded TSLA/1768001804.json -> /tmp/minio_downloads/1768001804.json
[2026-01-10T01:00:09.060+0000] {logging_mixin.py:188} INFO - Downloaded TSLA/1768001817.json -> /tmp/minio_downloads/1768001817.json
[2026-01-10T01:00:09.079+0000] {logging_mixin.py:188} INFO - Downloaded TSLA/1768001827.json -> /tmp/minio_downloads/1768001827.json
[2026-01-10T01:00:09.096+0000] {logging_mixin.py:188} INFO - Downloaded TSLA/1768001839.json -> /tmp/minio_downloads/1768001839.json
[2026-01-10T01:00:09.116+0000] {logging_mixin.py:188} INFO - Downloaded TSLA/1768001850.json -> /tmp/minio_downloads/1768001850.json
[2026-01-10T01:00:09.136+0000] {logging_mixin.py:188} INFO - Downloaded TSLA/1768001860.json -> /tmp/minio_downloads/1768001860.json
[2026-01-10T01:00:09.153+0000] {logging_mixin.py:188} INFO - Downloaded TSLA/1768001870.json -> /tmp/minio_downloads/1768001870.json
[2026-01-10T01:00:09.166+0000] {logging_mixin.py:188} INFO - Downloaded TSLA/1768002257.json -> /tmp/minio_downloads/1768002257.json
[2026-01-10T01:00:09.181+0000] {logging_mixin.py:188} INFO - Downloaded TSLA/1768002267.json -> /tmp/minio_downloads/1768002267.json
[2026-01-10T01:00:09.196+0000] {logging_mixin.py:188} INFO - Downloaded TSLA/1768002277.json -> /tmp/minio_downloads/1768002277.json
[2026-01-10T01:00:09.211+0000] {logging_mixin.py:188} INFO - Downloaded TSLA/1768002286.json -> /tmp/minio_downloads/1768002286.json
[2026-01-10T01:00:09.225+0000] {logging_mixin.py:188} INFO - Downloaded TSLA/1768002296.json -> /tmp/minio_downloads/1768002296.json
[2026-01-10T01:00:09.238+0000] {logging_mixin.py:188} INFO - Downloaded TSLA/1768002305.json -> /tmp/minio_downloads/1768002305.json
[2026-01-10T01:00:09.251+0000] {logging_mixin.py:188} INFO - Downloaded TSLA/1768002315.json -> /tmp/minio_downloads/1768002315.json
[2026-01-10T01:00:09.264+0000] {logging_mixin.py:188} INFO - Downloaded TSLA/1768002324.json -> /tmp/minio_downloads/1768002324.json
[2026-01-10T01:00:09.277+0000] {logging_mixin.py:188} INFO - Downloaded TSLA/1768002334.json -> /tmp/minio_downloads/1768002334.json
[2026-01-10T01:00:09.289+0000] {logging_mixin.py:188} INFO - Downloaded TSLA/1768002345.json -> /tmp/minio_downloads/1768002345.json
[2026-01-10T01:00:09.302+0000] {logging_mixin.py:188} INFO - Downloaded TSLA/1768002357.json -> /tmp/minio_downloads/1768002357.json
[2026-01-10T01:00:09.315+0000] {logging_mixin.py:188} INFO - Downloaded TSLA/1768002369.json -> /tmp/minio_downloads/1768002369.json
[2026-01-10T01:00:09.327+0000] {logging_mixin.py:188} INFO - Downloaded TSLA/1768002379.json -> /tmp/minio_downloads/1768002379.json
[2026-01-10T01:00:09.341+0000] {logging_mixin.py:188} INFO - Downloaded TSLA/1768002390.json -> /tmp/minio_downloads/1768002390.json
[2026-01-10T01:00:09.353+0000] {logging_mixin.py:188} INFO - Downloaded TSLA/1768002401.json -> /tmp/minio_downloads/1768002401.json
[2026-01-10T01:00:09.369+0000] {logging_mixin.py:188} INFO - Downloaded TSLA/1768002412.json -> /tmp/minio_downloads/1768002412.json
[2026-01-10T01:00:09.383+0000] {logging_mixin.py:188} INFO - Downloaded TSLA/1768002423.json -> /tmp/minio_downloads/1768002423.json
[2026-01-10T01:00:09.402+0000] {logging_mixin.py:188} INFO - Downloaded TSLA/1768002434.json -> /tmp/minio_downloads/1768002434.json
[2026-01-10T01:00:09.418+0000] {logging_mixin.py:188} INFO - Downloaded TSLA/1768002446.json -> /tmp/minio_downloads/1768002446.json
[2026-01-10T01:00:09.439+0000] {logging_mixin.py:188} INFO - Downloaded TSLA/1768002457.json -> /tmp/minio_downloads/1768002457.json
[2026-01-10T01:00:09.441+0000] {python.py:237} INFO - Done. Returned value was: ['/tmp/minio_downloads/1767994102.json', '/tmp/minio_downloads/1767994114.json', '/tmp/minio_downloads/1767994127.json', '/tmp/minio_downloads/1767994138.json', '/tmp/minio_downloads/1767994149.json', '/tmp/minio_downloads/1767994160.json', '/tmp/minio_downloads/1767994171.json', '/tmp/minio_downloads/1767994189.json', '/tmp/minio_downloads/1767994201.json', '/tmp/minio_downloads/1767994212.json', '/tmp/minio_downloads/1767994225.json', '/tmp/minio_downloads/1767994235.json', '/tmp/minio_downloads/1767994246.json', '/tmp/minio_downloads/1767994258.json', '/tmp/minio_downloads/1767994270.json', '/tmp/minio_downloads/1767994281.json', '/tmp/minio_downloads/1767997418.json', '/tmp/minio_downloads/1767997428.json', '/tmp/minio_downloads/1767997440.json', '/tmp/minio_downloads/1767997450.json', '/tmp/minio_downloads/1767997461.json', '/tmp/minio_downloads/1767997471.json', '/tmp/minio_downloads/1767997482.json', '/tmp/minio_downloads/1767997492.json', '/tmp/minio_downloads/1768000525.json', '/tmp/minio_downloads/1768000535.json', '/tmp/minio_downloads/1768000546.json', '/tmp/minio_downloads/1768000556.json', '/tmp/minio_downloads/1768000567.json', '/tmp/minio_downloads/1768000579.json', '/tmp/minio_downloads/1768000592.json', '/tmp/minio_downloads/1768000604.json', '/tmp/minio_downloads/1768000616.json', '/tmp/minio_downloads/1768000631.json', '/tmp/minio_downloads/1768000644.json', '/tmp/minio_downloads/1768000655.json', '/tmp/minio_downloads/1768000666.json', '/tmp/minio_downloads/1768000677.json', '/tmp/minio_downloads/1768000688.json', '/tmp/minio_downloads/1768000698.json', '/tmp/minio_downloads/1768000710.json', '/tmp/minio_downloads/1768000720.json', '/tmp/minio_downloads/1768000731.json', '/tmp/minio_downloads/1768000742.json', '/tmp/minio_downloads/1768000753.json', '/tmp/minio_downloads/1768000764.json', '/tmp/minio_downloads/1768000776.json', '/tmp/minio_downloads/1768000787.json', '/tmp/minio_downloads/1768000797.json', '/tmp/minio_downloads/1768000808.json', '/tmp/minio_downloads/1768000819.json', '/tmp/minio_downloads/1768000831.json', '/tmp/minio_downloads/1768000843.json', '/tmp/minio_downloads/1768000855.json', '/tmp/minio_downloads/1768000867.json', '/tmp/minio_downloads/1768000878.json', '/tmp/minio_downloads/1768000890.json', '/tmp/minio_downloads/1768000901.json', '/tmp/minio_downloads/1768000912.json', '/tmp/minio_downloads/1768000921.json', '/tmp/minio_downloads/1768000932.json', '/tmp/minio_downloads/1768000942.json', '/tmp/minio_downloads/1768000953.json', '/tmp/minio_downloads/1768001779.json', '/tmp/minio_downloads/1768001791.json', '/tmp/minio_downloads/1768001803.json', '/tmp/minio_downloads/1768001813.json', '/tmp/minio_downloads/1768001825.json', '/tmp/minio_downloads/1768001837.json', '/tmp/minio_downloads/1768001849.json', '/tmp/minio_downloads/1768001859.json', '/tmp/minio_downloads/1768001868.json', '/tmp/minio_downloads/1768002255.json', '/tmp/minio_downloads/1768002265.json', '/tmp/minio_downloads/1768002275.json', '/tmp/minio_downloads/1768002285.json', '/tmp/minio_downloads/1768002294.json', '/tmp/minio_downloads/1768002304.json', '/tmp/minio_downloads/1768002313.json', '/tmp/minio_downloads/1768002323.json', '/tmp/minio_downloads/1768002333.json', '/tmp/minio_downloads/1768002343.json', '/tmp/minio_downloads/1768002355.json', '/tmp/minio_downloads/1768002366.json', '/tmp/minio_downloads/1768002377.json', '/tmp/minio_downloads/1768002388.json', '/tmp/minio_downloads/1768002399.json', '/tmp/minio_downloads/1768002410.json', '/tmp/minio_downloads/1768002420.json', '/tmp/minio_downloads/1768002432.json', '/tmp/minio_downloads/1768002443.json', '/tmp/minio_downloads/1768002455.json', '/tmp/minio_downloads/1767994107.json', '/tmp/minio_downloads/1767994120.json', '/tmp/minio_downloads/1767994132.json', '/tmp/minio_downloads/1767994142.json', '/tmp/minio_downloads/1767994153.json', '/tmp/minio_downloads/1767994164.json', '/tmp/minio_downloads/1767994182.json', '/tmp/minio_downloads/1767994193.json', '/tmp/minio_downloads/1767994205.json', '/tmp/minio_downloads/1767994216.json', '/tmp/minio_downloads/1767994228.json', '/tmp/minio_downloads/1767994240.json', '/tmp/minio_downloads/1767994250.json', '/tmp/minio_downloads/1767994263.json', '/tmp/minio_downloads/1767994274.json', '/tmp/minio_downloads/1767997421.json', '/tmp/minio_downloads/1767997432.json', '/tmp/minio_downloads/1767997443.json', '/tmp/minio_downloads/1767997454.json', '/tmp/minio_downloads/1767997465.json', '/tmp/minio_downloads/1767997474.json', '/tmp/minio_downloads/1767997485.json', '/tmp/minio_downloads/1767997494.json', '/tmp/minio_downloads/1768000528.json', '/tmp/minio_downloads/1768000539.json', '/tmp/minio_downloads/1768000549.json', '/tmp/minio_downloads/1768000559.json', '/tmp/minio_downloads/1768000572.json', '/tmp/minio_downloads/1768000585.json', '/tmp/minio_downloads/1768000597.json', '/tmp/minio_downloads/1768000609.json', '/tmp/minio_downloads/1768000623.json', '/tmp/minio_downloads/1768000637.json', '/tmp/minio_downloads/1768000648.json', '/tmp/minio_downloads/1768000659.json', '/tmp/minio_downloads/1768000670.json', '/tmp/minio_downloads/1768000681.json', '/tmp/minio_downloads/1768000692.json', '/tmp/minio_downloads/1768000703.json', '/tmp/minio_downloads/1768000714.json', '/tmp/minio_downloads/1768000724.json', '/tmp/minio_downloads/1768000735.json', '/tmp/minio_downloads/1768000746.json', '/tmp/minio_downloads/1768000757.json', '/tmp/minio_downloads/1768000768.json', '/tmp/minio_downloads/1768000780.json', '/tmp/minio_downloads/1768000791.json', '/tmp/minio_downloads/1768000801.json', '/tmp/minio_downloads/1768000812.json', '/tmp/minio_downloads/1768000824.json', '/tmp/minio_downloads/1768000836.json', '/tmp/minio_downloads/1768000848.json', '/tmp/minio_downloads/1768000860.json', '/tmp/minio_downloads/1768000871.json', '/tmp/minio_downloads/1768000883.json', '/tmp/minio_downloads/1768000894.json', '/tmp/minio_downloads/1768000905.json', '/tmp/minio_downloads/1768000914.json', '/tmp/minio_downloads/1768000925.json', '/tmp/minio_downloads/1768000935.json', '/tmp/minio_downloads/1768000946.json', '/tmp/minio_downloads/1768000957.json', '/tmp/minio_downloads/1768001784.json', '/tmp/minio_downloads/1768001796.json', '/tmp/minio_downloads/1768001806.json', '/tmp/minio_downloads/1768001818.json', '/tmp/minio_downloads/1768001830.json', '/tmp/minio_downloads/1768001842.json', '/tmp/minio_downloads/1768001852.json', '/tmp/minio_downloads/1768001862.json', '/tmp/minio_downloads/1768001871.json', '/tmp/minio_downloads/1768002259.json', '/tmp/minio_downloads/1768002268.json', '/tmp/minio_downloads/1768002278.json', '/tmp/minio_downloads/1768002287.json', '/tmp/minio_downloads/1768002297.json', '/tmp/minio_downloads/1768002306.json', '/tmp/minio_downloads/1768002316.json', '/tmp/minio_downloads/1768002326.json', '/tmp/minio_downloads/1768002336.json', '/tmp/minio_downloads/1768002347.json', '/tmp/minio_downloads/1768002359.json', '/tmp/minio_downloads/1768002371.json', '/tmp/minio_downloads/1768002381.json', '/tmp/minio_downloads/1768002392.json', '/tmp/minio_downloads/1768002403.json', '/tmp/minio_downloads/1768002413.json', '/tmp/minio_downloads/1768002425.json', '/tmp/minio_downloads/1768002436.json', '/tmp/minio_downloads/1768002448.json', '/tmp/minio_downloads/1768002459.json', '/tmp/minio_downloads/1767994105.json', '/tmp/minio_downloads/1767994117.json', '/tmp/minio_downloads/1767994131.json', '/tmp/minio_downloads/1767994141.json', '/tmp/minio_downloads/1767994152.json', '/tmp/minio_downloads/1767994163.json', '/tmp/minio_downloads/1767994181.json', '/tmp/minio_downloads/1767994192.json', '/tmp/minio_downloads/1767994204.json', '/tmp/minio_downloads/1767994215.json', '/tmp/minio_downloads/1767994227.json', '/tmp/minio_downloads/1767994239.json', '/tmp/minio_downloads/1767994249.json', '/tmp/minio_downloads/1767994261.json', '/tmp/minio_downloads/1767994273.json', '/tmp/minio_downloads/1767997420.json', '/tmp/minio_downloads/1767997431.json', '/tmp/minio_downloads/1767997442.json', '/tmp/minio_downloads/1767997453.json', '/tmp/minio_downloads/1767997464.json', '/tmp/minio_downloads/1767997473.json', '/tmp/minio_downloads/1767997484.json', '/tmp/minio_downloads/1767997494.json', '/tmp/minio_downloads/1768000527.json', '/tmp/minio_downloads/1768000538.json', '/tmp/minio_downloads/1768000548.json', '/tmp/minio_downloads/1768000559.json', '/tmp/minio_downloads/1768000570.json', '/tmp/minio_downloads/1768000583.json', '/tmp/minio_downloads/1768000596.json', '/tmp/minio_downloads/1768000608.json', '/tmp/minio_downloads/1768000622.json', '/tmp/minio_downloads/1768000635.json', '/tmp/minio_downloads/1768000647.json', '/tmp/minio_downloads/1768000658.json', '/tmp/minio_downloads/1768000669.json', '/tmp/minio_downloads/1768000680.json', '/tmp/minio_downloads/1768000691.json', '/tmp/minio_downloads/1768000702.json', '/tmp/minio_downloads/1768000713.json', '/tmp/minio_downloads/1768000723.json', '/tmp/minio_downloads/1768000734.json', '/tmp/minio_downloads/1768000745.json', '/tmp/minio_downloads/1768000756.json', '/tmp/minio_downloads/1768000767.json', '/tmp/minio_downloads/1768000779.json', '/tmp/minio_downloads/1768000790.json', '/tmp/minio_downloads/1768000800.json', '/tmp/minio_downloads/1768000811.json', '/tmp/minio_downloads/1768000823.json', '/tmp/minio_downloads/1768000835.json', '/tmp/minio_downloads/1768000847.json', '/tmp/minio_downloads/1768000859.json', '/tmp/minio_downloads/1768000870.json', '/tmp/minio_downloads/1768000882.json', '/tmp/minio_downloads/1768000893.json', '/tmp/minio_downloads/1768000904.json', '/tmp/minio_downloads/1768000914.json', '/tmp/minio_downloads/1768000924.json', '/tmp/minio_downloads/1768000934.json', '/tmp/minio_downloads/1768000945.json', '/tmp/minio_downloads/1768000956.json', '/tmp/minio_downloads/1768001782.json', '/tmp/minio_downloads/1768001795.json', '/tmp/minio_downloads/1768001805.json', '/tmp/minio_downloads/1768001817.json', '/tmp/minio_downloads/1768001828.json', '/tmp/minio_downloads/1768001841.json', '/tmp/minio_downloads/1768001851.json', '/tmp/minio_downloads/1768001861.json', '/tmp/minio_downloads/1768001870.json', '/tmp/minio_downloads/1768002257.json', '/tmp/minio_downloads/1768002268.json', '/tmp/minio_downloads/1768002277.json', '/tmp/minio_downloads/1768002287.json', '/tmp/minio_downloads/1768002296.json', '/tmp/minio_downloads/1768002306.json', '/tmp/minio_downloads/1768002315.json', '/tmp/minio_downloads/1768002325.json', '/tmp/minio_downloads/1768002335.json', '/tmp/minio_downloads/1768002346.json', '/tmp/minio_downloads/1768002358.json', '/tmp/minio_downloads/1768002370.json', '/tmp/minio_downloads/1768002380.json', '/tmp/minio_downloads/1768002391.json', '/tmp/minio_downloads/1768002402.json', '/tmp/minio_downloads/1768002413.json', '/tmp/minio_downloads/1768002424.json', '/tmp/minio_downloads/1768002435.json', '/tmp/minio_downloads/1768002447.json', '/tmp/minio_downloads/1768002458.json', '/tmp/minio_downloads/1767994103.json', '/tmp/minio_downloads/1767994115.json', '/tmp/minio_downloads/1767994129.json', '/tmp/minio_downloads/1767994139.json', '/tmp/minio_downloads/1767994150.json', '/tmp/minio_downloads/1767994161.json', '/tmp/minio_downloads/1767994172.json', '/tmp/minio_downloads/1767994190.json', '/tmp/minio_downloads/1767994202.json', '/tmp/minio_downloads/1767994212.json', '/tmp/minio_downloads/1767994226.json', '/tmp/minio_downloads/1767994236.json', '/tmp/minio_downloads/1767994247.json', '/tmp/minio_downloads/1767994259.json', '/tmp/minio_downloads/1767994271.json', '/tmp/minio_downloads/1767997419.json', '/tmp/minio_downloads/1767997429.json', '/tmp/minio_downloads/1767997440.json', '/tmp/minio_downloads/1767997451.json', '/tmp/minio_downloads/1767997462.json', '/tmp/minio_downloads/1767997472.json', '/tmp/minio_downloads/1767997482.json', '/tmp/minio_downloads/1767997492.json', '/tmp/minio_downloads/1768000525.json', '/tmp/minio_downloads/1768000536.json', '/tmp/minio_downloads/1768000547.json', '/tmp/minio_downloads/1768000557.json', '/tmp/minio_downloads/1768000568.json', '/tmp/minio_downloads/1768000581.json', '/tmp/minio_downloads/1768000593.json', '/tmp/minio_downloads/1768000605.json', '/tmp/minio_downloads/1768000619.json', '/tmp/minio_downloads/1768000632.json', '/tmp/minio_downloads/1768000645.json', '/tmp/minio_downloads/1768000656.json', '/tmp/minio_downloads/1768000667.json', '/tmp/minio_downloads/1768000678.json', '/tmp/minio_downloads/1768000689.json', '/tmp/minio_downloads/1768000699.json', '/tmp/minio_downloads/1768000711.json', '/tmp/minio_downloads/1768000721.json', '/tmp/minio_downloads/1768000732.json', '/tmp/minio_downloads/1768000743.json', '/tmp/minio_downloads/1768000754.json', '/tmp/minio_downloads/1768000765.json', '/tmp/minio_downloads/1768000777.json', '/tmp/minio_downloads/1768000788.json', '/tmp/minio_downloads/1768000798.json', '/tmp/minio_downloads/1768000809.json', '/tmp/minio_downloads/1768000821.json', '/tmp/minio_downloads/1768000832.json', '/tmp/minio_downloads/1768000845.json', '/tmp/minio_downloads/1768000856.json', '/tmp/minio_downloads/1768000868.json', '/tmp/minio_downloads/1768000879.json', '/tmp/minio_downloads/1768000891.json', '/tmp/minio_downloads/1768000902.json', '/tmp/minio_downloads/1768000912.json', '/tmp/minio_downloads/1768000922.json', '/tmp/minio_downloads/1768000932.json', '/tmp/minio_downloads/1768000943.json', '/tmp/minio_downloads/1768000954.json', '/tmp/minio_downloads/1768001780.json', '/tmp/minio_downloads/1768001792.json', '/tmp/minio_downloads/1768001803.json', '/tmp/minio_downloads/1768001814.json', '/tmp/minio_downloads/1768001826.json', '/tmp/minio_downloads/1768001838.json', '/tmp/minio_downloads/1768001850.json', '/tmp/minio_downloads/1768001859.json', '/tmp/minio_downloads/1768001869.json', '/tmp/minio_downloads/1768002256.json', '/tmp/minio_downloads/1768002266.json', '/tmp/minio_downloads/1768002276.json', '/tmp/minio_downloads/1768002285.json', '/tmp/minio_downloads/1768002295.json', '/tmp/minio_downloads/1768002304.json', '/tmp/minio_downloads/1768002314.json', '/tmp/minio_downloads/1768002324.json', '/tmp/minio_downloads/1768002333.json', '/tmp/minio_downloads/1768002344.json', '/tmp/minio_downloads/1768002356.json', '/tmp/minio_downloads/1768002368.json', '/tmp/minio_downloads/1768002378.json', '/tmp/minio_downloads/1768002389.json', '/tmp/minio_downloads/1768002400.json', '/tmp/minio_downloads/1768002411.json', '/tmp/minio_downloads/1768002421.json', '/tmp/minio_downloads/1768002433.json', '/tmp/minio_downloads/1768002445.json', '/tmp/minio_downloads/1768002456.json', '/tmp/minio_downloads/1767994104.json', '/tmp/minio_downloads/1767994116.json', '/tmp/minio_downloads/1767994130.json', '/tmp/minio_downloads/1767994140.json', '/tmp/minio_downloads/1767994151.json', '/tmp/minio_downloads/1767994162.json', '/tmp/minio_downloads/1767994173.json', '/tmp/minio_downloads/1767994191.json', '/tmp/minio_downloads/1767994203.json', '/tmp/minio_downloads/1767994214.json', '/tmp/minio_downloads/1767994227.json', '/tmp/minio_downloads/1767994238.json', '/tmp/minio_downloads/1767994248.json', '/tmp/minio_downloads/1767994260.json', '/tmp/minio_downloads/1767994272.json', '/tmp/minio_downloads/1767997419.json', '/tmp/minio_downloads/1767997430.json', '/tmp/minio_downloads/1767997441.json', '/tmp/minio_downloads/1767997452.json', '/tmp/minio_downloads/1767997463.json', '/tmp/minio_downloads/1767997473.json', '/tmp/minio_downloads/1767997483.json', '/tmp/minio_downloads/1767997493.json', '/tmp/minio_downloads/1768000526.json', '/tmp/minio_downloads/1768000537.json', '/tmp/minio_downloads/1768000548.json', '/tmp/minio_downloads/1768000558.json', '/tmp/minio_downloads/1768000569.json', '/tmp/minio_downloads/1768000582.json', '/tmp/minio_downloads/1768000594.json', '/tmp/minio_downloads/1768000607.json', '/tmp/minio_downloads/1768000621.json', '/tmp/minio_downloads/1768000634.json', '/tmp/minio_downloads/1768000646.json', '/tmp/minio_downloads/1768000657.json', '/tmp/minio_downloads/1768000668.json', '/tmp/minio_downloads/1768000679.json', '/tmp/minio_downloads/1768000690.json', '/tmp/minio_downloads/1768000701.json', '/tmp/minio_downloads/1768000712.json', '/tmp/minio_downloads/1768000722.json', '/tmp/minio_downloads/1768000733.json', '/tmp/minio_downloads/1768000744.json', '/tmp/minio_downloads/1768000755.json', '/tmp/minio_downloads/1768000766.json', '/tmp/minio_downloads/1768000778.json', '/tmp/minio_downloads/1768000789.json', '/tmp/minio_downloads/1768000799.json', '/tmp/minio_downloads/1768000810.json', '/tmp/minio_downloads/1768000822.json', '/tmp/minio_downloads/1768000834.json', '/tmp/minio_downloads/1768000846.json', '/tmp/minio_downloads/1768000858.json', '/tmp/minio_downloads/1768000869.json', '/tmp/minio_downloads/1768000880.json', '/tmp/minio_downloads/1768000892.json', '/tmp/minio_downloads/1768000903.json', '/tmp/minio_downloads/1768000913.json', '/tmp/minio_downloads/1768000923.json', '/tmp/minio_downloads/1768000933.json', '/tmp/minio_downloads/1768000944.json', '/tmp/minio_downloads/1768000956.json', '/tmp/minio_downloads/1768001781.json', '/tmp/minio_downloads/1768001793.json', '/tmp/minio_downloads/1768001804.json', '/tmp/minio_downloads/1768001817.json', '/tmp/minio_downloads/1768001827.json', '/tmp/minio_downloads/1768001839.json', '/tmp/minio_downloads/1768001850.json', '/tmp/minio_downloads/1768001860.json', '/tmp/minio_downloads/1768001870.json', '/tmp/minio_downloads/1768002257.json', '/tmp/minio_downloads/1768002267.json', '/tmp/minio_downloads/1768002277.json', '/tmp/minio_downloads/1768002286.json', '/tmp/minio_downloads/1768002296.json', '/tmp/minio_downloads/1768002305.json', '/tmp/minio_downloads/1768002315.json', '/tmp/minio_downloads/1768002324.json', '/tmp/minio_downloads/1768002334.json', '/tmp/minio_downloads/1768002345.json', '/tmp/minio_downloads/1768002357.json', '/tmp/minio_downloads/1768002369.json', '/tmp/minio_downloads/1768002379.json', '/tmp/minio_downloads/1768002390.json', '/tmp/minio_downloads/1768002401.json', '/tmp/minio_downloads/1768002412.json', '/tmp/minio_downloads/1768002423.json', '/tmp/minio_downloads/1768002434.json', '/tmp/minio_downloads/1768002446.json', '/tmp/minio_downloads/1768002457.json']
[2026-01-10T01:00:09.447+0000] {taskinstance.py:441} INFO - ::group::Post task execution logs
[2026-01-10T01:00:09.537+0000] {taskinstance.py:1206} INFO - Marking task as SUCCESS. dag_id=minio_to_snowflake, task_id=download_minio, run_id=scheduled__2026-01-10T00:59:00+00:00, execution_date=20260110T005900, start_date=20260110T010001, end_date=20260110T010009
[2026-01-10T01:00:09.628+0000] {local_task_job_runner.py:243} INFO - Task exited with return code 0
[2026-01-10T01:00:09.687+0000] {taskinstance.py:3503} INFO - 1 downstream tasks scheduled from follow-on schedule check
[2026-01-10T01:00:09.690+0000] {local_task_job_runner.py:222} INFO - ::endgroup::
