[2026-01-11T02:01:38.891+0000] {local_task_job_runner.py:120} INFO - ::group::Pre task execution logs
[2026-01-11T02:01:38.930+0000] {taskinstance.py:2076} INFO - Dependencies all met for dep_context=non-requeueable deps ti=<TaskInstance: minio_to_snowflake.download_minio scheduled__2026-01-11T02:00:00+00:00 [queued]>
[2026-01-11T02:01:38.941+0000] {taskinstance.py:2076} INFO - Dependencies all met for dep_context=requeueable deps ti=<TaskInstance: minio_to_snowflake.download_minio scheduled__2026-01-11T02:00:00+00:00 [queued]>
[2026-01-11T02:01:38.943+0000] {taskinstance.py:2306} INFO - Starting attempt 1 of 2
[2026-01-11T02:01:38.960+0000] {taskinstance.py:2330} INFO - Executing <Task(PythonOperator): download_minio> on 2026-01-11 02:00:00+00:00
[2026-01-11T02:01:38.973+0000] {standard_task_runner.py:90} INFO - Running: ['***', 'tasks', 'run', 'minio_to_snowflake', 'download_minio', 'scheduled__2026-01-11T02:00:00+00:00', '--job-id', '53', '--raw', '--subdir', 'DAGS_FOLDER/minio_to_snowflake.py', '--cfg-path', '/tmp/tmpv0i66kav']
[2026-01-11T02:01:38.977+0000] {standard_task_runner.py:91} INFO - Job 53: Subtask download_minio
[2026-01-11T02:01:38.978+0000] {logging_mixin.py:188} WARNING - /home/***/.local/lib/python3.12/site-packages/***/task/task_runner/standard_task_runner.py:62 DeprecationWarning: This process (pid=13197) is multi-threaded, use of fork() may lead to deadlocks in the child.
[2026-01-11T02:01:38.979+0000] {standard_task_runner.py:64} INFO - Started process 13207 to run task
[2026-01-11T02:01:39.060+0000] {task_command.py:426} INFO - Running <TaskInstance: minio_to_snowflake.download_minio scheduled__2026-01-11T02:00:00+00:00 [running]> on host e9ec95003052
[2026-01-11T02:01:39.190+0000] {taskinstance.py:2648} INFO - Exporting env vars: AIRFLOW_CTX_DAG_OWNER='***' AIRFLOW_CTX_DAG_ID='minio_to_snowflake' AIRFLOW_CTX_TASK_ID='download_minio' AIRFLOW_CTX_EXECUTION_DATE='2026-01-11T02:00:00+00:00' AIRFLOW_CTX_TRY_NUMBER='1' AIRFLOW_CTX_DAG_RUN_ID='scheduled__2026-01-11T02:00:00+00:00'
[2026-01-11T02:01:39.191+0000] {taskinstance.py:430} INFO - ::endgroup::
[2026-01-11T02:01:39.743+0000] {logging_mixin.py:188} INFO - Downloaded AAPL/1768094289.json -> /tmp/minio_downloads/1768094289.json
[2026-01-11T02:01:39.758+0000] {logging_mixin.py:188} INFO - Downloaded AAPL/1768094300.json -> /tmp/minio_downloads/1768094300.json
[2026-01-11T02:01:39.769+0000] {logging_mixin.py:188} INFO - Downloaded AAPL/1768094311.json -> /tmp/minio_downloads/1768094311.json
[2026-01-11T02:01:39.779+0000] {logging_mixin.py:188} INFO - Downloaded AAPL/1768094322.json -> /tmp/minio_downloads/1768094322.json
[2026-01-11T02:01:39.789+0000] {logging_mixin.py:188} INFO - Downloaded AAPL/1768094333.json -> /tmp/minio_downloads/1768094333.json
[2026-01-11T02:01:39.799+0000] {logging_mixin.py:188} INFO - Downloaded AAPL/1768094345.json -> /tmp/minio_downloads/1768094345.json
[2026-01-11T02:01:39.809+0000] {logging_mixin.py:188} INFO - Downloaded AAPL/1768094355.json -> /tmp/minio_downloads/1768094355.json
[2026-01-11T02:01:39.820+0000] {logging_mixin.py:188} INFO - Downloaded AAPL/1768094364.json -> /tmp/minio_downloads/1768094364.json
[2026-01-11T02:01:39.832+0000] {logging_mixin.py:188} INFO - Downloaded AAPL/1768094424.json -> /tmp/minio_downloads/1768094424.json
[2026-01-11T02:01:39.841+0000] {logging_mixin.py:188} INFO - Downloaded AAPL/1768094434.json -> /tmp/minio_downloads/1768094434.json
[2026-01-11T02:01:39.856+0000] {logging_mixin.py:188} INFO - Downloaded AAPL/1768094444.json -> /tmp/minio_downloads/1768094444.json
[2026-01-11T02:01:39.868+0000] {logging_mixin.py:188} INFO - Downloaded AAPL/1768094454.json -> /tmp/minio_downloads/1768094454.json
[2026-01-11T02:01:39.878+0000] {logging_mixin.py:188} INFO - Downloaded AAPL/1768094465.json -> /tmp/minio_downloads/1768094465.json
[2026-01-11T02:01:39.890+0000] {logging_mixin.py:188} INFO - Downloaded AAPL/1768094477.json -> /tmp/minio_downloads/1768094477.json
[2026-01-11T02:01:39.901+0000] {logging_mixin.py:188} INFO - Downloaded AAPL/1768094488.json -> /tmp/minio_downloads/1768094488.json
[2026-01-11T02:01:39.911+0000] {logging_mixin.py:188} INFO - Downloaded AAPL/1768094498.json -> /tmp/minio_downloads/1768094498.json
[2026-01-11T02:01:39.922+0000] {logging_mixin.py:188} INFO - Downloaded AAPL/1768094511.json -> /tmp/minio_downloads/1768094511.json
[2026-01-11T02:01:39.930+0000] {logging_mixin.py:188} INFO - Downloaded AAPL/1768094522.json -> /tmp/minio_downloads/1768094522.json
[2026-01-11T02:01:39.941+0000] {logging_mixin.py:188} INFO - Downloaded AAPL/1768094534.json -> /tmp/minio_downloads/1768094534.json
[2026-01-11T02:01:39.952+0000] {logging_mixin.py:188} INFO - Downloaded AAPL/1768094546.json -> /tmp/minio_downloads/1768094546.json
[2026-01-11T02:01:39.961+0000] {logging_mixin.py:188} INFO - Downloaded AAPL/1768094557.json -> /tmp/minio_downloads/1768094557.json
[2026-01-11T02:01:39.970+0000] {logging_mixin.py:188} INFO - Downloaded AAPL/1768094568.json -> /tmp/minio_downloads/1768094568.json
[2026-01-11T02:01:39.979+0000] {logging_mixin.py:188} INFO - Downloaded AAPL/1768094580.json -> /tmp/minio_downloads/1768094580.json
[2026-01-11T02:01:39.987+0000] {logging_mixin.py:188} INFO - Downloaded AAPL/1768094591.json -> /tmp/minio_downloads/1768094591.json
[2026-01-11T02:01:39.998+0000] {logging_mixin.py:188} INFO - Downloaded AAPL/1768094603.json -> /tmp/minio_downloads/1768094603.json
[2026-01-11T02:01:40.008+0000] {logging_mixin.py:188} INFO - Downloaded AAPL/1768094614.json -> /tmp/minio_downloads/1768094614.json
[2026-01-11T02:01:40.020+0000] {logging_mixin.py:188} INFO - Downloaded AAPL/1768094626.json -> /tmp/minio_downloads/1768094626.json
[2026-01-11T02:01:40.031+0000] {logging_mixin.py:188} INFO - Downloaded AAPL/1768094636.json -> /tmp/minio_downloads/1768094636.json
[2026-01-11T02:01:40.043+0000] {logging_mixin.py:188} INFO - Downloaded AAPL/1768094647.json -> /tmp/minio_downloads/1768094647.json
[2026-01-11T02:01:40.053+0000] {logging_mixin.py:188} INFO - Downloaded AAPL/1768094658.json -> /tmp/minio_downloads/1768094658.json
[2026-01-11T02:01:40.064+0000] {logging_mixin.py:188} INFO - Downloaded AAPL/1768094670.json -> /tmp/minio_downloads/1768094670.json
[2026-01-11T02:01:40.075+0000] {logging_mixin.py:188} INFO - Downloaded AAPL/1768094681.json -> /tmp/minio_downloads/1768094681.json
[2026-01-11T02:01:40.086+0000] {logging_mixin.py:188} INFO - Downloaded AAPL/1768094693.json -> /tmp/minio_downloads/1768094693.json
[2026-01-11T02:01:40.097+0000] {logging_mixin.py:188} INFO - Downloaded AAPL/1768094704.json -> /tmp/minio_downloads/1768094704.json
[2026-01-11T02:01:40.108+0000] {logging_mixin.py:188} INFO - Downloaded AMZN/1768094292.json -> /tmp/minio_downloads/1768094292.json
[2026-01-11T02:01:40.122+0000] {logging_mixin.py:188} INFO - Downloaded AMZN/1768094303.json -> /tmp/minio_downloads/1768094303.json
[2026-01-11T02:01:40.134+0000] {logging_mixin.py:188} INFO - Downloaded AMZN/1768094315.json -> /tmp/minio_downloads/1768094315.json
[2026-01-11T02:01:40.145+0000] {logging_mixin.py:188} INFO - Downloaded AMZN/1768094325.json -> /tmp/minio_downloads/1768094325.json
[2026-01-11T02:01:40.157+0000] {logging_mixin.py:188} INFO - Downloaded AMZN/1768094338.json -> /tmp/minio_downloads/1768094338.json
[2026-01-11T02:01:40.170+0000] {logging_mixin.py:188} INFO - Downloaded AMZN/1768094348.json -> /tmp/minio_downloads/1768094348.json
[2026-01-11T02:01:40.179+0000] {logging_mixin.py:188} INFO - Downloaded AMZN/1768094357.json -> /tmp/minio_downloads/1768094357.json
[2026-01-11T02:01:40.188+0000] {logging_mixin.py:188} INFO - Downloaded AMZN/1768094427.json -> /tmp/minio_downloads/1768094427.json
[2026-01-11T02:01:40.198+0000] {logging_mixin.py:188} INFO - Downloaded AMZN/1768094437.json -> /tmp/minio_downloads/1768094437.json
[2026-01-11T02:01:40.207+0000] {logging_mixin.py:188} INFO - Downloaded AMZN/1768094447.json -> /tmp/minio_downloads/1768094447.json
[2026-01-11T02:01:40.216+0000] {logging_mixin.py:188} INFO - Downloaded AMZN/1768094458.json -> /tmp/minio_downloads/1768094458.json
[2026-01-11T02:01:40.225+0000] {logging_mixin.py:188} INFO - Downloaded AMZN/1768094470.json -> /tmp/minio_downloads/1768094470.json
[2026-01-11T02:01:40.234+0000] {logging_mixin.py:188} INFO - Downloaded AMZN/1768094481.json -> /tmp/minio_downloads/1768094481.json
[2026-01-11T02:01:40.244+0000] {logging_mixin.py:188} INFO - Downloaded AMZN/1768094491.json -> /tmp/minio_downloads/1768094491.json
[2026-01-11T02:01:40.253+0000] {logging_mixin.py:188} INFO - Downloaded AMZN/1768094503.json -> /tmp/minio_downloads/1768094503.json
[2026-01-11T02:01:40.264+0000] {logging_mixin.py:188} INFO - Downloaded AMZN/1768094515.json -> /tmp/minio_downloads/1768094515.json
[2026-01-11T02:01:40.273+0000] {logging_mixin.py:188} INFO - Downloaded AMZN/1768094527.json -> /tmp/minio_downloads/1768094527.json
[2026-01-11T02:01:40.282+0000] {logging_mixin.py:188} INFO - Downloaded AMZN/1768094539.json -> /tmp/minio_downloads/1768094539.json
[2026-01-11T02:01:40.292+0000] {logging_mixin.py:188} INFO - Downloaded AMZN/1768094550.json -> /tmp/minio_downloads/1768094550.json
[2026-01-11T02:01:40.300+0000] {logging_mixin.py:188} INFO - Downloaded AMZN/1768094561.json -> /tmp/minio_downloads/1768094561.json
[2026-01-11T02:01:40.310+0000] {logging_mixin.py:188} INFO - Downloaded AMZN/1768094573.json -> /tmp/minio_downloads/1768094573.json
[2026-01-11T02:01:40.319+0000] {logging_mixin.py:188} INFO - Downloaded AMZN/1768094584.json -> /tmp/minio_downloads/1768094584.json
[2026-01-11T02:01:40.328+0000] {logging_mixin.py:188} INFO - Downloaded AMZN/1768094595.json -> /tmp/minio_downloads/1768094595.json
[2026-01-11T02:01:40.337+0000] {logging_mixin.py:188} INFO - Downloaded AMZN/1768094607.json -> /tmp/minio_downloads/1768094607.json
[2026-01-11T02:01:40.346+0000] {logging_mixin.py:188} INFO - Downloaded AMZN/1768094619.json -> /tmp/minio_downloads/1768094619.json
[2026-01-11T02:01:40.355+0000] {logging_mixin.py:188} INFO - Downloaded AMZN/1768094629.json -> /tmp/minio_downloads/1768094629.json
[2026-01-11T02:01:40.364+0000] {logging_mixin.py:188} INFO - Downloaded AMZN/1768094640.json -> /tmp/minio_downloads/1768094640.json
[2026-01-11T02:01:40.373+0000] {logging_mixin.py:188} INFO - Downloaded AMZN/1768094651.json -> /tmp/minio_downloads/1768094651.json
[2026-01-11T02:01:40.384+0000] {logging_mixin.py:188} INFO - Downloaded AMZN/1768094663.json -> /tmp/minio_downloads/1768094663.json
[2026-01-11T02:01:40.393+0000] {logging_mixin.py:188} INFO - Downloaded AMZN/1768094674.json -> /tmp/minio_downloads/1768094674.json
[2026-01-11T02:01:40.402+0000] {logging_mixin.py:188} INFO - Downloaded AMZN/1768094686.json -> /tmp/minio_downloads/1768094686.json
[2026-01-11T02:01:40.412+0000] {logging_mixin.py:188} INFO - Downloaded AMZN/1768094698.json -> /tmp/minio_downloads/1768094698.json
[2026-01-11T02:01:40.420+0000] {logging_mixin.py:188} INFO - Downloaded AMZN/1768094707.json -> /tmp/minio_downloads/1768094707.json
[2026-01-11T02:01:40.430+0000] {logging_mixin.py:188} INFO - Downloaded GOOGL/1768094291.json -> /tmp/minio_downloads/1768094291.json
[2026-01-11T02:01:40.438+0000] {logging_mixin.py:188} INFO - Downloaded GOOGL/1768094303.json -> /tmp/minio_downloads/1768094303.json
[2026-01-11T02:01:40.448+0000] {logging_mixin.py:188} INFO - Downloaded GOOGL/1768094314.json -> /tmp/minio_downloads/1768094314.json
[2026-01-11T02:01:40.458+0000] {logging_mixin.py:188} INFO - Downloaded GOOGL/1768094324.json -> /tmp/minio_downloads/1768094324.json
[2026-01-11T02:01:40.468+0000] {logging_mixin.py:188} INFO - Downloaded GOOGL/1768094337.json -> /tmp/minio_downloads/1768094337.json
[2026-01-11T02:01:40.478+0000] {logging_mixin.py:188} INFO - Downloaded GOOGL/1768094347.json -> /tmp/minio_downloads/1768094347.json
[2026-01-11T02:01:40.489+0000] {logging_mixin.py:188} INFO - Downloaded GOOGL/1768094357.json -> /tmp/minio_downloads/1768094357.json
[2026-01-11T02:01:40.499+0000] {logging_mixin.py:188} INFO - Downloaded GOOGL/1768094426.json -> /tmp/minio_downloads/1768094426.json
[2026-01-11T02:01:40.511+0000] {logging_mixin.py:188} INFO - Downloaded GOOGL/1768094436.json -> /tmp/minio_downloads/1768094436.json
[2026-01-11T02:01:40.522+0000] {logging_mixin.py:188} INFO - Downloaded GOOGL/1768094446.json -> /tmp/minio_downloads/1768094446.json
[2026-01-11T02:01:40.534+0000] {logging_mixin.py:188} INFO - Downloaded GOOGL/1768094457.json -> /tmp/minio_downloads/1768094457.json
[2026-01-11T02:01:40.545+0000] {logging_mixin.py:188} INFO - Downloaded GOOGL/1768094469.json -> /tmp/minio_downloads/1768094469.json
[2026-01-11T02:01:40.556+0000] {logging_mixin.py:188} INFO - Downloaded GOOGL/1768094480.json -> /tmp/minio_downloads/1768094480.json
[2026-01-11T02:01:40.567+0000] {logging_mixin.py:188} INFO - Downloaded GOOGL/1768094490.json -> /tmp/minio_downloads/1768094490.json
[2026-01-11T02:01:40.578+0000] {logging_mixin.py:188} INFO - Downloaded GOOGL/1768094502.json -> /tmp/minio_downloads/1768094502.json
[2026-01-11T02:01:40.589+0000] {logging_mixin.py:188} INFO - Downloaded GOOGL/1768094514.json -> /tmp/minio_downloads/1768094514.json
[2026-01-11T02:01:40.600+0000] {logging_mixin.py:188} INFO - Downloaded GOOGL/1768094526.json -> /tmp/minio_downloads/1768094526.json
[2026-01-11T02:01:40.610+0000] {logging_mixin.py:188} INFO - Downloaded GOOGL/1768094538.json -> /tmp/minio_downloads/1768094538.json
[2026-01-11T02:01:40.619+0000] {logging_mixin.py:188} INFO - Downloaded GOOGL/1768094549.json -> /tmp/minio_downloads/1768094549.json
[2026-01-11T02:01:40.629+0000] {logging_mixin.py:188} INFO - Downloaded GOOGL/1768094560.json -> /tmp/minio_downloads/1768094560.json
[2026-01-11T02:01:40.638+0000] {logging_mixin.py:188} INFO - Downloaded GOOGL/1768094572.json -> /tmp/minio_downloads/1768094572.json
[2026-01-11T02:01:40.649+0000] {logging_mixin.py:188} INFO - Downloaded GOOGL/1768094583.json -> /tmp/minio_downloads/1768094583.json
[2026-01-11T02:01:40.659+0000] {logging_mixin.py:188} INFO - Downloaded GOOGL/1768094594.json -> /tmp/minio_downloads/1768094594.json
[2026-01-11T02:01:40.668+0000] {logging_mixin.py:188} INFO - Downloaded GOOGL/1768094606.json -> /tmp/minio_downloads/1768094606.json
[2026-01-11T02:01:40.679+0000] {logging_mixin.py:188} INFO - Downloaded GOOGL/1768094618.json -> /tmp/minio_downloads/1768094618.json
[2026-01-11T02:01:40.691+0000] {logging_mixin.py:188} INFO - Downloaded GOOGL/1768094629.json -> /tmp/minio_downloads/1768094629.json
[2026-01-11T02:01:40.703+0000] {logging_mixin.py:188} INFO - Downloaded GOOGL/1768094639.json -> /tmp/minio_downloads/1768094639.json
[2026-01-11T02:01:40.715+0000] {logging_mixin.py:188} INFO - Downloaded GOOGL/1768094650.json -> /tmp/minio_downloads/1768094650.json
[2026-01-11T02:01:40.725+0000] {logging_mixin.py:188} INFO - Downloaded GOOGL/1768094661.json -> /tmp/minio_downloads/1768094661.json
[2026-01-11T02:01:40.735+0000] {logging_mixin.py:188} INFO - Downloaded GOOGL/1768094673.json -> /tmp/minio_downloads/1768094673.json
[2026-01-11T02:01:40.745+0000] {logging_mixin.py:188} INFO - Downloaded GOOGL/1768094685.json -> /tmp/minio_downloads/1768094685.json
[2026-01-11T02:01:40.754+0000] {logging_mixin.py:188} INFO - Downloaded GOOGL/1768094696.json -> /tmp/minio_downloads/1768094696.json
[2026-01-11T02:01:40.763+0000] {logging_mixin.py:188} INFO - Downloaded GOOGL/1768094707.json -> /tmp/minio_downloads/1768094707.json
[2026-01-11T02:01:40.774+0000] {logging_mixin.py:188} INFO - Downloaded MSFT/1768094289.json -> /tmp/minio_downloads/1768094289.json
[2026-01-11T02:01:40.784+0000] {logging_mixin.py:188} INFO - Downloaded MSFT/1768094300.json -> /tmp/minio_downloads/1768094300.json
[2026-01-11T02:01:40.794+0000] {logging_mixin.py:188} INFO - Downloaded MSFT/1768094312.json -> /tmp/minio_downloads/1768094312.json
[2026-01-11T02:01:40.804+0000] {logging_mixin.py:188} INFO - Downloaded MSFT/1768094322.json -> /tmp/minio_downloads/1768094322.json
[2026-01-11T02:01:40.813+0000] {logging_mixin.py:188} INFO - Downloaded MSFT/1768094334.json -> /tmp/minio_downloads/1768094334.json
[2026-01-11T02:01:40.824+0000] {logging_mixin.py:188} INFO - Downloaded MSFT/1768094346.json -> /tmp/minio_downloads/1768094346.json
[2026-01-11T02:01:40.832+0000] {logging_mixin.py:188} INFO - Downloaded MSFT/1768094355.json -> /tmp/minio_downloads/1768094355.json
[2026-01-11T02:01:40.846+0000] {logging_mixin.py:188} INFO - Downloaded MSFT/1768094365.json -> /tmp/minio_downloads/1768094365.json
[2026-01-11T02:01:40.856+0000] {logging_mixin.py:188} INFO - Downloaded MSFT/1768094425.json -> /tmp/minio_downloads/1768094425.json
[2026-01-11T02:01:40.865+0000] {logging_mixin.py:188} INFO - Downloaded MSFT/1768094435.json -> /tmp/minio_downloads/1768094435.json
[2026-01-11T02:01:40.875+0000] {logging_mixin.py:188} INFO - Downloaded MSFT/1768094444.json -> /tmp/minio_downloads/1768094444.json
[2026-01-11T02:01:40.884+0000] {logging_mixin.py:188} INFO - Downloaded MSFT/1768094455.json -> /tmp/minio_downloads/1768094455.json
[2026-01-11T02:01:40.892+0000] {logging_mixin.py:188} INFO - Downloaded MSFT/1768094467.json -> /tmp/minio_downloads/1768094467.json
[2026-01-11T02:01:40.901+0000] {logging_mixin.py:188} INFO - Downloaded MSFT/1768094478.json -> /tmp/minio_downloads/1768094478.json
[2026-01-11T02:01:40.910+0000] {logging_mixin.py:188} INFO - Downloaded MSFT/1768094489.json -> /tmp/minio_downloads/1768094489.json
[2026-01-11T02:01:40.918+0000] {logging_mixin.py:188} INFO - Downloaded MSFT/1768094500.json -> /tmp/minio_downloads/1768094500.json
[2026-01-11T02:01:40.927+0000] {logging_mixin.py:188} INFO - Downloaded MSFT/1768094512.json -> /tmp/minio_downloads/1768094512.json
[2026-01-11T02:01:40.936+0000] {logging_mixin.py:188} INFO - Downloaded MSFT/1768094523.json -> /tmp/minio_downloads/1768094523.json
[2026-01-11T02:01:40.945+0000] {logging_mixin.py:188} INFO - Downloaded MSFT/1768094535.json -> /tmp/minio_downloads/1768094535.json
[2026-01-11T02:01:40.954+0000] {logging_mixin.py:188} INFO - Downloaded MSFT/1768094547.json -> /tmp/minio_downloads/1768094547.json
[2026-01-11T02:01:40.964+0000] {logging_mixin.py:188} INFO - Downloaded MSFT/1768094558.json -> /tmp/minio_downloads/1768094558.json
[2026-01-11T02:01:40.976+0000] {logging_mixin.py:188} INFO - Downloaded MSFT/1768094570.json -> /tmp/minio_downloads/1768094570.json
[2026-01-11T02:01:40.989+0000] {logging_mixin.py:188} INFO - Downloaded MSFT/1768094581.json -> /tmp/minio_downloads/1768094581.json
[2026-01-11T02:01:41.001+0000] {logging_mixin.py:188} INFO - Downloaded MSFT/1768094592.json -> /tmp/minio_downloads/1768094592.json
[2026-01-11T02:01:41.015+0000] {logging_mixin.py:188} INFO - Downloaded MSFT/1768094604.json -> /tmp/minio_downloads/1768094604.json
[2026-01-11T02:01:41.027+0000] {logging_mixin.py:188} INFO - Downloaded MSFT/1768094615.json -> /tmp/minio_downloads/1768094615.json
[2026-01-11T02:01:41.042+0000] {logging_mixin.py:188} INFO - Downloaded MSFT/1768094627.json -> /tmp/minio_downloads/1768094627.json
[2026-01-11T02:01:41.056+0000] {logging_mixin.py:188} INFO - Downloaded MSFT/1768094637.json -> /tmp/minio_downloads/1768094637.json
[2026-01-11T02:01:41.069+0000] {logging_mixin.py:188} INFO - Downloaded MSFT/1768094648.json -> /tmp/minio_downloads/1768094648.json
[2026-01-11T02:01:41.082+0000] {logging_mixin.py:188} INFO - Downloaded MSFT/1768094659.json -> /tmp/minio_downloads/1768094659.json
[2026-01-11T02:01:41.094+0000] {logging_mixin.py:188} INFO - Downloaded MSFT/1768094671.json -> /tmp/minio_downloads/1768094671.json
[2026-01-11T02:01:41.106+0000] {logging_mixin.py:188} INFO - Downloaded MSFT/1768094682.json -> /tmp/minio_downloads/1768094682.json
[2026-01-11T02:01:41.119+0000] {logging_mixin.py:188} INFO - Downloaded MSFT/1768094694.json -> /tmp/minio_downloads/1768094694.json
[2026-01-11T02:01:41.129+0000] {logging_mixin.py:188} INFO - Downloaded MSFT/1768094705.json -> /tmp/minio_downloads/1768094705.json
[2026-01-11T02:01:41.139+0000] {logging_mixin.py:188} INFO - Downloaded TSLA/1768094290.json -> /tmp/minio_downloads/1768094290.json
[2026-01-11T02:01:41.147+0000] {logging_mixin.py:188} INFO - Downloaded TSLA/1768094301.json -> /tmp/minio_downloads/1768094301.json
[2026-01-11T02:01:41.156+0000] {logging_mixin.py:188} INFO - Downloaded TSLA/1768094313.json -> /tmp/minio_downloads/1768094313.json
[2026-01-11T02:01:41.164+0000] {logging_mixin.py:188} INFO - Downloaded TSLA/1768094323.json -> /tmp/minio_downloads/1768094323.json
[2026-01-11T02:01:41.175+0000] {logging_mixin.py:188} INFO - Downloaded TSLA/1768094335.json -> /tmp/minio_downloads/1768094335.json
[2026-01-11T02:01:41.183+0000] {logging_mixin.py:188} INFO - Downloaded TSLA/1768094346.json -> /tmp/minio_downloads/1768094346.json
[2026-01-11T02:01:41.192+0000] {logging_mixin.py:188} INFO - Downloaded TSLA/1768094356.json -> /tmp/minio_downloads/1768094356.json
[2026-01-11T02:01:41.200+0000] {logging_mixin.py:188} INFO - Downloaded TSLA/1768094426.json -> /tmp/minio_downloads/1768094426.json
[2026-01-11T02:01:41.209+0000] {logging_mixin.py:188} INFO - Downloaded TSLA/1768094435.json -> /tmp/minio_downloads/1768094435.json
[2026-01-11T02:01:41.220+0000] {logging_mixin.py:188} INFO - Downloaded TSLA/1768094445.json -> /tmp/minio_downloads/1768094445.json
[2026-01-11T02:01:41.229+0000] {logging_mixin.py:188} INFO - Downloaded TSLA/1768094456.json -> /tmp/minio_downloads/1768094456.json
[2026-01-11T02:01:41.241+0000] {logging_mixin.py:188} INFO - Downloaded TSLA/1768094468.json -> /tmp/minio_downloads/1768094468.json
[2026-01-11T02:01:41.250+0000] {logging_mixin.py:188} INFO - Downloaded TSLA/1768094479.json -> /tmp/minio_downloads/1768094479.json
[2026-01-11T02:01:41.260+0000] {logging_mixin.py:188} INFO - Downloaded TSLA/1768094489.json -> /tmp/minio_downloads/1768094489.json
[2026-01-11T02:01:41.271+0000] {logging_mixin.py:188} INFO - Downloaded TSLA/1768094501.json -> /tmp/minio_downloads/1768094501.json
[2026-01-11T02:01:41.279+0000] {logging_mixin.py:188} INFO - Downloaded TSLA/1768094513.json -> /tmp/minio_downloads/1768094513.json
[2026-01-11T02:01:41.289+0000] {logging_mixin.py:188} INFO - Downloaded TSLA/1768094524.json -> /tmp/minio_downloads/1768094524.json
[2026-01-11T02:01:41.300+0000] {logging_mixin.py:188} INFO - Downloaded TSLA/1768094537.json -> /tmp/minio_downloads/1768094537.json
[2026-01-11T02:01:41.309+0000] {logging_mixin.py:188} INFO - Downloaded TSLA/1768094548.json -> /tmp/minio_downloads/1768094548.json
[2026-01-11T02:01:41.319+0000] {logging_mixin.py:188} INFO - Downloaded TSLA/1768094559.json -> /tmp/minio_downloads/1768094559.json
[2026-01-11T02:01:41.328+0000] {logging_mixin.py:188} INFO - Downloaded TSLA/1768094571.json -> /tmp/minio_downloads/1768094571.json
[2026-01-11T02:01:41.338+0000] {logging_mixin.py:188} INFO - Downloaded TSLA/1768094582.json -> /tmp/minio_downloads/1768094582.json
[2026-01-11T02:01:41.348+0000] {logging_mixin.py:188} INFO - Downloaded TSLA/1768094593.json -> /tmp/minio_downloads/1768094593.json
[2026-01-11T02:01:41.356+0000] {logging_mixin.py:188} INFO - Downloaded TSLA/1768094605.json -> /tmp/minio_downloads/1768094605.json
[2026-01-11T02:01:41.365+0000] {logging_mixin.py:188} INFO - Downloaded TSLA/1768094617.json -> /tmp/minio_downloads/1768094617.json
[2026-01-11T02:01:41.375+0000] {logging_mixin.py:188} INFO - Downloaded TSLA/1768094628.json -> /tmp/minio_downloads/1768094628.json
[2026-01-11T02:01:41.383+0000] {logging_mixin.py:188} INFO - Downloaded TSLA/1768094638.json -> /tmp/minio_downloads/1768094638.json
[2026-01-11T02:01:41.392+0000] {logging_mixin.py:188} INFO - Downloaded TSLA/1768094649.json -> /tmp/minio_downloads/1768094649.json
[2026-01-11T02:01:41.400+0000] {logging_mixin.py:188} INFO - Downloaded TSLA/1768094660.json -> /tmp/minio_downloads/1768094660.json
[2026-01-11T02:01:41.408+0000] {logging_mixin.py:188} INFO - Downloaded TSLA/1768094672.json -> /tmp/minio_downloads/1768094672.json
[2026-01-11T02:01:41.418+0000] {logging_mixin.py:188} INFO - Downloaded TSLA/1768094684.json -> /tmp/minio_downloads/1768094684.json
[2026-01-11T02:01:41.427+0000] {logging_mixin.py:188} INFO - Downloaded TSLA/1768094695.json -> /tmp/minio_downloads/1768094695.json
[2026-01-11T02:01:41.437+0000] {logging_mixin.py:188} INFO - Downloaded TSLA/1768094706.json -> /tmp/minio_downloads/1768094706.json
[2026-01-11T02:01:41.439+0000] {python.py:237} INFO - Done. Returned value was: ['/tmp/minio_downloads/1768094289.json', '/tmp/minio_downloads/1768094300.json', '/tmp/minio_downloads/1768094311.json', '/tmp/minio_downloads/1768094322.json', '/tmp/minio_downloads/1768094333.json', '/tmp/minio_downloads/1768094345.json', '/tmp/minio_downloads/1768094355.json', '/tmp/minio_downloads/1768094364.json', '/tmp/minio_downloads/1768094424.json', '/tmp/minio_downloads/1768094434.json', '/tmp/minio_downloads/1768094444.json', '/tmp/minio_downloads/1768094454.json', '/tmp/minio_downloads/1768094465.json', '/tmp/minio_downloads/1768094477.json', '/tmp/minio_downloads/1768094488.json', '/tmp/minio_downloads/1768094498.json', '/tmp/minio_downloads/1768094511.json', '/tmp/minio_downloads/1768094522.json', '/tmp/minio_downloads/1768094534.json', '/tmp/minio_downloads/1768094546.json', '/tmp/minio_downloads/1768094557.json', '/tmp/minio_downloads/1768094568.json', '/tmp/minio_downloads/1768094580.json', '/tmp/minio_downloads/1768094591.json', '/tmp/minio_downloads/1768094603.json', '/tmp/minio_downloads/1768094614.json', '/tmp/minio_downloads/1768094626.json', '/tmp/minio_downloads/1768094636.json', '/tmp/minio_downloads/1768094647.json', '/tmp/minio_downloads/1768094658.json', '/tmp/minio_downloads/1768094670.json', '/tmp/minio_downloads/1768094681.json', '/tmp/minio_downloads/1768094693.json', '/tmp/minio_downloads/1768094704.json', '/tmp/minio_downloads/1768094292.json', '/tmp/minio_downloads/1768094303.json', '/tmp/minio_downloads/1768094315.json', '/tmp/minio_downloads/1768094325.json', '/tmp/minio_downloads/1768094338.json', '/tmp/minio_downloads/1768094348.json', '/tmp/minio_downloads/1768094357.json', '/tmp/minio_downloads/1768094427.json', '/tmp/minio_downloads/1768094437.json', '/tmp/minio_downloads/1768094447.json', '/tmp/minio_downloads/1768094458.json', '/tmp/minio_downloads/1768094470.json', '/tmp/minio_downloads/1768094481.json', '/tmp/minio_downloads/1768094491.json', '/tmp/minio_downloads/1768094503.json', '/tmp/minio_downloads/1768094515.json', '/tmp/minio_downloads/1768094527.json', '/tmp/minio_downloads/1768094539.json', '/tmp/minio_downloads/1768094550.json', '/tmp/minio_downloads/1768094561.json', '/tmp/minio_downloads/1768094573.json', '/tmp/minio_downloads/1768094584.json', '/tmp/minio_downloads/1768094595.json', '/tmp/minio_downloads/1768094607.json', '/tmp/minio_downloads/1768094619.json', '/tmp/minio_downloads/1768094629.json', '/tmp/minio_downloads/1768094640.json', '/tmp/minio_downloads/1768094651.json', '/tmp/minio_downloads/1768094663.json', '/tmp/minio_downloads/1768094674.json', '/tmp/minio_downloads/1768094686.json', '/tmp/minio_downloads/1768094698.json', '/tmp/minio_downloads/1768094707.json', '/tmp/minio_downloads/1768094291.json', '/tmp/minio_downloads/1768094303.json', '/tmp/minio_downloads/1768094314.json', '/tmp/minio_downloads/1768094324.json', '/tmp/minio_downloads/1768094337.json', '/tmp/minio_downloads/1768094347.json', '/tmp/minio_downloads/1768094357.json', '/tmp/minio_downloads/1768094426.json', '/tmp/minio_downloads/1768094436.json', '/tmp/minio_downloads/1768094446.json', '/tmp/minio_downloads/1768094457.json', '/tmp/minio_downloads/1768094469.json', '/tmp/minio_downloads/1768094480.json', '/tmp/minio_downloads/1768094490.json', '/tmp/minio_downloads/1768094502.json', '/tmp/minio_downloads/1768094514.json', '/tmp/minio_downloads/1768094526.json', '/tmp/minio_downloads/1768094538.json', '/tmp/minio_downloads/1768094549.json', '/tmp/minio_downloads/1768094560.json', '/tmp/minio_downloads/1768094572.json', '/tmp/minio_downloads/1768094583.json', '/tmp/minio_downloads/1768094594.json', '/tmp/minio_downloads/1768094606.json', '/tmp/minio_downloads/1768094618.json', '/tmp/minio_downloads/1768094629.json', '/tmp/minio_downloads/1768094639.json', '/tmp/minio_downloads/1768094650.json', '/tmp/minio_downloads/1768094661.json', '/tmp/minio_downloads/1768094673.json', '/tmp/minio_downloads/1768094685.json', '/tmp/minio_downloads/1768094696.json', '/tmp/minio_downloads/1768094707.json', '/tmp/minio_downloads/1768094289.json', '/tmp/minio_downloads/1768094300.json', '/tmp/minio_downloads/1768094312.json', '/tmp/minio_downloads/1768094322.json', '/tmp/minio_downloads/1768094334.json', '/tmp/minio_downloads/1768094346.json', '/tmp/minio_downloads/1768094355.json', '/tmp/minio_downloads/1768094365.json', '/tmp/minio_downloads/1768094425.json', '/tmp/minio_downloads/1768094435.json', '/tmp/minio_downloads/1768094444.json', '/tmp/minio_downloads/1768094455.json', '/tmp/minio_downloads/1768094467.json', '/tmp/minio_downloads/1768094478.json', '/tmp/minio_downloads/1768094489.json', '/tmp/minio_downloads/1768094500.json', '/tmp/minio_downloads/1768094512.json', '/tmp/minio_downloads/1768094523.json', '/tmp/minio_downloads/1768094535.json', '/tmp/minio_downloads/1768094547.json', '/tmp/minio_downloads/1768094558.json', '/tmp/minio_downloads/1768094570.json', '/tmp/minio_downloads/1768094581.json', '/tmp/minio_downloads/1768094592.json', '/tmp/minio_downloads/1768094604.json', '/tmp/minio_downloads/1768094615.json', '/tmp/minio_downloads/1768094627.json', '/tmp/minio_downloads/1768094637.json', '/tmp/minio_downloads/1768094648.json', '/tmp/minio_downloads/1768094659.json', '/tmp/minio_downloads/1768094671.json', '/tmp/minio_downloads/1768094682.json', '/tmp/minio_downloads/1768094694.json', '/tmp/minio_downloads/1768094705.json', '/tmp/minio_downloads/1768094290.json', '/tmp/minio_downloads/1768094301.json', '/tmp/minio_downloads/1768094313.json', '/tmp/minio_downloads/1768094323.json', '/tmp/minio_downloads/1768094335.json', '/tmp/minio_downloads/1768094346.json', '/tmp/minio_downloads/1768094356.json', '/tmp/minio_downloads/1768094426.json', '/tmp/minio_downloads/1768094435.json', '/tmp/minio_downloads/1768094445.json', '/tmp/minio_downloads/1768094456.json', '/tmp/minio_downloads/1768094468.json', '/tmp/minio_downloads/1768094479.json', '/tmp/minio_downloads/1768094489.json', '/tmp/minio_downloads/1768094501.json', '/tmp/minio_downloads/1768094513.json', '/tmp/minio_downloads/1768094524.json', '/tmp/minio_downloads/1768094537.json', '/tmp/minio_downloads/1768094548.json', '/tmp/minio_downloads/1768094559.json', '/tmp/minio_downloads/1768094571.json', '/tmp/minio_downloads/1768094582.json', '/tmp/minio_downloads/1768094593.json', '/tmp/minio_downloads/1768094605.json', '/tmp/minio_downloads/1768094617.json', '/tmp/minio_downloads/1768094628.json', '/tmp/minio_downloads/1768094638.json', '/tmp/minio_downloads/1768094649.json', '/tmp/minio_downloads/1768094660.json', '/tmp/minio_downloads/1768094672.json', '/tmp/minio_downloads/1768094684.json', '/tmp/minio_downloads/1768094695.json', '/tmp/minio_downloads/1768094706.json']
[2026-01-11T02:01:41.440+0000] {taskinstance.py:441} INFO - ::group::Post task execution logs
[2026-01-11T02:01:41.477+0000] {taskinstance.py:1206} INFO - Marking task as SUCCESS. dag_id=minio_to_snowflake, task_id=download_minio, run_id=scheduled__2026-01-11T02:00:00+00:00, execution_date=20260111T020000, start_date=20260111T020138, end_date=20260111T020141
[2026-01-11T02:01:41.540+0000] {local_task_job_runner.py:243} INFO - Task exited with return code 0
[2026-01-11T02:01:41.583+0000] {taskinstance.py:3503} INFO - 1 downstream tasks scheduled from follow-on schedule check
[2026-01-11T02:01:41.586+0000] {local_task_job_runner.py:222} INFO - ::endgroup::
