[2026-01-11T02:08:55.842+0000] {local_task_job_runner.py:120} INFO - ::group::Pre task execution logs
[2026-01-11T02:08:55.883+0000] {taskinstance.py:2076} INFO - Dependencies all met for dep_context=non-requeueable deps ti=<TaskInstance: minio_to_snowflake.download_minio scheduled__2026-01-11T02:07:00+00:00 [queued]>
[2026-01-11T02:08:55.895+0000] {taskinstance.py:2076} INFO - Dependencies all met for dep_context=requeueable deps ti=<TaskInstance: minio_to_snowflake.download_minio scheduled__2026-01-11T02:07:00+00:00 [queued]>
[2026-01-11T02:08:55.896+0000] {taskinstance.py:2306} INFO - Starting attempt 1 of 2
[2026-01-11T02:08:55.913+0000] {taskinstance.py:2330} INFO - Executing <Task(PythonOperator): download_minio> on 2026-01-11 02:07:00+00:00
[2026-01-11T02:08:55.942+0000] {logging_mixin.py:188} WARNING - /home/***/.local/lib/python3.12/site-packages/***/task/task_runner/standard_task_runner.py:62 DeprecationWarning: This process (pid=15854) is multi-threaded, use of fork() may lead to deadlocks in the child.
[2026-01-11T02:08:55.928+0000] {standard_task_runner.py:90} INFO - Running: ['***', 'tasks', 'run', 'minio_to_snowflake', 'download_minio', 'scheduled__2026-01-11T02:07:00+00:00', '--job-id', '63', '--raw', '--subdir', 'DAGS_FOLDER/minio_to_snowflake.py', '--cfg-path', '/tmp/tmp7c76r7bl']
[2026-01-11T02:08:55.943+0000] {standard_task_runner.py:64} INFO - Started process 15864 to run task
[2026-01-11T02:08:55.943+0000] {standard_task_runner.py:91} INFO - Job 63: Subtask download_minio
[2026-01-11T02:08:56.028+0000] {task_command.py:426} INFO - Running <TaskInstance: minio_to_snowflake.download_minio scheduled__2026-01-11T02:07:00+00:00 [running]> on host e9ec95003052
[2026-01-11T02:08:56.146+0000] {taskinstance.py:2648} INFO - Exporting env vars: AIRFLOW_CTX_DAG_OWNER='***' AIRFLOW_CTX_DAG_ID='minio_to_snowflake' AIRFLOW_CTX_TASK_ID='download_minio' AIRFLOW_CTX_EXECUTION_DATE='2026-01-11T02:07:00+00:00' AIRFLOW_CTX_TRY_NUMBER='1' AIRFLOW_CTX_DAG_RUN_ID='scheduled__2026-01-11T02:07:00+00:00'
[2026-01-11T02:08:56.148+0000] {taskinstance.py:430} INFO - ::endgroup::
[2026-01-11T02:08:56.619+0000] {logging_mixin.py:188} INFO - Downloaded AAPL/1768094289.json -> /tmp/minio_downloads/1768094289.json
[2026-01-11T02:08:56.637+0000] {logging_mixin.py:188} INFO - Downloaded AAPL/1768094300.json -> /tmp/minio_downloads/1768094300.json
[2026-01-11T02:08:56.652+0000] {logging_mixin.py:188} INFO - Downloaded AAPL/1768094311.json -> /tmp/minio_downloads/1768094311.json
[2026-01-11T02:08:56.669+0000] {logging_mixin.py:188} INFO - Downloaded AAPL/1768094322.json -> /tmp/minio_downloads/1768094322.json
[2026-01-11T02:08:56.684+0000] {logging_mixin.py:188} INFO - Downloaded AAPL/1768094333.json -> /tmp/minio_downloads/1768094333.json
[2026-01-11T02:08:56.698+0000] {logging_mixin.py:188} INFO - Downloaded AAPL/1768094345.json -> /tmp/minio_downloads/1768094345.json
[2026-01-11T02:08:56.712+0000] {logging_mixin.py:188} INFO - Downloaded AAPL/1768094355.json -> /tmp/minio_downloads/1768094355.json
[2026-01-11T02:08:56.727+0000] {logging_mixin.py:188} INFO - Downloaded AAPL/1768094364.json -> /tmp/minio_downloads/1768094364.json
[2026-01-11T02:08:56.736+0000] {logging_mixin.py:188} INFO - Downloaded AAPL/1768094424.json -> /tmp/minio_downloads/1768094424.json
[2026-01-11T02:08:56.746+0000] {logging_mixin.py:188} INFO - Downloaded AAPL/1768094434.json -> /tmp/minio_downloads/1768094434.json
[2026-01-11T02:08:56.755+0000] {logging_mixin.py:188} INFO - Downloaded AAPL/1768094444.json -> /tmp/minio_downloads/1768094444.json
[2026-01-11T02:08:56.765+0000] {logging_mixin.py:188} INFO - Downloaded AAPL/1768094454.json -> /tmp/minio_downloads/1768094454.json
[2026-01-11T02:08:56.775+0000] {logging_mixin.py:188} INFO - Downloaded AAPL/1768094465.json -> /tmp/minio_downloads/1768094465.json
[2026-01-11T02:08:56.785+0000] {logging_mixin.py:188} INFO - Downloaded AAPL/1768094477.json -> /tmp/minio_downloads/1768094477.json
[2026-01-11T02:08:56.795+0000] {logging_mixin.py:188} INFO - Downloaded AAPL/1768094488.json -> /tmp/minio_downloads/1768094488.json
[2026-01-11T02:08:56.806+0000] {logging_mixin.py:188} INFO - Downloaded AAPL/1768094498.json -> /tmp/minio_downloads/1768094498.json
[2026-01-11T02:08:56.815+0000] {logging_mixin.py:188} INFO - Downloaded AAPL/1768094511.json -> /tmp/minio_downloads/1768094511.json
[2026-01-11T02:08:56.826+0000] {logging_mixin.py:188} INFO - Downloaded AAPL/1768094522.json -> /tmp/minio_downloads/1768094522.json
[2026-01-11T02:08:56.838+0000] {logging_mixin.py:188} INFO - Downloaded AAPL/1768094534.json -> /tmp/minio_downloads/1768094534.json
[2026-01-11T02:08:56.851+0000] {logging_mixin.py:188} INFO - Downloaded AAPL/1768094546.json -> /tmp/minio_downloads/1768094546.json
[2026-01-11T02:08:56.867+0000] {logging_mixin.py:188} INFO - Downloaded AAPL/1768094557.json -> /tmp/minio_downloads/1768094557.json
[2026-01-11T02:08:56.883+0000] {logging_mixin.py:188} INFO - Downloaded AAPL/1768094568.json -> /tmp/minio_downloads/1768094568.json
[2026-01-11T02:08:56.901+0000] {logging_mixin.py:188} INFO - Downloaded AAPL/1768094580.json -> /tmp/minio_downloads/1768094580.json
[2026-01-11T02:08:56.923+0000] {logging_mixin.py:188} INFO - Downloaded AAPL/1768094591.json -> /tmp/minio_downloads/1768094591.json
[2026-01-11T02:08:56.943+0000] {logging_mixin.py:188} INFO - Downloaded AAPL/1768094603.json -> /tmp/minio_downloads/1768094603.json
[2026-01-11T02:08:56.956+0000] {logging_mixin.py:188} INFO - Downloaded AAPL/1768094614.json -> /tmp/minio_downloads/1768094614.json
[2026-01-11T02:08:56.969+0000] {logging_mixin.py:188} INFO - Downloaded AAPL/1768094626.json -> /tmp/minio_downloads/1768094626.json
[2026-01-11T02:08:56.982+0000] {logging_mixin.py:188} INFO - Downloaded AAPL/1768094636.json -> /tmp/minio_downloads/1768094636.json
[2026-01-11T02:08:56.995+0000] {logging_mixin.py:188} INFO - Downloaded AAPL/1768094647.json -> /tmp/minio_downloads/1768094647.json
[2026-01-11T02:08:57.005+0000] {logging_mixin.py:188} INFO - Downloaded AAPL/1768094658.json -> /tmp/minio_downloads/1768094658.json
[2026-01-11T02:08:57.015+0000] {logging_mixin.py:188} INFO - Downloaded AAPL/1768094670.json -> /tmp/minio_downloads/1768094670.json
[2026-01-11T02:08:57.024+0000] {logging_mixin.py:188} INFO - Downloaded AAPL/1768094681.json -> /tmp/minio_downloads/1768094681.json
[2026-01-11T02:08:57.035+0000] {logging_mixin.py:188} INFO - Downloaded AAPL/1768094693.json -> /tmp/minio_downloads/1768094693.json
[2026-01-11T02:08:57.045+0000] {logging_mixin.py:188} INFO - Downloaded AAPL/1768094704.json -> /tmp/minio_downloads/1768094704.json
[2026-01-11T02:08:57.055+0000] {logging_mixin.py:188} INFO - Downloaded AMZN/1768094292.json -> /tmp/minio_downloads/1768094292.json
[2026-01-11T02:08:57.066+0000] {logging_mixin.py:188} INFO - Downloaded AMZN/1768094303.json -> /tmp/minio_downloads/1768094303.json
[2026-01-11T02:08:57.076+0000] {logging_mixin.py:188} INFO - Downloaded AMZN/1768094315.json -> /tmp/minio_downloads/1768094315.json
[2026-01-11T02:08:57.086+0000] {logging_mixin.py:188} INFO - Downloaded AMZN/1768094325.json -> /tmp/minio_downloads/1768094325.json
[2026-01-11T02:08:57.096+0000] {logging_mixin.py:188} INFO - Downloaded AMZN/1768094338.json -> /tmp/minio_downloads/1768094338.json
[2026-01-11T02:08:57.106+0000] {logging_mixin.py:188} INFO - Downloaded AMZN/1768094348.json -> /tmp/minio_downloads/1768094348.json
[2026-01-11T02:08:57.115+0000] {logging_mixin.py:188} INFO - Downloaded AMZN/1768094357.json -> /tmp/minio_downloads/1768094357.json
[2026-01-11T02:08:57.124+0000] {logging_mixin.py:188} INFO - Downloaded AMZN/1768094427.json -> /tmp/minio_downloads/1768094427.json
[2026-01-11T02:08:57.134+0000] {logging_mixin.py:188} INFO - Downloaded AMZN/1768094437.json -> /tmp/minio_downloads/1768094437.json
[2026-01-11T02:08:57.142+0000] {logging_mixin.py:188} INFO - Downloaded AMZN/1768094447.json -> /tmp/minio_downloads/1768094447.json
[2026-01-11T02:08:57.151+0000] {logging_mixin.py:188} INFO - Downloaded AMZN/1768094458.json -> /tmp/minio_downloads/1768094458.json
[2026-01-11T02:08:57.160+0000] {logging_mixin.py:188} INFO - Downloaded AMZN/1768094470.json -> /tmp/minio_downloads/1768094470.json
[2026-01-11T02:08:57.169+0000] {logging_mixin.py:188} INFO - Downloaded AMZN/1768094481.json -> /tmp/minio_downloads/1768094481.json
[2026-01-11T02:08:57.179+0000] {logging_mixin.py:188} INFO - Downloaded AMZN/1768094491.json -> /tmp/minio_downloads/1768094491.json
[2026-01-11T02:08:57.191+0000] {logging_mixin.py:188} INFO - Downloaded AMZN/1768094503.json -> /tmp/minio_downloads/1768094503.json
[2026-01-11T02:08:57.203+0000] {logging_mixin.py:188} INFO - Downloaded AMZN/1768094515.json -> /tmp/minio_downloads/1768094515.json
[2026-01-11T02:08:57.215+0000] {logging_mixin.py:188} INFO - Downloaded AMZN/1768094527.json -> /tmp/minio_downloads/1768094527.json
[2026-01-11T02:08:57.226+0000] {logging_mixin.py:188} INFO - Downloaded AMZN/1768094539.json -> /tmp/minio_downloads/1768094539.json
[2026-01-11T02:08:57.236+0000] {logging_mixin.py:188} INFO - Downloaded AMZN/1768094550.json -> /tmp/minio_downloads/1768094550.json
[2026-01-11T02:08:57.246+0000] {logging_mixin.py:188} INFO - Downloaded AMZN/1768094561.json -> /tmp/minio_downloads/1768094561.json
[2026-01-11T02:08:57.257+0000] {logging_mixin.py:188} INFO - Downloaded AMZN/1768094573.json -> /tmp/minio_downloads/1768094573.json
[2026-01-11T02:08:57.268+0000] {logging_mixin.py:188} INFO - Downloaded AMZN/1768094584.json -> /tmp/minio_downloads/1768094584.json
[2026-01-11T02:08:57.278+0000] {logging_mixin.py:188} INFO - Downloaded AMZN/1768094595.json -> /tmp/minio_downloads/1768094595.json
[2026-01-11T02:08:57.290+0000] {logging_mixin.py:188} INFO - Downloaded AMZN/1768094607.json -> /tmp/minio_downloads/1768094607.json
[2026-01-11T02:08:57.303+0000] {logging_mixin.py:188} INFO - Downloaded AMZN/1768094619.json -> /tmp/minio_downloads/1768094619.json
[2026-01-11T02:08:57.317+0000] {logging_mixin.py:188} INFO - Downloaded AMZN/1768094629.json -> /tmp/minio_downloads/1768094629.json
[2026-01-11T02:08:57.331+0000] {logging_mixin.py:188} INFO - Downloaded AMZN/1768094640.json -> /tmp/minio_downloads/1768094640.json
[2026-01-11T02:08:57.342+0000] {logging_mixin.py:188} INFO - Downloaded AMZN/1768094651.json -> /tmp/minio_downloads/1768094651.json
[2026-01-11T02:08:57.353+0000] {logging_mixin.py:188} INFO - Downloaded AMZN/1768094663.json -> /tmp/minio_downloads/1768094663.json
[2026-01-11T02:08:57.365+0000] {logging_mixin.py:188} INFO - Downloaded AMZN/1768094674.json -> /tmp/minio_downloads/1768094674.json
[2026-01-11T02:08:57.374+0000] {logging_mixin.py:188} INFO - Downloaded AMZN/1768094686.json -> /tmp/minio_downloads/1768094686.json
[2026-01-11T02:08:57.384+0000] {logging_mixin.py:188} INFO - Downloaded AMZN/1768094698.json -> /tmp/minio_downloads/1768094698.json
[2026-01-11T02:08:57.393+0000] {logging_mixin.py:188} INFO - Downloaded AMZN/1768094707.json -> /tmp/minio_downloads/1768094707.json
[2026-01-11T02:08:57.402+0000] {logging_mixin.py:188} INFO - Downloaded GOOGL/1768094291.json -> /tmp/minio_downloads/1768094291.json
[2026-01-11T02:08:57.411+0000] {logging_mixin.py:188} INFO - Downloaded GOOGL/1768094303.json -> /tmp/minio_downloads/1768094303.json
[2026-01-11T02:08:57.421+0000] {logging_mixin.py:188} INFO - Downloaded GOOGL/1768094314.json -> /tmp/minio_downloads/1768094314.json
[2026-01-11T02:08:57.430+0000] {logging_mixin.py:188} INFO - Downloaded GOOGL/1768094324.json -> /tmp/minio_downloads/1768094324.json
[2026-01-11T02:08:57.442+0000] {logging_mixin.py:188} INFO - Downloaded GOOGL/1768094337.json -> /tmp/minio_downloads/1768094337.json
[2026-01-11T02:08:57.452+0000] {logging_mixin.py:188} INFO - Downloaded GOOGL/1768094347.json -> /tmp/minio_downloads/1768094347.json
[2026-01-11T02:08:57.463+0000] {logging_mixin.py:188} INFO - Downloaded GOOGL/1768094357.json -> /tmp/minio_downloads/1768094357.json
[2026-01-11T02:08:57.472+0000] {logging_mixin.py:188} INFO - Downloaded GOOGL/1768094426.json -> /tmp/minio_downloads/1768094426.json
[2026-01-11T02:08:57.483+0000] {logging_mixin.py:188} INFO - Downloaded GOOGL/1768094436.json -> /tmp/minio_downloads/1768094436.json
[2026-01-11T02:08:57.492+0000] {logging_mixin.py:188} INFO - Downloaded GOOGL/1768094446.json -> /tmp/minio_downloads/1768094446.json
[2026-01-11T02:08:57.502+0000] {logging_mixin.py:188} INFO - Downloaded GOOGL/1768094457.json -> /tmp/minio_downloads/1768094457.json
[2026-01-11T02:08:57.512+0000] {logging_mixin.py:188} INFO - Downloaded GOOGL/1768094469.json -> /tmp/minio_downloads/1768094469.json
[2026-01-11T02:08:57.525+0000] {logging_mixin.py:188} INFO - Downloaded GOOGL/1768094480.json -> /tmp/minio_downloads/1768094480.json
[2026-01-11T02:08:57.538+0000] {logging_mixin.py:188} INFO - Downloaded GOOGL/1768094490.json -> /tmp/minio_downloads/1768094490.json
[2026-01-11T02:08:57.549+0000] {logging_mixin.py:188} INFO - Downloaded GOOGL/1768094502.json -> /tmp/minio_downloads/1768094502.json
[2026-01-11T02:08:57.559+0000] {logging_mixin.py:188} INFO - Downloaded GOOGL/1768094514.json -> /tmp/minio_downloads/1768094514.json
[2026-01-11T02:08:57.571+0000] {logging_mixin.py:188} INFO - Downloaded GOOGL/1768094526.json -> /tmp/minio_downloads/1768094526.json
[2026-01-11T02:08:57.586+0000] {logging_mixin.py:188} INFO - Downloaded GOOGL/1768094538.json -> /tmp/minio_downloads/1768094538.json
[2026-01-11T02:08:57.603+0000] {logging_mixin.py:188} INFO - Downloaded GOOGL/1768094549.json -> /tmp/minio_downloads/1768094549.json
[2026-01-11T02:08:57.618+0000] {logging_mixin.py:188} INFO - Downloaded GOOGL/1768094560.json -> /tmp/minio_downloads/1768094560.json
[2026-01-11T02:08:57.634+0000] {logging_mixin.py:188} INFO - Downloaded GOOGL/1768094572.json -> /tmp/minio_downloads/1768094572.json
[2026-01-11T02:08:57.651+0000] {logging_mixin.py:188} INFO - Downloaded GOOGL/1768094583.json -> /tmp/minio_downloads/1768094583.json
[2026-01-11T02:08:57.666+0000] {logging_mixin.py:188} INFO - Downloaded GOOGL/1768094594.json -> /tmp/minio_downloads/1768094594.json
[2026-01-11T02:08:57.683+0000] {logging_mixin.py:188} INFO - Downloaded GOOGL/1768094606.json -> /tmp/minio_downloads/1768094606.json
[2026-01-11T02:08:57.695+0000] {logging_mixin.py:188} INFO - Downloaded GOOGL/1768094618.json -> /tmp/minio_downloads/1768094618.json
[2026-01-11T02:08:57.707+0000] {logging_mixin.py:188} INFO - Downloaded GOOGL/1768094629.json -> /tmp/minio_downloads/1768094629.json
[2026-01-11T02:08:57.718+0000] {logging_mixin.py:188} INFO - Downloaded GOOGL/1768094639.json -> /tmp/minio_downloads/1768094639.json
[2026-01-11T02:08:57.728+0000] {logging_mixin.py:188} INFO - Downloaded GOOGL/1768094650.json -> /tmp/minio_downloads/1768094650.json
[2026-01-11T02:08:57.737+0000] {logging_mixin.py:188} INFO - Downloaded GOOGL/1768094661.json -> /tmp/minio_downloads/1768094661.json
[2026-01-11T02:08:57.748+0000] {logging_mixin.py:188} INFO - Downloaded GOOGL/1768094673.json -> /tmp/minio_downloads/1768094673.json
[2026-01-11T02:08:57.757+0000] {logging_mixin.py:188} INFO - Downloaded GOOGL/1768094685.json -> /tmp/minio_downloads/1768094685.json
[2026-01-11T02:08:57.766+0000] {logging_mixin.py:188} INFO - Downloaded GOOGL/1768094696.json -> /tmp/minio_downloads/1768094696.json
[2026-01-11T02:08:57.774+0000] {logging_mixin.py:188} INFO - Downloaded GOOGL/1768094707.json -> /tmp/minio_downloads/1768094707.json
[2026-01-11T02:08:57.784+0000] {logging_mixin.py:188} INFO - Downloaded MSFT/1768094289.json -> /tmp/minio_downloads/1768094289.json
[2026-01-11T02:08:57.792+0000] {logging_mixin.py:188} INFO - Downloaded MSFT/1768094300.json -> /tmp/minio_downloads/1768094300.json
[2026-01-11T02:08:57.801+0000] {logging_mixin.py:188} INFO - Downloaded MSFT/1768094312.json -> /tmp/minio_downloads/1768094312.json
[2026-01-11T02:08:57.810+0000] {logging_mixin.py:188} INFO - Downloaded MSFT/1768094322.json -> /tmp/minio_downloads/1768094322.json
[2026-01-11T02:08:57.818+0000] {logging_mixin.py:188} INFO - Downloaded MSFT/1768094334.json -> /tmp/minio_downloads/1768094334.json
[2026-01-11T02:08:57.827+0000] {logging_mixin.py:188} INFO - Downloaded MSFT/1768094346.json -> /tmp/minio_downloads/1768094346.json
[2026-01-11T02:08:57.837+0000] {logging_mixin.py:188} INFO - Downloaded MSFT/1768094355.json -> /tmp/minio_downloads/1768094355.json
[2026-01-11T02:08:57.846+0000] {logging_mixin.py:188} INFO - Downloaded MSFT/1768094365.json -> /tmp/minio_downloads/1768094365.json
[2026-01-11T02:08:57.856+0000] {logging_mixin.py:188} INFO - Downloaded MSFT/1768094425.json -> /tmp/minio_downloads/1768094425.json
[2026-01-11T02:08:57.865+0000] {logging_mixin.py:188} INFO - Downloaded MSFT/1768094435.json -> /tmp/minio_downloads/1768094435.json
[2026-01-11T02:08:57.875+0000] {logging_mixin.py:188} INFO - Downloaded MSFT/1768094444.json -> /tmp/minio_downloads/1768094444.json
[2026-01-11T02:08:57.885+0000] {logging_mixin.py:188} INFO - Downloaded MSFT/1768094455.json -> /tmp/minio_downloads/1768094455.json
[2026-01-11T02:08:57.895+0000] {logging_mixin.py:188} INFO - Downloaded MSFT/1768094467.json -> /tmp/minio_downloads/1768094467.json
[2026-01-11T02:08:57.905+0000] {logging_mixin.py:188} INFO - Downloaded MSFT/1768094478.json -> /tmp/minio_downloads/1768094478.json
[2026-01-11T02:08:57.915+0000] {logging_mixin.py:188} INFO - Downloaded MSFT/1768094489.json -> /tmp/minio_downloads/1768094489.json
[2026-01-11T02:08:57.926+0000] {logging_mixin.py:188} INFO - Downloaded MSFT/1768094500.json -> /tmp/minio_downloads/1768094500.json
[2026-01-11T02:08:57.936+0000] {logging_mixin.py:188} INFO - Downloaded MSFT/1768094512.json -> /tmp/minio_downloads/1768094512.json
[2026-01-11T02:08:57.947+0000] {logging_mixin.py:188} INFO - Downloaded MSFT/1768094523.json -> /tmp/minio_downloads/1768094523.json
[2026-01-11T02:08:57.957+0000] {logging_mixin.py:188} INFO - Downloaded MSFT/1768094535.json -> /tmp/minio_downloads/1768094535.json
[2026-01-11T02:08:57.967+0000] {logging_mixin.py:188} INFO - Downloaded MSFT/1768094547.json -> /tmp/minio_downloads/1768094547.json
[2026-01-11T02:08:57.984+0000] {logging_mixin.py:188} INFO - Downloaded MSFT/1768094558.json -> /tmp/minio_downloads/1768094558.json
[2026-01-11T02:08:57.998+0000] {logging_mixin.py:188} INFO - Downloaded MSFT/1768094570.json -> /tmp/minio_downloads/1768094570.json
[2026-01-11T02:08:58.010+0000] {logging_mixin.py:188} INFO - Downloaded MSFT/1768094581.json -> /tmp/minio_downloads/1768094581.json
[2026-01-11T02:08:58.022+0000] {logging_mixin.py:188} INFO - Downloaded MSFT/1768094592.json -> /tmp/minio_downloads/1768094592.json
[2026-01-11T02:08:58.034+0000] {logging_mixin.py:188} INFO - Downloaded MSFT/1768094604.json -> /tmp/minio_downloads/1768094604.json
[2026-01-11T02:08:58.047+0000] {logging_mixin.py:188} INFO - Downloaded MSFT/1768094615.json -> /tmp/minio_downloads/1768094615.json
[2026-01-11T02:08:58.058+0000] {logging_mixin.py:188} INFO - Downloaded MSFT/1768094627.json -> /tmp/minio_downloads/1768094627.json
[2026-01-11T02:08:58.069+0000] {logging_mixin.py:188} INFO - Downloaded MSFT/1768094637.json -> /tmp/minio_downloads/1768094637.json
[2026-01-11T02:08:58.079+0000] {logging_mixin.py:188} INFO - Downloaded MSFT/1768094648.json -> /tmp/minio_downloads/1768094648.json
[2026-01-11T02:08:58.090+0000] {logging_mixin.py:188} INFO - Downloaded MSFT/1768094659.json -> /tmp/minio_downloads/1768094659.json
[2026-01-11T02:08:58.102+0000] {logging_mixin.py:188} INFO - Downloaded MSFT/1768094671.json -> /tmp/minio_downloads/1768094671.json
[2026-01-11T02:08:58.112+0000] {logging_mixin.py:188} INFO - Downloaded MSFT/1768094682.json -> /tmp/minio_downloads/1768094682.json
[2026-01-11T02:08:58.127+0000] {logging_mixin.py:188} INFO - Downloaded MSFT/1768094694.json -> /tmp/minio_downloads/1768094694.json
[2026-01-11T02:08:58.140+0000] {logging_mixin.py:188} INFO - Downloaded MSFT/1768094705.json -> /tmp/minio_downloads/1768094705.json
[2026-01-11T02:08:58.150+0000] {logging_mixin.py:188} INFO - Downloaded TSLA/1768094290.json -> /tmp/minio_downloads/1768094290.json
[2026-01-11T02:08:58.162+0000] {logging_mixin.py:188} INFO - Downloaded TSLA/1768094301.json -> /tmp/minio_downloads/1768094301.json
[2026-01-11T02:08:58.176+0000] {logging_mixin.py:188} INFO - Downloaded TSLA/1768094313.json -> /tmp/minio_downloads/1768094313.json
[2026-01-11T02:08:58.190+0000] {logging_mixin.py:188} INFO - Downloaded TSLA/1768094323.json -> /tmp/minio_downloads/1768094323.json
[2026-01-11T02:08:58.204+0000] {logging_mixin.py:188} INFO - Downloaded TSLA/1768094335.json -> /tmp/minio_downloads/1768094335.json
[2026-01-11T02:08:58.217+0000] {logging_mixin.py:188} INFO - Downloaded TSLA/1768094346.json -> /tmp/minio_downloads/1768094346.json
[2026-01-11T02:08:58.229+0000] {logging_mixin.py:188} INFO - Downloaded TSLA/1768094356.json -> /tmp/minio_downloads/1768094356.json
[2026-01-11T02:08:58.242+0000] {logging_mixin.py:188} INFO - Downloaded TSLA/1768094426.json -> /tmp/minio_downloads/1768094426.json
[2026-01-11T02:08:58.253+0000] {logging_mixin.py:188} INFO - Downloaded TSLA/1768094435.json -> /tmp/minio_downloads/1768094435.json
[2026-01-11T02:08:58.264+0000] {logging_mixin.py:188} INFO - Downloaded TSLA/1768094445.json -> /tmp/minio_downloads/1768094445.json
[2026-01-11T02:08:58.278+0000] {logging_mixin.py:188} INFO - Downloaded TSLA/1768094456.json -> /tmp/minio_downloads/1768094456.json
[2026-01-11T02:08:58.289+0000] {logging_mixin.py:188} INFO - Downloaded TSLA/1768094468.json -> /tmp/minio_downloads/1768094468.json
[2026-01-11T02:08:58.298+0000] {logging_mixin.py:188} INFO - Downloaded TSLA/1768094479.json -> /tmp/minio_downloads/1768094479.json
[2026-01-11T02:08:58.309+0000] {logging_mixin.py:188} INFO - Downloaded TSLA/1768094489.json -> /tmp/minio_downloads/1768094489.json
[2026-01-11T02:08:58.318+0000] {logging_mixin.py:188} INFO - Downloaded TSLA/1768094501.json -> /tmp/minio_downloads/1768094501.json
[2026-01-11T02:08:58.327+0000] {logging_mixin.py:188} INFO - Downloaded TSLA/1768094513.json -> /tmp/minio_downloads/1768094513.json
[2026-01-11T02:08:58.336+0000] {logging_mixin.py:188} INFO - Downloaded TSLA/1768094524.json -> /tmp/minio_downloads/1768094524.json
[2026-01-11T02:08:58.346+0000] {logging_mixin.py:188} INFO - Downloaded TSLA/1768094537.json -> /tmp/minio_downloads/1768094537.json
[2026-01-11T02:08:58.356+0000] {logging_mixin.py:188} INFO - Downloaded TSLA/1768094548.json -> /tmp/minio_downloads/1768094548.json
[2026-01-11T02:08:58.366+0000] {logging_mixin.py:188} INFO - Downloaded TSLA/1768094559.json -> /tmp/minio_downloads/1768094559.json
[2026-01-11T02:08:58.376+0000] {logging_mixin.py:188} INFO - Downloaded TSLA/1768094571.json -> /tmp/minio_downloads/1768094571.json
[2026-01-11T02:08:58.387+0000] {logging_mixin.py:188} INFO - Downloaded TSLA/1768094582.json -> /tmp/minio_downloads/1768094582.json
[2026-01-11T02:08:58.397+0000] {logging_mixin.py:188} INFO - Downloaded TSLA/1768094593.json -> /tmp/minio_downloads/1768094593.json
[2026-01-11T02:08:58.406+0000] {logging_mixin.py:188} INFO - Downloaded TSLA/1768094605.json -> /tmp/minio_downloads/1768094605.json
[2026-01-11T02:08:58.416+0000] {logging_mixin.py:188} INFO - Downloaded TSLA/1768094617.json -> /tmp/minio_downloads/1768094617.json
[2026-01-11T02:08:58.425+0000] {logging_mixin.py:188} INFO - Downloaded TSLA/1768094628.json -> /tmp/minio_downloads/1768094628.json
[2026-01-11T02:08:58.433+0000] {logging_mixin.py:188} INFO - Downloaded TSLA/1768094638.json -> /tmp/minio_downloads/1768094638.json
[2026-01-11T02:08:58.442+0000] {logging_mixin.py:188} INFO - Downloaded TSLA/1768094649.json -> /tmp/minio_downloads/1768094649.json
[2026-01-11T02:08:58.450+0000] {logging_mixin.py:188} INFO - Downloaded TSLA/1768094660.json -> /tmp/minio_downloads/1768094660.json
[2026-01-11T02:08:58.458+0000] {logging_mixin.py:188} INFO - Downloaded TSLA/1768094672.json -> /tmp/minio_downloads/1768094672.json
[2026-01-11T02:08:58.467+0000] {logging_mixin.py:188} INFO - Downloaded TSLA/1768094684.json -> /tmp/minio_downloads/1768094684.json
[2026-01-11T02:08:58.474+0000] {logging_mixin.py:188} INFO - Downloaded TSLA/1768094695.json -> /tmp/minio_downloads/1768094695.json
[2026-01-11T02:08:58.485+0000] {logging_mixin.py:188} INFO - Downloaded TSLA/1768094706.json -> /tmp/minio_downloads/1768094706.json
[2026-01-11T02:08:58.486+0000] {python.py:237} INFO - Done. Returned value was: ['/tmp/minio_downloads/1768094289.json', '/tmp/minio_downloads/1768094300.json', '/tmp/minio_downloads/1768094311.json', '/tmp/minio_downloads/1768094322.json', '/tmp/minio_downloads/1768094333.json', '/tmp/minio_downloads/1768094345.json', '/tmp/minio_downloads/1768094355.json', '/tmp/minio_downloads/1768094364.json', '/tmp/minio_downloads/1768094424.json', '/tmp/minio_downloads/1768094434.json', '/tmp/minio_downloads/1768094444.json', '/tmp/minio_downloads/1768094454.json', '/tmp/minio_downloads/1768094465.json', '/tmp/minio_downloads/1768094477.json', '/tmp/minio_downloads/1768094488.json', '/tmp/minio_downloads/1768094498.json', '/tmp/minio_downloads/1768094511.json', '/tmp/minio_downloads/1768094522.json', '/tmp/minio_downloads/1768094534.json', '/tmp/minio_downloads/1768094546.json', '/tmp/minio_downloads/1768094557.json', '/tmp/minio_downloads/1768094568.json', '/tmp/minio_downloads/1768094580.json', '/tmp/minio_downloads/1768094591.json', '/tmp/minio_downloads/1768094603.json', '/tmp/minio_downloads/1768094614.json', '/tmp/minio_downloads/1768094626.json', '/tmp/minio_downloads/1768094636.json', '/tmp/minio_downloads/1768094647.json', '/tmp/minio_downloads/1768094658.json', '/tmp/minio_downloads/1768094670.json', '/tmp/minio_downloads/1768094681.json', '/tmp/minio_downloads/1768094693.json', '/tmp/minio_downloads/1768094704.json', '/tmp/minio_downloads/1768094292.json', '/tmp/minio_downloads/1768094303.json', '/tmp/minio_downloads/1768094315.json', '/tmp/minio_downloads/1768094325.json', '/tmp/minio_downloads/1768094338.json', '/tmp/minio_downloads/1768094348.json', '/tmp/minio_downloads/1768094357.json', '/tmp/minio_downloads/1768094427.json', '/tmp/minio_downloads/1768094437.json', '/tmp/minio_downloads/1768094447.json', '/tmp/minio_downloads/1768094458.json', '/tmp/minio_downloads/1768094470.json', '/tmp/minio_downloads/1768094481.json', '/tmp/minio_downloads/1768094491.json', '/tmp/minio_downloads/1768094503.json', '/tmp/minio_downloads/1768094515.json', '/tmp/minio_downloads/1768094527.json', '/tmp/minio_downloads/1768094539.json', '/tmp/minio_downloads/1768094550.json', '/tmp/minio_downloads/1768094561.json', '/tmp/minio_downloads/1768094573.json', '/tmp/minio_downloads/1768094584.json', '/tmp/minio_downloads/1768094595.json', '/tmp/minio_downloads/1768094607.json', '/tmp/minio_downloads/1768094619.json', '/tmp/minio_downloads/1768094629.json', '/tmp/minio_downloads/1768094640.json', '/tmp/minio_downloads/1768094651.json', '/tmp/minio_downloads/1768094663.json', '/tmp/minio_downloads/1768094674.json', '/tmp/minio_downloads/1768094686.json', '/tmp/minio_downloads/1768094698.json', '/tmp/minio_downloads/1768094707.json', '/tmp/minio_downloads/1768094291.json', '/tmp/minio_downloads/1768094303.json', '/tmp/minio_downloads/1768094314.json', '/tmp/minio_downloads/1768094324.json', '/tmp/minio_downloads/1768094337.json', '/tmp/minio_downloads/1768094347.json', '/tmp/minio_downloads/1768094357.json', '/tmp/minio_downloads/1768094426.json', '/tmp/minio_downloads/1768094436.json', '/tmp/minio_downloads/1768094446.json', '/tmp/minio_downloads/1768094457.json', '/tmp/minio_downloads/1768094469.json', '/tmp/minio_downloads/1768094480.json', '/tmp/minio_downloads/1768094490.json', '/tmp/minio_downloads/1768094502.json', '/tmp/minio_downloads/1768094514.json', '/tmp/minio_downloads/1768094526.json', '/tmp/minio_downloads/1768094538.json', '/tmp/minio_downloads/1768094549.json', '/tmp/minio_downloads/1768094560.json', '/tmp/minio_downloads/1768094572.json', '/tmp/minio_downloads/1768094583.json', '/tmp/minio_downloads/1768094594.json', '/tmp/minio_downloads/1768094606.json', '/tmp/minio_downloads/1768094618.json', '/tmp/minio_downloads/1768094629.json', '/tmp/minio_downloads/1768094639.json', '/tmp/minio_downloads/1768094650.json', '/tmp/minio_downloads/1768094661.json', '/tmp/minio_downloads/1768094673.json', '/tmp/minio_downloads/1768094685.json', '/tmp/minio_downloads/1768094696.json', '/tmp/minio_downloads/1768094707.json', '/tmp/minio_downloads/1768094289.json', '/tmp/minio_downloads/1768094300.json', '/tmp/minio_downloads/1768094312.json', '/tmp/minio_downloads/1768094322.json', '/tmp/minio_downloads/1768094334.json', '/tmp/minio_downloads/1768094346.json', '/tmp/minio_downloads/1768094355.json', '/tmp/minio_downloads/1768094365.json', '/tmp/minio_downloads/1768094425.json', '/tmp/minio_downloads/1768094435.json', '/tmp/minio_downloads/1768094444.json', '/tmp/minio_downloads/1768094455.json', '/tmp/minio_downloads/1768094467.json', '/tmp/minio_downloads/1768094478.json', '/tmp/minio_downloads/1768094489.json', '/tmp/minio_downloads/1768094500.json', '/tmp/minio_downloads/1768094512.json', '/tmp/minio_downloads/1768094523.json', '/tmp/minio_downloads/1768094535.json', '/tmp/minio_downloads/1768094547.json', '/tmp/minio_downloads/1768094558.json', '/tmp/minio_downloads/1768094570.json', '/tmp/minio_downloads/1768094581.json', '/tmp/minio_downloads/1768094592.json', '/tmp/minio_downloads/1768094604.json', '/tmp/minio_downloads/1768094615.json', '/tmp/minio_downloads/1768094627.json', '/tmp/minio_downloads/1768094637.json', '/tmp/minio_downloads/1768094648.json', '/tmp/minio_downloads/1768094659.json', '/tmp/minio_downloads/1768094671.json', '/tmp/minio_downloads/1768094682.json', '/tmp/minio_downloads/1768094694.json', '/tmp/minio_downloads/1768094705.json', '/tmp/minio_downloads/1768094290.json', '/tmp/minio_downloads/1768094301.json', '/tmp/minio_downloads/1768094313.json', '/tmp/minio_downloads/1768094323.json', '/tmp/minio_downloads/1768094335.json', '/tmp/minio_downloads/1768094346.json', '/tmp/minio_downloads/1768094356.json', '/tmp/minio_downloads/1768094426.json', '/tmp/minio_downloads/1768094435.json', '/tmp/minio_downloads/1768094445.json', '/tmp/minio_downloads/1768094456.json', '/tmp/minio_downloads/1768094468.json', '/tmp/minio_downloads/1768094479.json', '/tmp/minio_downloads/1768094489.json', '/tmp/minio_downloads/1768094501.json', '/tmp/minio_downloads/1768094513.json', '/tmp/minio_downloads/1768094524.json', '/tmp/minio_downloads/1768094537.json', '/tmp/minio_downloads/1768094548.json', '/tmp/minio_downloads/1768094559.json', '/tmp/minio_downloads/1768094571.json', '/tmp/minio_downloads/1768094582.json', '/tmp/minio_downloads/1768094593.json', '/tmp/minio_downloads/1768094605.json', '/tmp/minio_downloads/1768094617.json', '/tmp/minio_downloads/1768094628.json', '/tmp/minio_downloads/1768094638.json', '/tmp/minio_downloads/1768094649.json', '/tmp/minio_downloads/1768094660.json', '/tmp/minio_downloads/1768094672.json', '/tmp/minio_downloads/1768094684.json', '/tmp/minio_downloads/1768094695.json', '/tmp/minio_downloads/1768094706.json']
[2026-01-11T02:08:58.487+0000] {taskinstance.py:441} INFO - ::group::Post task execution logs
[2026-01-11T02:08:58.523+0000] {taskinstance.py:1206} INFO - Marking task as SUCCESS. dag_id=minio_to_snowflake, task_id=download_minio, run_id=scheduled__2026-01-11T02:07:00+00:00, execution_date=20260111T020700, start_date=20260111T020855, end_date=20260111T020858
[2026-01-11T02:08:58.584+0000] {local_task_job_runner.py:243} INFO - Task exited with return code 0
[2026-01-11T02:08:58.621+0000] {taskinstance.py:3503} INFO - 1 downstream tasks scheduled from follow-on schedule check
[2026-01-11T02:08:58.625+0000] {local_task_job_runner.py:222} INFO - ::endgroup::
