[2026-01-10T00:56:57.419+0000] {local_task_job_runner.py:120} INFO - ::group::Pre task execution logs
[2026-01-10T00:56:57.570+0000] {taskinstance.py:2076} INFO - Dependencies all met for dep_context=non-requeueable deps ti=<TaskInstance: minio_to_snowflake.download_minio manual__2026-01-10T00:56:43.069804+00:00 [queued]>
[2026-01-10T00:56:57.597+0000] {taskinstance.py:2076} INFO - Dependencies all met for dep_context=requeueable deps ti=<TaskInstance: minio_to_snowflake.download_minio manual__2026-01-10T00:56:43.069804+00:00 [queued]>
[2026-01-10T00:56:57.600+0000] {taskinstance.py:2306} INFO - Starting attempt 1 of 2
[2026-01-10T00:56:57.638+0000] {taskinstance.py:2330} INFO - Executing <Task(PythonOperator): download_minio> on 2026-01-10 00:56:43.069804+00:00
[2026-01-10T00:56:57.686+0000] {standard_task_runner.py:90} INFO - Running: ['***', 'tasks', 'run', 'minio_to_snowflake', 'download_minio', 'manual__2026-01-10T00:56:43.069804+00:00', '--job-id', '3', '--raw', '--subdir', 'DAGS_FOLDER/minio_to_snowflake.py', '--cfg-path', '/tmp/tmp8f6ujdls']
[2026-01-10T00:56:57.702+0000] {standard_task_runner.py:91} INFO - Job 3: Subtask download_minio
[2026-01-10T00:56:57.703+0000] {logging_mixin.py:188} WARNING - /home/***/.local/lib/python3.12/site-packages/***/task/task_runner/standard_task_runner.py:62 DeprecationWarning: This process (pid=344) is multi-threaded, use of fork() may lead to deadlocks in the child.
[2026-01-10T00:56:57.706+0000] {standard_task_runner.py:64} INFO - Started process 371 to run task
[2026-01-10T00:56:57.913+0000] {task_command.py:426} INFO - Running <TaskInstance: minio_to_snowflake.download_minio manual__2026-01-10T00:56:43.069804+00:00 [running]> on host ec4c21923cef
[2026-01-10T00:56:58.486+0000] {taskinstance.py:2648} INFO - Exporting env vars: AIRFLOW_CTX_DAG_OWNER='***' AIRFLOW_CTX_DAG_ID='minio_to_snowflake' AIRFLOW_CTX_TASK_ID='download_minio' AIRFLOW_CTX_EXECUTION_DATE='2026-01-10T00:56:43.069804+00:00' AIRFLOW_CTX_TRY_NUMBER='1' AIRFLOW_CTX_DAG_RUN_ID='manual__2026-01-10T00:56:43.069804+00:00'
[2026-01-10T00:56:58.489+0000] {taskinstance.py:430} INFO - ::endgroup::
[2026-01-10T00:56:59.482+0000] {logging_mixin.py:188} INFO - Downloaded AAPL/1767994102.json -> /tmp/minio_downloads/1767994102.json
[2026-01-10T00:56:59.518+0000] {logging_mixin.py:188} INFO - Downloaded AAPL/1767994114.json -> /tmp/minio_downloads/1767994114.json
[2026-01-10T00:56:59.549+0000] {logging_mixin.py:188} INFO - Downloaded AAPL/1767994127.json -> /tmp/minio_downloads/1767994127.json
[2026-01-10T00:56:59.584+0000] {logging_mixin.py:188} INFO - Downloaded AAPL/1767994138.json -> /tmp/minio_downloads/1767994138.json
[2026-01-10T00:56:59.608+0000] {logging_mixin.py:188} INFO - Downloaded AAPL/1767994149.json -> /tmp/minio_downloads/1767994149.json
[2026-01-10T00:56:59.637+0000] {logging_mixin.py:188} INFO - Downloaded AAPL/1767994160.json -> /tmp/minio_downloads/1767994160.json
[2026-01-10T00:56:59.669+0000] {logging_mixin.py:188} INFO - Downloaded AAPL/1767994171.json -> /tmp/minio_downloads/1767994171.json
[2026-01-10T00:56:59.696+0000] {logging_mixin.py:188} INFO - Downloaded AAPL/1767994189.json -> /tmp/minio_downloads/1767994189.json
[2026-01-10T00:56:59.724+0000] {logging_mixin.py:188} INFO - Downloaded AAPL/1767994201.json -> /tmp/minio_downloads/1767994201.json
[2026-01-10T00:56:59.745+0000] {logging_mixin.py:188} INFO - Downloaded AAPL/1767994212.json -> /tmp/minio_downloads/1767994212.json
[2026-01-10T00:56:59.773+0000] {logging_mixin.py:188} INFO - Downloaded AAPL/1767994225.json -> /tmp/minio_downloads/1767994225.json
[2026-01-10T00:56:59.807+0000] {logging_mixin.py:188} INFO - Downloaded AAPL/1767994235.json -> /tmp/minio_downloads/1767994235.json
[2026-01-10T00:56:59.828+0000] {logging_mixin.py:188} INFO - Downloaded AAPL/1767994246.json -> /tmp/minio_downloads/1767994246.json
[2026-01-10T00:56:59.847+0000] {logging_mixin.py:188} INFO - Downloaded AAPL/1767994258.json -> /tmp/minio_downloads/1767994258.json
[2026-01-10T00:56:59.886+0000] {logging_mixin.py:188} INFO - Downloaded AAPL/1767994270.json -> /tmp/minio_downloads/1767994270.json
[2026-01-10T00:56:59.919+0000] {logging_mixin.py:188} INFO - Downloaded AAPL/1767994281.json -> /tmp/minio_downloads/1767994281.json
[2026-01-10T00:56:59.954+0000] {logging_mixin.py:188} INFO - Downloaded AAPL/1767997418.json -> /tmp/minio_downloads/1767997418.json
[2026-01-10T00:56:59.988+0000] {logging_mixin.py:188} INFO - Downloaded AAPL/1767997428.json -> /tmp/minio_downloads/1767997428.json
[2026-01-10T00:57:00.042+0000] {logging_mixin.py:188} INFO - Downloaded AAPL/1767997440.json -> /tmp/minio_downloads/1767997440.json
[2026-01-10T00:57:00.069+0000] {logging_mixin.py:188} INFO - Downloaded AAPL/1767997450.json -> /tmp/minio_downloads/1767997450.json
[2026-01-10T00:57:00.092+0000] {logging_mixin.py:188} INFO - Downloaded AAPL/1767997461.json -> /tmp/minio_downloads/1767997461.json
[2026-01-10T00:57:00.114+0000] {logging_mixin.py:188} INFO - Downloaded AAPL/1767997471.json -> /tmp/minio_downloads/1767997471.json
[2026-01-10T00:57:00.146+0000] {logging_mixin.py:188} INFO - Downloaded AAPL/1767997482.json -> /tmp/minio_downloads/1767997482.json
[2026-01-10T00:57:00.168+0000] {logging_mixin.py:188} INFO - Downloaded AAPL/1767997492.json -> /tmp/minio_downloads/1767997492.json
[2026-01-10T00:57:00.190+0000] {logging_mixin.py:188} INFO - Downloaded AAPL/1768000525.json -> /tmp/minio_downloads/1768000525.json
[2026-01-10T00:57:00.212+0000] {logging_mixin.py:188} INFO - Downloaded AAPL/1768000535.json -> /tmp/minio_downloads/1768000535.json
[2026-01-10T00:57:00.243+0000] {logging_mixin.py:188} INFO - Downloaded AAPL/1768000546.json -> /tmp/minio_downloads/1768000546.json
[2026-01-10T00:57:00.312+0000] {logging_mixin.py:188} INFO - Downloaded AAPL/1768000556.json -> /tmp/minio_downloads/1768000556.json
[2026-01-10T00:57:00.352+0000] {logging_mixin.py:188} INFO - Downloaded AAPL/1768000567.json -> /tmp/minio_downloads/1768000567.json
[2026-01-10T00:57:00.394+0000] {logging_mixin.py:188} INFO - Downloaded AAPL/1768000579.json -> /tmp/minio_downloads/1768000579.json
[2026-01-10T00:57:00.431+0000] {logging_mixin.py:188} INFO - Downloaded AAPL/1768000592.json -> /tmp/minio_downloads/1768000592.json
[2026-01-10T00:57:00.480+0000] {logging_mixin.py:188} INFO - Downloaded AAPL/1768000604.json -> /tmp/minio_downloads/1768000604.json
[2026-01-10T00:57:00.517+0000] {logging_mixin.py:188} INFO - Downloaded AAPL/1768000616.json -> /tmp/minio_downloads/1768000616.json
[2026-01-10T00:57:00.583+0000] {logging_mixin.py:188} INFO - Downloaded AAPL/1768000631.json -> /tmp/minio_downloads/1768000631.json
[2026-01-10T00:57:00.615+0000] {logging_mixin.py:188} INFO - Downloaded AAPL/1768000644.json -> /tmp/minio_downloads/1768000644.json
[2026-01-10T00:57:00.659+0000] {logging_mixin.py:188} INFO - Downloaded AAPL/1768000655.json -> /tmp/minio_downloads/1768000655.json
[2026-01-10T00:57:00.709+0000] {logging_mixin.py:188} INFO - Downloaded AAPL/1768000666.json -> /tmp/minio_downloads/1768000666.json
[2026-01-10T00:57:00.744+0000] {logging_mixin.py:188} INFO - Downloaded AAPL/1768000677.json -> /tmp/minio_downloads/1768000677.json
[2026-01-10T00:57:00.772+0000] {logging_mixin.py:188} INFO - Downloaded AAPL/1768000688.json -> /tmp/minio_downloads/1768000688.json
[2026-01-10T00:57:00.796+0000] {logging_mixin.py:188} INFO - Downloaded AAPL/1768000698.json -> /tmp/minio_downloads/1768000698.json
[2026-01-10T00:57:00.824+0000] {logging_mixin.py:188} INFO - Downloaded AAPL/1768000710.json -> /tmp/minio_downloads/1768000710.json
[2026-01-10T00:57:00.841+0000] {logging_mixin.py:188} INFO - Downloaded AAPL/1768000720.json -> /tmp/minio_downloads/1768000720.json
[2026-01-10T00:57:00.865+0000] {logging_mixin.py:188} INFO - Downloaded AAPL/1768000731.json -> /tmp/minio_downloads/1768000731.json
[2026-01-10T00:57:00.879+0000] {logging_mixin.py:188} INFO - Downloaded AAPL/1768000742.json -> /tmp/minio_downloads/1768000742.json
[2026-01-10T00:57:00.898+0000] {logging_mixin.py:188} INFO - Downloaded AAPL/1768000753.json -> /tmp/minio_downloads/1768000753.json
[2026-01-10T00:57:00.915+0000] {logging_mixin.py:188} INFO - Downloaded AAPL/1768000764.json -> /tmp/minio_downloads/1768000764.json
[2026-01-10T00:57:00.933+0000] {logging_mixin.py:188} INFO - Downloaded AAPL/1768000776.json -> /tmp/minio_downloads/1768000776.json
[2026-01-10T00:57:00.952+0000] {logging_mixin.py:188} INFO - Downloaded AAPL/1768000787.json -> /tmp/minio_downloads/1768000787.json
[2026-01-10T00:57:00.972+0000] {logging_mixin.py:188} INFO - Downloaded AAPL/1768000797.json -> /tmp/minio_downloads/1768000797.json
[2026-01-10T00:57:00.998+0000] {logging_mixin.py:188} INFO - Downloaded AAPL/1768000808.json -> /tmp/minio_downloads/1768000808.json
[2026-01-10T00:57:01.039+0000] {logging_mixin.py:188} INFO - Downloaded AAPL/1768000819.json -> /tmp/minio_downloads/1768000819.json
[2026-01-10T00:57:01.073+0000] {logging_mixin.py:188} INFO - Downloaded AAPL/1768000831.json -> /tmp/minio_downloads/1768000831.json
[2026-01-10T00:57:01.105+0000] {logging_mixin.py:188} INFO - Downloaded AAPL/1768000843.json -> /tmp/minio_downloads/1768000843.json
[2026-01-10T00:57:01.138+0000] {logging_mixin.py:188} INFO - Downloaded AAPL/1768000855.json -> /tmp/minio_downloads/1768000855.json
[2026-01-10T00:57:01.159+0000] {logging_mixin.py:188} INFO - Downloaded AAPL/1768000867.json -> /tmp/minio_downloads/1768000867.json
[2026-01-10T00:57:01.189+0000] {logging_mixin.py:188} INFO - Downloaded AAPL/1768000878.json -> /tmp/minio_downloads/1768000878.json
[2026-01-10T00:57:01.226+0000] {logging_mixin.py:188} INFO - Downloaded AAPL/1768000890.json -> /tmp/minio_downloads/1768000890.json
[2026-01-10T00:57:01.249+0000] {logging_mixin.py:188} INFO - Downloaded AAPL/1768000901.json -> /tmp/minio_downloads/1768000901.json
[2026-01-10T00:57:01.267+0000] {logging_mixin.py:188} INFO - Downloaded AAPL/1768000912.json -> /tmp/minio_downloads/1768000912.json
[2026-01-10T00:57:01.291+0000] {logging_mixin.py:188} INFO - Downloaded AAPL/1768000921.json -> /tmp/minio_downloads/1768000921.json
[2026-01-10T00:57:01.323+0000] {logging_mixin.py:188} INFO - Downloaded AAPL/1768000932.json -> /tmp/minio_downloads/1768000932.json
[2026-01-10T00:57:01.357+0000] {logging_mixin.py:188} INFO - Downloaded AAPL/1768000942.json -> /tmp/minio_downloads/1768000942.json
[2026-01-10T00:57:01.399+0000] {logging_mixin.py:188} INFO - Downloaded AAPL/1768000953.json -> /tmp/minio_downloads/1768000953.json
[2026-01-10T00:57:01.436+0000] {logging_mixin.py:188} INFO - Downloaded AAPL/1768001779.json -> /tmp/minio_downloads/1768001779.json
[2026-01-10T00:57:01.459+0000] {logging_mixin.py:188} INFO - Downloaded AAPL/1768001791.json -> /tmp/minio_downloads/1768001791.json
[2026-01-10T00:57:01.485+0000] {logging_mixin.py:188} INFO - Downloaded AAPL/1768001803.json -> /tmp/minio_downloads/1768001803.json
[2026-01-10T00:57:01.506+0000] {logging_mixin.py:188} INFO - Downloaded AAPL/1768001813.json -> /tmp/minio_downloads/1768001813.json
[2026-01-10T00:57:01.538+0000] {logging_mixin.py:188} INFO - Downloaded AAPL/1768001825.json -> /tmp/minio_downloads/1768001825.json
[2026-01-10T00:57:01.603+0000] {logging_mixin.py:188} INFO - Downloaded AAPL/1768001837.json -> /tmp/minio_downloads/1768001837.json
[2026-01-10T00:57:01.625+0000] {logging_mixin.py:188} INFO - Downloaded AAPL/1768001849.json -> /tmp/minio_downloads/1768001849.json
[2026-01-10T00:57:01.656+0000] {logging_mixin.py:188} INFO - Downloaded AAPL/1768001859.json -> /tmp/minio_downloads/1768001859.json
[2026-01-10T00:57:01.686+0000] {logging_mixin.py:188} INFO - Downloaded AAPL/1768001868.json -> /tmp/minio_downloads/1768001868.json
[2026-01-10T00:57:01.756+0000] {logging_mixin.py:188} INFO - Downloaded AAPL/1768002255.json -> /tmp/minio_downloads/1768002255.json
[2026-01-10T00:57:01.813+0000] {logging_mixin.py:188} INFO - Downloaded AAPL/1768002265.json -> /tmp/minio_downloads/1768002265.json
[2026-01-10T00:57:01.853+0000] {logging_mixin.py:188} INFO - Downloaded AAPL/1768002275.json -> /tmp/minio_downloads/1768002275.json
[2026-01-10T00:57:01.898+0000] {logging_mixin.py:188} INFO - Downloaded AAPL/1768002285.json -> /tmp/minio_downloads/1768002285.json
[2026-01-10T00:57:01.951+0000] {logging_mixin.py:188} INFO - Downloaded AAPL/1768002294.json -> /tmp/minio_downloads/1768002294.json
[2026-01-10T00:57:01.991+0000] {logging_mixin.py:188} INFO - Downloaded AAPL/1768002304.json -> /tmp/minio_downloads/1768002304.json
[2026-01-10T00:57:02.038+0000] {logging_mixin.py:188} INFO - Downloaded AAPL/1768002313.json -> /tmp/minio_downloads/1768002313.json
[2026-01-10T00:57:02.086+0000] {logging_mixin.py:188} INFO - Downloaded AAPL/1768002323.json -> /tmp/minio_downloads/1768002323.json
[2026-01-10T00:57:02.126+0000] {logging_mixin.py:188} INFO - Downloaded AAPL/1768002333.json -> /tmp/minio_downloads/1768002333.json
[2026-01-10T00:57:02.201+0000] {logging_mixin.py:188} INFO - Downloaded AAPL/1768002343.json -> /tmp/minio_downloads/1768002343.json
[2026-01-10T00:57:02.245+0000] {logging_mixin.py:188} INFO - Downloaded AAPL/1768002355.json -> /tmp/minio_downloads/1768002355.json
[2026-01-10T00:57:02.296+0000] {logging_mixin.py:188} INFO - Downloaded AAPL/1768002366.json -> /tmp/minio_downloads/1768002366.json
[2026-01-10T00:57:02.366+0000] {logging_mixin.py:188} INFO - Downloaded AAPL/1768002377.json -> /tmp/minio_downloads/1768002377.json
[2026-01-10T00:57:02.467+0000] {logging_mixin.py:188} INFO - Downloaded AAPL/1768002388.json -> /tmp/minio_downloads/1768002388.json
[2026-01-10T00:57:02.522+0000] {logging_mixin.py:188} INFO - Downloaded AAPL/1768002399.json -> /tmp/minio_downloads/1768002399.json
[2026-01-10T00:57:02.592+0000] {logging_mixin.py:188} INFO - Downloaded AAPL/1768002410.json -> /tmp/minio_downloads/1768002410.json
[2026-01-10T00:57:02.661+0000] {logging_mixin.py:188} INFO - Downloaded AAPL/1768002420.json -> /tmp/minio_downloads/1768002420.json
[2026-01-10T00:57:02.719+0000] {logging_mixin.py:188} INFO - Downloaded AAPL/1768002432.json -> /tmp/minio_downloads/1768002432.json
[2026-01-10T00:57:02.780+0000] {logging_mixin.py:188} INFO - Downloaded AAPL/1768002443.json -> /tmp/minio_downloads/1768002443.json
[2026-01-10T00:57:02.844+0000] {logging_mixin.py:188} INFO - Downloaded AAPL/1768002455.json -> /tmp/minio_downloads/1768002455.json
[2026-01-10T00:57:02.905+0000] {logging_mixin.py:188} INFO - Downloaded AMZN/1767994107.json -> /tmp/minio_downloads/1767994107.json
[2026-01-10T00:57:02.968+0000] {logging_mixin.py:188} INFO - Downloaded AMZN/1767994120.json -> /tmp/minio_downloads/1767994120.json
[2026-01-10T00:57:03.029+0000] {logging_mixin.py:188} INFO - Downloaded AMZN/1767994132.json -> /tmp/minio_downloads/1767994132.json
[2026-01-10T00:57:03.126+0000] {logging_mixin.py:188} INFO - Downloaded AMZN/1767994142.json -> /tmp/minio_downloads/1767994142.json
[2026-01-10T00:57:03.180+0000] {logging_mixin.py:188} INFO - Downloaded AMZN/1767994153.json -> /tmp/minio_downloads/1767994153.json
[2026-01-10T00:57:03.217+0000] {logging_mixin.py:188} INFO - Downloaded AMZN/1767994164.json -> /tmp/minio_downloads/1767994164.json
[2026-01-10T00:57:03.254+0000] {logging_mixin.py:188} INFO - Downloaded AMZN/1767994182.json -> /tmp/minio_downloads/1767994182.json
[2026-01-10T00:57:03.296+0000] {logging_mixin.py:188} INFO - Downloaded AMZN/1767994193.json -> /tmp/minio_downloads/1767994193.json
[2026-01-10T00:57:03.339+0000] {logging_mixin.py:188} INFO - Downloaded AMZN/1767994205.json -> /tmp/minio_downloads/1767994205.json
[2026-01-10T00:57:03.370+0000] {logging_mixin.py:188} INFO - Downloaded AMZN/1767994216.json -> /tmp/minio_downloads/1767994216.json
[2026-01-10T00:57:03.421+0000] {logging_mixin.py:188} INFO - Downloaded AMZN/1767994228.json -> /tmp/minio_downloads/1767994228.json
[2026-01-10T00:57:03.456+0000] {logging_mixin.py:188} INFO - Downloaded AMZN/1767994240.json -> /tmp/minio_downloads/1767994240.json
[2026-01-10T00:57:03.490+0000] {logging_mixin.py:188} INFO - Downloaded AMZN/1767994250.json -> /tmp/minio_downloads/1767994250.json
[2026-01-10T00:57:03.533+0000] {logging_mixin.py:188} INFO - Downloaded AMZN/1767994263.json -> /tmp/minio_downloads/1767994263.json
[2026-01-10T00:57:03.568+0000] {logging_mixin.py:188} INFO - Downloaded AMZN/1767994274.json -> /tmp/minio_downloads/1767994274.json
[2026-01-10T00:57:03.617+0000] {logging_mixin.py:188} INFO - Downloaded AMZN/1767997421.json -> /tmp/minio_downloads/1767997421.json
[2026-01-10T00:57:03.669+0000] {logging_mixin.py:188} INFO - Downloaded AMZN/1767997432.json -> /tmp/minio_downloads/1767997432.json
[2026-01-10T00:57:03.711+0000] {logging_mixin.py:188} INFO - Downloaded AMZN/1767997443.json -> /tmp/minio_downloads/1767997443.json
[2026-01-10T00:57:03.756+0000] {logging_mixin.py:188} INFO - Downloaded AMZN/1767997454.json -> /tmp/minio_downloads/1767997454.json
[2026-01-10T00:57:03.788+0000] {logging_mixin.py:188} INFO - Downloaded AMZN/1767997465.json -> /tmp/minio_downloads/1767997465.json
[2026-01-10T00:57:03.819+0000] {logging_mixin.py:188} INFO - Downloaded AMZN/1767997474.json -> /tmp/minio_downloads/1767997474.json
[2026-01-10T00:57:03.868+0000] {logging_mixin.py:188} INFO - Downloaded AMZN/1767997485.json -> /tmp/minio_downloads/1767997485.json
[2026-01-10T00:57:03.899+0000] {logging_mixin.py:188} INFO - Downloaded AMZN/1767997494.json -> /tmp/minio_downloads/1767997494.json
[2026-01-10T00:57:03.954+0000] {logging_mixin.py:188} INFO - Downloaded AMZN/1768000528.json -> /tmp/minio_downloads/1768000528.json
[2026-01-10T00:57:04.043+0000] {logging_mixin.py:188} INFO - Downloaded AMZN/1768000539.json -> /tmp/minio_downloads/1768000539.json
[2026-01-10T00:57:04.093+0000] {logging_mixin.py:188} INFO - Downloaded AMZN/1768000549.json -> /tmp/minio_downloads/1768000549.json
[2026-01-10T00:57:04.127+0000] {logging_mixin.py:188} INFO - Downloaded AMZN/1768000559.json -> /tmp/minio_downloads/1768000559.json
[2026-01-10T00:57:04.157+0000] {logging_mixin.py:188} INFO - Downloaded AMZN/1768000572.json -> /tmp/minio_downloads/1768000572.json
[2026-01-10T00:57:04.184+0000] {logging_mixin.py:188} INFO - Downloaded AMZN/1768000585.json -> /tmp/minio_downloads/1768000585.json
[2026-01-10T00:57:04.216+0000] {logging_mixin.py:188} INFO - Downloaded AMZN/1768000597.json -> /tmp/minio_downloads/1768000597.json
[2026-01-10T00:57:04.253+0000] {logging_mixin.py:188} INFO - Downloaded AMZN/1768000609.json -> /tmp/minio_downloads/1768000609.json
[2026-01-10T00:57:04.294+0000] {logging_mixin.py:188} INFO - Downloaded AMZN/1768000623.json -> /tmp/minio_downloads/1768000623.json
[2026-01-10T00:57:04.340+0000] {logging_mixin.py:188} INFO - Downloaded AMZN/1768000637.json -> /tmp/minio_downloads/1768000637.json
[2026-01-10T00:57:04.376+0000] {logging_mixin.py:188} INFO - Downloaded AMZN/1768000648.json -> /tmp/minio_downloads/1768000648.json
[2026-01-10T00:57:04.405+0000] {logging_mixin.py:188} INFO - Downloaded AMZN/1768000659.json -> /tmp/minio_downloads/1768000659.json
[2026-01-10T00:57:04.427+0000] {logging_mixin.py:188} INFO - Downloaded AMZN/1768000670.json -> /tmp/minio_downloads/1768000670.json
[2026-01-10T00:57:04.444+0000] {logging_mixin.py:188} INFO - Downloaded AMZN/1768000681.json -> /tmp/minio_downloads/1768000681.json
[2026-01-10T00:57:04.464+0000] {logging_mixin.py:188} INFO - Downloaded AMZN/1768000692.json -> /tmp/minio_downloads/1768000692.json
[2026-01-10T00:57:04.487+0000] {logging_mixin.py:188} INFO - Downloaded AMZN/1768000703.json -> /tmp/minio_downloads/1768000703.json
[2026-01-10T00:57:04.518+0000] {logging_mixin.py:188} INFO - Downloaded AMZN/1768000714.json -> /tmp/minio_downloads/1768000714.json
[2026-01-10T00:57:04.546+0000] {logging_mixin.py:188} INFO - Downloaded AMZN/1768000724.json -> /tmp/minio_downloads/1768000724.json
[2026-01-10T00:57:04.581+0000] {logging_mixin.py:188} INFO - Downloaded AMZN/1768000735.json -> /tmp/minio_downloads/1768000735.json
[2026-01-10T00:57:04.620+0000] {logging_mixin.py:188} INFO - Downloaded AMZN/1768000746.json -> /tmp/minio_downloads/1768000746.json
[2026-01-10T00:57:04.653+0000] {logging_mixin.py:188} INFO - Downloaded AMZN/1768000757.json -> /tmp/minio_downloads/1768000757.json
[2026-01-10T00:57:04.689+0000] {logging_mixin.py:188} INFO - Downloaded AMZN/1768000768.json -> /tmp/minio_downloads/1768000768.json
[2026-01-10T00:57:04.718+0000] {logging_mixin.py:188} INFO - Downloaded AMZN/1768000780.json -> /tmp/minio_downloads/1768000780.json
[2026-01-10T00:57:04.757+0000] {logging_mixin.py:188} INFO - Downloaded AMZN/1768000791.json -> /tmp/minio_downloads/1768000791.json
[2026-01-10T00:57:04.793+0000] {logging_mixin.py:188} INFO - Downloaded AMZN/1768000801.json -> /tmp/minio_downloads/1768000801.json
[2026-01-10T00:57:04.815+0000] {logging_mixin.py:188} INFO - Downloaded AMZN/1768000812.json -> /tmp/minio_downloads/1768000812.json
[2026-01-10T00:57:04.832+0000] {logging_mixin.py:188} INFO - Downloaded AMZN/1768000824.json -> /tmp/minio_downloads/1768000824.json
[2026-01-10T00:57:04.855+0000] {logging_mixin.py:188} INFO - Downloaded AMZN/1768000836.json -> /tmp/minio_downloads/1768000836.json
[2026-01-10T00:57:04.872+0000] {logging_mixin.py:188} INFO - Downloaded AMZN/1768000848.json -> /tmp/minio_downloads/1768000848.json
[2026-01-10T00:57:04.893+0000] {logging_mixin.py:188} INFO - Downloaded AMZN/1768000860.json -> /tmp/minio_downloads/1768000860.json
[2026-01-10T00:57:04.915+0000] {logging_mixin.py:188} INFO - Downloaded AMZN/1768000871.json -> /tmp/minio_downloads/1768000871.json
[2026-01-10T00:57:04.940+0000] {logging_mixin.py:188} INFO - Downloaded AMZN/1768000883.json -> /tmp/minio_downloads/1768000883.json
[2026-01-10T00:57:04.965+0000] {logging_mixin.py:188} INFO - Downloaded AMZN/1768000894.json -> /tmp/minio_downloads/1768000894.json
[2026-01-10T00:57:04.999+0000] {logging_mixin.py:188} INFO - Downloaded AMZN/1768000905.json -> /tmp/minio_downloads/1768000905.json
[2026-01-10T00:57:05.086+0000] {logging_mixin.py:188} INFO - Downloaded AMZN/1768000914.json -> /tmp/minio_downloads/1768000914.json
[2026-01-10T00:57:05.174+0000] {logging_mixin.py:188} INFO - Downloaded AMZN/1768000925.json -> /tmp/minio_downloads/1768000925.json
[2026-01-10T00:57:05.214+0000] {logging_mixin.py:188} INFO - Downloaded AMZN/1768000935.json -> /tmp/minio_downloads/1768000935.json
[2026-01-10T00:57:05.254+0000] {logging_mixin.py:188} INFO - Downloaded AMZN/1768000946.json -> /tmp/minio_downloads/1768000946.json
[2026-01-10T00:57:05.299+0000] {logging_mixin.py:188} INFO - Downloaded AMZN/1768000957.json -> /tmp/minio_downloads/1768000957.json
[2026-01-10T00:57:05.343+0000] {logging_mixin.py:188} INFO - Downloaded AMZN/1768001784.json -> /tmp/minio_downloads/1768001784.json
[2026-01-10T00:57:05.368+0000] {logging_mixin.py:188} INFO - Downloaded AMZN/1768001796.json -> /tmp/minio_downloads/1768001796.json
[2026-01-10T00:57:05.399+0000] {logging_mixin.py:188} INFO - Downloaded AMZN/1768001806.json -> /tmp/minio_downloads/1768001806.json
[2026-01-10T00:57:05.434+0000] {logging_mixin.py:188} INFO - Downloaded AMZN/1768001818.json -> /tmp/minio_downloads/1768001818.json
[2026-01-10T00:57:05.461+0000] {logging_mixin.py:188} INFO - Downloaded AMZN/1768001830.json -> /tmp/minio_downloads/1768001830.json
[2026-01-10T00:57:05.495+0000] {logging_mixin.py:188} INFO - Downloaded AMZN/1768001842.json -> /tmp/minio_downloads/1768001842.json
[2026-01-10T00:57:05.530+0000] {logging_mixin.py:188} INFO - Downloaded AMZN/1768001852.json -> /tmp/minio_downloads/1768001852.json
[2026-01-10T00:57:05.561+0000] {logging_mixin.py:188} INFO - Downloaded AMZN/1768001862.json -> /tmp/minio_downloads/1768001862.json
[2026-01-10T00:57:05.587+0000] {logging_mixin.py:188} INFO - Downloaded AMZN/1768001871.json -> /tmp/minio_downloads/1768001871.json
[2026-01-10T00:57:05.608+0000] {logging_mixin.py:188} INFO - Downloaded AMZN/1768002259.json -> /tmp/minio_downloads/1768002259.json
[2026-01-10T00:57:05.631+0000] {logging_mixin.py:188} INFO - Downloaded AMZN/1768002268.json -> /tmp/minio_downloads/1768002268.json
[2026-01-10T00:57:05.656+0000] {logging_mixin.py:188} INFO - Downloaded AMZN/1768002278.json -> /tmp/minio_downloads/1768002278.json
[2026-01-10T00:57:05.679+0000] {logging_mixin.py:188} INFO - Downloaded AMZN/1768002287.json -> /tmp/minio_downloads/1768002287.json
[2026-01-10T00:57:05.711+0000] {logging_mixin.py:188} INFO - Downloaded AMZN/1768002297.json -> /tmp/minio_downloads/1768002297.json
[2026-01-10T00:57:05.738+0000] {logging_mixin.py:188} INFO - Downloaded AMZN/1768002306.json -> /tmp/minio_downloads/1768002306.json
[2026-01-10T00:57:05.766+0000] {logging_mixin.py:188} INFO - Downloaded AMZN/1768002316.json -> /tmp/minio_downloads/1768002316.json
[2026-01-10T00:57:05.795+0000] {logging_mixin.py:188} INFO - Downloaded AMZN/1768002326.json -> /tmp/minio_downloads/1768002326.json
[2026-01-10T00:57:05.830+0000] {logging_mixin.py:188} INFO - Downloaded AMZN/1768002336.json -> /tmp/minio_downloads/1768002336.json
[2026-01-10T00:57:05.873+0000] {logging_mixin.py:188} INFO - Downloaded AMZN/1768002347.json -> /tmp/minio_downloads/1768002347.json
[2026-01-10T00:57:05.915+0000] {logging_mixin.py:188} INFO - Downloaded AMZN/1768002359.json -> /tmp/minio_downloads/1768002359.json
[2026-01-10T00:57:05.946+0000] {logging_mixin.py:188} INFO - Downloaded AMZN/1768002371.json -> /tmp/minio_downloads/1768002371.json
[2026-01-10T00:57:05.971+0000] {logging_mixin.py:188} INFO - Downloaded AMZN/1768002381.json -> /tmp/minio_downloads/1768002381.json
[2026-01-10T00:57:05.991+0000] {logging_mixin.py:188} INFO - Downloaded AMZN/1768002392.json -> /tmp/minio_downloads/1768002392.json
[2026-01-10T00:57:06.013+0000] {logging_mixin.py:188} INFO - Downloaded AMZN/1768002403.json -> /tmp/minio_downloads/1768002403.json
[2026-01-10T00:57:06.039+0000] {logging_mixin.py:188} INFO - Downloaded AMZN/1768002413.json -> /tmp/minio_downloads/1768002413.json
[2026-01-10T00:57:06.069+0000] {logging_mixin.py:188} INFO - Downloaded AMZN/1768002425.json -> /tmp/minio_downloads/1768002425.json
[2026-01-10T00:57:06.103+0000] {logging_mixin.py:188} INFO - Downloaded AMZN/1768002436.json -> /tmp/minio_downloads/1768002436.json
[2026-01-10T00:57:06.129+0000] {logging_mixin.py:188} INFO - Downloaded AMZN/1768002448.json -> /tmp/minio_downloads/1768002448.json
[2026-01-10T00:57:06.153+0000] {logging_mixin.py:188} INFO - Downloaded AMZN/1768002459.json -> /tmp/minio_downloads/1768002459.json
[2026-01-10T00:57:06.178+0000] {logging_mixin.py:188} INFO - Downloaded GOOGL/1767994105.json -> /tmp/minio_downloads/1767994105.json
[2026-01-10T00:57:06.210+0000] {logging_mixin.py:188} INFO - Downloaded GOOGL/1767994117.json -> /tmp/minio_downloads/1767994117.json
[2026-01-10T00:57:06.237+0000] {logging_mixin.py:188} INFO - Downloaded GOOGL/1767994131.json -> /tmp/minio_downloads/1767994131.json
[2026-01-10T00:57:06.265+0000] {logging_mixin.py:188} INFO - Downloaded GOOGL/1767994141.json -> /tmp/minio_downloads/1767994141.json
[2026-01-10T00:57:06.287+0000] {logging_mixin.py:188} INFO - Downloaded GOOGL/1767994152.json -> /tmp/minio_downloads/1767994152.json
[2026-01-10T00:57:06.312+0000] {logging_mixin.py:188} INFO - Downloaded GOOGL/1767994163.json -> /tmp/minio_downloads/1767994163.json
[2026-01-10T00:57:06.340+0000] {logging_mixin.py:188} INFO - Downloaded GOOGL/1767994181.json -> /tmp/minio_downloads/1767994181.json
[2026-01-10T00:57:06.372+0000] {logging_mixin.py:188} INFO - Downloaded GOOGL/1767994192.json -> /tmp/minio_downloads/1767994192.json
[2026-01-10T00:57:06.400+0000] {logging_mixin.py:188} INFO - Downloaded GOOGL/1767994204.json -> /tmp/minio_downloads/1767994204.json
[2026-01-10T00:57:06.429+0000] {logging_mixin.py:188} INFO - Downloaded GOOGL/1767994215.json -> /tmp/minio_downloads/1767994215.json
[2026-01-10T00:57:06.453+0000] {logging_mixin.py:188} INFO - Downloaded GOOGL/1767994227.json -> /tmp/minio_downloads/1767994227.json
[2026-01-10T00:57:06.488+0000] {logging_mixin.py:188} INFO - Downloaded GOOGL/1767994239.json -> /tmp/minio_downloads/1767994239.json
[2026-01-10T00:57:06.525+0000] {logging_mixin.py:188} INFO - Downloaded GOOGL/1767994249.json -> /tmp/minio_downloads/1767994249.json
[2026-01-10T00:57:06.567+0000] {logging_mixin.py:188} INFO - Downloaded GOOGL/1767994261.json -> /tmp/minio_downloads/1767994261.json
[2026-01-10T00:57:06.597+0000] {logging_mixin.py:188} INFO - Downloaded GOOGL/1767994273.json -> /tmp/minio_downloads/1767994273.json
[2026-01-10T00:57:06.628+0000] {logging_mixin.py:188} INFO - Downloaded GOOGL/1767997420.json -> /tmp/minio_downloads/1767997420.json
[2026-01-10T00:57:06.654+0000] {logging_mixin.py:188} INFO - Downloaded GOOGL/1767997431.json -> /tmp/minio_downloads/1767997431.json
[2026-01-10T00:57:06.679+0000] {logging_mixin.py:188} INFO - Downloaded GOOGL/1767997442.json -> /tmp/minio_downloads/1767997442.json
[2026-01-10T00:57:06.711+0000] {logging_mixin.py:188} INFO - Downloaded GOOGL/1767997453.json -> /tmp/minio_downloads/1767997453.json
[2026-01-10T00:57:06.749+0000] {logging_mixin.py:188} INFO - Downloaded GOOGL/1767997464.json -> /tmp/minio_downloads/1767997464.json
[2026-01-10T00:57:06.775+0000] {logging_mixin.py:188} INFO - Downloaded GOOGL/1767997473.json -> /tmp/minio_downloads/1767997473.json
[2026-01-10T00:57:06.804+0000] {logging_mixin.py:188} INFO - Downloaded GOOGL/1767997484.json -> /tmp/minio_downloads/1767997484.json
[2026-01-10T00:57:06.837+0000] {logging_mixin.py:188} INFO - Downloaded GOOGL/1767997494.json -> /tmp/minio_downloads/1767997494.json
[2026-01-10T00:57:06.865+0000] {logging_mixin.py:188} INFO - Downloaded GOOGL/1768000527.json -> /tmp/minio_downloads/1768000527.json
[2026-01-10T00:57:06.889+0000] {logging_mixin.py:188} INFO - Downloaded GOOGL/1768000538.json -> /tmp/minio_downloads/1768000538.json
[2026-01-10T00:57:06.914+0000] {logging_mixin.py:188} INFO - Downloaded GOOGL/1768000548.json -> /tmp/minio_downloads/1768000548.json
[2026-01-10T00:57:06.938+0000] {logging_mixin.py:188} INFO - Downloaded GOOGL/1768000559.json -> /tmp/minio_downloads/1768000559.json
[2026-01-10T00:57:06.969+0000] {logging_mixin.py:188} INFO - Downloaded GOOGL/1768000570.json -> /tmp/minio_downloads/1768000570.json
[2026-01-10T00:57:06.997+0000] {logging_mixin.py:188} INFO - Downloaded GOOGL/1768000583.json -> /tmp/minio_downloads/1768000583.json
[2026-01-10T00:57:07.031+0000] {logging_mixin.py:188} INFO - Downloaded GOOGL/1768000596.json -> /tmp/minio_downloads/1768000596.json
[2026-01-10T00:57:07.064+0000] {logging_mixin.py:188} INFO - Downloaded GOOGL/1768000608.json -> /tmp/minio_downloads/1768000608.json
[2026-01-10T00:57:07.092+0000] {logging_mixin.py:188} INFO - Downloaded GOOGL/1768000622.json -> /tmp/minio_downloads/1768000622.json
[2026-01-10T00:57:07.116+0000] {logging_mixin.py:188} INFO - Downloaded GOOGL/1768000635.json -> /tmp/minio_downloads/1768000635.json
[2026-01-10T00:57:07.146+0000] {logging_mixin.py:188} INFO - Downloaded GOOGL/1768000647.json -> /tmp/minio_downloads/1768000647.json
[2026-01-10T00:57:07.173+0000] {logging_mixin.py:188} INFO - Downloaded GOOGL/1768000658.json -> /tmp/minio_downloads/1768000658.json
[2026-01-10T00:57:07.195+0000] {logging_mixin.py:188} INFO - Downloaded GOOGL/1768000669.json -> /tmp/minio_downloads/1768000669.json
[2026-01-10T00:57:07.228+0000] {logging_mixin.py:188} INFO - Downloaded GOOGL/1768000680.json -> /tmp/minio_downloads/1768000680.json
[2026-01-10T00:57:07.267+0000] {logging_mixin.py:188} INFO - Downloaded GOOGL/1768000691.json -> /tmp/minio_downloads/1768000691.json
[2026-01-10T00:57:07.285+0000] {logging_mixin.py:188} INFO - Downloaded GOOGL/1768000702.json -> /tmp/minio_downloads/1768000702.json
[2026-01-10T00:57:07.303+0000] {logging_mixin.py:188} INFO - Downloaded GOOGL/1768000713.json -> /tmp/minio_downloads/1768000713.json
[2026-01-10T00:57:07.321+0000] {logging_mixin.py:188} INFO - Downloaded GOOGL/1768000723.json -> /tmp/minio_downloads/1768000723.json
[2026-01-10T00:57:07.343+0000] {logging_mixin.py:188} INFO - Downloaded GOOGL/1768000734.json -> /tmp/minio_downloads/1768000734.json
[2026-01-10T00:57:07.362+0000] {logging_mixin.py:188} INFO - Downloaded GOOGL/1768000745.json -> /tmp/minio_downloads/1768000745.json
[2026-01-10T00:57:07.391+0000] {logging_mixin.py:188} INFO - Downloaded GOOGL/1768000756.json -> /tmp/minio_downloads/1768000756.json
[2026-01-10T00:57:07.430+0000] {logging_mixin.py:188} INFO - Downloaded GOOGL/1768000767.json -> /tmp/minio_downloads/1768000767.json
[2026-01-10T00:57:07.463+0000] {logging_mixin.py:188} INFO - Downloaded GOOGL/1768000779.json -> /tmp/minio_downloads/1768000779.json
[2026-01-10T00:57:07.510+0000] {logging_mixin.py:188} INFO - Downloaded GOOGL/1768000790.json -> /tmp/minio_downloads/1768000790.json
[2026-01-10T00:57:07.545+0000] {logging_mixin.py:188} INFO - Downloaded GOOGL/1768000800.json -> /tmp/minio_downloads/1768000800.json
[2026-01-10T00:57:07.573+0000] {logging_mixin.py:188} INFO - Downloaded GOOGL/1768000811.json -> /tmp/minio_downloads/1768000811.json
[2026-01-10T00:57:07.607+0000] {logging_mixin.py:188} INFO - Downloaded GOOGL/1768000823.json -> /tmp/minio_downloads/1768000823.json
[2026-01-10T00:57:07.637+0000] {logging_mixin.py:188} INFO - Downloaded GOOGL/1768000835.json -> /tmp/minio_downloads/1768000835.json
[2026-01-10T00:57:07.659+0000] {logging_mixin.py:188} INFO - Downloaded GOOGL/1768000847.json -> /tmp/minio_downloads/1768000847.json
[2026-01-10T00:57:07.686+0000] {logging_mixin.py:188} INFO - Downloaded GOOGL/1768000859.json -> /tmp/minio_downloads/1768000859.json
[2026-01-10T00:57:07.706+0000] {logging_mixin.py:188} INFO - Downloaded GOOGL/1768000870.json -> /tmp/minio_downloads/1768000870.json
[2026-01-10T00:57:07.726+0000] {logging_mixin.py:188} INFO - Downloaded GOOGL/1768000882.json -> /tmp/minio_downloads/1768000882.json
[2026-01-10T00:57:07.747+0000] {logging_mixin.py:188} INFO - Downloaded GOOGL/1768000893.json -> /tmp/minio_downloads/1768000893.json
[2026-01-10T00:57:07.766+0000] {logging_mixin.py:188} INFO - Downloaded GOOGL/1768000904.json -> /tmp/minio_downloads/1768000904.json
[2026-01-10T00:57:07.786+0000] {logging_mixin.py:188} INFO - Downloaded GOOGL/1768000914.json -> /tmp/minio_downloads/1768000914.json
[2026-01-10T00:57:07.810+0000] {logging_mixin.py:188} INFO - Downloaded GOOGL/1768000924.json -> /tmp/minio_downloads/1768000924.json
[2026-01-10T00:57:07.834+0000] {logging_mixin.py:188} INFO - Downloaded GOOGL/1768000934.json -> /tmp/minio_downloads/1768000934.json
[2026-01-10T00:57:07.853+0000] {logging_mixin.py:188} INFO - Downloaded GOOGL/1768000945.json -> /tmp/minio_downloads/1768000945.json
[2026-01-10T00:57:07.887+0000] {logging_mixin.py:188} INFO - Downloaded GOOGL/1768000956.json -> /tmp/minio_downloads/1768000956.json
[2026-01-10T00:57:07.929+0000] {logging_mixin.py:188} INFO - Downloaded GOOGL/1768001782.json -> /tmp/minio_downloads/1768001782.json
[2026-01-10T00:57:07.996+0000] {logging_mixin.py:188} INFO - Downloaded GOOGL/1768001795.json -> /tmp/minio_downloads/1768001795.json
[2026-01-10T00:57:08.041+0000] {logging_mixin.py:188} INFO - Downloaded GOOGL/1768001805.json -> /tmp/minio_downloads/1768001805.json
[2026-01-10T00:57:08.068+0000] {logging_mixin.py:188} INFO - Downloaded GOOGL/1768001817.json -> /tmp/minio_downloads/1768001817.json
[2026-01-10T00:57:08.108+0000] {logging_mixin.py:188} INFO - Downloaded GOOGL/1768001828.json -> /tmp/minio_downloads/1768001828.json
[2026-01-10T00:57:08.134+0000] {logging_mixin.py:188} INFO - Downloaded GOOGL/1768001841.json -> /tmp/minio_downloads/1768001841.json
[2026-01-10T00:57:08.205+0000] {logging_mixin.py:188} INFO - Downloaded GOOGL/1768001851.json -> /tmp/minio_downloads/1768001851.json
[2026-01-10T00:57:08.230+0000] {logging_mixin.py:188} INFO - Downloaded GOOGL/1768001861.json -> /tmp/minio_downloads/1768001861.json
[2026-01-10T00:57:08.265+0000] {logging_mixin.py:188} INFO - Downloaded GOOGL/1768001870.json -> /tmp/minio_downloads/1768001870.json
[2026-01-10T00:57:08.297+0000] {logging_mixin.py:188} INFO - Downloaded GOOGL/1768002257.json -> /tmp/minio_downloads/1768002257.json
[2026-01-10T00:57:08.324+0000] {logging_mixin.py:188} INFO - Downloaded GOOGL/1768002268.json -> /tmp/minio_downloads/1768002268.json
[2026-01-10T00:57:08.349+0000] {logging_mixin.py:188} INFO - Downloaded GOOGL/1768002277.json -> /tmp/minio_downloads/1768002277.json
[2026-01-10T00:57:08.369+0000] {logging_mixin.py:188} INFO - Downloaded GOOGL/1768002287.json -> /tmp/minio_downloads/1768002287.json
[2026-01-10T00:57:08.395+0000] {logging_mixin.py:188} INFO - Downloaded GOOGL/1768002296.json -> /tmp/minio_downloads/1768002296.json
[2026-01-10T00:57:08.435+0000] {logging_mixin.py:188} INFO - Downloaded GOOGL/1768002306.json -> /tmp/minio_downloads/1768002306.json
[2026-01-10T00:57:08.473+0000] {logging_mixin.py:188} INFO - Downloaded GOOGL/1768002315.json -> /tmp/minio_downloads/1768002315.json
[2026-01-10T00:57:08.507+0000] {logging_mixin.py:188} INFO - Downloaded GOOGL/1768002325.json -> /tmp/minio_downloads/1768002325.json
[2026-01-10T00:57:08.561+0000] {logging_mixin.py:188} INFO - Downloaded GOOGL/1768002335.json -> /tmp/minio_downloads/1768002335.json
[2026-01-10T00:57:08.593+0000] {logging_mixin.py:188} INFO - Downloaded GOOGL/1768002346.json -> /tmp/minio_downloads/1768002346.json
[2026-01-10T00:57:08.621+0000] {logging_mixin.py:188} INFO - Downloaded GOOGL/1768002358.json -> /tmp/minio_downloads/1768002358.json
[2026-01-10T00:57:08.655+0000] {logging_mixin.py:188} INFO - Downloaded GOOGL/1768002370.json -> /tmp/minio_downloads/1768002370.json
[2026-01-10T00:57:08.697+0000] {logging_mixin.py:188} INFO - Downloaded GOOGL/1768002380.json -> /tmp/minio_downloads/1768002380.json
[2026-01-10T00:57:08.785+0000] {logging_mixin.py:188} INFO - Downloaded GOOGL/1768002391.json -> /tmp/minio_downloads/1768002391.json
[2026-01-10T00:57:08.825+0000] {logging_mixin.py:188} INFO - Downloaded GOOGL/1768002402.json -> /tmp/minio_downloads/1768002402.json
[2026-01-10T00:57:08.883+0000] {logging_mixin.py:188} INFO - Downloaded GOOGL/1768002413.json -> /tmp/minio_downloads/1768002413.json
[2026-01-10T00:57:08.930+0000] {logging_mixin.py:188} INFO - Downloaded GOOGL/1768002424.json -> /tmp/minio_downloads/1768002424.json
[2026-01-10T00:57:08.959+0000] {logging_mixin.py:188} INFO - Downloaded GOOGL/1768002435.json -> /tmp/minio_downloads/1768002435.json
[2026-01-10T00:57:09.005+0000] {logging_mixin.py:188} INFO - Downloaded GOOGL/1768002447.json -> /tmp/minio_downloads/1768002447.json
[2026-01-10T00:57:09.053+0000] {logging_mixin.py:188} INFO - Downloaded GOOGL/1768002458.json -> /tmp/minio_downloads/1768002458.json
[2026-01-10T00:57:09.099+0000] {logging_mixin.py:188} INFO - Downloaded MSFT/1767994103.json -> /tmp/minio_downloads/1767994103.json
[2026-01-10T00:57:09.132+0000] {logging_mixin.py:188} INFO - Downloaded MSFT/1767994115.json -> /tmp/minio_downloads/1767994115.json
[2026-01-10T00:57:09.156+0000] {logging_mixin.py:188} INFO - Downloaded MSFT/1767994129.json -> /tmp/minio_downloads/1767994129.json
[2026-01-10T00:57:09.190+0000] {logging_mixin.py:188} INFO - Downloaded MSFT/1767994139.json -> /tmp/minio_downloads/1767994139.json
[2026-01-10T00:57:09.213+0000] {logging_mixin.py:188} INFO - Downloaded MSFT/1767994150.json -> /tmp/minio_downloads/1767994150.json
[2026-01-10T00:57:09.238+0000] {logging_mixin.py:188} INFO - Downloaded MSFT/1767994161.json -> /tmp/minio_downloads/1767994161.json
[2026-01-10T00:57:09.264+0000] {logging_mixin.py:188} INFO - Downloaded MSFT/1767994172.json -> /tmp/minio_downloads/1767994172.json
[2026-01-10T00:57:09.289+0000] {logging_mixin.py:188} INFO - Downloaded MSFT/1767994190.json -> /tmp/minio_downloads/1767994190.json
[2026-01-10T00:57:09.314+0000] {logging_mixin.py:188} INFO - Downloaded MSFT/1767994202.json -> /tmp/minio_downloads/1767994202.json
[2026-01-10T00:57:09.354+0000] {logging_mixin.py:188} INFO - Downloaded MSFT/1767994212.json -> /tmp/minio_downloads/1767994212.json
[2026-01-10T00:57:09.395+0000] {logging_mixin.py:188} INFO - Downloaded MSFT/1767994226.json -> /tmp/minio_downloads/1767994226.json
[2026-01-10T00:57:09.437+0000] {logging_mixin.py:188} INFO - Downloaded MSFT/1767994236.json -> /tmp/minio_downloads/1767994236.json
[2026-01-10T00:57:09.470+0000] {logging_mixin.py:188} INFO - Downloaded MSFT/1767994247.json -> /tmp/minio_downloads/1767994247.json
[2026-01-10T00:57:09.502+0000] {logging_mixin.py:188} INFO - Downloaded MSFT/1767994259.json -> /tmp/minio_downloads/1767994259.json
[2026-01-10T00:57:09.541+0000] {logging_mixin.py:188} INFO - Downloaded MSFT/1767994271.json -> /tmp/minio_downloads/1767994271.json
[2026-01-10T00:57:09.564+0000] {logging_mixin.py:188} INFO - Downloaded MSFT/1767997419.json -> /tmp/minio_downloads/1767997419.json
[2026-01-10T00:57:09.610+0000] {logging_mixin.py:188} INFO - Downloaded MSFT/1767997429.json -> /tmp/minio_downloads/1767997429.json
[2026-01-10T00:57:09.676+0000] {logging_mixin.py:188} INFO - Downloaded MSFT/1767997440.json -> /tmp/minio_downloads/1767997440.json
[2026-01-10T00:57:09.707+0000] {logging_mixin.py:188} INFO - Downloaded MSFT/1767997451.json -> /tmp/minio_downloads/1767997451.json
[2026-01-10T00:57:09.750+0000] {logging_mixin.py:188} INFO - Downloaded MSFT/1767997462.json -> /tmp/minio_downloads/1767997462.json
[2026-01-10T00:57:09.783+0000] {logging_mixin.py:188} INFO - Downloaded MSFT/1767997472.json -> /tmp/minio_downloads/1767997472.json
[2026-01-10T00:57:09.815+0000] {logging_mixin.py:188} INFO - Downloaded MSFT/1767997482.json -> /tmp/minio_downloads/1767997482.json
[2026-01-10T00:57:09.976+0000] {logging_mixin.py:188} INFO - Downloaded MSFT/1767997492.json -> /tmp/minio_downloads/1767997492.json
[2026-01-10T00:57:10.011+0000] {logging_mixin.py:188} INFO - Downloaded MSFT/1768000525.json -> /tmp/minio_downloads/1768000525.json
[2026-01-10T00:57:10.038+0000] {logging_mixin.py:188} INFO - Downloaded MSFT/1768000536.json -> /tmp/minio_downloads/1768000536.json
[2026-01-10T00:57:10.065+0000] {logging_mixin.py:188} INFO - Downloaded MSFT/1768000547.json -> /tmp/minio_downloads/1768000547.json
[2026-01-10T00:57:10.090+0000] {logging_mixin.py:188} INFO - Downloaded MSFT/1768000557.json -> /tmp/minio_downloads/1768000557.json
[2026-01-10T00:57:10.112+0000] {logging_mixin.py:188} INFO - Downloaded MSFT/1768000568.json -> /tmp/minio_downloads/1768000568.json
[2026-01-10T00:57:10.140+0000] {logging_mixin.py:188} INFO - Downloaded MSFT/1768000581.json -> /tmp/minio_downloads/1768000581.json
[2026-01-10T00:57:10.161+0000] {logging_mixin.py:188} INFO - Downloaded MSFT/1768000593.json -> /tmp/minio_downloads/1768000593.json
[2026-01-10T00:57:10.183+0000] {logging_mixin.py:188} INFO - Downloaded MSFT/1768000605.json -> /tmp/minio_downloads/1768000605.json
[2026-01-10T00:57:10.211+0000] {logging_mixin.py:188} INFO - Downloaded MSFT/1768000619.json -> /tmp/minio_downloads/1768000619.json
[2026-01-10T00:57:10.236+0000] {logging_mixin.py:188} INFO - Downloaded MSFT/1768000632.json -> /tmp/minio_downloads/1768000632.json
[2026-01-10T00:57:10.257+0000] {logging_mixin.py:188} INFO - Downloaded MSFT/1768000645.json -> /tmp/minio_downloads/1768000645.json
[2026-01-10T00:57:10.279+0000] {logging_mixin.py:188} INFO - Downloaded MSFT/1768000656.json -> /tmp/minio_downloads/1768000656.json
[2026-01-10T00:57:10.301+0000] {logging_mixin.py:188} INFO - Downloaded MSFT/1768000667.json -> /tmp/minio_downloads/1768000667.json
[2026-01-10T00:57:10.330+0000] {logging_mixin.py:188} INFO - Downloaded MSFT/1768000678.json -> /tmp/minio_downloads/1768000678.json
[2026-01-10T00:57:10.365+0000] {logging_mixin.py:188} INFO - Downloaded MSFT/1768000689.json -> /tmp/minio_downloads/1768000689.json
[2026-01-10T00:57:10.401+0000] {logging_mixin.py:188} INFO - Downloaded MSFT/1768000699.json -> /tmp/minio_downloads/1768000699.json
[2026-01-10T00:57:10.441+0000] {logging_mixin.py:188} INFO - Downloaded MSFT/1768000711.json -> /tmp/minio_downloads/1768000711.json
[2026-01-10T00:57:10.477+0000] {logging_mixin.py:188} INFO - Downloaded MSFT/1768000721.json -> /tmp/minio_downloads/1768000721.json
[2026-01-10T00:57:10.549+0000] {logging_mixin.py:188} INFO - Downloaded MSFT/1768000732.json -> /tmp/minio_downloads/1768000732.json
[2026-01-10T00:57:10.578+0000] {logging_mixin.py:188} INFO - Downloaded MSFT/1768000743.json -> /tmp/minio_downloads/1768000743.json
[2026-01-10T00:57:10.608+0000] {logging_mixin.py:188} INFO - Downloaded MSFT/1768000754.json -> /tmp/minio_downloads/1768000754.json
[2026-01-10T00:57:10.634+0000] {logging_mixin.py:188} INFO - Downloaded MSFT/1768000765.json -> /tmp/minio_downloads/1768000765.json
[2026-01-10T00:57:10.654+0000] {logging_mixin.py:188} INFO - Downloaded MSFT/1768000777.json -> /tmp/minio_downloads/1768000777.json
[2026-01-10T00:57:10.682+0000] {logging_mixin.py:188} INFO - Downloaded MSFT/1768000788.json -> /tmp/minio_downloads/1768000788.json
[2026-01-10T00:57:10.715+0000] {logging_mixin.py:188} INFO - Downloaded MSFT/1768000798.json -> /tmp/minio_downloads/1768000798.json
[2026-01-10T00:57:10.744+0000] {logging_mixin.py:188} INFO - Downloaded MSFT/1768000809.json -> /tmp/minio_downloads/1768000809.json
[2026-01-10T00:57:10.772+0000] {logging_mixin.py:188} INFO - Downloaded MSFT/1768000821.json -> /tmp/minio_downloads/1768000821.json
[2026-01-10T00:57:10.804+0000] {logging_mixin.py:188} INFO - Downloaded MSFT/1768000832.json -> /tmp/minio_downloads/1768000832.json
[2026-01-10T00:57:10.832+0000] {logging_mixin.py:188} INFO - Downloaded MSFT/1768000845.json -> /tmp/minio_downloads/1768000845.json
[2026-01-10T00:57:10.858+0000] {logging_mixin.py:188} INFO - Downloaded MSFT/1768000856.json -> /tmp/minio_downloads/1768000856.json
[2026-01-10T00:57:10.890+0000] {logging_mixin.py:188} INFO - Downloaded MSFT/1768000868.json -> /tmp/minio_downloads/1768000868.json
[2026-01-10T00:57:10.924+0000] {logging_mixin.py:188} INFO - Downloaded MSFT/1768000879.json -> /tmp/minio_downloads/1768000879.json
[2026-01-10T00:57:10.974+0000] {logging_mixin.py:188} INFO - Downloaded MSFT/1768000891.json -> /tmp/minio_downloads/1768000891.json
[2026-01-10T00:57:11.033+0000] {logging_mixin.py:188} INFO - Downloaded MSFT/1768000902.json -> /tmp/minio_downloads/1768000902.json
[2026-01-10T00:57:11.084+0000] {logging_mixin.py:188} INFO - Downloaded MSFT/1768000912.json -> /tmp/minio_downloads/1768000912.json
[2026-01-10T00:57:11.115+0000] {logging_mixin.py:188} INFO - Downloaded MSFT/1768000922.json -> /tmp/minio_downloads/1768000922.json
[2026-01-10T00:57:11.162+0000] {logging_mixin.py:188} INFO - Downloaded MSFT/1768000932.json -> /tmp/minio_downloads/1768000932.json
[2026-01-10T00:57:11.193+0000] {logging_mixin.py:188} INFO - Downloaded MSFT/1768000943.json -> /tmp/minio_downloads/1768000943.json
[2026-01-10T00:57:11.241+0000] {logging_mixin.py:188} INFO - Downloaded MSFT/1768000954.json -> /tmp/minio_downloads/1768000954.json
[2026-01-10T00:57:11.357+0000] {logging_mixin.py:188} INFO - Downloaded MSFT/1768001780.json -> /tmp/minio_downloads/1768001780.json
[2026-01-10T00:57:11.429+0000] {logging_mixin.py:188} INFO - Downloaded MSFT/1768001792.json -> /tmp/minio_downloads/1768001792.json
[2026-01-10T00:57:11.467+0000] {logging_mixin.py:188} INFO - Downloaded MSFT/1768001803.json -> /tmp/minio_downloads/1768001803.json
[2026-01-10T00:57:11.493+0000] {logging_mixin.py:188} INFO - Downloaded MSFT/1768001814.json -> /tmp/minio_downloads/1768001814.json
[2026-01-10T00:57:11.523+0000] {logging_mixin.py:188} INFO - Downloaded MSFT/1768001826.json -> /tmp/minio_downloads/1768001826.json
[2026-01-10T00:57:11.554+0000] {logging_mixin.py:188} INFO - Downloaded MSFT/1768001838.json -> /tmp/minio_downloads/1768001838.json
[2026-01-10T00:57:11.573+0000] {logging_mixin.py:188} INFO - Downloaded MSFT/1768001850.json -> /tmp/minio_downloads/1768001850.json
[2026-01-10T00:57:11.600+0000] {logging_mixin.py:188} INFO - Downloaded MSFT/1768001859.json -> /tmp/minio_downloads/1768001859.json
[2026-01-10T00:57:11.622+0000] {logging_mixin.py:188} INFO - Downloaded MSFT/1768001869.json -> /tmp/minio_downloads/1768001869.json
[2026-01-10T00:57:11.642+0000] {logging_mixin.py:188} INFO - Downloaded MSFT/1768002256.json -> /tmp/minio_downloads/1768002256.json
[2026-01-10T00:57:11.664+0000] {logging_mixin.py:188} INFO - Downloaded MSFT/1768002266.json -> /tmp/minio_downloads/1768002266.json
[2026-01-10T00:57:11.686+0000] {logging_mixin.py:188} INFO - Downloaded MSFT/1768002276.json -> /tmp/minio_downloads/1768002276.json
[2026-01-10T00:57:11.708+0000] {logging_mixin.py:188} INFO - Downloaded MSFT/1768002285.json -> /tmp/minio_downloads/1768002285.json
[2026-01-10T00:57:11.734+0000] {logging_mixin.py:188} INFO - Downloaded MSFT/1768002295.json -> /tmp/minio_downloads/1768002295.json
[2026-01-10T00:57:11.760+0000] {logging_mixin.py:188} INFO - Downloaded MSFT/1768002304.json -> /tmp/minio_downloads/1768002304.json
[2026-01-10T00:57:11.784+0000] {logging_mixin.py:188} INFO - Downloaded MSFT/1768002314.json -> /tmp/minio_downloads/1768002314.json
[2026-01-10T00:57:11.806+0000] {logging_mixin.py:188} INFO - Downloaded MSFT/1768002324.json -> /tmp/minio_downloads/1768002324.json
[2026-01-10T00:57:11.835+0000] {logging_mixin.py:188} INFO - Downloaded MSFT/1768002333.json -> /tmp/minio_downloads/1768002333.json
[2026-01-10T00:57:11.871+0000] {logging_mixin.py:188} INFO - Downloaded MSFT/1768002344.json -> /tmp/minio_downloads/1768002344.json
[2026-01-10T00:57:11.920+0000] {logging_mixin.py:188} INFO - Downloaded MSFT/1768002356.json -> /tmp/minio_downloads/1768002356.json
[2026-01-10T00:57:11.957+0000] {logging_mixin.py:188} INFO - Downloaded MSFT/1768002368.json -> /tmp/minio_downloads/1768002368.json
[2026-01-10T00:57:12.007+0000] {logging_mixin.py:188} INFO - Downloaded MSFT/1768002378.json -> /tmp/minio_downloads/1768002378.json
[2026-01-10T00:57:12.054+0000] {logging_mixin.py:188} INFO - Downloaded MSFT/1768002389.json -> /tmp/minio_downloads/1768002389.json
[2026-01-10T00:57:12.101+0000] {logging_mixin.py:188} INFO - Downloaded MSFT/1768002400.json -> /tmp/minio_downloads/1768002400.json
[2026-01-10T00:57:12.193+0000] {logging_mixin.py:188} INFO - Downloaded MSFT/1768002411.json -> /tmp/minio_downloads/1768002411.json
[2026-01-10T00:57:12.278+0000] {logging_mixin.py:188} INFO - Downloaded MSFT/1768002421.json -> /tmp/minio_downloads/1768002421.json
[2026-01-10T00:57:12.341+0000] {logging_mixin.py:188} INFO - Downloaded MSFT/1768002433.json -> /tmp/minio_downloads/1768002433.json
[2026-01-10T00:57:12.389+0000] {logging_mixin.py:188} INFO - Downloaded MSFT/1768002445.json -> /tmp/minio_downloads/1768002445.json
[2026-01-10T00:57:12.456+0000] {logging_mixin.py:188} INFO - Downloaded MSFT/1768002456.json -> /tmp/minio_downloads/1768002456.json
[2026-01-10T00:57:12.521+0000] {logging_mixin.py:188} INFO - Downloaded TSLA/1767994104.json -> /tmp/minio_downloads/1767994104.json
[2026-01-10T00:57:12.581+0000] {logging_mixin.py:188} INFO - Downloaded TSLA/1767994116.json -> /tmp/minio_downloads/1767994116.json
[2026-01-10T00:57:12.634+0000] {logging_mixin.py:188} INFO - Downloaded TSLA/1767994130.json -> /tmp/minio_downloads/1767994130.json
[2026-01-10T00:57:12.668+0000] {logging_mixin.py:188} INFO - Downloaded TSLA/1767994140.json -> /tmp/minio_downloads/1767994140.json
[2026-01-10T00:57:12.754+0000] {logging_mixin.py:188} INFO - Downloaded TSLA/1767994151.json -> /tmp/minio_downloads/1767994151.json
[2026-01-10T00:57:12.851+0000] {logging_mixin.py:188} INFO - Downloaded TSLA/1767994162.json -> /tmp/minio_downloads/1767994162.json
[2026-01-10T00:57:12.916+0000] {logging_mixin.py:188} INFO - Downloaded TSLA/1767994173.json -> /tmp/minio_downloads/1767994173.json
[2026-01-10T00:57:12.953+0000] {logging_mixin.py:188} INFO - Downloaded TSLA/1767994191.json -> /tmp/minio_downloads/1767994191.json
[2026-01-10T00:57:13.020+0000] {logging_mixin.py:188} INFO - Downloaded TSLA/1767994203.json -> /tmp/minio_downloads/1767994203.json
[2026-01-10T00:57:13.081+0000] {logging_mixin.py:188} INFO - Downloaded TSLA/1767994214.json -> /tmp/minio_downloads/1767994214.json
[2026-01-10T00:57:13.115+0000] {logging_mixin.py:188} INFO - Downloaded TSLA/1767994227.json -> /tmp/minio_downloads/1767994227.json
[2026-01-10T00:57:13.183+0000] {logging_mixin.py:188} INFO - Downloaded TSLA/1767994238.json -> /tmp/minio_downloads/1767994238.json
[2026-01-10T00:57:13.207+0000] {logging_mixin.py:188} INFO - Downloaded TSLA/1767994248.json -> /tmp/minio_downloads/1767994248.json
[2026-01-10T00:57:13.229+0000] {logging_mixin.py:188} INFO - Downloaded TSLA/1767994260.json -> /tmp/minio_downloads/1767994260.json
[2026-01-10T00:57:13.258+0000] {logging_mixin.py:188} INFO - Downloaded TSLA/1767994272.json -> /tmp/minio_downloads/1767994272.json
[2026-01-10T00:57:13.295+0000] {logging_mixin.py:188} INFO - Downloaded TSLA/1767997419.json -> /tmp/minio_downloads/1767997419.json
[2026-01-10T00:57:13.334+0000] {logging_mixin.py:188} INFO - Downloaded TSLA/1767997430.json -> /tmp/minio_downloads/1767997430.json
[2026-01-10T00:57:13.382+0000] {logging_mixin.py:188} INFO - Downloaded TSLA/1767997441.json -> /tmp/minio_downloads/1767997441.json
[2026-01-10T00:57:13.431+0000] {logging_mixin.py:188} INFO - Downloaded TSLA/1767997452.json -> /tmp/minio_downloads/1767997452.json
[2026-01-10T00:57:13.464+0000] {logging_mixin.py:188} INFO - Downloaded TSLA/1767997463.json -> /tmp/minio_downloads/1767997463.json
[2026-01-10T00:57:13.495+0000] {logging_mixin.py:188} INFO - Downloaded TSLA/1767997473.json -> /tmp/minio_downloads/1767997473.json
[2026-01-10T00:57:13.525+0000] {logging_mixin.py:188} INFO - Downloaded TSLA/1767997483.json -> /tmp/minio_downloads/1767997483.json
[2026-01-10T00:57:13.565+0000] {logging_mixin.py:188} INFO - Downloaded TSLA/1767997493.json -> /tmp/minio_downloads/1767997493.json
[2026-01-10T00:57:13.603+0000] {logging_mixin.py:188} INFO - Downloaded TSLA/1768000526.json -> /tmp/minio_downloads/1768000526.json
[2026-01-10T00:57:13.656+0000] {logging_mixin.py:188} INFO - Downloaded TSLA/1768000537.json -> /tmp/minio_downloads/1768000537.json
[2026-01-10T00:57:13.725+0000] {logging_mixin.py:188} INFO - Downloaded TSLA/1768000548.json -> /tmp/minio_downloads/1768000548.json
[2026-01-10T00:57:13.774+0000] {logging_mixin.py:188} INFO - Downloaded TSLA/1768000558.json -> /tmp/minio_downloads/1768000558.json
[2026-01-10T00:57:13.805+0000] {logging_mixin.py:188} INFO - Downloaded TSLA/1768000569.json -> /tmp/minio_downloads/1768000569.json
[2026-01-10T00:57:13.840+0000] {logging_mixin.py:188} INFO - Downloaded TSLA/1768000582.json -> /tmp/minio_downloads/1768000582.json
[2026-01-10T00:57:13.873+0000] {logging_mixin.py:188} INFO - Downloaded TSLA/1768000594.json -> /tmp/minio_downloads/1768000594.json
[2026-01-10T00:57:13.918+0000] {logging_mixin.py:188} INFO - Downloaded TSLA/1768000607.json -> /tmp/minio_downloads/1768000607.json
[2026-01-10T00:57:13.964+0000] {logging_mixin.py:188} INFO - Downloaded TSLA/1768000621.json -> /tmp/minio_downloads/1768000621.json
[2026-01-10T00:57:14.006+0000] {logging_mixin.py:188} INFO - Downloaded TSLA/1768000634.json -> /tmp/minio_downloads/1768000634.json
[2026-01-10T00:57:14.087+0000] {logging_mixin.py:188} INFO - Downloaded TSLA/1768000646.json -> /tmp/minio_downloads/1768000646.json
[2026-01-10T00:57:14.153+0000] {logging_mixin.py:188} INFO - Downloaded TSLA/1768000657.json -> /tmp/minio_downloads/1768000657.json
[2026-01-10T00:57:14.219+0000] {logging_mixin.py:188} INFO - Downloaded TSLA/1768000668.json -> /tmp/minio_downloads/1768000668.json
[2026-01-10T00:57:14.256+0000] {logging_mixin.py:188} INFO - Downloaded TSLA/1768000679.json -> /tmp/minio_downloads/1768000679.json
[2026-01-10T00:57:14.289+0000] {logging_mixin.py:188} INFO - Downloaded TSLA/1768000690.json -> /tmp/minio_downloads/1768000690.json
[2026-01-10T00:57:14.334+0000] {logging_mixin.py:188} INFO - Downloaded TSLA/1768000701.json -> /tmp/minio_downloads/1768000701.json
[2026-01-10T00:57:14.375+0000] {logging_mixin.py:188} INFO - Downloaded TSLA/1768000712.json -> /tmp/minio_downloads/1768000712.json
[2026-01-10T00:57:14.413+0000] {logging_mixin.py:188} INFO - Downloaded TSLA/1768000722.json -> /tmp/minio_downloads/1768000722.json
[2026-01-10T00:57:14.443+0000] {logging_mixin.py:188} INFO - Downloaded TSLA/1768000733.json -> /tmp/minio_downloads/1768000733.json
[2026-01-10T00:57:14.480+0000] {logging_mixin.py:188} INFO - Downloaded TSLA/1768000744.json -> /tmp/minio_downloads/1768000744.json
[2026-01-10T00:57:14.507+0000] {logging_mixin.py:188} INFO - Downloaded TSLA/1768000755.json -> /tmp/minio_downloads/1768000755.json
[2026-01-10T00:57:14.534+0000] {logging_mixin.py:188} INFO - Downloaded TSLA/1768000766.json -> /tmp/minio_downloads/1768000766.json
[2026-01-10T00:57:14.566+0000] {logging_mixin.py:188} INFO - Downloaded TSLA/1768000778.json -> /tmp/minio_downloads/1768000778.json
[2026-01-10T00:57:14.589+0000] {logging_mixin.py:188} INFO - Downloaded TSLA/1768000789.json -> /tmp/minio_downloads/1768000789.json
[2026-01-10T00:57:14.612+0000] {logging_mixin.py:188} INFO - Downloaded TSLA/1768000799.json -> /tmp/minio_downloads/1768000799.json
[2026-01-10T00:57:14.636+0000] {logging_mixin.py:188} INFO - Downloaded TSLA/1768000810.json -> /tmp/minio_downloads/1768000810.json
[2026-01-10T00:57:14.663+0000] {logging_mixin.py:188} INFO - Downloaded TSLA/1768000822.json -> /tmp/minio_downloads/1768000822.json
[2026-01-10T00:57:14.688+0000] {logging_mixin.py:188} INFO - Downloaded TSLA/1768000834.json -> /tmp/minio_downloads/1768000834.json
[2026-01-10T00:57:14.713+0000] {logging_mixin.py:188} INFO - Downloaded TSLA/1768000846.json -> /tmp/minio_downloads/1768000846.json
[2026-01-10T00:57:14.757+0000] {logging_mixin.py:188} INFO - Downloaded TSLA/1768000858.json -> /tmp/minio_downloads/1768000858.json
[2026-01-10T00:57:14.798+0000] {logging_mixin.py:188} INFO - Downloaded TSLA/1768000869.json -> /tmp/minio_downloads/1768000869.json
[2026-01-10T00:57:14.826+0000] {logging_mixin.py:188} INFO - Downloaded TSLA/1768000880.json -> /tmp/minio_downloads/1768000880.json
[2026-01-10T00:57:14.857+0000] {logging_mixin.py:188} INFO - Downloaded TSLA/1768000892.json -> /tmp/minio_downloads/1768000892.json
[2026-01-10T00:57:14.881+0000] {logging_mixin.py:188} INFO - Downloaded TSLA/1768000903.json -> /tmp/minio_downloads/1768000903.json
[2026-01-10T00:57:14.912+0000] {logging_mixin.py:188} INFO - Downloaded TSLA/1768000913.json -> /tmp/minio_downloads/1768000913.json
[2026-01-10T00:57:14.931+0000] {logging_mixin.py:188} INFO - Downloaded TSLA/1768000923.json -> /tmp/minio_downloads/1768000923.json
[2026-01-10T00:57:14.949+0000] {logging_mixin.py:188} INFO - Downloaded TSLA/1768000933.json -> /tmp/minio_downloads/1768000933.json
[2026-01-10T00:57:14.968+0000] {logging_mixin.py:188} INFO - Downloaded TSLA/1768000944.json -> /tmp/minio_downloads/1768000944.json
[2026-01-10T00:57:14.986+0000] {logging_mixin.py:188} INFO - Downloaded TSLA/1768000956.json -> /tmp/minio_downloads/1768000956.json
[2026-01-10T00:57:15.002+0000] {logging_mixin.py:188} INFO - Downloaded TSLA/1768001781.json -> /tmp/minio_downloads/1768001781.json
[2026-01-10T00:57:15.023+0000] {logging_mixin.py:188} INFO - Downloaded TSLA/1768001793.json -> /tmp/minio_downloads/1768001793.json
[2026-01-10T00:57:15.045+0000] {logging_mixin.py:188} INFO - Downloaded TSLA/1768001804.json -> /tmp/minio_downloads/1768001804.json
[2026-01-10T00:57:15.074+0000] {logging_mixin.py:188} INFO - Downloaded TSLA/1768001817.json -> /tmp/minio_downloads/1768001817.json
[2026-01-10T00:57:15.101+0000] {logging_mixin.py:188} INFO - Downloaded TSLA/1768001827.json -> /tmp/minio_downloads/1768001827.json
[2026-01-10T00:57:15.122+0000] {logging_mixin.py:188} INFO - Downloaded TSLA/1768001839.json -> /tmp/minio_downloads/1768001839.json
[2026-01-10T00:57:15.150+0000] {logging_mixin.py:188} INFO - Downloaded TSLA/1768001850.json -> /tmp/minio_downloads/1768001850.json
[2026-01-10T00:57:15.181+0000] {logging_mixin.py:188} INFO - Downloaded TSLA/1768001860.json -> /tmp/minio_downloads/1768001860.json
[2026-01-10T00:57:15.206+0000] {logging_mixin.py:188} INFO - Downloaded TSLA/1768001870.json -> /tmp/minio_downloads/1768001870.json
[2026-01-10T00:57:15.234+0000] {logging_mixin.py:188} INFO - Downloaded TSLA/1768002257.json -> /tmp/minio_downloads/1768002257.json
[2026-01-10T00:57:15.265+0000] {logging_mixin.py:188} INFO - Downloaded TSLA/1768002267.json -> /tmp/minio_downloads/1768002267.json
[2026-01-10T00:57:15.302+0000] {logging_mixin.py:188} INFO - Downloaded TSLA/1768002277.json -> /tmp/minio_downloads/1768002277.json
[2026-01-10T00:57:15.340+0000] {logging_mixin.py:188} INFO - Downloaded TSLA/1768002286.json -> /tmp/minio_downloads/1768002286.json
[2026-01-10T00:57:15.390+0000] {logging_mixin.py:188} INFO - Downloaded TSLA/1768002296.json -> /tmp/minio_downloads/1768002296.json
[2026-01-10T00:57:15.435+0000] {logging_mixin.py:188} INFO - Downloaded TSLA/1768002305.json -> /tmp/minio_downloads/1768002305.json
[2026-01-10T00:57:15.466+0000] {logging_mixin.py:188} INFO - Downloaded TSLA/1768002315.json -> /tmp/minio_downloads/1768002315.json
[2026-01-10T00:57:15.500+0000] {logging_mixin.py:188} INFO - Downloaded TSLA/1768002324.json -> /tmp/minio_downloads/1768002324.json
[2026-01-10T00:57:15.531+0000] {logging_mixin.py:188} INFO - Downloaded TSLA/1768002334.json -> /tmp/minio_downloads/1768002334.json
[2026-01-10T00:57:15.569+0000] {logging_mixin.py:188} INFO - Downloaded TSLA/1768002345.json -> /tmp/minio_downloads/1768002345.json
[2026-01-10T00:57:15.606+0000] {logging_mixin.py:188} INFO - Downloaded TSLA/1768002357.json -> /tmp/minio_downloads/1768002357.json
[2026-01-10T00:57:15.643+0000] {logging_mixin.py:188} INFO - Downloaded TSLA/1768002369.json -> /tmp/minio_downloads/1768002369.json
[2026-01-10T00:57:15.679+0000] {logging_mixin.py:188} INFO - Downloaded TSLA/1768002379.json -> /tmp/minio_downloads/1768002379.json
[2026-01-10T00:57:15.720+0000] {logging_mixin.py:188} INFO - Downloaded TSLA/1768002390.json -> /tmp/minio_downloads/1768002390.json
[2026-01-10T00:57:15.746+0000] {logging_mixin.py:188} INFO - Downloaded TSLA/1768002401.json -> /tmp/minio_downloads/1768002401.json
[2026-01-10T00:57:15.768+0000] {logging_mixin.py:188} INFO - Downloaded TSLA/1768002412.json -> /tmp/minio_downloads/1768002412.json
[2026-01-10T00:57:15.795+0000] {logging_mixin.py:188} INFO - Downloaded TSLA/1768002423.json -> /tmp/minio_downloads/1768002423.json
[2026-01-10T00:57:15.820+0000] {logging_mixin.py:188} INFO - Downloaded TSLA/1768002434.json -> /tmp/minio_downloads/1768002434.json
[2026-01-10T00:57:15.847+0000] {logging_mixin.py:188} INFO - Downloaded TSLA/1768002446.json -> /tmp/minio_downloads/1768002446.json
[2026-01-10T00:57:15.878+0000] {logging_mixin.py:188} INFO - Downloaded TSLA/1768002457.json -> /tmp/minio_downloads/1768002457.json
[2026-01-10T00:57:15.882+0000] {python.py:237} INFO - Done. Returned value was: ['/tmp/minio_downloads/1767994102.json', '/tmp/minio_downloads/1767994114.json', '/tmp/minio_downloads/1767994127.json', '/tmp/minio_downloads/1767994138.json', '/tmp/minio_downloads/1767994149.json', '/tmp/minio_downloads/1767994160.json', '/tmp/minio_downloads/1767994171.json', '/tmp/minio_downloads/1767994189.json', '/tmp/minio_downloads/1767994201.json', '/tmp/minio_downloads/1767994212.json', '/tmp/minio_downloads/1767994225.json', '/tmp/minio_downloads/1767994235.json', '/tmp/minio_downloads/1767994246.json', '/tmp/minio_downloads/1767994258.json', '/tmp/minio_downloads/1767994270.json', '/tmp/minio_downloads/1767994281.json', '/tmp/minio_downloads/1767997418.json', '/tmp/minio_downloads/1767997428.json', '/tmp/minio_downloads/1767997440.json', '/tmp/minio_downloads/1767997450.json', '/tmp/minio_downloads/1767997461.json', '/tmp/minio_downloads/1767997471.json', '/tmp/minio_downloads/1767997482.json', '/tmp/minio_downloads/1767997492.json', '/tmp/minio_downloads/1768000525.json', '/tmp/minio_downloads/1768000535.json', '/tmp/minio_downloads/1768000546.json', '/tmp/minio_downloads/1768000556.json', '/tmp/minio_downloads/1768000567.json', '/tmp/minio_downloads/1768000579.json', '/tmp/minio_downloads/1768000592.json', '/tmp/minio_downloads/1768000604.json', '/tmp/minio_downloads/1768000616.json', '/tmp/minio_downloads/1768000631.json', '/tmp/minio_downloads/1768000644.json', '/tmp/minio_downloads/1768000655.json', '/tmp/minio_downloads/1768000666.json', '/tmp/minio_downloads/1768000677.json', '/tmp/minio_downloads/1768000688.json', '/tmp/minio_downloads/1768000698.json', '/tmp/minio_downloads/1768000710.json', '/tmp/minio_downloads/1768000720.json', '/tmp/minio_downloads/1768000731.json', '/tmp/minio_downloads/1768000742.json', '/tmp/minio_downloads/1768000753.json', '/tmp/minio_downloads/1768000764.json', '/tmp/minio_downloads/1768000776.json', '/tmp/minio_downloads/1768000787.json', '/tmp/minio_downloads/1768000797.json', '/tmp/minio_downloads/1768000808.json', '/tmp/minio_downloads/1768000819.json', '/tmp/minio_downloads/1768000831.json', '/tmp/minio_downloads/1768000843.json', '/tmp/minio_downloads/1768000855.json', '/tmp/minio_downloads/1768000867.json', '/tmp/minio_downloads/1768000878.json', '/tmp/minio_downloads/1768000890.json', '/tmp/minio_downloads/1768000901.json', '/tmp/minio_downloads/1768000912.json', '/tmp/minio_downloads/1768000921.json', '/tmp/minio_downloads/1768000932.json', '/tmp/minio_downloads/1768000942.json', '/tmp/minio_downloads/1768000953.json', '/tmp/minio_downloads/1768001779.json', '/tmp/minio_downloads/1768001791.json', '/tmp/minio_downloads/1768001803.json', '/tmp/minio_downloads/1768001813.json', '/tmp/minio_downloads/1768001825.json', '/tmp/minio_downloads/1768001837.json', '/tmp/minio_downloads/1768001849.json', '/tmp/minio_downloads/1768001859.json', '/tmp/minio_downloads/1768001868.json', '/tmp/minio_downloads/1768002255.json', '/tmp/minio_downloads/1768002265.json', '/tmp/minio_downloads/1768002275.json', '/tmp/minio_downloads/1768002285.json', '/tmp/minio_downloads/1768002294.json', '/tmp/minio_downloads/1768002304.json', '/tmp/minio_downloads/1768002313.json', '/tmp/minio_downloads/1768002323.json', '/tmp/minio_downloads/1768002333.json', '/tmp/minio_downloads/1768002343.json', '/tmp/minio_downloads/1768002355.json', '/tmp/minio_downloads/1768002366.json', '/tmp/minio_downloads/1768002377.json', '/tmp/minio_downloads/1768002388.json', '/tmp/minio_downloads/1768002399.json', '/tmp/minio_downloads/1768002410.json', '/tmp/minio_downloads/1768002420.json', '/tmp/minio_downloads/1768002432.json', '/tmp/minio_downloads/1768002443.json', '/tmp/minio_downloads/1768002455.json', '/tmp/minio_downloads/1767994107.json', '/tmp/minio_downloads/1767994120.json', '/tmp/minio_downloads/1767994132.json', '/tmp/minio_downloads/1767994142.json', '/tmp/minio_downloads/1767994153.json', '/tmp/minio_downloads/1767994164.json', '/tmp/minio_downloads/1767994182.json', '/tmp/minio_downloads/1767994193.json', '/tmp/minio_downloads/1767994205.json', '/tmp/minio_downloads/1767994216.json', '/tmp/minio_downloads/1767994228.json', '/tmp/minio_downloads/1767994240.json', '/tmp/minio_downloads/1767994250.json', '/tmp/minio_downloads/1767994263.json', '/tmp/minio_downloads/1767994274.json', '/tmp/minio_downloads/1767997421.json', '/tmp/minio_downloads/1767997432.json', '/tmp/minio_downloads/1767997443.json', '/tmp/minio_downloads/1767997454.json', '/tmp/minio_downloads/1767997465.json', '/tmp/minio_downloads/1767997474.json', '/tmp/minio_downloads/1767997485.json', '/tmp/minio_downloads/1767997494.json', '/tmp/minio_downloads/1768000528.json', '/tmp/minio_downloads/1768000539.json', '/tmp/minio_downloads/1768000549.json', '/tmp/minio_downloads/1768000559.json', '/tmp/minio_downloads/1768000572.json', '/tmp/minio_downloads/1768000585.json', '/tmp/minio_downloads/1768000597.json', '/tmp/minio_downloads/1768000609.json', '/tmp/minio_downloads/1768000623.json', '/tmp/minio_downloads/1768000637.json', '/tmp/minio_downloads/1768000648.json', '/tmp/minio_downloads/1768000659.json', '/tmp/minio_downloads/1768000670.json', '/tmp/minio_downloads/1768000681.json', '/tmp/minio_downloads/1768000692.json', '/tmp/minio_downloads/1768000703.json', '/tmp/minio_downloads/1768000714.json', '/tmp/minio_downloads/1768000724.json', '/tmp/minio_downloads/1768000735.json', '/tmp/minio_downloads/1768000746.json', '/tmp/minio_downloads/1768000757.json', '/tmp/minio_downloads/1768000768.json', '/tmp/minio_downloads/1768000780.json', '/tmp/minio_downloads/1768000791.json', '/tmp/minio_downloads/1768000801.json', '/tmp/minio_downloads/1768000812.json', '/tmp/minio_downloads/1768000824.json', '/tmp/minio_downloads/1768000836.json', '/tmp/minio_downloads/1768000848.json', '/tmp/minio_downloads/1768000860.json', '/tmp/minio_downloads/1768000871.json', '/tmp/minio_downloads/1768000883.json', '/tmp/minio_downloads/1768000894.json', '/tmp/minio_downloads/1768000905.json', '/tmp/minio_downloads/1768000914.json', '/tmp/minio_downloads/1768000925.json', '/tmp/minio_downloads/1768000935.json', '/tmp/minio_downloads/1768000946.json', '/tmp/minio_downloads/1768000957.json', '/tmp/minio_downloads/1768001784.json', '/tmp/minio_downloads/1768001796.json', '/tmp/minio_downloads/1768001806.json', '/tmp/minio_downloads/1768001818.json', '/tmp/minio_downloads/1768001830.json', '/tmp/minio_downloads/1768001842.json', '/tmp/minio_downloads/1768001852.json', '/tmp/minio_downloads/1768001862.json', '/tmp/minio_downloads/1768001871.json', '/tmp/minio_downloads/1768002259.json', '/tmp/minio_downloads/1768002268.json', '/tmp/minio_downloads/1768002278.json', '/tmp/minio_downloads/1768002287.json', '/tmp/minio_downloads/1768002297.json', '/tmp/minio_downloads/1768002306.json', '/tmp/minio_downloads/1768002316.json', '/tmp/minio_downloads/1768002326.json', '/tmp/minio_downloads/1768002336.json', '/tmp/minio_downloads/1768002347.json', '/tmp/minio_downloads/1768002359.json', '/tmp/minio_downloads/1768002371.json', '/tmp/minio_downloads/1768002381.json', '/tmp/minio_downloads/1768002392.json', '/tmp/minio_downloads/1768002403.json', '/tmp/minio_downloads/1768002413.json', '/tmp/minio_downloads/1768002425.json', '/tmp/minio_downloads/1768002436.json', '/tmp/minio_downloads/1768002448.json', '/tmp/minio_downloads/1768002459.json', '/tmp/minio_downloads/1767994105.json', '/tmp/minio_downloads/1767994117.json', '/tmp/minio_downloads/1767994131.json', '/tmp/minio_downloads/1767994141.json', '/tmp/minio_downloads/1767994152.json', '/tmp/minio_downloads/1767994163.json', '/tmp/minio_downloads/1767994181.json', '/tmp/minio_downloads/1767994192.json', '/tmp/minio_downloads/1767994204.json', '/tmp/minio_downloads/1767994215.json', '/tmp/minio_downloads/1767994227.json', '/tmp/minio_downloads/1767994239.json', '/tmp/minio_downloads/1767994249.json', '/tmp/minio_downloads/1767994261.json', '/tmp/minio_downloads/1767994273.json', '/tmp/minio_downloads/1767997420.json', '/tmp/minio_downloads/1767997431.json', '/tmp/minio_downloads/1767997442.json', '/tmp/minio_downloads/1767997453.json', '/tmp/minio_downloads/1767997464.json', '/tmp/minio_downloads/1767997473.json', '/tmp/minio_downloads/1767997484.json', '/tmp/minio_downloads/1767997494.json', '/tmp/minio_downloads/1768000527.json', '/tmp/minio_downloads/1768000538.json', '/tmp/minio_downloads/1768000548.json', '/tmp/minio_downloads/1768000559.json', '/tmp/minio_downloads/1768000570.json', '/tmp/minio_downloads/1768000583.json', '/tmp/minio_downloads/1768000596.json', '/tmp/minio_downloads/1768000608.json', '/tmp/minio_downloads/1768000622.json', '/tmp/minio_downloads/1768000635.json', '/tmp/minio_downloads/1768000647.json', '/tmp/minio_downloads/1768000658.json', '/tmp/minio_downloads/1768000669.json', '/tmp/minio_downloads/1768000680.json', '/tmp/minio_downloads/1768000691.json', '/tmp/minio_downloads/1768000702.json', '/tmp/minio_downloads/1768000713.json', '/tmp/minio_downloads/1768000723.json', '/tmp/minio_downloads/1768000734.json', '/tmp/minio_downloads/1768000745.json', '/tmp/minio_downloads/1768000756.json', '/tmp/minio_downloads/1768000767.json', '/tmp/minio_downloads/1768000779.json', '/tmp/minio_downloads/1768000790.json', '/tmp/minio_downloads/1768000800.json', '/tmp/minio_downloads/1768000811.json', '/tmp/minio_downloads/1768000823.json', '/tmp/minio_downloads/1768000835.json', '/tmp/minio_downloads/1768000847.json', '/tmp/minio_downloads/1768000859.json', '/tmp/minio_downloads/1768000870.json', '/tmp/minio_downloads/1768000882.json', '/tmp/minio_downloads/1768000893.json', '/tmp/minio_downloads/1768000904.json', '/tmp/minio_downloads/1768000914.json', '/tmp/minio_downloads/1768000924.json', '/tmp/minio_downloads/1768000934.json', '/tmp/minio_downloads/1768000945.json', '/tmp/minio_downloads/1768000956.json', '/tmp/minio_downloads/1768001782.json', '/tmp/minio_downloads/1768001795.json', '/tmp/minio_downloads/1768001805.json', '/tmp/minio_downloads/1768001817.json', '/tmp/minio_downloads/1768001828.json', '/tmp/minio_downloads/1768001841.json', '/tmp/minio_downloads/1768001851.json', '/tmp/minio_downloads/1768001861.json', '/tmp/minio_downloads/1768001870.json', '/tmp/minio_downloads/1768002257.json', '/tmp/minio_downloads/1768002268.json', '/tmp/minio_downloads/1768002277.json', '/tmp/minio_downloads/1768002287.json', '/tmp/minio_downloads/1768002296.json', '/tmp/minio_downloads/1768002306.json', '/tmp/minio_downloads/1768002315.json', '/tmp/minio_downloads/1768002325.json', '/tmp/minio_downloads/1768002335.json', '/tmp/minio_downloads/1768002346.json', '/tmp/minio_downloads/1768002358.json', '/tmp/minio_downloads/1768002370.json', '/tmp/minio_downloads/1768002380.json', '/tmp/minio_downloads/1768002391.json', '/tmp/minio_downloads/1768002402.json', '/tmp/minio_downloads/1768002413.json', '/tmp/minio_downloads/1768002424.json', '/tmp/minio_downloads/1768002435.json', '/tmp/minio_downloads/1768002447.json', '/tmp/minio_downloads/1768002458.json', '/tmp/minio_downloads/1767994103.json', '/tmp/minio_downloads/1767994115.json', '/tmp/minio_downloads/1767994129.json', '/tmp/minio_downloads/1767994139.json', '/tmp/minio_downloads/1767994150.json', '/tmp/minio_downloads/1767994161.json', '/tmp/minio_downloads/1767994172.json', '/tmp/minio_downloads/1767994190.json', '/tmp/minio_downloads/1767994202.json', '/tmp/minio_downloads/1767994212.json', '/tmp/minio_downloads/1767994226.json', '/tmp/minio_downloads/1767994236.json', '/tmp/minio_downloads/1767994247.json', '/tmp/minio_downloads/1767994259.json', '/tmp/minio_downloads/1767994271.json', '/tmp/minio_downloads/1767997419.json', '/tmp/minio_downloads/1767997429.json', '/tmp/minio_downloads/1767997440.json', '/tmp/minio_downloads/1767997451.json', '/tmp/minio_downloads/1767997462.json', '/tmp/minio_downloads/1767997472.json', '/tmp/minio_downloads/1767997482.json', '/tmp/minio_downloads/1767997492.json', '/tmp/minio_downloads/1768000525.json', '/tmp/minio_downloads/1768000536.json', '/tmp/minio_downloads/1768000547.json', '/tmp/minio_downloads/1768000557.json', '/tmp/minio_downloads/1768000568.json', '/tmp/minio_downloads/1768000581.json', '/tmp/minio_downloads/1768000593.json', '/tmp/minio_downloads/1768000605.json', '/tmp/minio_downloads/1768000619.json', '/tmp/minio_downloads/1768000632.json', '/tmp/minio_downloads/1768000645.json', '/tmp/minio_downloads/1768000656.json', '/tmp/minio_downloads/1768000667.json', '/tmp/minio_downloads/1768000678.json', '/tmp/minio_downloads/1768000689.json', '/tmp/minio_downloads/1768000699.json', '/tmp/minio_downloads/1768000711.json', '/tmp/minio_downloads/1768000721.json', '/tmp/minio_downloads/1768000732.json', '/tmp/minio_downloads/1768000743.json', '/tmp/minio_downloads/1768000754.json', '/tmp/minio_downloads/1768000765.json', '/tmp/minio_downloads/1768000777.json', '/tmp/minio_downloads/1768000788.json', '/tmp/minio_downloads/1768000798.json', '/tmp/minio_downloads/1768000809.json', '/tmp/minio_downloads/1768000821.json', '/tmp/minio_downloads/1768000832.json', '/tmp/minio_downloads/1768000845.json', '/tmp/minio_downloads/1768000856.json', '/tmp/minio_downloads/1768000868.json', '/tmp/minio_downloads/1768000879.json', '/tmp/minio_downloads/1768000891.json', '/tmp/minio_downloads/1768000902.json', '/tmp/minio_downloads/1768000912.json', '/tmp/minio_downloads/1768000922.json', '/tmp/minio_downloads/1768000932.json', '/tmp/minio_downloads/1768000943.json', '/tmp/minio_downloads/1768000954.json', '/tmp/minio_downloads/1768001780.json', '/tmp/minio_downloads/1768001792.json', '/tmp/minio_downloads/1768001803.json', '/tmp/minio_downloads/1768001814.json', '/tmp/minio_downloads/1768001826.json', '/tmp/minio_downloads/1768001838.json', '/tmp/minio_downloads/1768001850.json', '/tmp/minio_downloads/1768001859.json', '/tmp/minio_downloads/1768001869.json', '/tmp/minio_downloads/1768002256.json', '/tmp/minio_downloads/1768002266.json', '/tmp/minio_downloads/1768002276.json', '/tmp/minio_downloads/1768002285.json', '/tmp/minio_downloads/1768002295.json', '/tmp/minio_downloads/1768002304.json', '/tmp/minio_downloads/1768002314.json', '/tmp/minio_downloads/1768002324.json', '/tmp/minio_downloads/1768002333.json', '/tmp/minio_downloads/1768002344.json', '/tmp/minio_downloads/1768002356.json', '/tmp/minio_downloads/1768002368.json', '/tmp/minio_downloads/1768002378.json', '/tmp/minio_downloads/1768002389.json', '/tmp/minio_downloads/1768002400.json', '/tmp/minio_downloads/1768002411.json', '/tmp/minio_downloads/1768002421.json', '/tmp/minio_downloads/1768002433.json', '/tmp/minio_downloads/1768002445.json', '/tmp/minio_downloads/1768002456.json', '/tmp/minio_downloads/1767994104.json', '/tmp/minio_downloads/1767994116.json', '/tmp/minio_downloads/1767994130.json', '/tmp/minio_downloads/1767994140.json', '/tmp/minio_downloads/1767994151.json', '/tmp/minio_downloads/1767994162.json', '/tmp/minio_downloads/1767994173.json', '/tmp/minio_downloads/1767994191.json', '/tmp/minio_downloads/1767994203.json', '/tmp/minio_downloads/1767994214.json', '/tmp/minio_downloads/1767994227.json', '/tmp/minio_downloads/1767994238.json', '/tmp/minio_downloads/1767994248.json', '/tmp/minio_downloads/1767994260.json', '/tmp/minio_downloads/1767994272.json', '/tmp/minio_downloads/1767997419.json', '/tmp/minio_downloads/1767997430.json', '/tmp/minio_downloads/1767997441.json', '/tmp/minio_downloads/1767997452.json', '/tmp/minio_downloads/1767997463.json', '/tmp/minio_downloads/1767997473.json', '/tmp/minio_downloads/1767997483.json', '/tmp/minio_downloads/1767997493.json', '/tmp/minio_downloads/1768000526.json', '/tmp/minio_downloads/1768000537.json', '/tmp/minio_downloads/1768000548.json', '/tmp/minio_downloads/1768000558.json', '/tmp/minio_downloads/1768000569.json', '/tmp/minio_downloads/1768000582.json', '/tmp/minio_downloads/1768000594.json', '/tmp/minio_downloads/1768000607.json', '/tmp/minio_downloads/1768000621.json', '/tmp/minio_downloads/1768000634.json', '/tmp/minio_downloads/1768000646.json', '/tmp/minio_downloads/1768000657.json', '/tmp/minio_downloads/1768000668.json', '/tmp/minio_downloads/1768000679.json', '/tmp/minio_downloads/1768000690.json', '/tmp/minio_downloads/1768000701.json', '/tmp/minio_downloads/1768000712.json', '/tmp/minio_downloads/1768000722.json', '/tmp/minio_downloads/1768000733.json', '/tmp/minio_downloads/1768000744.json', '/tmp/minio_downloads/1768000755.json', '/tmp/minio_downloads/1768000766.json', '/tmp/minio_downloads/1768000778.json', '/tmp/minio_downloads/1768000789.json', '/tmp/minio_downloads/1768000799.json', '/tmp/minio_downloads/1768000810.json', '/tmp/minio_downloads/1768000822.json', '/tmp/minio_downloads/1768000834.json', '/tmp/minio_downloads/1768000846.json', '/tmp/minio_downloads/1768000858.json', '/tmp/minio_downloads/1768000869.json', '/tmp/minio_downloads/1768000880.json', '/tmp/minio_downloads/1768000892.json', '/tmp/minio_downloads/1768000903.json', '/tmp/minio_downloads/1768000913.json', '/tmp/minio_downloads/1768000923.json', '/tmp/minio_downloads/1768000933.json', '/tmp/minio_downloads/1768000944.json', '/tmp/minio_downloads/1768000956.json', '/tmp/minio_downloads/1768001781.json', '/tmp/minio_downloads/1768001793.json', '/tmp/minio_downloads/1768001804.json', '/tmp/minio_downloads/1768001817.json', '/tmp/minio_downloads/1768001827.json', '/tmp/minio_downloads/1768001839.json', '/tmp/minio_downloads/1768001850.json', '/tmp/minio_downloads/1768001860.json', '/tmp/minio_downloads/1768001870.json', '/tmp/minio_downloads/1768002257.json', '/tmp/minio_downloads/1768002267.json', '/tmp/minio_downloads/1768002277.json', '/tmp/minio_downloads/1768002286.json', '/tmp/minio_downloads/1768002296.json', '/tmp/minio_downloads/1768002305.json', '/tmp/minio_downloads/1768002315.json', '/tmp/minio_downloads/1768002324.json', '/tmp/minio_downloads/1768002334.json', '/tmp/minio_downloads/1768002345.json', '/tmp/minio_downloads/1768002357.json', '/tmp/minio_downloads/1768002369.json', '/tmp/minio_downloads/1768002379.json', '/tmp/minio_downloads/1768002390.json', '/tmp/minio_downloads/1768002401.json', '/tmp/minio_downloads/1768002412.json', '/tmp/minio_downloads/1768002423.json', '/tmp/minio_downloads/1768002434.json', '/tmp/minio_downloads/1768002446.json', '/tmp/minio_downloads/1768002457.json']
[2026-01-10T00:57:15.896+0000] {taskinstance.py:441} INFO - ::group::Post task execution logs
[2026-01-10T00:57:16.017+0000] {taskinstance.py:1206} INFO - Marking task as SUCCESS. dag_id=minio_to_snowflake, task_id=download_minio, run_id=manual__2026-01-10T00:56:43.069804+00:00, execution_date=20260110T005643, start_date=20260110T005657, end_date=20260110T005716
[2026-01-10T00:57:16.083+0000] {local_task_job_runner.py:243} INFO - Task exited with return code 0
[2026-01-10T00:57:16.169+0000] {taskinstance.py:3503} INFO - 1 downstream tasks scheduled from follow-on schedule check
[2026-01-10T00:57:16.174+0000] {local_task_job_runner.py:222} INFO - ::endgroup::
