[2026-01-11T15:17:27.511+0000] {local_task_job_runner.py:120} INFO - ::group::Pre task execution logs
[2026-01-11T15:17:27.620+0000] {taskinstance.py:2076} INFO - Dependencies all met for dep_context=non-requeueable deps ti=<TaskInstance: minio_to_snowflake.download_minio scheduled__2026-01-11T15:15:00+00:00 [queued]>
[2026-01-11T15:17:27.638+0000] {taskinstance.py:2076} INFO - Dependencies all met for dep_context=requeueable deps ti=<TaskInstance: minio_to_snowflake.download_minio scheduled__2026-01-11T15:15:00+00:00 [queued]>
[2026-01-11T15:17:27.640+0000] {taskinstance.py:2306} INFO - Starting attempt 1 of 2
[2026-01-11T15:17:27.708+0000] {taskinstance.py:2330} INFO - Executing <Task(PythonOperator): download_minio> on 2026-01-11 15:15:00+00:00
[2026-01-11T15:17:27.756+0000] {standard_task_runner.py:90} INFO - Running: ['***', 'tasks', 'run', 'minio_to_snowflake', 'download_minio', 'scheduled__2026-01-11T15:15:00+00:00', '--job-id', '365', '--raw', '--subdir', 'DAGS_FOLDER/minio_to_snowflake.py', '--cfg-path', '/tmp/tmpdz7ind9g']
[2026-01-11T15:17:27.777+0000] {standard_task_runner.py:91} INFO - Job 365: Subtask download_minio
[2026-01-11T15:17:27.774+0000] {logging_mixin.py:188} WARNING - /home/***/.local/lib/python3.12/site-packages/***/task/task_runner/standard_task_runner.py:62 DeprecationWarning: This process (pid=90789) is multi-threaded, use of fork() may lead to deadlocks in the child.
[2026-01-11T15:17:27.785+0000] {standard_task_runner.py:64} INFO - Started process 90799 to run task
[2026-01-11T15:17:28.121+0000] {task_command.py:426} INFO - Running <TaskInstance: minio_to_snowflake.download_minio scheduled__2026-01-11T15:15:00+00:00 [running]> on host e9ec95003052
[2026-01-11T15:17:28.406+0000] {taskinstance.py:2648} INFO - Exporting env vars: AIRFLOW_CTX_DAG_OWNER='***' AIRFLOW_CTX_DAG_ID='minio_to_snowflake' AIRFLOW_CTX_TASK_ID='download_minio' AIRFLOW_CTX_EXECUTION_DATE='2026-01-11T15:15:00+00:00' AIRFLOW_CTX_TRY_NUMBER='1' AIRFLOW_CTX_DAG_RUN_ID='scheduled__2026-01-11T15:15:00+00:00'
[2026-01-11T15:17:28.411+0000] {taskinstance.py:430} INFO - ::endgroup::
[2026-01-11T15:17:30.812+0000] {logging_mixin.py:188} INFO - Downloaded AAPL/1768094289.json -> /tmp/minio_downloads/1768094289.json
[2026-01-11T15:17:30.864+0000] {logging_mixin.py:188} INFO - Downloaded AAPL/1768094300.json -> /tmp/minio_downloads/1768094300.json
[2026-01-11T15:17:30.906+0000] {logging_mixin.py:188} INFO - Downloaded AAPL/1768094311.json -> /tmp/minio_downloads/1768094311.json
[2026-01-11T15:17:30.937+0000] {logging_mixin.py:188} INFO - Downloaded AAPL/1768094322.json -> /tmp/minio_downloads/1768094322.json
[2026-01-11T15:17:30.960+0000] {logging_mixin.py:188} INFO - Downloaded AAPL/1768094333.json -> /tmp/minio_downloads/1768094333.json
[2026-01-11T15:17:30.984+0000] {logging_mixin.py:188} INFO - Downloaded AAPL/1768094345.json -> /tmp/minio_downloads/1768094345.json
[2026-01-11T15:17:31.015+0000] {logging_mixin.py:188} INFO - Downloaded AAPL/1768094355.json -> /tmp/minio_downloads/1768094355.json
[2026-01-11T15:17:31.051+0000] {logging_mixin.py:188} INFO - Downloaded AAPL/1768094364.json -> /tmp/minio_downloads/1768094364.json
[2026-01-11T15:17:31.078+0000] {logging_mixin.py:188} INFO - Downloaded AAPL/1768094424.json -> /tmp/minio_downloads/1768094424.json
[2026-01-11T15:17:31.102+0000] {logging_mixin.py:188} INFO - Downloaded AAPL/1768094434.json -> /tmp/minio_downloads/1768094434.json
[2026-01-11T15:17:31.128+0000] {logging_mixin.py:188} INFO - Downloaded AAPL/1768094444.json -> /tmp/minio_downloads/1768094444.json
[2026-01-11T15:17:31.150+0000] {logging_mixin.py:188} INFO - Downloaded AAPL/1768094454.json -> /tmp/minio_downloads/1768094454.json
[2026-01-11T15:17:31.172+0000] {logging_mixin.py:188} INFO - Downloaded AAPL/1768094465.json -> /tmp/minio_downloads/1768094465.json
[2026-01-11T15:17:31.192+0000] {logging_mixin.py:188} INFO - Downloaded AAPL/1768094477.json -> /tmp/minio_downloads/1768094477.json
[2026-01-11T15:17:31.212+0000] {logging_mixin.py:188} INFO - Downloaded AAPL/1768094488.json -> /tmp/minio_downloads/1768094488.json
[2026-01-11T15:17:31.234+0000] {logging_mixin.py:188} INFO - Downloaded AAPL/1768094498.json -> /tmp/minio_downloads/1768094498.json
[2026-01-11T15:17:31.254+0000] {logging_mixin.py:188} INFO - Downloaded AAPL/1768094511.json -> /tmp/minio_downloads/1768094511.json
[2026-01-11T15:17:31.275+0000] {logging_mixin.py:188} INFO - Downloaded AAPL/1768094522.json -> /tmp/minio_downloads/1768094522.json
[2026-01-11T15:17:31.295+0000] {logging_mixin.py:188} INFO - Downloaded AAPL/1768094534.json -> /tmp/minio_downloads/1768094534.json
[2026-01-11T15:17:31.320+0000] {logging_mixin.py:188} INFO - Downloaded AAPL/1768094546.json -> /tmp/minio_downloads/1768094546.json
[2026-01-11T15:17:31.345+0000] {logging_mixin.py:188} INFO - Downloaded AAPL/1768094557.json -> /tmp/minio_downloads/1768094557.json
[2026-01-11T15:17:31.368+0000] {logging_mixin.py:188} INFO - Downloaded AAPL/1768094568.json -> /tmp/minio_downloads/1768094568.json
[2026-01-11T15:17:31.390+0000] {logging_mixin.py:188} INFO - Downloaded AAPL/1768094580.json -> /tmp/minio_downloads/1768094580.json
[2026-01-11T15:17:31.416+0000] {logging_mixin.py:188} INFO - Downloaded AAPL/1768094591.json -> /tmp/minio_downloads/1768094591.json
[2026-01-11T15:17:31.446+0000] {logging_mixin.py:188} INFO - Downloaded AAPL/1768094603.json -> /tmp/minio_downloads/1768094603.json
[2026-01-11T15:17:31.467+0000] {logging_mixin.py:188} INFO - Downloaded AAPL/1768094614.json -> /tmp/minio_downloads/1768094614.json
[2026-01-11T15:17:31.521+0000] {logging_mixin.py:188} INFO - Downloaded AAPL/1768094626.json -> /tmp/minio_downloads/1768094626.json
[2026-01-11T15:17:31.551+0000] {logging_mixin.py:188} INFO - Downloaded AAPL/1768094636.json -> /tmp/minio_downloads/1768094636.json
[2026-01-11T15:17:31.580+0000] {logging_mixin.py:188} INFO - Downloaded AAPL/1768094647.json -> /tmp/minio_downloads/1768094647.json
[2026-01-11T15:17:31.616+0000] {logging_mixin.py:188} INFO - Downloaded AAPL/1768094658.json -> /tmp/minio_downloads/1768094658.json
[2026-01-11T15:17:31.648+0000] {logging_mixin.py:188} INFO - Downloaded AAPL/1768094670.json -> /tmp/minio_downloads/1768094670.json
[2026-01-11T15:17:31.668+0000] {logging_mixin.py:188} INFO - Downloaded AAPL/1768094681.json -> /tmp/minio_downloads/1768094681.json
[2026-01-11T15:17:31.697+0000] {logging_mixin.py:188} INFO - Downloaded AAPL/1768094693.json -> /tmp/minio_downloads/1768094693.json
[2026-01-11T15:17:31.731+0000] {logging_mixin.py:188} INFO - Downloaded AAPL/1768094704.json -> /tmp/minio_downloads/1768094704.json
[2026-01-11T15:17:31.757+0000] {logging_mixin.py:188} INFO - Downloaded AMZN/1768094292.json -> /tmp/minio_downloads/1768094292.json
[2026-01-11T15:17:31.779+0000] {logging_mixin.py:188} INFO - Downloaded AMZN/1768094303.json -> /tmp/minio_downloads/1768094303.json
[2026-01-11T15:17:31.805+0000] {logging_mixin.py:188} INFO - Downloaded AMZN/1768094315.json -> /tmp/minio_downloads/1768094315.json
[2026-01-11T15:17:31.833+0000] {logging_mixin.py:188} INFO - Downloaded AMZN/1768094325.json -> /tmp/minio_downloads/1768094325.json
[2026-01-11T15:17:31.853+0000] {logging_mixin.py:188} INFO - Downloaded AMZN/1768094338.json -> /tmp/minio_downloads/1768094338.json
[2026-01-11T15:17:31.891+0000] {logging_mixin.py:188} INFO - Downloaded AMZN/1768094348.json -> /tmp/minio_downloads/1768094348.json
[2026-01-11T15:17:31.934+0000] {logging_mixin.py:188} INFO - Downloaded AMZN/1768094357.json -> /tmp/minio_downloads/1768094357.json
[2026-01-11T15:17:31.971+0000] {logging_mixin.py:188} INFO - Downloaded AMZN/1768094427.json -> /tmp/minio_downloads/1768094427.json
[2026-01-11T15:17:32.016+0000] {logging_mixin.py:188} INFO - Downloaded AMZN/1768094437.json -> /tmp/minio_downloads/1768094437.json
[2026-01-11T15:17:32.052+0000] {logging_mixin.py:188} INFO - Downloaded AMZN/1768094447.json -> /tmp/minio_downloads/1768094447.json
[2026-01-11T15:17:32.079+0000] {logging_mixin.py:188} INFO - Downloaded AMZN/1768094458.json -> /tmp/minio_downloads/1768094458.json
[2026-01-11T15:17:32.106+0000] {logging_mixin.py:188} INFO - Downloaded AMZN/1768094470.json -> /tmp/minio_downloads/1768094470.json
[2026-01-11T15:17:32.130+0000] {logging_mixin.py:188} INFO - Downloaded AMZN/1768094481.json -> /tmp/minio_downloads/1768094481.json
[2026-01-11T15:17:32.155+0000] {logging_mixin.py:188} INFO - Downloaded AMZN/1768094491.json -> /tmp/minio_downloads/1768094491.json
[2026-01-11T15:17:32.188+0000] {logging_mixin.py:188} INFO - Downloaded AMZN/1768094503.json -> /tmp/minio_downloads/1768094503.json
[2026-01-11T15:17:32.223+0000] {logging_mixin.py:188} INFO - Downloaded AMZN/1768094515.json -> /tmp/minio_downloads/1768094515.json
[2026-01-11T15:17:32.247+0000] {logging_mixin.py:188} INFO - Downloaded AMZN/1768094527.json -> /tmp/minio_downloads/1768094527.json
[2026-01-11T15:17:32.287+0000] {logging_mixin.py:188} INFO - Downloaded AMZN/1768094539.json -> /tmp/minio_downloads/1768094539.json
[2026-01-11T15:17:32.305+0000] {logging_mixin.py:188} INFO - Downloaded AMZN/1768094550.json -> /tmp/minio_downloads/1768094550.json
[2026-01-11T15:17:32.324+0000] {logging_mixin.py:188} INFO - Downloaded AMZN/1768094561.json -> /tmp/minio_downloads/1768094561.json
[2026-01-11T15:17:32.348+0000] {logging_mixin.py:188} INFO - Downloaded AMZN/1768094573.json -> /tmp/minio_downloads/1768094573.json
[2026-01-11T15:17:32.368+0000] {logging_mixin.py:188} INFO - Downloaded AMZN/1768094584.json -> /tmp/minio_downloads/1768094584.json
[2026-01-11T15:17:32.543+0000] {logging_mixin.py:188} INFO - Downloaded AMZN/1768094595.json -> /tmp/minio_downloads/1768094595.json
[2026-01-11T15:17:32.603+0000] {logging_mixin.py:188} INFO - Downloaded AMZN/1768094607.json -> /tmp/minio_downloads/1768094607.json
[2026-01-11T15:17:32.636+0000] {logging_mixin.py:188} INFO - Downloaded AMZN/1768094619.json -> /tmp/minio_downloads/1768094619.json
[2026-01-11T15:17:32.664+0000] {logging_mixin.py:188} INFO - Downloaded AMZN/1768094629.json -> /tmp/minio_downloads/1768094629.json
[2026-01-11T15:17:32.684+0000] {logging_mixin.py:188} INFO - Downloaded AMZN/1768094640.json -> /tmp/minio_downloads/1768094640.json
[2026-01-11T15:17:32.722+0000] {logging_mixin.py:188} INFO - Downloaded AMZN/1768094651.json -> /tmp/minio_downloads/1768094651.json
[2026-01-11T15:17:32.743+0000] {logging_mixin.py:188} INFO - Downloaded AMZN/1768094663.json -> /tmp/minio_downloads/1768094663.json
[2026-01-11T15:17:32.763+0000] {logging_mixin.py:188} INFO - Downloaded AMZN/1768094674.json -> /tmp/minio_downloads/1768094674.json
[2026-01-11T15:17:32.784+0000] {logging_mixin.py:188} INFO - Downloaded AMZN/1768094686.json -> /tmp/minio_downloads/1768094686.json
[2026-01-11T15:17:32.804+0000] {logging_mixin.py:188} INFO - Downloaded AMZN/1768094698.json -> /tmp/minio_downloads/1768094698.json
[2026-01-11T15:17:32.823+0000] {logging_mixin.py:188} INFO - Downloaded AMZN/1768094707.json -> /tmp/minio_downloads/1768094707.json
[2026-01-11T15:17:32.843+0000] {logging_mixin.py:188} INFO - Downloaded GOOGL/1768094291.json -> /tmp/minio_downloads/1768094291.json
[2026-01-11T15:17:32.867+0000] {logging_mixin.py:188} INFO - Downloaded GOOGL/1768094303.json -> /tmp/minio_downloads/1768094303.json
[2026-01-11T15:17:32.886+0000] {logging_mixin.py:188} INFO - Downloaded GOOGL/1768094314.json -> /tmp/minio_downloads/1768094314.json
[2026-01-11T15:17:32.907+0000] {logging_mixin.py:188} INFO - Downloaded GOOGL/1768094324.json -> /tmp/minio_downloads/1768094324.json
[2026-01-11T15:17:32.936+0000] {logging_mixin.py:188} INFO - Downloaded GOOGL/1768094337.json -> /tmp/minio_downloads/1768094337.json
[2026-01-11T15:17:32.967+0000] {logging_mixin.py:188} INFO - Downloaded GOOGL/1768094347.json -> /tmp/minio_downloads/1768094347.json
[2026-01-11T15:17:32.987+0000] {logging_mixin.py:188} INFO - Downloaded GOOGL/1768094357.json -> /tmp/minio_downloads/1768094357.json
[2026-01-11T15:17:33.005+0000] {logging_mixin.py:188} INFO - Downloaded GOOGL/1768094426.json -> /tmp/minio_downloads/1768094426.json
[2026-01-11T15:17:33.023+0000] {logging_mixin.py:188} INFO - Downloaded GOOGL/1768094436.json -> /tmp/minio_downloads/1768094436.json
[2026-01-11T15:17:33.039+0000] {logging_mixin.py:188} INFO - Downloaded GOOGL/1768094446.json -> /tmp/minio_downloads/1768094446.json
[2026-01-11T15:17:33.057+0000] {logging_mixin.py:188} INFO - Downloaded GOOGL/1768094457.json -> /tmp/minio_downloads/1768094457.json
[2026-01-11T15:17:33.075+0000] {logging_mixin.py:188} INFO - Downloaded GOOGL/1768094469.json -> /tmp/minio_downloads/1768094469.json
[2026-01-11T15:17:33.095+0000] {logging_mixin.py:188} INFO - Downloaded GOOGL/1768094480.json -> /tmp/minio_downloads/1768094480.json
[2026-01-11T15:17:33.116+0000] {logging_mixin.py:188} INFO - Downloaded GOOGL/1768094490.json -> /tmp/minio_downloads/1768094490.json
[2026-01-11T15:17:33.136+0000] {logging_mixin.py:188} INFO - Downloaded GOOGL/1768094502.json -> /tmp/minio_downloads/1768094502.json
[2026-01-11T15:17:33.154+0000] {logging_mixin.py:188} INFO - Downloaded GOOGL/1768094514.json -> /tmp/minio_downloads/1768094514.json
[2026-01-11T15:17:33.175+0000] {logging_mixin.py:188} INFO - Downloaded GOOGL/1768094526.json -> /tmp/minio_downloads/1768094526.json
[2026-01-11T15:17:33.216+0000] {logging_mixin.py:188} INFO - Downloaded GOOGL/1768094538.json -> /tmp/minio_downloads/1768094538.json
[2026-01-11T15:17:33.247+0000] {logging_mixin.py:188} INFO - Downloaded GOOGL/1768094549.json -> /tmp/minio_downloads/1768094549.json
[2026-01-11T15:17:33.276+0000] {logging_mixin.py:188} INFO - Downloaded GOOGL/1768094560.json -> /tmp/minio_downloads/1768094560.json
[2026-01-11T15:17:33.300+0000] {logging_mixin.py:188} INFO - Downloaded GOOGL/1768094572.json -> /tmp/minio_downloads/1768094572.json
[2026-01-11T15:17:33.325+0000] {logging_mixin.py:188} INFO - Downloaded GOOGL/1768094583.json -> /tmp/minio_downloads/1768094583.json
[2026-01-11T15:17:33.349+0000] {logging_mixin.py:188} INFO - Downloaded GOOGL/1768094594.json -> /tmp/minio_downloads/1768094594.json
[2026-01-11T15:17:33.374+0000] {logging_mixin.py:188} INFO - Downloaded GOOGL/1768094606.json -> /tmp/minio_downloads/1768094606.json
[2026-01-11T15:17:33.396+0000] {logging_mixin.py:188} INFO - Downloaded GOOGL/1768094618.json -> /tmp/minio_downloads/1768094618.json
[2026-01-11T15:17:33.419+0000] {logging_mixin.py:188} INFO - Downloaded GOOGL/1768094629.json -> /tmp/minio_downloads/1768094629.json
[2026-01-11T15:17:33.459+0000] {logging_mixin.py:188} INFO - Downloaded GOOGL/1768094639.json -> /tmp/minio_downloads/1768094639.json
[2026-01-11T15:17:33.489+0000] {logging_mixin.py:188} INFO - Downloaded GOOGL/1768094650.json -> /tmp/minio_downloads/1768094650.json
[2026-01-11T15:17:33.516+0000] {logging_mixin.py:188} INFO - Downloaded GOOGL/1768094661.json -> /tmp/minio_downloads/1768094661.json
[2026-01-11T15:17:33.539+0000] {logging_mixin.py:188} INFO - Downloaded GOOGL/1768094673.json -> /tmp/minio_downloads/1768094673.json
[2026-01-11T15:17:33.559+0000] {logging_mixin.py:188} INFO - Downloaded GOOGL/1768094685.json -> /tmp/minio_downloads/1768094685.json
[2026-01-11T15:17:33.581+0000] {logging_mixin.py:188} INFO - Downloaded GOOGL/1768094696.json -> /tmp/minio_downloads/1768094696.json
[2026-01-11T15:17:33.617+0000] {logging_mixin.py:188} INFO - Downloaded GOOGL/1768094707.json -> /tmp/minio_downloads/1768094707.json
[2026-01-11T15:17:33.649+0000] {logging_mixin.py:188} INFO - Downloaded MSFT/1768094289.json -> /tmp/minio_downloads/1768094289.json
[2026-01-11T15:17:33.669+0000] {logging_mixin.py:188} INFO - Downloaded MSFT/1768094300.json -> /tmp/minio_downloads/1768094300.json
[2026-01-11T15:17:33.686+0000] {logging_mixin.py:188} INFO - Downloaded MSFT/1768094312.json -> /tmp/minio_downloads/1768094312.json
[2026-01-11T15:17:33.703+0000] {logging_mixin.py:188} INFO - Downloaded MSFT/1768094322.json -> /tmp/minio_downloads/1768094322.json
[2026-01-11T15:17:33.724+0000] {logging_mixin.py:188} INFO - Downloaded MSFT/1768094334.json -> /tmp/minio_downloads/1768094334.json
[2026-01-11T15:17:33.748+0000] {logging_mixin.py:188} INFO - Downloaded MSFT/1768094346.json -> /tmp/minio_downloads/1768094346.json
[2026-01-11T15:17:33.766+0000] {logging_mixin.py:188} INFO - Downloaded MSFT/1768094355.json -> /tmp/minio_downloads/1768094355.json
[2026-01-11T15:17:33.783+0000] {logging_mixin.py:188} INFO - Downloaded MSFT/1768094365.json -> /tmp/minio_downloads/1768094365.json
[2026-01-11T15:17:33.799+0000] {logging_mixin.py:188} INFO - Downloaded MSFT/1768094425.json -> /tmp/minio_downloads/1768094425.json
[2026-01-11T15:17:33.813+0000] {logging_mixin.py:188} INFO - Downloaded MSFT/1768094435.json -> /tmp/minio_downloads/1768094435.json
[2026-01-11T15:17:33.827+0000] {logging_mixin.py:188} INFO - Downloaded MSFT/1768094444.json -> /tmp/minio_downloads/1768094444.json
[2026-01-11T15:17:33.840+0000] {logging_mixin.py:188} INFO - Downloaded MSFT/1768094455.json -> /tmp/minio_downloads/1768094455.json
[2026-01-11T15:17:33.857+0000] {logging_mixin.py:188} INFO - Downloaded MSFT/1768094467.json -> /tmp/minio_downloads/1768094467.json
[2026-01-11T15:17:33.873+0000] {logging_mixin.py:188} INFO - Downloaded MSFT/1768094478.json -> /tmp/minio_downloads/1768094478.json
[2026-01-11T15:17:33.890+0000] {logging_mixin.py:188} INFO - Downloaded MSFT/1768094489.json -> /tmp/minio_downloads/1768094489.json
[2026-01-11T15:17:33.909+0000] {logging_mixin.py:188} INFO - Downloaded MSFT/1768094500.json -> /tmp/minio_downloads/1768094500.json
[2026-01-11T15:17:33.925+0000] {logging_mixin.py:188} INFO - Downloaded MSFT/1768094512.json -> /tmp/minio_downloads/1768094512.json
[2026-01-11T15:17:33.939+0000] {logging_mixin.py:188} INFO - Downloaded MSFT/1768094523.json -> /tmp/minio_downloads/1768094523.json
[2026-01-11T15:17:33.953+0000] {logging_mixin.py:188} INFO - Downloaded MSFT/1768094535.json -> /tmp/minio_downloads/1768094535.json
[2026-01-11T15:17:33.968+0000] {logging_mixin.py:188} INFO - Downloaded MSFT/1768094547.json -> /tmp/minio_downloads/1768094547.json
[2026-01-11T15:17:33.986+0000] {logging_mixin.py:188} INFO - Downloaded MSFT/1768094558.json -> /tmp/minio_downloads/1768094558.json
[2026-01-11T15:17:34.003+0000] {logging_mixin.py:188} INFO - Downloaded MSFT/1768094570.json -> /tmp/minio_downloads/1768094570.json
[2026-01-11T15:17:34.021+0000] {logging_mixin.py:188} INFO - Downloaded MSFT/1768094581.json -> /tmp/minio_downloads/1768094581.json
[2026-01-11T15:17:34.039+0000] {logging_mixin.py:188} INFO - Downloaded MSFT/1768094592.json -> /tmp/minio_downloads/1768094592.json
[2026-01-11T15:17:34.072+0000] {logging_mixin.py:188} INFO - Downloaded MSFT/1768094604.json -> /tmp/minio_downloads/1768094604.json
[2026-01-11T15:17:34.101+0000] {logging_mixin.py:188} INFO - Downloaded MSFT/1768094615.json -> /tmp/minio_downloads/1768094615.json
[2026-01-11T15:17:34.131+0000] {logging_mixin.py:188} INFO - Downloaded MSFT/1768094627.json -> /tmp/minio_downloads/1768094627.json
[2026-01-11T15:17:34.160+0000] {logging_mixin.py:188} INFO - Downloaded MSFT/1768094637.json -> /tmp/minio_downloads/1768094637.json
[2026-01-11T15:17:34.190+0000] {logging_mixin.py:188} INFO - Downloaded MSFT/1768094648.json -> /tmp/minio_downloads/1768094648.json
[2026-01-11T15:17:34.209+0000] {logging_mixin.py:188} INFO - Downloaded MSFT/1768094659.json -> /tmp/minio_downloads/1768094659.json
[2026-01-11T15:17:34.226+0000] {logging_mixin.py:188} INFO - Downloaded MSFT/1768094671.json -> /tmp/minio_downloads/1768094671.json
[2026-01-11T15:17:34.241+0000] {logging_mixin.py:188} INFO - Downloaded MSFT/1768094682.json -> /tmp/minio_downloads/1768094682.json
[2026-01-11T15:17:34.257+0000] {logging_mixin.py:188} INFO - Downloaded MSFT/1768094694.json -> /tmp/minio_downloads/1768094694.json
[2026-01-11T15:17:34.273+0000] {logging_mixin.py:188} INFO - Downloaded MSFT/1768094705.json -> /tmp/minio_downloads/1768094705.json
[2026-01-11T15:17:34.287+0000] {logging_mixin.py:188} INFO - Downloaded TSLA/1768094290.json -> /tmp/minio_downloads/1768094290.json
[2026-01-11T15:17:34.304+0000] {logging_mixin.py:188} INFO - Downloaded TSLA/1768094301.json -> /tmp/minio_downloads/1768094301.json
[2026-01-11T15:17:34.324+0000] {logging_mixin.py:188} INFO - Downloaded TSLA/1768094313.json -> /tmp/minio_downloads/1768094313.json
[2026-01-11T15:17:34.344+0000] {logging_mixin.py:188} INFO - Downloaded TSLA/1768094323.json -> /tmp/minio_downloads/1768094323.json
[2026-01-11T15:17:34.365+0000] {logging_mixin.py:188} INFO - Downloaded TSLA/1768094335.json -> /tmp/minio_downloads/1768094335.json
[2026-01-11T15:17:34.387+0000] {logging_mixin.py:188} INFO - Downloaded TSLA/1768094346.json -> /tmp/minio_downloads/1768094346.json
[2026-01-11T15:17:34.409+0000] {logging_mixin.py:188} INFO - Downloaded TSLA/1768094356.json -> /tmp/minio_downloads/1768094356.json
[2026-01-11T15:17:34.433+0000] {logging_mixin.py:188} INFO - Downloaded TSLA/1768094426.json -> /tmp/minio_downloads/1768094426.json
[2026-01-11T15:17:34.458+0000] {logging_mixin.py:188} INFO - Downloaded TSLA/1768094435.json -> /tmp/minio_downloads/1768094435.json
[2026-01-11T15:17:34.483+0000] {logging_mixin.py:188} INFO - Downloaded TSLA/1768094445.json -> /tmp/minio_downloads/1768094445.json
[2026-01-11T15:17:34.501+0000] {logging_mixin.py:188} INFO - Downloaded TSLA/1768094456.json -> /tmp/minio_downloads/1768094456.json
[2026-01-11T15:17:34.525+0000] {logging_mixin.py:188} INFO - Downloaded TSLA/1768094468.json -> /tmp/minio_downloads/1768094468.json
[2026-01-11T15:17:34.543+0000] {logging_mixin.py:188} INFO - Downloaded TSLA/1768094479.json -> /tmp/minio_downloads/1768094479.json
[2026-01-11T15:17:34.563+0000] {logging_mixin.py:188} INFO - Downloaded TSLA/1768094489.json -> /tmp/minio_downloads/1768094489.json
[2026-01-11T15:17:34.580+0000] {logging_mixin.py:188} INFO - Downloaded TSLA/1768094501.json -> /tmp/minio_downloads/1768094501.json
[2026-01-11T15:17:34.596+0000] {logging_mixin.py:188} INFO - Downloaded TSLA/1768094513.json -> /tmp/minio_downloads/1768094513.json
[2026-01-11T15:17:34.627+0000] {logging_mixin.py:188} INFO - Downloaded TSLA/1768094524.json -> /tmp/minio_downloads/1768094524.json
[2026-01-11T15:17:34.649+0000] {logging_mixin.py:188} INFO - Downloaded TSLA/1768094537.json -> /tmp/minio_downloads/1768094537.json
[2026-01-11T15:17:34.678+0000] {logging_mixin.py:188} INFO - Downloaded TSLA/1768094548.json -> /tmp/minio_downloads/1768094548.json
[2026-01-11T15:17:34.707+0000] {logging_mixin.py:188} INFO - Downloaded TSLA/1768094559.json -> /tmp/minio_downloads/1768094559.json
[2026-01-11T15:17:34.734+0000] {logging_mixin.py:188} INFO - Downloaded TSLA/1768094571.json -> /tmp/minio_downloads/1768094571.json
[2026-01-11T15:17:34.762+0000] {logging_mixin.py:188} INFO - Downloaded TSLA/1768094582.json -> /tmp/minio_downloads/1768094582.json
[2026-01-11T15:17:34.785+0000] {logging_mixin.py:188} INFO - Downloaded TSLA/1768094593.json -> /tmp/minio_downloads/1768094593.json
[2026-01-11T15:17:34.805+0000] {logging_mixin.py:188} INFO - Downloaded TSLA/1768094605.json -> /tmp/minio_downloads/1768094605.json
[2026-01-11T15:17:34.824+0000] {logging_mixin.py:188} INFO - Downloaded TSLA/1768094617.json -> /tmp/minio_downloads/1768094617.json
[2026-01-11T15:17:34.843+0000] {logging_mixin.py:188} INFO - Downloaded TSLA/1768094628.json -> /tmp/minio_downloads/1768094628.json
[2026-01-11T15:17:34.861+0000] {logging_mixin.py:188} INFO - Downloaded TSLA/1768094638.json -> /tmp/minio_downloads/1768094638.json
[2026-01-11T15:17:34.878+0000] {logging_mixin.py:188} INFO - Downloaded TSLA/1768094649.json -> /tmp/minio_downloads/1768094649.json
[2026-01-11T15:17:34.896+0000] {logging_mixin.py:188} INFO - Downloaded TSLA/1768094660.json -> /tmp/minio_downloads/1768094660.json
[2026-01-11T15:17:34.915+0000] {logging_mixin.py:188} INFO - Downloaded TSLA/1768094672.json -> /tmp/minio_downloads/1768094672.json
[2026-01-11T15:17:34.934+0000] {logging_mixin.py:188} INFO - Downloaded TSLA/1768094684.json -> /tmp/minio_downloads/1768094684.json
[2026-01-11T15:17:34.955+0000] {logging_mixin.py:188} INFO - Downloaded TSLA/1768094695.json -> /tmp/minio_downloads/1768094695.json
[2026-01-11T15:17:34.982+0000] {logging_mixin.py:188} INFO - Downloaded TSLA/1768094706.json -> /tmp/minio_downloads/1768094706.json
[2026-01-11T15:17:34.984+0000] {python.py:237} INFO - Done. Returned value was: ['/tmp/minio_downloads/1768094289.json', '/tmp/minio_downloads/1768094300.json', '/tmp/minio_downloads/1768094311.json', '/tmp/minio_downloads/1768094322.json', '/tmp/minio_downloads/1768094333.json', '/tmp/minio_downloads/1768094345.json', '/tmp/minio_downloads/1768094355.json', '/tmp/minio_downloads/1768094364.json', '/tmp/minio_downloads/1768094424.json', '/tmp/minio_downloads/1768094434.json', '/tmp/minio_downloads/1768094444.json', '/tmp/minio_downloads/1768094454.json', '/tmp/minio_downloads/1768094465.json', '/tmp/minio_downloads/1768094477.json', '/tmp/minio_downloads/1768094488.json', '/tmp/minio_downloads/1768094498.json', '/tmp/minio_downloads/1768094511.json', '/tmp/minio_downloads/1768094522.json', '/tmp/minio_downloads/1768094534.json', '/tmp/minio_downloads/1768094546.json', '/tmp/minio_downloads/1768094557.json', '/tmp/minio_downloads/1768094568.json', '/tmp/minio_downloads/1768094580.json', '/tmp/minio_downloads/1768094591.json', '/tmp/minio_downloads/1768094603.json', '/tmp/minio_downloads/1768094614.json', '/tmp/minio_downloads/1768094626.json', '/tmp/minio_downloads/1768094636.json', '/tmp/minio_downloads/1768094647.json', '/tmp/minio_downloads/1768094658.json', '/tmp/minio_downloads/1768094670.json', '/tmp/minio_downloads/1768094681.json', '/tmp/minio_downloads/1768094693.json', '/tmp/minio_downloads/1768094704.json', '/tmp/minio_downloads/1768094292.json', '/tmp/minio_downloads/1768094303.json', '/tmp/minio_downloads/1768094315.json', '/tmp/minio_downloads/1768094325.json', '/tmp/minio_downloads/1768094338.json', '/tmp/minio_downloads/1768094348.json', '/tmp/minio_downloads/1768094357.json', '/tmp/minio_downloads/1768094427.json', '/tmp/minio_downloads/1768094437.json', '/tmp/minio_downloads/1768094447.json', '/tmp/minio_downloads/1768094458.json', '/tmp/minio_downloads/1768094470.json', '/tmp/minio_downloads/1768094481.json', '/tmp/minio_downloads/1768094491.json', '/tmp/minio_downloads/1768094503.json', '/tmp/minio_downloads/1768094515.json', '/tmp/minio_downloads/1768094527.json', '/tmp/minio_downloads/1768094539.json', '/tmp/minio_downloads/1768094550.json', '/tmp/minio_downloads/1768094561.json', '/tmp/minio_downloads/1768094573.json', '/tmp/minio_downloads/1768094584.json', '/tmp/minio_downloads/1768094595.json', '/tmp/minio_downloads/1768094607.json', '/tmp/minio_downloads/1768094619.json', '/tmp/minio_downloads/1768094629.json', '/tmp/minio_downloads/1768094640.json', '/tmp/minio_downloads/1768094651.json', '/tmp/minio_downloads/1768094663.json', '/tmp/minio_downloads/1768094674.json', '/tmp/minio_downloads/1768094686.json', '/tmp/minio_downloads/1768094698.json', '/tmp/minio_downloads/1768094707.json', '/tmp/minio_downloads/1768094291.json', '/tmp/minio_downloads/1768094303.json', '/tmp/minio_downloads/1768094314.json', '/tmp/minio_downloads/1768094324.json', '/tmp/minio_downloads/1768094337.json', '/tmp/minio_downloads/1768094347.json', '/tmp/minio_downloads/1768094357.json', '/tmp/minio_downloads/1768094426.json', '/tmp/minio_downloads/1768094436.json', '/tmp/minio_downloads/1768094446.json', '/tmp/minio_downloads/1768094457.json', '/tmp/minio_downloads/1768094469.json', '/tmp/minio_downloads/1768094480.json', '/tmp/minio_downloads/1768094490.json', '/tmp/minio_downloads/1768094502.json', '/tmp/minio_downloads/1768094514.json', '/tmp/minio_downloads/1768094526.json', '/tmp/minio_downloads/1768094538.json', '/tmp/minio_downloads/1768094549.json', '/tmp/minio_downloads/1768094560.json', '/tmp/minio_downloads/1768094572.json', '/tmp/minio_downloads/1768094583.json', '/tmp/minio_downloads/1768094594.json', '/tmp/minio_downloads/1768094606.json', '/tmp/minio_downloads/1768094618.json', '/tmp/minio_downloads/1768094629.json', '/tmp/minio_downloads/1768094639.json', '/tmp/minio_downloads/1768094650.json', '/tmp/minio_downloads/1768094661.json', '/tmp/minio_downloads/1768094673.json', '/tmp/minio_downloads/1768094685.json', '/tmp/minio_downloads/1768094696.json', '/tmp/minio_downloads/1768094707.json', '/tmp/minio_downloads/1768094289.json', '/tmp/minio_downloads/1768094300.json', '/tmp/minio_downloads/1768094312.json', '/tmp/minio_downloads/1768094322.json', '/tmp/minio_downloads/1768094334.json', '/tmp/minio_downloads/1768094346.json', '/tmp/minio_downloads/1768094355.json', '/tmp/minio_downloads/1768094365.json', '/tmp/minio_downloads/1768094425.json', '/tmp/minio_downloads/1768094435.json', '/tmp/minio_downloads/1768094444.json', '/tmp/minio_downloads/1768094455.json', '/tmp/minio_downloads/1768094467.json', '/tmp/minio_downloads/1768094478.json', '/tmp/minio_downloads/1768094489.json', '/tmp/minio_downloads/1768094500.json', '/tmp/minio_downloads/1768094512.json', '/tmp/minio_downloads/1768094523.json', '/tmp/minio_downloads/1768094535.json', '/tmp/minio_downloads/1768094547.json', '/tmp/minio_downloads/1768094558.json', '/tmp/minio_downloads/1768094570.json', '/tmp/minio_downloads/1768094581.json', '/tmp/minio_downloads/1768094592.json', '/tmp/minio_downloads/1768094604.json', '/tmp/minio_downloads/1768094615.json', '/tmp/minio_downloads/1768094627.json', '/tmp/minio_downloads/1768094637.json', '/tmp/minio_downloads/1768094648.json', '/tmp/minio_downloads/1768094659.json', '/tmp/minio_downloads/1768094671.json', '/tmp/minio_downloads/1768094682.json', '/tmp/minio_downloads/1768094694.json', '/tmp/minio_downloads/1768094705.json', '/tmp/minio_downloads/1768094290.json', '/tmp/minio_downloads/1768094301.json', '/tmp/minio_downloads/1768094313.json', '/tmp/minio_downloads/1768094323.json', '/tmp/minio_downloads/1768094335.json', '/tmp/minio_downloads/1768094346.json', '/tmp/minio_downloads/1768094356.json', '/tmp/minio_downloads/1768094426.json', '/tmp/minio_downloads/1768094435.json', '/tmp/minio_downloads/1768094445.json', '/tmp/minio_downloads/1768094456.json', '/tmp/minio_downloads/1768094468.json', '/tmp/minio_downloads/1768094479.json', '/tmp/minio_downloads/1768094489.json', '/tmp/minio_downloads/1768094501.json', '/tmp/minio_downloads/1768094513.json', '/tmp/minio_downloads/1768094524.json', '/tmp/minio_downloads/1768094537.json', '/tmp/minio_downloads/1768094548.json', '/tmp/minio_downloads/1768094559.json', '/tmp/minio_downloads/1768094571.json', '/tmp/minio_downloads/1768094582.json', '/tmp/minio_downloads/1768094593.json', '/tmp/minio_downloads/1768094605.json', '/tmp/minio_downloads/1768094617.json', '/tmp/minio_downloads/1768094628.json', '/tmp/minio_downloads/1768094638.json', '/tmp/minio_downloads/1768094649.json', '/tmp/minio_downloads/1768094660.json', '/tmp/minio_downloads/1768094672.json', '/tmp/minio_downloads/1768094684.json', '/tmp/minio_downloads/1768094695.json', '/tmp/minio_downloads/1768094706.json']
[2026-01-11T15:17:34.989+0000] {taskinstance.py:441} INFO - ::group::Post task execution logs
[2026-01-11T15:17:35.111+0000] {taskinstance.py:1206} INFO - Marking task as SUCCESS. dag_id=minio_to_snowflake, task_id=download_minio, run_id=scheduled__2026-01-11T15:15:00+00:00, execution_date=20260111T151500, start_date=20260111T151727, end_date=20260111T151735
[2026-01-11T15:17:35.196+0000] {local_task_job_runner.py:243} INFO - Task exited with return code 0
[2026-01-11T15:17:35.247+0000] {taskinstance.py:3503} INFO - 1 downstream tasks scheduled from follow-on schedule check
[2026-01-11T15:17:35.252+0000] {local_task_job_runner.py:222} INFO - ::endgroup::
