[2026-01-10T00:57:15.704+0000] {local_task_job_runner.py:120} INFO - ::group::Pre task execution logs
[2026-01-10T00:57:15.851+0000] {taskinstance.py:2076} INFO - Dependencies all met for dep_context=non-requeueable deps ti=<TaskInstance: minio_to_snowflake.download_minio scheduled__2026-01-10T00:56:00+00:00 [queued]>
[2026-01-10T00:57:15.895+0000] {taskinstance.py:2076} INFO - Dependencies all met for dep_context=requeueable deps ti=<TaskInstance: minio_to_snowflake.download_minio scheduled__2026-01-10T00:56:00+00:00 [queued]>
[2026-01-10T00:57:15.899+0000] {taskinstance.py:2306} INFO - Starting attempt 1 of 2
[2026-01-10T00:57:15.952+0000] {taskinstance.py:2330} INFO - Executing <Task(PythonOperator): download_minio> on 2026-01-10 00:56:00+00:00
[2026-01-10T00:57:16.000+0000] {standard_task_runner.py:90} INFO - Running: ['***', 'tasks', 'run', 'minio_to_snowflake', 'download_minio', 'scheduled__2026-01-10T00:56:00+00:00', '--job-id', '4', '--raw', '--subdir', 'DAGS_FOLDER/minio_to_snowflake.py', '--cfg-path', '/tmp/tmp77mkvlrl']
[2026-01-10T00:57:16.009+0000] {standard_task_runner.py:91} INFO - Job 4: Subtask download_minio
[2026-01-10T00:57:16.009+0000] {logging_mixin.py:188} WARNING - /home/***/.local/lib/python3.12/site-packages/***/task/task_runner/standard_task_runner.py:62 DeprecationWarning: This process (pid=643) is multi-threaded, use of fork() may lead to deadlocks in the child.
[2026-01-10T00:57:16.020+0000] {standard_task_runner.py:64} INFO - Started process 2183 to run task
[2026-01-10T00:57:16.206+0000] {task_command.py:426} INFO - Running <TaskInstance: minio_to_snowflake.download_minio scheduled__2026-01-10T00:56:00+00:00 [running]> on host ec4c21923cef
[2026-01-10T00:57:16.505+0000] {taskinstance.py:2648} INFO - Exporting env vars: AIRFLOW_CTX_DAG_OWNER='***' AIRFLOW_CTX_DAG_ID='minio_to_snowflake' AIRFLOW_CTX_TASK_ID='download_minio' AIRFLOW_CTX_EXECUTION_DATE='2026-01-10T00:56:00+00:00' AIRFLOW_CTX_TRY_NUMBER='1' AIRFLOW_CTX_DAG_RUN_ID='scheduled__2026-01-10T00:56:00+00:00'
[2026-01-10T00:57:16.508+0000] {taskinstance.py:430} INFO - ::endgroup::
[2026-01-10T00:57:17.604+0000] {logging_mixin.py:188} INFO - Downloaded AAPL/1767994102.json -> /tmp/minio_downloads/1767994102.json
[2026-01-10T00:57:17.630+0000] {logging_mixin.py:188} INFO - Downloaded AAPL/1767994114.json -> /tmp/minio_downloads/1767994114.json
[2026-01-10T00:57:17.658+0000] {logging_mixin.py:188} INFO - Downloaded AAPL/1767994127.json -> /tmp/minio_downloads/1767994127.json
[2026-01-10T00:57:17.684+0000] {logging_mixin.py:188} INFO - Downloaded AAPL/1767994138.json -> /tmp/minio_downloads/1767994138.json
[2026-01-10T00:57:17.709+0000] {logging_mixin.py:188} INFO - Downloaded AAPL/1767994149.json -> /tmp/minio_downloads/1767994149.json
[2026-01-10T00:57:17.729+0000] {logging_mixin.py:188} INFO - Downloaded AAPL/1767994160.json -> /tmp/minio_downloads/1767994160.json
[2026-01-10T00:57:17.751+0000] {logging_mixin.py:188} INFO - Downloaded AAPL/1767994171.json -> /tmp/minio_downloads/1767994171.json
[2026-01-10T00:57:17.773+0000] {logging_mixin.py:188} INFO - Downloaded AAPL/1767994189.json -> /tmp/minio_downloads/1767994189.json
[2026-01-10T00:57:17.793+0000] {logging_mixin.py:188} INFO - Downloaded AAPL/1767994201.json -> /tmp/minio_downloads/1767994201.json
[2026-01-10T00:57:17.814+0000] {logging_mixin.py:188} INFO - Downloaded AAPL/1767994212.json -> /tmp/minio_downloads/1767994212.json
[2026-01-10T00:57:17.836+0000] {logging_mixin.py:188} INFO - Downloaded AAPL/1767994225.json -> /tmp/minio_downloads/1767994225.json
[2026-01-10T00:57:17.856+0000] {logging_mixin.py:188} INFO - Downloaded AAPL/1767994235.json -> /tmp/minio_downloads/1767994235.json
[2026-01-10T00:57:17.873+0000] {logging_mixin.py:188} INFO - Downloaded AAPL/1767994246.json -> /tmp/minio_downloads/1767994246.json
[2026-01-10T00:57:17.889+0000] {logging_mixin.py:188} INFO - Downloaded AAPL/1767994258.json -> /tmp/minio_downloads/1767994258.json
[2026-01-10T00:57:17.908+0000] {logging_mixin.py:188} INFO - Downloaded AAPL/1767994270.json -> /tmp/minio_downloads/1767994270.json
[2026-01-10T00:57:17.925+0000] {logging_mixin.py:188} INFO - Downloaded AAPL/1767994281.json -> /tmp/minio_downloads/1767994281.json
[2026-01-10T00:57:17.942+0000] {logging_mixin.py:188} INFO - Downloaded AAPL/1767997418.json -> /tmp/minio_downloads/1767997418.json
[2026-01-10T00:57:17.966+0000] {logging_mixin.py:188} INFO - Downloaded AAPL/1767997428.json -> /tmp/minio_downloads/1767997428.json
[2026-01-10T00:57:17.983+0000] {logging_mixin.py:188} INFO - Downloaded AAPL/1767997440.json -> /tmp/minio_downloads/1767997440.json
[2026-01-10T00:57:18.004+0000] {logging_mixin.py:188} INFO - Downloaded AAPL/1767997450.json -> /tmp/minio_downloads/1767997450.json
[2026-01-10T00:57:18.021+0000] {logging_mixin.py:188} INFO - Downloaded AAPL/1767997461.json -> /tmp/minio_downloads/1767997461.json
[2026-01-10T00:57:18.039+0000] {logging_mixin.py:188} INFO - Downloaded AAPL/1767997471.json -> /tmp/minio_downloads/1767997471.json
[2026-01-10T00:57:18.058+0000] {logging_mixin.py:188} INFO - Downloaded AAPL/1767997482.json -> /tmp/minio_downloads/1767997482.json
[2026-01-10T00:57:18.077+0000] {logging_mixin.py:188} INFO - Downloaded AAPL/1767997492.json -> /tmp/minio_downloads/1767997492.json
[2026-01-10T00:57:18.096+0000] {logging_mixin.py:188} INFO - Downloaded AAPL/1768000525.json -> /tmp/minio_downloads/1768000525.json
[2026-01-10T00:57:18.111+0000] {logging_mixin.py:188} INFO - Downloaded AAPL/1768000535.json -> /tmp/minio_downloads/1768000535.json
[2026-01-10T00:57:18.124+0000] {logging_mixin.py:188} INFO - Downloaded AAPL/1768000546.json -> /tmp/minio_downloads/1768000546.json
[2026-01-10T00:57:18.142+0000] {logging_mixin.py:188} INFO - Downloaded AAPL/1768000556.json -> /tmp/minio_downloads/1768000556.json
[2026-01-10T00:57:18.158+0000] {logging_mixin.py:188} INFO - Downloaded AAPL/1768000567.json -> /tmp/minio_downloads/1768000567.json
[2026-01-10T00:57:18.176+0000] {logging_mixin.py:188} INFO - Downloaded AAPL/1768000579.json -> /tmp/minio_downloads/1768000579.json
[2026-01-10T00:57:18.192+0000] {logging_mixin.py:188} INFO - Downloaded AAPL/1768000592.json -> /tmp/minio_downloads/1768000592.json
[2026-01-10T00:57:18.211+0000] {logging_mixin.py:188} INFO - Downloaded AAPL/1768000604.json -> /tmp/minio_downloads/1768000604.json
[2026-01-10T00:57:18.231+0000] {logging_mixin.py:188} INFO - Downloaded AAPL/1768000616.json -> /tmp/minio_downloads/1768000616.json
[2026-01-10T00:57:18.251+0000] {logging_mixin.py:188} INFO - Downloaded AAPL/1768000631.json -> /tmp/minio_downloads/1768000631.json
[2026-01-10T00:57:18.272+0000] {logging_mixin.py:188} INFO - Downloaded AAPL/1768000644.json -> /tmp/minio_downloads/1768000644.json
[2026-01-10T00:57:18.294+0000] {logging_mixin.py:188} INFO - Downloaded AAPL/1768000655.json -> /tmp/minio_downloads/1768000655.json
[2026-01-10T00:57:18.320+0000] {logging_mixin.py:188} INFO - Downloaded AAPL/1768000666.json -> /tmp/minio_downloads/1768000666.json
[2026-01-10T00:57:18.347+0000] {logging_mixin.py:188} INFO - Downloaded AAPL/1768000677.json -> /tmp/minio_downloads/1768000677.json
[2026-01-10T00:57:18.366+0000] {logging_mixin.py:188} INFO - Downloaded AAPL/1768000688.json -> /tmp/minio_downloads/1768000688.json
[2026-01-10T00:57:18.385+0000] {logging_mixin.py:188} INFO - Downloaded AAPL/1768000698.json -> /tmp/minio_downloads/1768000698.json
[2026-01-10T00:57:18.404+0000] {logging_mixin.py:188} INFO - Downloaded AAPL/1768000710.json -> /tmp/minio_downloads/1768000710.json
[2026-01-10T00:57:18.423+0000] {logging_mixin.py:188} INFO - Downloaded AAPL/1768000720.json -> /tmp/minio_downloads/1768000720.json
[2026-01-10T00:57:18.441+0000] {logging_mixin.py:188} INFO - Downloaded AAPL/1768000731.json -> /tmp/minio_downloads/1768000731.json
[2026-01-10T00:57:18.458+0000] {logging_mixin.py:188} INFO - Downloaded AAPL/1768000742.json -> /tmp/minio_downloads/1768000742.json
[2026-01-10T00:57:18.475+0000] {logging_mixin.py:188} INFO - Downloaded AAPL/1768000753.json -> /tmp/minio_downloads/1768000753.json
[2026-01-10T00:57:18.490+0000] {logging_mixin.py:188} INFO - Downloaded AAPL/1768000764.json -> /tmp/minio_downloads/1768000764.json
[2026-01-10T00:57:18.507+0000] {logging_mixin.py:188} INFO - Downloaded AAPL/1768000776.json -> /tmp/minio_downloads/1768000776.json
[2026-01-10T00:57:18.530+0000] {logging_mixin.py:188} INFO - Downloaded AAPL/1768000787.json -> /tmp/minio_downloads/1768000787.json
[2026-01-10T00:57:18.562+0000] {logging_mixin.py:188} INFO - Downloaded AAPL/1768000797.json -> /tmp/minio_downloads/1768000797.json
[2026-01-10T00:57:18.598+0000] {logging_mixin.py:188} INFO - Downloaded AAPL/1768000808.json -> /tmp/minio_downloads/1768000808.json
[2026-01-10T00:57:18.657+0000] {logging_mixin.py:188} INFO - Downloaded AAPL/1768000819.json -> /tmp/minio_downloads/1768000819.json
[2026-01-10T00:57:18.697+0000] {logging_mixin.py:188} INFO - Downloaded AAPL/1768000831.json -> /tmp/minio_downloads/1768000831.json
[2026-01-10T00:57:18.736+0000] {logging_mixin.py:188} INFO - Downloaded AAPL/1768000843.json -> /tmp/minio_downloads/1768000843.json
[2026-01-10T00:57:18.769+0000] {logging_mixin.py:188} INFO - Downloaded AAPL/1768000855.json -> /tmp/minio_downloads/1768000855.json
[2026-01-10T00:57:18.795+0000] {logging_mixin.py:188} INFO - Downloaded AAPL/1768000867.json -> /tmp/minio_downloads/1768000867.json
[2026-01-10T00:57:18.818+0000] {logging_mixin.py:188} INFO - Downloaded AAPL/1768000878.json -> /tmp/minio_downloads/1768000878.json
[2026-01-10T00:57:18.853+0000] {logging_mixin.py:188} INFO - Downloaded AAPL/1768000890.json -> /tmp/minio_downloads/1768000890.json
[2026-01-10T00:57:18.881+0000] {logging_mixin.py:188} INFO - Downloaded AAPL/1768000901.json -> /tmp/minio_downloads/1768000901.json
[2026-01-10T00:57:18.928+0000] {logging_mixin.py:188} INFO - Downloaded AAPL/1768000912.json -> /tmp/minio_downloads/1768000912.json
[2026-01-10T00:57:18.968+0000] {logging_mixin.py:188} INFO - Downloaded AAPL/1768000921.json -> /tmp/minio_downloads/1768000921.json
[2026-01-10T00:57:19.003+0000] {logging_mixin.py:188} INFO - Downloaded AAPL/1768000932.json -> /tmp/minio_downloads/1768000932.json
[2026-01-10T00:57:19.029+0000] {logging_mixin.py:188} INFO - Downloaded AAPL/1768000942.json -> /tmp/minio_downloads/1768000942.json
[2026-01-10T00:57:19.051+0000] {logging_mixin.py:188} INFO - Downloaded AAPL/1768000953.json -> /tmp/minio_downloads/1768000953.json
[2026-01-10T00:57:19.074+0000] {logging_mixin.py:188} INFO - Downloaded AAPL/1768001779.json -> /tmp/minio_downloads/1768001779.json
[2026-01-10T00:57:19.098+0000] {logging_mixin.py:188} INFO - Downloaded AAPL/1768001791.json -> /tmp/minio_downloads/1768001791.json
[2026-01-10T00:57:19.118+0000] {logging_mixin.py:188} INFO - Downloaded AAPL/1768001803.json -> /tmp/minio_downloads/1768001803.json
[2026-01-10T00:57:19.143+0000] {logging_mixin.py:188} INFO - Downloaded AAPL/1768001813.json -> /tmp/minio_downloads/1768001813.json
[2026-01-10T00:57:19.176+0000] {logging_mixin.py:188} INFO - Downloaded AAPL/1768001825.json -> /tmp/minio_downloads/1768001825.json
[2026-01-10T00:57:19.194+0000] {logging_mixin.py:188} INFO - Downloaded AAPL/1768001837.json -> /tmp/minio_downloads/1768001837.json
[2026-01-10T00:57:19.211+0000] {logging_mixin.py:188} INFO - Downloaded AAPL/1768001849.json -> /tmp/minio_downloads/1768001849.json
[2026-01-10T00:57:19.229+0000] {logging_mixin.py:188} INFO - Downloaded AAPL/1768001859.json -> /tmp/minio_downloads/1768001859.json
[2026-01-10T00:57:19.244+0000] {logging_mixin.py:188} INFO - Downloaded AAPL/1768001868.json -> /tmp/minio_downloads/1768001868.json
[2026-01-10T00:57:19.260+0000] {logging_mixin.py:188} INFO - Downloaded AAPL/1768002255.json -> /tmp/minio_downloads/1768002255.json
[2026-01-10T00:57:19.278+0000] {logging_mixin.py:188} INFO - Downloaded AAPL/1768002265.json -> /tmp/minio_downloads/1768002265.json
[2026-01-10T00:57:19.300+0000] {logging_mixin.py:188} INFO - Downloaded AAPL/1768002275.json -> /tmp/minio_downloads/1768002275.json
[2026-01-10T00:57:19.325+0000] {logging_mixin.py:188} INFO - Downloaded AAPL/1768002285.json -> /tmp/minio_downloads/1768002285.json
[2026-01-10T00:57:19.349+0000] {logging_mixin.py:188} INFO - Downloaded AAPL/1768002294.json -> /tmp/minio_downloads/1768002294.json
[2026-01-10T00:57:19.376+0000] {logging_mixin.py:188} INFO - Downloaded AAPL/1768002304.json -> /tmp/minio_downloads/1768002304.json
[2026-01-10T00:57:19.403+0000] {logging_mixin.py:188} INFO - Downloaded AAPL/1768002313.json -> /tmp/minio_downloads/1768002313.json
[2026-01-10T00:57:19.430+0000] {logging_mixin.py:188} INFO - Downloaded AAPL/1768002323.json -> /tmp/minio_downloads/1768002323.json
[2026-01-10T00:57:19.450+0000] {logging_mixin.py:188} INFO - Downloaded AAPL/1768002333.json -> /tmp/minio_downloads/1768002333.json
[2026-01-10T00:57:19.471+0000] {logging_mixin.py:188} INFO - Downloaded AAPL/1768002343.json -> /tmp/minio_downloads/1768002343.json
[2026-01-10T00:57:19.487+0000] {logging_mixin.py:188} INFO - Downloaded AAPL/1768002355.json -> /tmp/minio_downloads/1768002355.json
[2026-01-10T00:57:19.502+0000] {logging_mixin.py:188} INFO - Downloaded AAPL/1768002366.json -> /tmp/minio_downloads/1768002366.json
[2026-01-10T00:57:19.517+0000] {logging_mixin.py:188} INFO - Downloaded AAPL/1768002377.json -> /tmp/minio_downloads/1768002377.json
[2026-01-10T00:57:19.532+0000] {logging_mixin.py:188} INFO - Downloaded AAPL/1768002388.json -> /tmp/minio_downloads/1768002388.json
[2026-01-10T00:57:19.546+0000] {logging_mixin.py:188} INFO - Downloaded AAPL/1768002399.json -> /tmp/minio_downloads/1768002399.json
[2026-01-10T00:57:19.563+0000] {logging_mixin.py:188} INFO - Downloaded AAPL/1768002410.json -> /tmp/minio_downloads/1768002410.json
[2026-01-10T00:57:19.577+0000] {logging_mixin.py:188} INFO - Downloaded AAPL/1768002420.json -> /tmp/minio_downloads/1768002420.json
[2026-01-10T00:57:19.593+0000] {logging_mixin.py:188} INFO - Downloaded AAPL/1768002432.json -> /tmp/minio_downloads/1768002432.json
[2026-01-10T00:57:19.608+0000] {logging_mixin.py:188} INFO - Downloaded AAPL/1768002443.json -> /tmp/minio_downloads/1768002443.json
[2026-01-10T00:57:19.624+0000] {logging_mixin.py:188} INFO - Downloaded AAPL/1768002455.json -> /tmp/minio_downloads/1768002455.json
[2026-01-10T00:57:19.639+0000] {logging_mixin.py:188} INFO - Downloaded AMZN/1767994107.json -> /tmp/minio_downloads/1767994107.json
[2026-01-10T00:57:19.656+0000] {logging_mixin.py:188} INFO - Downloaded AMZN/1767994120.json -> /tmp/minio_downloads/1767994120.json
[2026-01-10T00:57:19.675+0000] {logging_mixin.py:188} INFO - Downloaded AMZN/1767994132.json -> /tmp/minio_downloads/1767994132.json
[2026-01-10T00:57:19.697+0000] {logging_mixin.py:188} INFO - Downloaded AMZN/1767994142.json -> /tmp/minio_downloads/1767994142.json
[2026-01-10T00:57:19.720+0000] {logging_mixin.py:188} INFO - Downloaded AMZN/1767994153.json -> /tmp/minio_downloads/1767994153.json
[2026-01-10T00:57:19.743+0000] {logging_mixin.py:188} INFO - Downloaded AMZN/1767994164.json -> /tmp/minio_downloads/1767994164.json
[2026-01-10T00:57:19.764+0000] {logging_mixin.py:188} INFO - Downloaded AMZN/1767994182.json -> /tmp/minio_downloads/1767994182.json
[2026-01-10T00:57:19.798+0000] {logging_mixin.py:188} INFO - Downloaded AMZN/1767994193.json -> /tmp/minio_downloads/1767994193.json
[2026-01-10T00:57:19.825+0000] {logging_mixin.py:188} INFO - Downloaded AMZN/1767994205.json -> /tmp/minio_downloads/1767994205.json
[2026-01-10T00:57:19.843+0000] {logging_mixin.py:188} INFO - Downloaded AMZN/1767994216.json -> /tmp/minio_downloads/1767994216.json
[2026-01-10T00:57:19.866+0000] {logging_mixin.py:188} INFO - Downloaded AMZN/1767994228.json -> /tmp/minio_downloads/1767994228.json
[2026-01-10T00:57:19.884+0000] {logging_mixin.py:188} INFO - Downloaded AMZN/1767994240.json -> /tmp/minio_downloads/1767994240.json
[2026-01-10T00:57:19.902+0000] {logging_mixin.py:188} INFO - Downloaded AMZN/1767994250.json -> /tmp/minio_downloads/1767994250.json
[2026-01-10T00:57:19.919+0000] {logging_mixin.py:188} INFO - Downloaded AMZN/1767994263.json -> /tmp/minio_downloads/1767994263.json
[2026-01-10T00:57:19.941+0000] {logging_mixin.py:188} INFO - Downloaded AMZN/1767994274.json -> /tmp/minio_downloads/1767994274.json
[2026-01-10T00:57:19.960+0000] {logging_mixin.py:188} INFO - Downloaded AMZN/1767997421.json -> /tmp/minio_downloads/1767997421.json
[2026-01-10T00:57:19.987+0000] {logging_mixin.py:188} INFO - Downloaded AMZN/1767997432.json -> /tmp/minio_downloads/1767997432.json
[2026-01-10T00:57:20.011+0000] {logging_mixin.py:188} INFO - Downloaded AMZN/1767997443.json -> /tmp/minio_downloads/1767997443.json
[2026-01-10T00:57:20.043+0000] {logging_mixin.py:188} INFO - Downloaded AMZN/1767997454.json -> /tmp/minio_downloads/1767997454.json
[2026-01-10T00:57:20.074+0000] {logging_mixin.py:188} INFO - Downloaded AMZN/1767997465.json -> /tmp/minio_downloads/1767997465.json
[2026-01-10T00:57:20.108+0000] {logging_mixin.py:188} INFO - Downloaded AMZN/1767997474.json -> /tmp/minio_downloads/1767997474.json
[2026-01-10T00:57:20.138+0000] {logging_mixin.py:188} INFO - Downloaded AMZN/1767997485.json -> /tmp/minio_downloads/1767997485.json
[2026-01-10T00:57:20.172+0000] {logging_mixin.py:188} INFO - Downloaded AMZN/1767997494.json -> /tmp/minio_downloads/1767997494.json
[2026-01-10T00:57:20.204+0000] {logging_mixin.py:188} INFO - Downloaded AMZN/1768000528.json -> /tmp/minio_downloads/1768000528.json
[2026-01-10T00:57:20.238+0000] {logging_mixin.py:188} INFO - Downloaded AMZN/1768000539.json -> /tmp/minio_downloads/1768000539.json
[2026-01-10T00:57:20.261+0000] {logging_mixin.py:188} INFO - Downloaded AMZN/1768000549.json -> /tmp/minio_downloads/1768000549.json
[2026-01-10T00:57:20.294+0000] {logging_mixin.py:188} INFO - Downloaded AMZN/1768000559.json -> /tmp/minio_downloads/1768000559.json
[2026-01-10T00:57:20.325+0000] {logging_mixin.py:188} INFO - Downloaded AMZN/1768000572.json -> /tmp/minio_downloads/1768000572.json
[2026-01-10T00:57:20.356+0000] {logging_mixin.py:188} INFO - Downloaded AMZN/1768000585.json -> /tmp/minio_downloads/1768000585.json
[2026-01-10T00:57:20.378+0000] {logging_mixin.py:188} INFO - Downloaded AMZN/1768000597.json -> /tmp/minio_downloads/1768000597.json
[2026-01-10T00:57:20.408+0000] {logging_mixin.py:188} INFO - Downloaded AMZN/1768000609.json -> /tmp/minio_downloads/1768000609.json
[2026-01-10T00:57:20.438+0000] {logging_mixin.py:188} INFO - Downloaded AMZN/1768000623.json -> /tmp/minio_downloads/1768000623.json
[2026-01-10T00:57:20.473+0000] {logging_mixin.py:188} INFO - Downloaded AMZN/1768000637.json -> /tmp/minio_downloads/1768000637.json
[2026-01-10T00:57:20.494+0000] {logging_mixin.py:188} INFO - Downloaded AMZN/1768000648.json -> /tmp/minio_downloads/1768000648.json
[2026-01-10T00:57:20.516+0000] {logging_mixin.py:188} INFO - Downloaded AMZN/1768000659.json -> /tmp/minio_downloads/1768000659.json
[2026-01-10T00:57:20.543+0000] {logging_mixin.py:188} INFO - Downloaded AMZN/1768000670.json -> /tmp/minio_downloads/1768000670.json
[2026-01-10T00:57:20.579+0000] {logging_mixin.py:188} INFO - Downloaded AMZN/1768000681.json -> /tmp/minio_downloads/1768000681.json
[2026-01-10T00:57:20.608+0000] {logging_mixin.py:188} INFO - Downloaded AMZN/1768000692.json -> /tmp/minio_downloads/1768000692.json
[2026-01-10T00:57:20.630+0000] {logging_mixin.py:188} INFO - Downloaded AMZN/1768000703.json -> /tmp/minio_downloads/1768000703.json
[2026-01-10T00:57:20.647+0000] {logging_mixin.py:188} INFO - Downloaded AMZN/1768000714.json -> /tmp/minio_downloads/1768000714.json
[2026-01-10T00:57:20.668+0000] {logging_mixin.py:188} INFO - Downloaded AMZN/1768000724.json -> /tmp/minio_downloads/1768000724.json
[2026-01-10T00:57:20.686+0000] {logging_mixin.py:188} INFO - Downloaded AMZN/1768000735.json -> /tmp/minio_downloads/1768000735.json
[2026-01-10T00:57:20.713+0000] {logging_mixin.py:188} INFO - Downloaded AMZN/1768000746.json -> /tmp/minio_downloads/1768000746.json
[2026-01-10T00:57:20.738+0000] {logging_mixin.py:188} INFO - Downloaded AMZN/1768000757.json -> /tmp/minio_downloads/1768000757.json
[2026-01-10T00:57:20.759+0000] {logging_mixin.py:188} INFO - Downloaded AMZN/1768000768.json -> /tmp/minio_downloads/1768000768.json
[2026-01-10T00:57:20.781+0000] {logging_mixin.py:188} INFO - Downloaded AMZN/1768000780.json -> /tmp/minio_downloads/1768000780.json
[2026-01-10T00:57:20.810+0000] {logging_mixin.py:188} INFO - Downloaded AMZN/1768000791.json -> /tmp/minio_downloads/1768000791.json
[2026-01-10T00:57:20.839+0000] {logging_mixin.py:188} INFO - Downloaded AMZN/1768000801.json -> /tmp/minio_downloads/1768000801.json
[2026-01-10T00:57:20.860+0000] {logging_mixin.py:188} INFO - Downloaded AMZN/1768000812.json -> /tmp/minio_downloads/1768000812.json
[2026-01-10T00:57:20.880+0000] {logging_mixin.py:188} INFO - Downloaded AMZN/1768000824.json -> /tmp/minio_downloads/1768000824.json
[2026-01-10T00:57:20.903+0000] {logging_mixin.py:188} INFO - Downloaded AMZN/1768000836.json -> /tmp/minio_downloads/1768000836.json
[2026-01-10T00:57:20.922+0000] {logging_mixin.py:188} INFO - Downloaded AMZN/1768000848.json -> /tmp/minio_downloads/1768000848.json
[2026-01-10T00:57:20.947+0000] {logging_mixin.py:188} INFO - Downloaded AMZN/1768000860.json -> /tmp/minio_downloads/1768000860.json
[2026-01-10T00:57:20.968+0000] {logging_mixin.py:188} INFO - Downloaded AMZN/1768000871.json -> /tmp/minio_downloads/1768000871.json
[2026-01-10T00:57:20.983+0000] {logging_mixin.py:188} INFO - Downloaded AMZN/1768000883.json -> /tmp/minio_downloads/1768000883.json
[2026-01-10T00:57:21.000+0000] {logging_mixin.py:188} INFO - Downloaded AMZN/1768000894.json -> /tmp/minio_downloads/1768000894.json
[2026-01-10T00:57:21.016+0000] {logging_mixin.py:188} INFO - Downloaded AMZN/1768000905.json -> /tmp/minio_downloads/1768000905.json
[2026-01-10T00:57:21.036+0000] {logging_mixin.py:188} INFO - Downloaded AMZN/1768000914.json -> /tmp/minio_downloads/1768000914.json
[2026-01-10T00:57:21.051+0000] {logging_mixin.py:188} INFO - Downloaded AMZN/1768000925.json -> /tmp/minio_downloads/1768000925.json
[2026-01-10T00:57:21.072+0000] {logging_mixin.py:188} INFO - Downloaded AMZN/1768000935.json -> /tmp/minio_downloads/1768000935.json
[2026-01-10T00:57:21.091+0000] {logging_mixin.py:188} INFO - Downloaded AMZN/1768000946.json -> /tmp/minio_downloads/1768000946.json
[2026-01-10T00:57:21.109+0000] {logging_mixin.py:188} INFO - Downloaded AMZN/1768000957.json -> /tmp/minio_downloads/1768000957.json
[2026-01-10T00:57:21.129+0000] {logging_mixin.py:188} INFO - Downloaded AMZN/1768001784.json -> /tmp/minio_downloads/1768001784.json
[2026-01-10T00:57:21.157+0000] {logging_mixin.py:188} INFO - Downloaded AMZN/1768001796.json -> /tmp/minio_downloads/1768001796.json
[2026-01-10T00:57:21.177+0000] {logging_mixin.py:188} INFO - Downloaded AMZN/1768001806.json -> /tmp/minio_downloads/1768001806.json
[2026-01-10T00:57:21.197+0000] {logging_mixin.py:188} INFO - Downloaded AMZN/1768001818.json -> /tmp/minio_downloads/1768001818.json
[2026-01-10T00:57:21.217+0000] {logging_mixin.py:188} INFO - Downloaded AMZN/1768001830.json -> /tmp/minio_downloads/1768001830.json
[2026-01-10T00:57:21.250+0000] {logging_mixin.py:188} INFO - Downloaded AMZN/1768001842.json -> /tmp/minio_downloads/1768001842.json
[2026-01-10T00:57:21.274+0000] {logging_mixin.py:188} INFO - Downloaded AMZN/1768001852.json -> /tmp/minio_downloads/1768001852.json
[2026-01-10T00:57:21.290+0000] {logging_mixin.py:188} INFO - Downloaded AMZN/1768001862.json -> /tmp/minio_downloads/1768001862.json
[2026-01-10T00:57:21.308+0000] {logging_mixin.py:188} INFO - Downloaded AMZN/1768001871.json -> /tmp/minio_downloads/1768001871.json
[2026-01-10T00:57:21.330+0000] {logging_mixin.py:188} INFO - Downloaded AMZN/1768002259.json -> /tmp/minio_downloads/1768002259.json
[2026-01-10T00:57:21.353+0000] {logging_mixin.py:188} INFO - Downloaded AMZN/1768002268.json -> /tmp/minio_downloads/1768002268.json
[2026-01-10T00:57:21.381+0000] {logging_mixin.py:188} INFO - Downloaded AMZN/1768002278.json -> /tmp/minio_downloads/1768002278.json
[2026-01-10T00:57:21.408+0000] {logging_mixin.py:188} INFO - Downloaded AMZN/1768002287.json -> /tmp/minio_downloads/1768002287.json
[2026-01-10T00:57:21.438+0000] {logging_mixin.py:188} INFO - Downloaded AMZN/1768002297.json -> /tmp/minio_downloads/1768002297.json
[2026-01-10T00:57:21.468+0000] {logging_mixin.py:188} INFO - Downloaded AMZN/1768002306.json -> /tmp/minio_downloads/1768002306.json
[2026-01-10T00:57:21.512+0000] {logging_mixin.py:188} INFO - Downloaded AMZN/1768002316.json -> /tmp/minio_downloads/1768002316.json
[2026-01-10T00:57:21.559+0000] {logging_mixin.py:188} INFO - Downloaded AMZN/1768002326.json -> /tmp/minio_downloads/1768002326.json
[2026-01-10T00:57:21.601+0000] {logging_mixin.py:188} INFO - Downloaded AMZN/1768002336.json -> /tmp/minio_downloads/1768002336.json
[2026-01-10T00:57:21.628+0000] {logging_mixin.py:188} INFO - Downloaded AMZN/1768002347.json -> /tmp/minio_downloads/1768002347.json
[2026-01-10T00:57:21.658+0000] {logging_mixin.py:188} INFO - Downloaded AMZN/1768002359.json -> /tmp/minio_downloads/1768002359.json
[2026-01-10T00:57:21.688+0000] {logging_mixin.py:188} INFO - Downloaded AMZN/1768002371.json -> /tmp/minio_downloads/1768002371.json
[2026-01-10T00:57:21.716+0000] {logging_mixin.py:188} INFO - Downloaded AMZN/1768002381.json -> /tmp/minio_downloads/1768002381.json
[2026-01-10T00:57:21.768+0000] {logging_mixin.py:188} INFO - Downloaded AMZN/1768002392.json -> /tmp/minio_downloads/1768002392.json
[2026-01-10T00:57:21.817+0000] {logging_mixin.py:188} INFO - Downloaded AMZN/1768002403.json -> /tmp/minio_downloads/1768002403.json
[2026-01-10T00:57:21.855+0000] {logging_mixin.py:188} INFO - Downloaded AMZN/1768002413.json -> /tmp/minio_downloads/1768002413.json
[2026-01-10T00:57:21.893+0000] {logging_mixin.py:188} INFO - Downloaded AMZN/1768002425.json -> /tmp/minio_downloads/1768002425.json
[2026-01-10T00:57:21.937+0000] {logging_mixin.py:188} INFO - Downloaded AMZN/1768002436.json -> /tmp/minio_downloads/1768002436.json
[2026-01-10T00:57:21.974+0000] {logging_mixin.py:188} INFO - Downloaded AMZN/1768002448.json -> /tmp/minio_downloads/1768002448.json
[2026-01-10T00:57:22.003+0000] {logging_mixin.py:188} INFO - Downloaded AMZN/1768002459.json -> /tmp/minio_downloads/1768002459.json
[2026-01-10T00:57:22.026+0000] {logging_mixin.py:188} INFO - Downloaded GOOGL/1767994105.json -> /tmp/minio_downloads/1767994105.json
[2026-01-10T00:57:22.051+0000] {logging_mixin.py:188} INFO - Downloaded GOOGL/1767994117.json -> /tmp/minio_downloads/1767994117.json
[2026-01-10T00:57:22.075+0000] {logging_mixin.py:188} INFO - Downloaded GOOGL/1767994131.json -> /tmp/minio_downloads/1767994131.json
[2026-01-10T00:57:22.104+0000] {logging_mixin.py:188} INFO - Downloaded GOOGL/1767994141.json -> /tmp/minio_downloads/1767994141.json
[2026-01-10T00:57:22.143+0000] {logging_mixin.py:188} INFO - Downloaded GOOGL/1767994152.json -> /tmp/minio_downloads/1767994152.json
[2026-01-10T00:57:22.169+0000] {logging_mixin.py:188} INFO - Downloaded GOOGL/1767994163.json -> /tmp/minio_downloads/1767994163.json
[2026-01-10T00:57:22.200+0000] {logging_mixin.py:188} INFO - Downloaded GOOGL/1767994181.json -> /tmp/minio_downloads/1767994181.json
[2026-01-10T00:57:22.230+0000] {logging_mixin.py:188} INFO - Downloaded GOOGL/1767994192.json -> /tmp/minio_downloads/1767994192.json
[2026-01-10T00:57:22.252+0000] {logging_mixin.py:188} INFO - Downloaded GOOGL/1767994204.json -> /tmp/minio_downloads/1767994204.json
[2026-01-10T00:57:22.283+0000] {logging_mixin.py:188} INFO - Downloaded GOOGL/1767994215.json -> /tmp/minio_downloads/1767994215.json
[2026-01-10T00:57:22.308+0000] {logging_mixin.py:188} INFO - Downloaded GOOGL/1767994227.json -> /tmp/minio_downloads/1767994227.json
[2026-01-10T00:57:22.329+0000] {logging_mixin.py:188} INFO - Downloaded GOOGL/1767994239.json -> /tmp/minio_downloads/1767994239.json
[2026-01-10T00:57:22.356+0000] {logging_mixin.py:188} INFO - Downloaded GOOGL/1767994249.json -> /tmp/minio_downloads/1767994249.json
[2026-01-10T00:57:22.374+0000] {logging_mixin.py:188} INFO - Downloaded GOOGL/1767994261.json -> /tmp/minio_downloads/1767994261.json
[2026-01-10T00:57:22.396+0000] {logging_mixin.py:188} INFO - Downloaded GOOGL/1767994273.json -> /tmp/minio_downloads/1767994273.json
[2026-01-10T00:57:22.417+0000] {logging_mixin.py:188} INFO - Downloaded GOOGL/1767997420.json -> /tmp/minio_downloads/1767997420.json
[2026-01-10T00:57:22.452+0000] {logging_mixin.py:188} INFO - Downloaded GOOGL/1767997431.json -> /tmp/minio_downloads/1767997431.json
[2026-01-10T00:57:22.478+0000] {logging_mixin.py:188} INFO - Downloaded GOOGL/1767997442.json -> /tmp/minio_downloads/1767997442.json
[2026-01-10T00:57:22.511+0000] {logging_mixin.py:188} INFO - Downloaded GOOGL/1767997453.json -> /tmp/minio_downloads/1767997453.json
[2026-01-10T00:57:22.540+0000] {logging_mixin.py:188} INFO - Downloaded GOOGL/1767997464.json -> /tmp/minio_downloads/1767997464.json
[2026-01-10T00:57:22.574+0000] {logging_mixin.py:188} INFO - Downloaded GOOGL/1767997473.json -> /tmp/minio_downloads/1767997473.json
[2026-01-10T00:57:22.598+0000] {logging_mixin.py:188} INFO - Downloaded GOOGL/1767997484.json -> /tmp/minio_downloads/1767997484.json
[2026-01-10T00:57:22.616+0000] {logging_mixin.py:188} INFO - Downloaded GOOGL/1767997494.json -> /tmp/minio_downloads/1767997494.json
[2026-01-10T00:57:22.635+0000] {logging_mixin.py:188} INFO - Downloaded GOOGL/1768000527.json -> /tmp/minio_downloads/1768000527.json
[2026-01-10T00:57:22.650+0000] {logging_mixin.py:188} INFO - Downloaded GOOGL/1768000538.json -> /tmp/minio_downloads/1768000538.json
[2026-01-10T00:57:22.664+0000] {logging_mixin.py:188} INFO - Downloaded GOOGL/1768000548.json -> /tmp/minio_downloads/1768000548.json
[2026-01-10T00:57:22.680+0000] {logging_mixin.py:188} INFO - Downloaded GOOGL/1768000559.json -> /tmp/minio_downloads/1768000559.json
[2026-01-10T00:57:22.694+0000] {logging_mixin.py:188} INFO - Downloaded GOOGL/1768000570.json -> /tmp/minio_downloads/1768000570.json
[2026-01-10T00:57:22.708+0000] {logging_mixin.py:188} INFO - Downloaded GOOGL/1768000583.json -> /tmp/minio_downloads/1768000583.json
[2026-01-10T00:57:22.721+0000] {logging_mixin.py:188} INFO - Downloaded GOOGL/1768000596.json -> /tmp/minio_downloads/1768000596.json
[2026-01-10T00:57:22.734+0000] {logging_mixin.py:188} INFO - Downloaded GOOGL/1768000608.json -> /tmp/minio_downloads/1768000608.json
[2026-01-10T00:57:22.751+0000] {logging_mixin.py:188} INFO - Downloaded GOOGL/1768000622.json -> /tmp/minio_downloads/1768000622.json
[2026-01-10T00:57:22.769+0000] {logging_mixin.py:188} INFO - Downloaded GOOGL/1768000635.json -> /tmp/minio_downloads/1768000635.json
[2026-01-10T00:57:22.788+0000] {logging_mixin.py:188} INFO - Downloaded GOOGL/1768000647.json -> /tmp/minio_downloads/1768000647.json
[2026-01-10T00:57:22.806+0000] {logging_mixin.py:188} INFO - Downloaded GOOGL/1768000658.json -> /tmp/minio_downloads/1768000658.json
[2026-01-10T00:57:22.824+0000] {logging_mixin.py:188} INFO - Downloaded GOOGL/1768000669.json -> /tmp/minio_downloads/1768000669.json
[2026-01-10T00:57:22.837+0000] {logging_mixin.py:188} INFO - Downloaded GOOGL/1768000680.json -> /tmp/minio_downloads/1768000680.json
[2026-01-10T00:57:22.854+0000] {logging_mixin.py:188} INFO - Downloaded GOOGL/1768000691.json -> /tmp/minio_downloads/1768000691.json
[2026-01-10T00:57:22.872+0000] {logging_mixin.py:188} INFO - Downloaded GOOGL/1768000702.json -> /tmp/minio_downloads/1768000702.json
[2026-01-10T00:57:22.893+0000] {logging_mixin.py:188} INFO - Downloaded GOOGL/1768000713.json -> /tmp/minio_downloads/1768000713.json
[2026-01-10T00:57:22.911+0000] {logging_mixin.py:188} INFO - Downloaded GOOGL/1768000723.json -> /tmp/minio_downloads/1768000723.json
[2026-01-10T00:57:22.930+0000] {logging_mixin.py:188} INFO - Downloaded GOOGL/1768000734.json -> /tmp/minio_downloads/1768000734.json
[2026-01-10T00:57:22.952+0000] {logging_mixin.py:188} INFO - Downloaded GOOGL/1768000745.json -> /tmp/minio_downloads/1768000745.json
[2026-01-10T00:57:22.977+0000] {logging_mixin.py:188} INFO - Downloaded GOOGL/1768000756.json -> /tmp/minio_downloads/1768000756.json
[2026-01-10T00:57:22.998+0000] {logging_mixin.py:188} INFO - Downloaded GOOGL/1768000767.json -> /tmp/minio_downloads/1768000767.json
[2026-01-10T00:57:23.025+0000] {logging_mixin.py:188} INFO - Downloaded GOOGL/1768000779.json -> /tmp/minio_downloads/1768000779.json
[2026-01-10T00:57:23.042+0000] {logging_mixin.py:188} INFO - Downloaded GOOGL/1768000790.json -> /tmp/minio_downloads/1768000790.json
[2026-01-10T00:57:23.060+0000] {logging_mixin.py:188} INFO - Downloaded GOOGL/1768000800.json -> /tmp/minio_downloads/1768000800.json
[2026-01-10T00:57:23.075+0000] {logging_mixin.py:188} INFO - Downloaded GOOGL/1768000811.json -> /tmp/minio_downloads/1768000811.json
[2026-01-10T00:57:23.093+0000] {logging_mixin.py:188} INFO - Downloaded GOOGL/1768000823.json -> /tmp/minio_downloads/1768000823.json
[2026-01-10T00:57:23.114+0000] {logging_mixin.py:188} INFO - Downloaded GOOGL/1768000835.json -> /tmp/minio_downloads/1768000835.json
[2026-01-10T00:57:23.134+0000] {logging_mixin.py:188} INFO - Downloaded GOOGL/1768000847.json -> /tmp/minio_downloads/1768000847.json
[2026-01-10T00:57:23.165+0000] {logging_mixin.py:188} INFO - Downloaded GOOGL/1768000859.json -> /tmp/minio_downloads/1768000859.json
[2026-01-10T00:57:23.195+0000] {logging_mixin.py:188} INFO - Downloaded GOOGL/1768000870.json -> /tmp/minio_downloads/1768000870.json
[2026-01-10T00:57:23.222+0000] {logging_mixin.py:188} INFO - Downloaded GOOGL/1768000882.json -> /tmp/minio_downloads/1768000882.json
[2026-01-10T00:57:23.242+0000] {logging_mixin.py:188} INFO - Downloaded GOOGL/1768000893.json -> /tmp/minio_downloads/1768000893.json
[2026-01-10T00:57:23.272+0000] {logging_mixin.py:188} INFO - Downloaded GOOGL/1768000904.json -> /tmp/minio_downloads/1768000904.json
[2026-01-10T00:57:23.296+0000] {logging_mixin.py:188} INFO - Downloaded GOOGL/1768000914.json -> /tmp/minio_downloads/1768000914.json
[2026-01-10T00:57:23.321+0000] {logging_mixin.py:188} INFO - Downloaded GOOGL/1768000924.json -> /tmp/minio_downloads/1768000924.json
[2026-01-10T00:57:23.339+0000] {logging_mixin.py:188} INFO - Downloaded GOOGL/1768000934.json -> /tmp/minio_downloads/1768000934.json
[2026-01-10T00:57:23.357+0000] {logging_mixin.py:188} INFO - Downloaded GOOGL/1768000945.json -> /tmp/minio_downloads/1768000945.json
[2026-01-10T00:57:23.373+0000] {logging_mixin.py:188} INFO - Downloaded GOOGL/1768000956.json -> /tmp/minio_downloads/1768000956.json
[2026-01-10T00:57:23.392+0000] {logging_mixin.py:188} INFO - Downloaded GOOGL/1768001782.json -> /tmp/minio_downloads/1768001782.json
[2026-01-10T00:57:23.418+0000] {logging_mixin.py:188} INFO - Downloaded GOOGL/1768001795.json -> /tmp/minio_downloads/1768001795.json
[2026-01-10T00:57:23.442+0000] {logging_mixin.py:188} INFO - Downloaded GOOGL/1768001805.json -> /tmp/minio_downloads/1768001805.json
[2026-01-10T00:57:23.462+0000] {logging_mixin.py:188} INFO - Downloaded GOOGL/1768001817.json -> /tmp/minio_downloads/1768001817.json
[2026-01-10T00:57:23.482+0000] {logging_mixin.py:188} INFO - Downloaded GOOGL/1768001828.json -> /tmp/minio_downloads/1768001828.json
[2026-01-10T00:57:23.508+0000] {logging_mixin.py:188} INFO - Downloaded GOOGL/1768001841.json -> /tmp/minio_downloads/1768001841.json
[2026-01-10T00:57:23.532+0000] {logging_mixin.py:188} INFO - Downloaded GOOGL/1768001851.json -> /tmp/minio_downloads/1768001851.json
[2026-01-10T00:57:23.553+0000] {logging_mixin.py:188} INFO - Downloaded GOOGL/1768001861.json -> /tmp/minio_downloads/1768001861.json
[2026-01-10T00:57:23.575+0000] {logging_mixin.py:188} INFO - Downloaded GOOGL/1768001870.json -> /tmp/minio_downloads/1768001870.json
[2026-01-10T00:57:23.597+0000] {logging_mixin.py:188} INFO - Downloaded GOOGL/1768002257.json -> /tmp/minio_downloads/1768002257.json
[2026-01-10T00:57:23.625+0000] {logging_mixin.py:188} INFO - Downloaded GOOGL/1768002268.json -> /tmp/minio_downloads/1768002268.json
[2026-01-10T00:57:23.649+0000] {logging_mixin.py:188} INFO - Downloaded GOOGL/1768002277.json -> /tmp/minio_downloads/1768002277.json
[2026-01-10T00:57:23.673+0000] {logging_mixin.py:188} INFO - Downloaded GOOGL/1768002287.json -> /tmp/minio_downloads/1768002287.json
[2026-01-10T00:57:23.695+0000] {logging_mixin.py:188} INFO - Downloaded GOOGL/1768002296.json -> /tmp/minio_downloads/1768002296.json
[2026-01-10T00:57:23.722+0000] {logging_mixin.py:188} INFO - Downloaded GOOGL/1768002306.json -> /tmp/minio_downloads/1768002306.json
[2026-01-10T00:57:23.746+0000] {logging_mixin.py:188} INFO - Downloaded GOOGL/1768002315.json -> /tmp/minio_downloads/1768002315.json
[2026-01-10T00:57:23.771+0000] {logging_mixin.py:188} INFO - Downloaded GOOGL/1768002325.json -> /tmp/minio_downloads/1768002325.json
[2026-01-10T00:57:23.805+0000] {logging_mixin.py:188} INFO - Downloaded GOOGL/1768002335.json -> /tmp/minio_downloads/1768002335.json
[2026-01-10T00:57:23.825+0000] {logging_mixin.py:188} INFO - Downloaded GOOGL/1768002346.json -> /tmp/minio_downloads/1768002346.json
[2026-01-10T00:57:23.845+0000] {logging_mixin.py:188} INFO - Downloaded GOOGL/1768002358.json -> /tmp/minio_downloads/1768002358.json
[2026-01-10T00:57:23.866+0000] {logging_mixin.py:188} INFO - Downloaded GOOGL/1768002370.json -> /tmp/minio_downloads/1768002370.json
[2026-01-10T00:57:23.890+0000] {logging_mixin.py:188} INFO - Downloaded GOOGL/1768002380.json -> /tmp/minio_downloads/1768002380.json
[2026-01-10T00:57:23.913+0000] {logging_mixin.py:188} INFO - Downloaded GOOGL/1768002391.json -> /tmp/minio_downloads/1768002391.json
[2026-01-10T00:57:23.936+0000] {logging_mixin.py:188} INFO - Downloaded GOOGL/1768002402.json -> /tmp/minio_downloads/1768002402.json
[2026-01-10T00:57:23.959+0000] {logging_mixin.py:188} INFO - Downloaded GOOGL/1768002413.json -> /tmp/minio_downloads/1768002413.json
[2026-01-10T00:57:23.990+0000] {logging_mixin.py:188} INFO - Downloaded GOOGL/1768002424.json -> /tmp/minio_downloads/1768002424.json
[2026-01-10T00:57:24.016+0000] {logging_mixin.py:188} INFO - Downloaded GOOGL/1768002435.json -> /tmp/minio_downloads/1768002435.json
[2026-01-10T00:57:24.043+0000] {logging_mixin.py:188} INFO - Downloaded GOOGL/1768002447.json -> /tmp/minio_downloads/1768002447.json
[2026-01-10T00:57:24.076+0000] {logging_mixin.py:188} INFO - Downloaded GOOGL/1768002458.json -> /tmp/minio_downloads/1768002458.json
[2026-01-10T00:57:24.111+0000] {logging_mixin.py:188} INFO - Downloaded MSFT/1767994103.json -> /tmp/minio_downloads/1767994103.json
[2026-01-10T00:57:24.145+0000] {logging_mixin.py:188} INFO - Downloaded MSFT/1767994115.json -> /tmp/minio_downloads/1767994115.json
[2026-01-10T00:57:24.173+0000] {logging_mixin.py:188} INFO - Downloaded MSFT/1767994129.json -> /tmp/minio_downloads/1767994129.json
[2026-01-10T00:57:24.211+0000] {logging_mixin.py:188} INFO - Downloaded MSFT/1767994139.json -> /tmp/minio_downloads/1767994139.json
[2026-01-10T00:57:24.236+0000] {logging_mixin.py:188} INFO - Downloaded MSFT/1767994150.json -> /tmp/minio_downloads/1767994150.json
[2026-01-10T00:57:24.259+0000] {logging_mixin.py:188} INFO - Downloaded MSFT/1767994161.json -> /tmp/minio_downloads/1767994161.json
[2026-01-10T00:57:24.278+0000] {logging_mixin.py:188} INFO - Downloaded MSFT/1767994172.json -> /tmp/minio_downloads/1767994172.json
[2026-01-10T00:57:24.299+0000] {logging_mixin.py:188} INFO - Downloaded MSFT/1767994190.json -> /tmp/minio_downloads/1767994190.json
[2026-01-10T00:57:24.321+0000] {logging_mixin.py:188} INFO - Downloaded MSFT/1767994202.json -> /tmp/minio_downloads/1767994202.json
[2026-01-10T00:57:24.368+0000] {logging_mixin.py:188} INFO - Downloaded MSFT/1767994212.json -> /tmp/minio_downloads/1767994212.json
[2026-01-10T00:57:24.423+0000] {logging_mixin.py:188} INFO - Downloaded MSFT/1767994226.json -> /tmp/minio_downloads/1767994226.json
[2026-01-10T00:57:24.459+0000] {logging_mixin.py:188} INFO - Downloaded MSFT/1767994236.json -> /tmp/minio_downloads/1767994236.json
[2026-01-10T00:57:24.487+0000] {logging_mixin.py:188} INFO - Downloaded MSFT/1767994247.json -> /tmp/minio_downloads/1767994247.json
[2026-01-10T00:57:24.511+0000] {logging_mixin.py:188} INFO - Downloaded MSFT/1767994259.json -> /tmp/minio_downloads/1767994259.json
[2026-01-10T00:57:24.530+0000] {logging_mixin.py:188} INFO - Downloaded MSFT/1767994271.json -> /tmp/minio_downloads/1767994271.json
[2026-01-10T00:57:24.547+0000] {logging_mixin.py:188} INFO - Downloaded MSFT/1767997419.json -> /tmp/minio_downloads/1767997419.json
[2026-01-10T00:57:24.566+0000] {logging_mixin.py:188} INFO - Downloaded MSFT/1767997429.json -> /tmp/minio_downloads/1767997429.json
[2026-01-10T00:57:24.585+0000] {logging_mixin.py:188} INFO - Downloaded MSFT/1767997440.json -> /tmp/minio_downloads/1767997440.json
[2026-01-10T00:57:24.601+0000] {logging_mixin.py:188} INFO - Downloaded MSFT/1767997451.json -> /tmp/minio_downloads/1767997451.json
[2026-01-10T00:57:24.619+0000] {logging_mixin.py:188} INFO - Downloaded MSFT/1767997462.json -> /tmp/minio_downloads/1767997462.json
[2026-01-10T00:57:24.637+0000] {logging_mixin.py:188} INFO - Downloaded MSFT/1767997472.json -> /tmp/minio_downloads/1767997472.json
[2026-01-10T00:57:24.662+0000] {logging_mixin.py:188} INFO - Downloaded MSFT/1767997482.json -> /tmp/minio_downloads/1767997482.json
[2026-01-10T00:57:24.677+0000] {logging_mixin.py:188} INFO - Downloaded MSFT/1767997492.json -> /tmp/minio_downloads/1767997492.json
[2026-01-10T00:57:24.692+0000] {logging_mixin.py:188} INFO - Downloaded MSFT/1768000525.json -> /tmp/minio_downloads/1768000525.json
[2026-01-10T00:57:24.711+0000] {logging_mixin.py:188} INFO - Downloaded MSFT/1768000536.json -> /tmp/minio_downloads/1768000536.json
[2026-01-10T00:57:24.724+0000] {logging_mixin.py:188} INFO - Downloaded MSFT/1768000547.json -> /tmp/minio_downloads/1768000547.json
[2026-01-10T00:57:24.740+0000] {logging_mixin.py:188} INFO - Downloaded MSFT/1768000557.json -> /tmp/minio_downloads/1768000557.json
[2026-01-10T00:57:24.758+0000] {logging_mixin.py:188} INFO - Downloaded MSFT/1768000568.json -> /tmp/minio_downloads/1768000568.json
[2026-01-10T00:57:24.777+0000] {logging_mixin.py:188} INFO - Downloaded MSFT/1768000581.json -> /tmp/minio_downloads/1768000581.json
[2026-01-10T00:57:24.796+0000] {logging_mixin.py:188} INFO - Downloaded MSFT/1768000593.json -> /tmp/minio_downloads/1768000593.json
[2026-01-10T00:57:24.813+0000] {logging_mixin.py:188} INFO - Downloaded MSFT/1768000605.json -> /tmp/minio_downloads/1768000605.json
[2026-01-10T00:57:24.830+0000] {logging_mixin.py:188} INFO - Downloaded MSFT/1768000619.json -> /tmp/minio_downloads/1768000619.json
[2026-01-10T00:57:24.852+0000] {logging_mixin.py:188} INFO - Downloaded MSFT/1768000632.json -> /tmp/minio_downloads/1768000632.json
[2026-01-10T00:57:24.873+0000] {logging_mixin.py:188} INFO - Downloaded MSFT/1768000645.json -> /tmp/minio_downloads/1768000645.json
[2026-01-10T00:57:24.914+0000] {logging_mixin.py:188} INFO - Downloaded MSFT/1768000656.json -> /tmp/minio_downloads/1768000656.json
[2026-01-10T00:57:24.961+0000] {logging_mixin.py:188} INFO - Downloaded MSFT/1768000667.json -> /tmp/minio_downloads/1768000667.json
[2026-01-10T00:57:25.020+0000] {logging_mixin.py:188} INFO - Downloaded MSFT/1768000678.json -> /tmp/minio_downloads/1768000678.json
[2026-01-10T00:57:25.061+0000] {logging_mixin.py:188} INFO - Downloaded MSFT/1768000689.json -> /tmp/minio_downloads/1768000689.json
[2026-01-10T00:57:25.085+0000] {logging_mixin.py:188} INFO - Downloaded MSFT/1768000699.json -> /tmp/minio_downloads/1768000699.json
[2026-01-10T00:57:25.106+0000] {logging_mixin.py:188} INFO - Downloaded MSFT/1768000711.json -> /tmp/minio_downloads/1768000711.json
[2026-01-10T00:57:25.129+0000] {logging_mixin.py:188} INFO - Downloaded MSFT/1768000721.json -> /tmp/minio_downloads/1768000721.json
[2026-01-10T00:57:25.157+0000] {logging_mixin.py:188} INFO - Downloaded MSFT/1768000732.json -> /tmp/minio_downloads/1768000732.json
[2026-01-10T00:57:25.182+0000] {logging_mixin.py:188} INFO - Downloaded MSFT/1768000743.json -> /tmp/minio_downloads/1768000743.json
[2026-01-10T00:57:25.204+0000] {logging_mixin.py:188} INFO - Downloaded MSFT/1768000754.json -> /tmp/minio_downloads/1768000754.json
[2026-01-10T00:57:25.230+0000] {logging_mixin.py:188} INFO - Downloaded MSFT/1768000765.json -> /tmp/minio_downloads/1768000765.json
[2026-01-10T00:57:25.253+0000] {logging_mixin.py:188} INFO - Downloaded MSFT/1768000777.json -> /tmp/minio_downloads/1768000777.json
[2026-01-10T00:57:25.276+0000] {logging_mixin.py:188} INFO - Downloaded MSFT/1768000788.json -> /tmp/minio_downloads/1768000788.json
[2026-01-10T00:57:25.300+0000] {logging_mixin.py:188} INFO - Downloaded MSFT/1768000798.json -> /tmp/minio_downloads/1768000798.json
[2026-01-10T00:57:25.321+0000] {logging_mixin.py:188} INFO - Downloaded MSFT/1768000809.json -> /tmp/minio_downloads/1768000809.json
[2026-01-10T00:57:25.348+0000] {logging_mixin.py:188} INFO - Downloaded MSFT/1768000821.json -> /tmp/minio_downloads/1768000821.json
[2026-01-10T00:57:25.368+0000] {logging_mixin.py:188} INFO - Downloaded MSFT/1768000832.json -> /tmp/minio_downloads/1768000832.json
[2026-01-10T00:57:25.392+0000] {logging_mixin.py:188} INFO - Downloaded MSFT/1768000845.json -> /tmp/minio_downloads/1768000845.json
[2026-01-10T00:57:25.419+0000] {logging_mixin.py:188} INFO - Downloaded MSFT/1768000856.json -> /tmp/minio_downloads/1768000856.json
[2026-01-10T00:57:25.445+0000] {logging_mixin.py:188} INFO - Downloaded MSFT/1768000868.json -> /tmp/minio_downloads/1768000868.json
[2026-01-10T00:57:25.463+0000] {logging_mixin.py:188} INFO - Downloaded MSFT/1768000879.json -> /tmp/minio_downloads/1768000879.json
[2026-01-10T00:57:25.482+0000] {logging_mixin.py:188} INFO - Downloaded MSFT/1768000891.json -> /tmp/minio_downloads/1768000891.json
[2026-01-10T00:57:25.504+0000] {logging_mixin.py:188} INFO - Downloaded MSFT/1768000902.json -> /tmp/minio_downloads/1768000902.json
[2026-01-10T00:57:25.531+0000] {logging_mixin.py:188} INFO - Downloaded MSFT/1768000912.json -> /tmp/minio_downloads/1768000912.json
[2026-01-10T00:57:25.552+0000] {logging_mixin.py:188} INFO - Downloaded MSFT/1768000922.json -> /tmp/minio_downloads/1768000922.json
[2026-01-10T00:57:25.577+0000] {logging_mixin.py:188} INFO - Downloaded MSFT/1768000932.json -> /tmp/minio_downloads/1768000932.json
[2026-01-10T00:57:25.603+0000] {logging_mixin.py:188} INFO - Downloaded MSFT/1768000943.json -> /tmp/minio_downloads/1768000943.json
[2026-01-10T00:57:25.631+0000] {logging_mixin.py:188} INFO - Downloaded MSFT/1768000954.json -> /tmp/minio_downloads/1768000954.json
[2026-01-10T00:57:25.657+0000] {logging_mixin.py:188} INFO - Downloaded MSFT/1768001780.json -> /tmp/minio_downloads/1768001780.json
[2026-01-10T00:57:25.675+0000] {logging_mixin.py:188} INFO - Downloaded MSFT/1768001792.json -> /tmp/minio_downloads/1768001792.json
[2026-01-10T00:57:25.698+0000] {logging_mixin.py:188} INFO - Downloaded MSFT/1768001803.json -> /tmp/minio_downloads/1768001803.json
[2026-01-10T00:57:25.727+0000] {logging_mixin.py:188} INFO - Downloaded MSFT/1768001814.json -> /tmp/minio_downloads/1768001814.json
[2026-01-10T00:57:25.750+0000] {logging_mixin.py:188} INFO - Downloaded MSFT/1768001826.json -> /tmp/minio_downloads/1768001826.json
[2026-01-10T00:57:25.809+0000] {logging_mixin.py:188} INFO - Downloaded MSFT/1768001838.json -> /tmp/minio_downloads/1768001838.json
[2026-01-10T00:57:25.853+0000] {logging_mixin.py:188} INFO - Downloaded MSFT/1768001850.json -> /tmp/minio_downloads/1768001850.json
[2026-01-10T00:57:25.897+0000] {logging_mixin.py:188} INFO - Downloaded MSFT/1768001859.json -> /tmp/minio_downloads/1768001859.json
[2026-01-10T00:57:25.921+0000] {logging_mixin.py:188} INFO - Downloaded MSFT/1768001869.json -> /tmp/minio_downloads/1768001869.json
[2026-01-10T00:57:25.944+0000] {logging_mixin.py:188} INFO - Downloaded MSFT/1768002256.json -> /tmp/minio_downloads/1768002256.json
[2026-01-10T00:57:25.966+0000] {logging_mixin.py:188} INFO - Downloaded MSFT/1768002266.json -> /tmp/minio_downloads/1768002266.json
[2026-01-10T00:57:25.992+0000] {logging_mixin.py:188} INFO - Downloaded MSFT/1768002276.json -> /tmp/minio_downloads/1768002276.json
[2026-01-10T00:57:26.017+0000] {logging_mixin.py:188} INFO - Downloaded MSFT/1768002285.json -> /tmp/minio_downloads/1768002285.json
[2026-01-10T00:57:26.040+0000] {logging_mixin.py:188} INFO - Downloaded MSFT/1768002295.json -> /tmp/minio_downloads/1768002295.json
[2026-01-10T00:57:26.066+0000] {logging_mixin.py:188} INFO - Downloaded MSFT/1768002304.json -> /tmp/minio_downloads/1768002304.json
[2026-01-10T00:57:26.095+0000] {logging_mixin.py:188} INFO - Downloaded MSFT/1768002314.json -> /tmp/minio_downloads/1768002314.json
[2026-01-10T00:57:26.125+0000] {logging_mixin.py:188} INFO - Downloaded MSFT/1768002324.json -> /tmp/minio_downloads/1768002324.json
[2026-01-10T00:57:26.146+0000] {logging_mixin.py:188} INFO - Downloaded MSFT/1768002333.json -> /tmp/minio_downloads/1768002333.json
[2026-01-10T00:57:26.162+0000] {logging_mixin.py:188} INFO - Downloaded MSFT/1768002344.json -> /tmp/minio_downloads/1768002344.json
[2026-01-10T00:57:26.183+0000] {logging_mixin.py:188} INFO - Downloaded MSFT/1768002356.json -> /tmp/minio_downloads/1768002356.json
[2026-01-10T00:57:26.202+0000] {logging_mixin.py:188} INFO - Downloaded MSFT/1768002368.json -> /tmp/minio_downloads/1768002368.json
[2026-01-10T00:57:26.228+0000] {logging_mixin.py:188} INFO - Downloaded MSFT/1768002378.json -> /tmp/minio_downloads/1768002378.json
[2026-01-10T00:57:26.247+0000] {logging_mixin.py:188} INFO - Downloaded MSFT/1768002389.json -> /tmp/minio_downloads/1768002389.json
[2026-01-10T00:57:26.271+0000] {logging_mixin.py:188} INFO - Downloaded MSFT/1768002400.json -> /tmp/minio_downloads/1768002400.json
[2026-01-10T00:57:26.308+0000] {logging_mixin.py:188} INFO - Downloaded MSFT/1768002411.json -> /tmp/minio_downloads/1768002411.json
[2026-01-10T00:57:26.330+0000] {logging_mixin.py:188} INFO - Downloaded MSFT/1768002421.json -> /tmp/minio_downloads/1768002421.json
[2026-01-10T00:57:26.357+0000] {logging_mixin.py:188} INFO - Downloaded MSFT/1768002433.json -> /tmp/minio_downloads/1768002433.json
[2026-01-10T00:57:26.383+0000] {logging_mixin.py:188} INFO - Downloaded MSFT/1768002445.json -> /tmp/minio_downloads/1768002445.json
[2026-01-10T00:57:26.410+0000] {logging_mixin.py:188} INFO - Downloaded MSFT/1768002456.json -> /tmp/minio_downloads/1768002456.json
[2026-01-10T00:57:26.451+0000] {logging_mixin.py:188} INFO - Downloaded TSLA/1767994104.json -> /tmp/minio_downloads/1767994104.json
[2026-01-10T00:57:26.488+0000] {logging_mixin.py:188} INFO - Downloaded TSLA/1767994116.json -> /tmp/minio_downloads/1767994116.json
[2026-01-10T00:57:26.518+0000] {logging_mixin.py:188} INFO - Downloaded TSLA/1767994130.json -> /tmp/minio_downloads/1767994130.json
[2026-01-10T00:57:26.547+0000] {logging_mixin.py:188} INFO - Downloaded TSLA/1767994140.json -> /tmp/minio_downloads/1767994140.json
[2026-01-10T00:57:26.569+0000] {logging_mixin.py:188} INFO - Downloaded TSLA/1767994151.json -> /tmp/minio_downloads/1767994151.json
[2026-01-10T00:57:26.592+0000] {logging_mixin.py:188} INFO - Downloaded TSLA/1767994162.json -> /tmp/minio_downloads/1767994162.json
[2026-01-10T00:57:26.612+0000] {logging_mixin.py:188} INFO - Downloaded TSLA/1767994173.json -> /tmp/minio_downloads/1767994173.json
[2026-01-10T00:57:26.641+0000] {logging_mixin.py:188} INFO - Downloaded TSLA/1767994191.json -> /tmp/minio_downloads/1767994191.json
[2026-01-10T00:57:26.667+0000] {logging_mixin.py:188} INFO - Downloaded TSLA/1767994203.json -> /tmp/minio_downloads/1767994203.json
[2026-01-10T00:57:26.705+0000] {logging_mixin.py:188} INFO - Downloaded TSLA/1767994214.json -> /tmp/minio_downloads/1767994214.json
[2026-01-10T00:57:26.763+0000] {logging_mixin.py:188} INFO - Downloaded TSLA/1767994227.json -> /tmp/minio_downloads/1767994227.json
[2026-01-10T00:57:26.818+0000] {logging_mixin.py:188} INFO - Downloaded TSLA/1767994238.json -> /tmp/minio_downloads/1767994238.json
[2026-01-10T00:57:26.870+0000] {logging_mixin.py:188} INFO - Downloaded TSLA/1767994248.json -> /tmp/minio_downloads/1767994248.json
[2026-01-10T00:57:26.957+0000] {logging_mixin.py:188} INFO - Downloaded TSLA/1767994260.json -> /tmp/minio_downloads/1767994260.json
[2026-01-10T00:57:27.009+0000] {logging_mixin.py:188} INFO - Downloaded TSLA/1767994272.json -> /tmp/minio_downloads/1767994272.json
[2026-01-10T00:57:27.089+0000] {logging_mixin.py:188} INFO - Downloaded TSLA/1767997419.json -> /tmp/minio_downloads/1767997419.json
[2026-01-10T00:57:27.127+0000] {logging_mixin.py:188} INFO - Downloaded TSLA/1767997430.json -> /tmp/minio_downloads/1767997430.json
[2026-01-10T00:57:27.191+0000] {logging_mixin.py:188} INFO - Downloaded TSLA/1767997441.json -> /tmp/minio_downloads/1767997441.json
[2026-01-10T00:57:27.237+0000] {logging_mixin.py:188} INFO - Downloaded TSLA/1767997452.json -> /tmp/minio_downloads/1767997452.json
[2026-01-10T00:57:27.281+0000] {logging_mixin.py:188} INFO - Downloaded TSLA/1767997463.json -> /tmp/minio_downloads/1767997463.json
[2026-01-10T00:57:27.312+0000] {logging_mixin.py:188} INFO - Downloaded TSLA/1767997473.json -> /tmp/minio_downloads/1767997473.json
[2026-01-10T00:57:27.345+0000] {logging_mixin.py:188} INFO - Downloaded TSLA/1767997483.json -> /tmp/minio_downloads/1767997483.json
[2026-01-10T00:57:27.376+0000] {logging_mixin.py:188} INFO - Downloaded TSLA/1767997493.json -> /tmp/minio_downloads/1767997493.json
[2026-01-10T00:57:27.418+0000] {logging_mixin.py:188} INFO - Downloaded TSLA/1768000526.json -> /tmp/minio_downloads/1768000526.json
[2026-01-10T00:57:27.447+0000] {logging_mixin.py:188} INFO - Downloaded TSLA/1768000537.json -> /tmp/minio_downloads/1768000537.json
[2026-01-10T00:57:27.475+0000] {logging_mixin.py:188} INFO - Downloaded TSLA/1768000548.json -> /tmp/minio_downloads/1768000548.json
[2026-01-10T00:57:27.496+0000] {logging_mixin.py:188} INFO - Downloaded TSLA/1768000558.json -> /tmp/minio_downloads/1768000558.json
[2026-01-10T00:57:27.520+0000] {logging_mixin.py:188} INFO - Downloaded TSLA/1768000569.json -> /tmp/minio_downloads/1768000569.json
[2026-01-10T00:57:27.546+0000] {logging_mixin.py:188} INFO - Downloaded TSLA/1768000582.json -> /tmp/minio_downloads/1768000582.json
[2026-01-10T00:57:27.572+0000] {logging_mixin.py:188} INFO - Downloaded TSLA/1768000594.json -> /tmp/minio_downloads/1768000594.json
[2026-01-10T00:57:27.602+0000] {logging_mixin.py:188} INFO - Downloaded TSLA/1768000607.json -> /tmp/minio_downloads/1768000607.json
[2026-01-10T00:57:27.631+0000] {logging_mixin.py:188} INFO - Downloaded TSLA/1768000621.json -> /tmp/minio_downloads/1768000621.json
[2026-01-10T00:57:27.657+0000] {logging_mixin.py:188} INFO - Downloaded TSLA/1768000634.json -> /tmp/minio_downloads/1768000634.json
[2026-01-10T00:57:27.683+0000] {logging_mixin.py:188} INFO - Downloaded TSLA/1768000646.json -> /tmp/minio_downloads/1768000646.json
[2026-01-10T00:57:27.702+0000] {logging_mixin.py:188} INFO - Downloaded TSLA/1768000657.json -> /tmp/minio_downloads/1768000657.json
[2026-01-10T00:57:27.727+0000] {logging_mixin.py:188} INFO - Downloaded TSLA/1768000668.json -> /tmp/minio_downloads/1768000668.json
[2026-01-10T00:57:27.749+0000] {logging_mixin.py:188} INFO - Downloaded TSLA/1768000679.json -> /tmp/minio_downloads/1768000679.json
[2026-01-10T00:57:27.772+0000] {logging_mixin.py:188} INFO - Downloaded TSLA/1768000690.json -> /tmp/minio_downloads/1768000690.json
[2026-01-10T00:57:27.796+0000] {logging_mixin.py:188} INFO - Downloaded TSLA/1768000701.json -> /tmp/minio_downloads/1768000701.json
[2026-01-10T00:57:27.817+0000] {logging_mixin.py:188} INFO - Downloaded TSLA/1768000712.json -> /tmp/minio_downloads/1768000712.json
[2026-01-10T00:57:27.831+0000] {logging_mixin.py:188} INFO - Downloaded TSLA/1768000722.json -> /tmp/minio_downloads/1768000722.json
[2026-01-10T00:57:27.848+0000] {logging_mixin.py:188} INFO - Downloaded TSLA/1768000733.json -> /tmp/minio_downloads/1768000733.json
[2026-01-10T00:57:27.868+0000] {logging_mixin.py:188} INFO - Downloaded TSLA/1768000744.json -> /tmp/minio_downloads/1768000744.json
[2026-01-10T00:57:27.889+0000] {logging_mixin.py:188} INFO - Downloaded TSLA/1768000755.json -> /tmp/minio_downloads/1768000755.json
[2026-01-10T00:57:27.912+0000] {logging_mixin.py:188} INFO - Downloaded TSLA/1768000766.json -> /tmp/minio_downloads/1768000766.json
[2026-01-10T00:57:27.932+0000] {logging_mixin.py:188} INFO - Downloaded TSLA/1768000778.json -> /tmp/minio_downloads/1768000778.json
[2026-01-10T00:57:27.948+0000] {logging_mixin.py:188} INFO - Downloaded TSLA/1768000789.json -> /tmp/minio_downloads/1768000789.json
[2026-01-10T00:57:27.965+0000] {logging_mixin.py:188} INFO - Downloaded TSLA/1768000799.json -> /tmp/minio_downloads/1768000799.json
[2026-01-10T00:57:27.979+0000] {logging_mixin.py:188} INFO - Downloaded TSLA/1768000810.json -> /tmp/minio_downloads/1768000810.json
[2026-01-10T00:57:27.999+0000] {logging_mixin.py:188} INFO - Downloaded TSLA/1768000822.json -> /tmp/minio_downloads/1768000822.json
[2026-01-10T00:57:28.026+0000] {logging_mixin.py:188} INFO - Downloaded TSLA/1768000834.json -> /tmp/minio_downloads/1768000834.json
[2026-01-10T00:57:28.050+0000] {logging_mixin.py:188} INFO - Downloaded TSLA/1768000846.json -> /tmp/minio_downloads/1768000846.json
[2026-01-10T00:57:28.073+0000] {logging_mixin.py:188} INFO - Downloaded TSLA/1768000858.json -> /tmp/minio_downloads/1768000858.json
[2026-01-10T00:57:28.097+0000] {logging_mixin.py:188} INFO - Downloaded TSLA/1768000869.json -> /tmp/minio_downloads/1768000869.json
[2026-01-10T00:57:28.125+0000] {logging_mixin.py:188} INFO - Downloaded TSLA/1768000880.json -> /tmp/minio_downloads/1768000880.json
[2026-01-10T00:57:28.161+0000] {logging_mixin.py:188} INFO - Downloaded TSLA/1768000892.json -> /tmp/minio_downloads/1768000892.json
[2026-01-10T00:57:28.188+0000] {logging_mixin.py:188} INFO - Downloaded TSLA/1768000903.json -> /tmp/minio_downloads/1768000903.json
[2026-01-10T00:57:28.211+0000] {logging_mixin.py:188} INFO - Downloaded TSLA/1768000913.json -> /tmp/minio_downloads/1768000913.json
[2026-01-10T00:57:28.234+0000] {logging_mixin.py:188} INFO - Downloaded TSLA/1768000923.json -> /tmp/minio_downloads/1768000923.json
[2026-01-10T00:57:28.259+0000] {logging_mixin.py:188} INFO - Downloaded TSLA/1768000933.json -> /tmp/minio_downloads/1768000933.json
[2026-01-10T00:57:28.284+0000] {logging_mixin.py:188} INFO - Downloaded TSLA/1768000944.json -> /tmp/minio_downloads/1768000944.json
[2026-01-10T00:57:28.305+0000] {logging_mixin.py:188} INFO - Downloaded TSLA/1768000956.json -> /tmp/minio_downloads/1768000956.json
[2026-01-10T00:57:28.323+0000] {logging_mixin.py:188} INFO - Downloaded TSLA/1768001781.json -> /tmp/minio_downloads/1768001781.json
[2026-01-10T00:57:28.339+0000] {logging_mixin.py:188} INFO - Downloaded TSLA/1768001793.json -> /tmp/minio_downloads/1768001793.json
[2026-01-10T00:57:28.356+0000] {logging_mixin.py:188} INFO - Downloaded TSLA/1768001804.json -> /tmp/minio_downloads/1768001804.json
[2026-01-10T00:57:28.370+0000] {logging_mixin.py:188} INFO - Downloaded TSLA/1768001817.json -> /tmp/minio_downloads/1768001817.json
[2026-01-10T00:57:28.387+0000] {logging_mixin.py:188} INFO - Downloaded TSLA/1768001827.json -> /tmp/minio_downloads/1768001827.json
[2026-01-10T00:57:28.401+0000] {logging_mixin.py:188} INFO - Downloaded TSLA/1768001839.json -> /tmp/minio_downloads/1768001839.json
[2026-01-10T00:57:28.416+0000] {logging_mixin.py:188} INFO - Downloaded TSLA/1768001850.json -> /tmp/minio_downloads/1768001850.json
[2026-01-10T00:57:28.431+0000] {logging_mixin.py:188} INFO - Downloaded TSLA/1768001860.json -> /tmp/minio_downloads/1768001860.json
[2026-01-10T00:57:28.444+0000] {logging_mixin.py:188} INFO - Downloaded TSLA/1768001870.json -> /tmp/minio_downloads/1768001870.json
[2026-01-10T00:57:28.458+0000] {logging_mixin.py:188} INFO - Downloaded TSLA/1768002257.json -> /tmp/minio_downloads/1768002257.json
[2026-01-10T00:57:28.473+0000] {logging_mixin.py:188} INFO - Downloaded TSLA/1768002267.json -> /tmp/minio_downloads/1768002267.json
[2026-01-10T00:57:28.486+0000] {logging_mixin.py:188} INFO - Downloaded TSLA/1768002277.json -> /tmp/minio_downloads/1768002277.json
[2026-01-10T00:57:28.505+0000] {logging_mixin.py:188} INFO - Downloaded TSLA/1768002286.json -> /tmp/minio_downloads/1768002286.json
[2026-01-10T00:57:28.522+0000] {logging_mixin.py:188} INFO - Downloaded TSLA/1768002296.json -> /tmp/minio_downloads/1768002296.json
[2026-01-10T00:57:28.542+0000] {logging_mixin.py:188} INFO - Downloaded TSLA/1768002305.json -> /tmp/minio_downloads/1768002305.json
[2026-01-10T00:57:28.568+0000] {logging_mixin.py:188} INFO - Downloaded TSLA/1768002315.json -> /tmp/minio_downloads/1768002315.json
[2026-01-10T00:57:28.592+0000] {logging_mixin.py:188} INFO - Downloaded TSLA/1768002324.json -> /tmp/minio_downloads/1768002324.json
[2026-01-10T00:57:28.624+0000] {logging_mixin.py:188} INFO - Downloaded TSLA/1768002334.json -> /tmp/minio_downloads/1768002334.json
[2026-01-10T00:57:28.654+0000] {logging_mixin.py:188} INFO - Downloaded TSLA/1768002345.json -> /tmp/minio_downloads/1768002345.json
[2026-01-10T00:57:28.680+0000] {logging_mixin.py:188} INFO - Downloaded TSLA/1768002357.json -> /tmp/minio_downloads/1768002357.json
[2026-01-10T00:57:28.709+0000] {logging_mixin.py:188} INFO - Downloaded TSLA/1768002369.json -> /tmp/minio_downloads/1768002369.json
[2026-01-10T00:57:28.735+0000] {logging_mixin.py:188} INFO - Downloaded TSLA/1768002379.json -> /tmp/minio_downloads/1768002379.json
[2026-01-10T00:57:28.876+0000] {logging_mixin.py:188} INFO - Downloaded TSLA/1768002390.json -> /tmp/minio_downloads/1768002390.json
[2026-01-10T00:57:28.947+0000] {logging_mixin.py:188} INFO - Downloaded TSLA/1768002401.json -> /tmp/minio_downloads/1768002401.json
[2026-01-10T00:57:28.986+0000] {logging_mixin.py:188} INFO - Downloaded TSLA/1768002412.json -> /tmp/minio_downloads/1768002412.json
[2026-01-10T00:57:29.013+0000] {logging_mixin.py:188} INFO - Downloaded TSLA/1768002423.json -> /tmp/minio_downloads/1768002423.json
[2026-01-10T00:57:29.053+0000] {logging_mixin.py:188} INFO - Downloaded TSLA/1768002434.json -> /tmp/minio_downloads/1768002434.json
[2026-01-10T00:57:29.089+0000] {logging_mixin.py:188} INFO - Downloaded TSLA/1768002446.json -> /tmp/minio_downloads/1768002446.json
[2026-01-10T00:57:29.133+0000] {logging_mixin.py:188} INFO - Downloaded TSLA/1768002457.json -> /tmp/minio_downloads/1768002457.json
[2026-01-10T00:57:29.141+0000] {python.py:237} INFO - Done. Returned value was: ['/tmp/minio_downloads/1767994102.json', '/tmp/minio_downloads/1767994114.json', '/tmp/minio_downloads/1767994127.json', '/tmp/minio_downloads/1767994138.json', '/tmp/minio_downloads/1767994149.json', '/tmp/minio_downloads/1767994160.json', '/tmp/minio_downloads/1767994171.json', '/tmp/minio_downloads/1767994189.json', '/tmp/minio_downloads/1767994201.json', '/tmp/minio_downloads/1767994212.json', '/tmp/minio_downloads/1767994225.json', '/tmp/minio_downloads/1767994235.json', '/tmp/minio_downloads/1767994246.json', '/tmp/minio_downloads/1767994258.json', '/tmp/minio_downloads/1767994270.json', '/tmp/minio_downloads/1767994281.json', '/tmp/minio_downloads/1767997418.json', '/tmp/minio_downloads/1767997428.json', '/tmp/minio_downloads/1767997440.json', '/tmp/minio_downloads/1767997450.json', '/tmp/minio_downloads/1767997461.json', '/tmp/minio_downloads/1767997471.json', '/tmp/minio_downloads/1767997482.json', '/tmp/minio_downloads/1767997492.json', '/tmp/minio_downloads/1768000525.json', '/tmp/minio_downloads/1768000535.json', '/tmp/minio_downloads/1768000546.json', '/tmp/minio_downloads/1768000556.json', '/tmp/minio_downloads/1768000567.json', '/tmp/minio_downloads/1768000579.json', '/tmp/minio_downloads/1768000592.json', '/tmp/minio_downloads/1768000604.json', '/tmp/minio_downloads/1768000616.json', '/tmp/minio_downloads/1768000631.json', '/tmp/minio_downloads/1768000644.json', '/tmp/minio_downloads/1768000655.json', '/tmp/minio_downloads/1768000666.json', '/tmp/minio_downloads/1768000677.json', '/tmp/minio_downloads/1768000688.json', '/tmp/minio_downloads/1768000698.json', '/tmp/minio_downloads/1768000710.json', '/tmp/minio_downloads/1768000720.json', '/tmp/minio_downloads/1768000731.json', '/tmp/minio_downloads/1768000742.json', '/tmp/minio_downloads/1768000753.json', '/tmp/minio_downloads/1768000764.json', '/tmp/minio_downloads/1768000776.json', '/tmp/minio_downloads/1768000787.json', '/tmp/minio_downloads/1768000797.json', '/tmp/minio_downloads/1768000808.json', '/tmp/minio_downloads/1768000819.json', '/tmp/minio_downloads/1768000831.json', '/tmp/minio_downloads/1768000843.json', '/tmp/minio_downloads/1768000855.json', '/tmp/minio_downloads/1768000867.json', '/tmp/minio_downloads/1768000878.json', '/tmp/minio_downloads/1768000890.json', '/tmp/minio_downloads/1768000901.json', '/tmp/minio_downloads/1768000912.json', '/tmp/minio_downloads/1768000921.json', '/tmp/minio_downloads/1768000932.json', '/tmp/minio_downloads/1768000942.json', '/tmp/minio_downloads/1768000953.json', '/tmp/minio_downloads/1768001779.json', '/tmp/minio_downloads/1768001791.json', '/tmp/minio_downloads/1768001803.json', '/tmp/minio_downloads/1768001813.json', '/tmp/minio_downloads/1768001825.json', '/tmp/minio_downloads/1768001837.json', '/tmp/minio_downloads/1768001849.json', '/tmp/minio_downloads/1768001859.json', '/tmp/minio_downloads/1768001868.json', '/tmp/minio_downloads/1768002255.json', '/tmp/minio_downloads/1768002265.json', '/tmp/minio_downloads/1768002275.json', '/tmp/minio_downloads/1768002285.json', '/tmp/minio_downloads/1768002294.json', '/tmp/minio_downloads/1768002304.json', '/tmp/minio_downloads/1768002313.json', '/tmp/minio_downloads/1768002323.json', '/tmp/minio_downloads/1768002333.json', '/tmp/minio_downloads/1768002343.json', '/tmp/minio_downloads/1768002355.json', '/tmp/minio_downloads/1768002366.json', '/tmp/minio_downloads/1768002377.json', '/tmp/minio_downloads/1768002388.json', '/tmp/minio_downloads/1768002399.json', '/tmp/minio_downloads/1768002410.json', '/tmp/minio_downloads/1768002420.json', '/tmp/minio_downloads/1768002432.json', '/tmp/minio_downloads/1768002443.json', '/tmp/minio_downloads/1768002455.json', '/tmp/minio_downloads/1767994107.json', '/tmp/minio_downloads/1767994120.json', '/tmp/minio_downloads/1767994132.json', '/tmp/minio_downloads/1767994142.json', '/tmp/minio_downloads/1767994153.json', '/tmp/minio_downloads/1767994164.json', '/tmp/minio_downloads/1767994182.json', '/tmp/minio_downloads/1767994193.json', '/tmp/minio_downloads/1767994205.json', '/tmp/minio_downloads/1767994216.json', '/tmp/minio_downloads/1767994228.json', '/tmp/minio_downloads/1767994240.json', '/tmp/minio_downloads/1767994250.json', '/tmp/minio_downloads/1767994263.json', '/tmp/minio_downloads/1767994274.json', '/tmp/minio_downloads/1767997421.json', '/tmp/minio_downloads/1767997432.json', '/tmp/minio_downloads/1767997443.json', '/tmp/minio_downloads/1767997454.json', '/tmp/minio_downloads/1767997465.json', '/tmp/minio_downloads/1767997474.json', '/tmp/minio_downloads/1767997485.json', '/tmp/minio_downloads/1767997494.json', '/tmp/minio_downloads/1768000528.json', '/tmp/minio_downloads/1768000539.json', '/tmp/minio_downloads/1768000549.json', '/tmp/minio_downloads/1768000559.json', '/tmp/minio_downloads/1768000572.json', '/tmp/minio_downloads/1768000585.json', '/tmp/minio_downloads/1768000597.json', '/tmp/minio_downloads/1768000609.json', '/tmp/minio_downloads/1768000623.json', '/tmp/minio_downloads/1768000637.json', '/tmp/minio_downloads/1768000648.json', '/tmp/minio_downloads/1768000659.json', '/tmp/minio_downloads/1768000670.json', '/tmp/minio_downloads/1768000681.json', '/tmp/minio_downloads/1768000692.json', '/tmp/minio_downloads/1768000703.json', '/tmp/minio_downloads/1768000714.json', '/tmp/minio_downloads/1768000724.json', '/tmp/minio_downloads/1768000735.json', '/tmp/minio_downloads/1768000746.json', '/tmp/minio_downloads/1768000757.json', '/tmp/minio_downloads/1768000768.json', '/tmp/minio_downloads/1768000780.json', '/tmp/minio_downloads/1768000791.json', '/tmp/minio_downloads/1768000801.json', '/tmp/minio_downloads/1768000812.json', '/tmp/minio_downloads/1768000824.json', '/tmp/minio_downloads/1768000836.json', '/tmp/minio_downloads/1768000848.json', '/tmp/minio_downloads/1768000860.json', '/tmp/minio_downloads/1768000871.json', '/tmp/minio_downloads/1768000883.json', '/tmp/minio_downloads/1768000894.json', '/tmp/minio_downloads/1768000905.json', '/tmp/minio_downloads/1768000914.json', '/tmp/minio_downloads/1768000925.json', '/tmp/minio_downloads/1768000935.json', '/tmp/minio_downloads/1768000946.json', '/tmp/minio_downloads/1768000957.json', '/tmp/minio_downloads/1768001784.json', '/tmp/minio_downloads/1768001796.json', '/tmp/minio_downloads/1768001806.json', '/tmp/minio_downloads/1768001818.json', '/tmp/minio_downloads/1768001830.json', '/tmp/minio_downloads/1768001842.json', '/tmp/minio_downloads/1768001852.json', '/tmp/minio_downloads/1768001862.json', '/tmp/minio_downloads/1768001871.json', '/tmp/minio_downloads/1768002259.json', '/tmp/minio_downloads/1768002268.json', '/tmp/minio_downloads/1768002278.json', '/tmp/minio_downloads/1768002287.json', '/tmp/minio_downloads/1768002297.json', '/tmp/minio_downloads/1768002306.json', '/tmp/minio_downloads/1768002316.json', '/tmp/minio_downloads/1768002326.json', '/tmp/minio_downloads/1768002336.json', '/tmp/minio_downloads/1768002347.json', '/tmp/minio_downloads/1768002359.json', '/tmp/minio_downloads/1768002371.json', '/tmp/minio_downloads/1768002381.json', '/tmp/minio_downloads/1768002392.json', '/tmp/minio_downloads/1768002403.json', '/tmp/minio_downloads/1768002413.json', '/tmp/minio_downloads/1768002425.json', '/tmp/minio_downloads/1768002436.json', '/tmp/minio_downloads/1768002448.json', '/tmp/minio_downloads/1768002459.json', '/tmp/minio_downloads/1767994105.json', '/tmp/minio_downloads/1767994117.json', '/tmp/minio_downloads/1767994131.json', '/tmp/minio_downloads/1767994141.json', '/tmp/minio_downloads/1767994152.json', '/tmp/minio_downloads/1767994163.json', '/tmp/minio_downloads/1767994181.json', '/tmp/minio_downloads/1767994192.json', '/tmp/minio_downloads/1767994204.json', '/tmp/minio_downloads/1767994215.json', '/tmp/minio_downloads/1767994227.json', '/tmp/minio_downloads/1767994239.json', '/tmp/minio_downloads/1767994249.json', '/tmp/minio_downloads/1767994261.json', '/tmp/minio_downloads/1767994273.json', '/tmp/minio_downloads/1767997420.json', '/tmp/minio_downloads/1767997431.json', '/tmp/minio_downloads/1767997442.json', '/tmp/minio_downloads/1767997453.json', '/tmp/minio_downloads/1767997464.json', '/tmp/minio_downloads/1767997473.json', '/tmp/minio_downloads/1767997484.json', '/tmp/minio_downloads/1767997494.json', '/tmp/minio_downloads/1768000527.json', '/tmp/minio_downloads/1768000538.json', '/tmp/minio_downloads/1768000548.json', '/tmp/minio_downloads/1768000559.json', '/tmp/minio_downloads/1768000570.json', '/tmp/minio_downloads/1768000583.json', '/tmp/minio_downloads/1768000596.json', '/tmp/minio_downloads/1768000608.json', '/tmp/minio_downloads/1768000622.json', '/tmp/minio_downloads/1768000635.json', '/tmp/minio_downloads/1768000647.json', '/tmp/minio_downloads/1768000658.json', '/tmp/minio_downloads/1768000669.json', '/tmp/minio_downloads/1768000680.json', '/tmp/minio_downloads/1768000691.json', '/tmp/minio_downloads/1768000702.json', '/tmp/minio_downloads/1768000713.json', '/tmp/minio_downloads/1768000723.json', '/tmp/minio_downloads/1768000734.json', '/tmp/minio_downloads/1768000745.json', '/tmp/minio_downloads/1768000756.json', '/tmp/minio_downloads/1768000767.json', '/tmp/minio_downloads/1768000779.json', '/tmp/minio_downloads/1768000790.json', '/tmp/minio_downloads/1768000800.json', '/tmp/minio_downloads/1768000811.json', '/tmp/minio_downloads/1768000823.json', '/tmp/minio_downloads/1768000835.json', '/tmp/minio_downloads/1768000847.json', '/tmp/minio_downloads/1768000859.json', '/tmp/minio_downloads/1768000870.json', '/tmp/minio_downloads/1768000882.json', '/tmp/minio_downloads/1768000893.json', '/tmp/minio_downloads/1768000904.json', '/tmp/minio_downloads/1768000914.json', '/tmp/minio_downloads/1768000924.json', '/tmp/minio_downloads/1768000934.json', '/tmp/minio_downloads/1768000945.json', '/tmp/minio_downloads/1768000956.json', '/tmp/minio_downloads/1768001782.json', '/tmp/minio_downloads/1768001795.json', '/tmp/minio_downloads/1768001805.json', '/tmp/minio_downloads/1768001817.json', '/tmp/minio_downloads/1768001828.json', '/tmp/minio_downloads/1768001841.json', '/tmp/minio_downloads/1768001851.json', '/tmp/minio_downloads/1768001861.json', '/tmp/minio_downloads/1768001870.json', '/tmp/minio_downloads/1768002257.json', '/tmp/minio_downloads/1768002268.json', '/tmp/minio_downloads/1768002277.json', '/tmp/minio_downloads/1768002287.json', '/tmp/minio_downloads/1768002296.json', '/tmp/minio_downloads/1768002306.json', '/tmp/minio_downloads/1768002315.json', '/tmp/minio_downloads/1768002325.json', '/tmp/minio_downloads/1768002335.json', '/tmp/minio_downloads/1768002346.json', '/tmp/minio_downloads/1768002358.json', '/tmp/minio_downloads/1768002370.json', '/tmp/minio_downloads/1768002380.json', '/tmp/minio_downloads/1768002391.json', '/tmp/minio_downloads/1768002402.json', '/tmp/minio_downloads/1768002413.json', '/tmp/minio_downloads/1768002424.json', '/tmp/minio_downloads/1768002435.json', '/tmp/minio_downloads/1768002447.json', '/tmp/minio_downloads/1768002458.json', '/tmp/minio_downloads/1767994103.json', '/tmp/minio_downloads/1767994115.json', '/tmp/minio_downloads/1767994129.json', '/tmp/minio_downloads/1767994139.json', '/tmp/minio_downloads/1767994150.json', '/tmp/minio_downloads/1767994161.json', '/tmp/minio_downloads/1767994172.json', '/tmp/minio_downloads/1767994190.json', '/tmp/minio_downloads/1767994202.json', '/tmp/minio_downloads/1767994212.json', '/tmp/minio_downloads/1767994226.json', '/tmp/minio_downloads/1767994236.json', '/tmp/minio_downloads/1767994247.json', '/tmp/minio_downloads/1767994259.json', '/tmp/minio_downloads/1767994271.json', '/tmp/minio_downloads/1767997419.json', '/tmp/minio_downloads/1767997429.json', '/tmp/minio_downloads/1767997440.json', '/tmp/minio_downloads/1767997451.json', '/tmp/minio_downloads/1767997462.json', '/tmp/minio_downloads/1767997472.json', '/tmp/minio_downloads/1767997482.json', '/tmp/minio_downloads/1767997492.json', '/tmp/minio_downloads/1768000525.json', '/tmp/minio_downloads/1768000536.json', '/tmp/minio_downloads/1768000547.json', '/tmp/minio_downloads/1768000557.json', '/tmp/minio_downloads/1768000568.json', '/tmp/minio_downloads/1768000581.json', '/tmp/minio_downloads/1768000593.json', '/tmp/minio_downloads/1768000605.json', '/tmp/minio_downloads/1768000619.json', '/tmp/minio_downloads/1768000632.json', '/tmp/minio_downloads/1768000645.json', '/tmp/minio_downloads/1768000656.json', '/tmp/minio_downloads/1768000667.json', '/tmp/minio_downloads/1768000678.json', '/tmp/minio_downloads/1768000689.json', '/tmp/minio_downloads/1768000699.json', '/tmp/minio_downloads/1768000711.json', '/tmp/minio_downloads/1768000721.json', '/tmp/minio_downloads/1768000732.json', '/tmp/minio_downloads/1768000743.json', '/tmp/minio_downloads/1768000754.json', '/tmp/minio_downloads/1768000765.json', '/tmp/minio_downloads/1768000777.json', '/tmp/minio_downloads/1768000788.json', '/tmp/minio_downloads/1768000798.json', '/tmp/minio_downloads/1768000809.json', '/tmp/minio_downloads/1768000821.json', '/tmp/minio_downloads/1768000832.json', '/tmp/minio_downloads/1768000845.json', '/tmp/minio_downloads/1768000856.json', '/tmp/minio_downloads/1768000868.json', '/tmp/minio_downloads/1768000879.json', '/tmp/minio_downloads/1768000891.json', '/tmp/minio_downloads/1768000902.json', '/tmp/minio_downloads/1768000912.json', '/tmp/minio_downloads/1768000922.json', '/tmp/minio_downloads/1768000932.json', '/tmp/minio_downloads/1768000943.json', '/tmp/minio_downloads/1768000954.json', '/tmp/minio_downloads/1768001780.json', '/tmp/minio_downloads/1768001792.json', '/tmp/minio_downloads/1768001803.json', '/tmp/minio_downloads/1768001814.json', '/tmp/minio_downloads/1768001826.json', '/tmp/minio_downloads/1768001838.json', '/tmp/minio_downloads/1768001850.json', '/tmp/minio_downloads/1768001859.json', '/tmp/minio_downloads/1768001869.json', '/tmp/minio_downloads/1768002256.json', '/tmp/minio_downloads/1768002266.json', '/tmp/minio_downloads/1768002276.json', '/tmp/minio_downloads/1768002285.json', '/tmp/minio_downloads/1768002295.json', '/tmp/minio_downloads/1768002304.json', '/tmp/minio_downloads/1768002314.json', '/tmp/minio_downloads/1768002324.json', '/tmp/minio_downloads/1768002333.json', '/tmp/minio_downloads/1768002344.json', '/tmp/minio_downloads/1768002356.json', '/tmp/minio_downloads/1768002368.json', '/tmp/minio_downloads/1768002378.json', '/tmp/minio_downloads/1768002389.json', '/tmp/minio_downloads/1768002400.json', '/tmp/minio_downloads/1768002411.json', '/tmp/minio_downloads/1768002421.json', '/tmp/minio_downloads/1768002433.json', '/tmp/minio_downloads/1768002445.json', '/tmp/minio_downloads/1768002456.json', '/tmp/minio_downloads/1767994104.json', '/tmp/minio_downloads/1767994116.json', '/tmp/minio_downloads/1767994130.json', '/tmp/minio_downloads/1767994140.json', '/tmp/minio_downloads/1767994151.json', '/tmp/minio_downloads/1767994162.json', '/tmp/minio_downloads/1767994173.json', '/tmp/minio_downloads/1767994191.json', '/tmp/minio_downloads/1767994203.json', '/tmp/minio_downloads/1767994214.json', '/tmp/minio_downloads/1767994227.json', '/tmp/minio_downloads/1767994238.json', '/tmp/minio_downloads/1767994248.json', '/tmp/minio_downloads/1767994260.json', '/tmp/minio_downloads/1767994272.json', '/tmp/minio_downloads/1767997419.json', '/tmp/minio_downloads/1767997430.json', '/tmp/minio_downloads/1767997441.json', '/tmp/minio_downloads/1767997452.json', '/tmp/minio_downloads/1767997463.json', '/tmp/minio_downloads/1767997473.json', '/tmp/minio_downloads/1767997483.json', '/tmp/minio_downloads/1767997493.json', '/tmp/minio_downloads/1768000526.json', '/tmp/minio_downloads/1768000537.json', '/tmp/minio_downloads/1768000548.json', '/tmp/minio_downloads/1768000558.json', '/tmp/minio_downloads/1768000569.json', '/tmp/minio_downloads/1768000582.json', '/tmp/minio_downloads/1768000594.json', '/tmp/minio_downloads/1768000607.json', '/tmp/minio_downloads/1768000621.json', '/tmp/minio_downloads/1768000634.json', '/tmp/minio_downloads/1768000646.json', '/tmp/minio_downloads/1768000657.json', '/tmp/minio_downloads/1768000668.json', '/tmp/minio_downloads/1768000679.json', '/tmp/minio_downloads/1768000690.json', '/tmp/minio_downloads/1768000701.json', '/tmp/minio_downloads/1768000712.json', '/tmp/minio_downloads/1768000722.json', '/tmp/minio_downloads/1768000733.json', '/tmp/minio_downloads/1768000744.json', '/tmp/minio_downloads/1768000755.json', '/tmp/minio_downloads/1768000766.json', '/tmp/minio_downloads/1768000778.json', '/tmp/minio_downloads/1768000789.json', '/tmp/minio_downloads/1768000799.json', '/tmp/minio_downloads/1768000810.json', '/tmp/minio_downloads/1768000822.json', '/tmp/minio_downloads/1768000834.json', '/tmp/minio_downloads/1768000846.json', '/tmp/minio_downloads/1768000858.json', '/tmp/minio_downloads/1768000869.json', '/tmp/minio_downloads/1768000880.json', '/tmp/minio_downloads/1768000892.json', '/tmp/minio_downloads/1768000903.json', '/tmp/minio_downloads/1768000913.json', '/tmp/minio_downloads/1768000923.json', '/tmp/minio_downloads/1768000933.json', '/tmp/minio_downloads/1768000944.json', '/tmp/minio_downloads/1768000956.json', '/tmp/minio_downloads/1768001781.json', '/tmp/minio_downloads/1768001793.json', '/tmp/minio_downloads/1768001804.json', '/tmp/minio_downloads/1768001817.json', '/tmp/minio_downloads/1768001827.json', '/tmp/minio_downloads/1768001839.json', '/tmp/minio_downloads/1768001850.json', '/tmp/minio_downloads/1768001860.json', '/tmp/minio_downloads/1768001870.json', '/tmp/minio_downloads/1768002257.json', '/tmp/minio_downloads/1768002267.json', '/tmp/minio_downloads/1768002277.json', '/tmp/minio_downloads/1768002286.json', '/tmp/minio_downloads/1768002296.json', '/tmp/minio_downloads/1768002305.json', '/tmp/minio_downloads/1768002315.json', '/tmp/minio_downloads/1768002324.json', '/tmp/minio_downloads/1768002334.json', '/tmp/minio_downloads/1768002345.json', '/tmp/minio_downloads/1768002357.json', '/tmp/minio_downloads/1768002369.json', '/tmp/minio_downloads/1768002379.json', '/tmp/minio_downloads/1768002390.json', '/tmp/minio_downloads/1768002401.json', '/tmp/minio_downloads/1768002412.json', '/tmp/minio_downloads/1768002423.json', '/tmp/minio_downloads/1768002434.json', '/tmp/minio_downloads/1768002446.json', '/tmp/minio_downloads/1768002457.json']
[2026-01-10T00:57:29.162+0000] {taskinstance.py:441} INFO - ::group::Post task execution logs
[2026-01-10T00:57:29.337+0000] {taskinstance.py:1206} INFO - Marking task as SUCCESS. dag_id=minio_to_snowflake, task_id=download_minio, run_id=scheduled__2026-01-10T00:56:00+00:00, execution_date=20260110T005600, start_date=20260110T005715, end_date=20260110T005729
[2026-01-10T00:57:29.480+0000] {local_task_job_runner.py:243} INFO - Task exited with return code 0
[2026-01-10T00:57:29.536+0000] {taskinstance.py:3503} INFO - 1 downstream tasks scheduled from follow-on schedule check
[2026-01-10T00:57:29.542+0000] {local_task_job_runner.py:222} INFO - ::endgroup::
