[2026-01-11T11:13:49.531+0000] {local_task_job_runner.py:120} INFO - ::group::Pre task execution logs
[2026-01-11T11:13:49.650+0000] {taskinstance.py:2076} INFO - Dependencies all met for dep_context=non-requeueable deps ti=<TaskInstance: minio_to_snowflake.download_minio scheduled__2026-01-11T11:12:00+00:00 [queued]>
[2026-01-11T11:13:49.675+0000] {taskinstance.py:2076} INFO - Dependencies all met for dep_context=requeueable deps ti=<TaskInstance: minio_to_snowflake.download_minio scheduled__2026-01-11T11:12:00+00:00 [queued]>
[2026-01-11T11:13:49.677+0000] {taskinstance.py:2306} INFO - Starting attempt 1 of 2
[2026-01-11T11:13:49.944+0000] {taskinstance.py:2330} INFO - Executing <Task(PythonOperator): download_minio> on 2026-01-11 11:12:00+00:00
[2026-01-11T11:13:50.015+0000] {standard_task_runner.py:90} INFO - Running: ['***', 'tasks', 'run', 'minio_to_snowflake', 'download_minio', 'scheduled__2026-01-11T11:12:00+00:00', '--job-id', '126', '--raw', '--subdir', 'DAGS_FOLDER/minio_to_snowflake.py', '--cfg-path', '/tmp/tmpj7wpl438']
[2026-01-11T11:13:50.033+0000] {standard_task_runner.py:91} INFO - Job 126: Subtask download_minio
[2026-01-11T11:13:50.036+0000] {logging_mixin.py:188} WARNING - /home/***/.local/lib/python3.12/site-packages/***/task/task_runner/standard_task_runner.py:62 DeprecationWarning: This process (pid=32461) is multi-threaded, use of fork() may lead to deadlocks in the child.
[2026-01-11T11:13:50.043+0000] {standard_task_runner.py:64} INFO - Started process 32474 to run task
[2026-01-11T11:13:50.214+0000] {task_command.py:426} INFO - Running <TaskInstance: minio_to_snowflake.download_minio scheduled__2026-01-11T11:12:00+00:00 [running]> on host e9ec95003052
[2026-01-11T11:13:50.631+0000] {taskinstance.py:2648} INFO - Exporting env vars: AIRFLOW_CTX_DAG_OWNER='***' AIRFLOW_CTX_DAG_ID='minio_to_snowflake' AIRFLOW_CTX_TASK_ID='download_minio' AIRFLOW_CTX_EXECUTION_DATE='2026-01-11T11:12:00+00:00' AIRFLOW_CTX_TRY_NUMBER='1' AIRFLOW_CTX_DAG_RUN_ID='scheduled__2026-01-11T11:12:00+00:00'
[2026-01-11T11:13:50.633+0000] {taskinstance.py:430} INFO - ::endgroup::
[2026-01-11T11:13:51.894+0000] {logging_mixin.py:188} INFO - Downloaded AAPL/1768094289.json -> /tmp/minio_downloads/1768094289.json
[2026-01-11T11:13:51.916+0000] {logging_mixin.py:188} INFO - Downloaded AAPL/1768094300.json -> /tmp/minio_downloads/1768094300.json
[2026-01-11T11:13:51.942+0000] {logging_mixin.py:188} INFO - Downloaded AAPL/1768094311.json -> /tmp/minio_downloads/1768094311.json
[2026-01-11T11:13:51.965+0000] {logging_mixin.py:188} INFO - Downloaded AAPL/1768094322.json -> /tmp/minio_downloads/1768094322.json
[2026-01-11T11:13:51.991+0000] {logging_mixin.py:188} INFO - Downloaded AAPL/1768094333.json -> /tmp/minio_downloads/1768094333.json
[2026-01-11T11:13:52.023+0000] {logging_mixin.py:188} INFO - Downloaded AAPL/1768094345.json -> /tmp/minio_downloads/1768094345.json
[2026-01-11T11:13:52.045+0000] {logging_mixin.py:188} INFO - Downloaded AAPL/1768094355.json -> /tmp/minio_downloads/1768094355.json
[2026-01-11T11:13:52.068+0000] {logging_mixin.py:188} INFO - Downloaded AAPL/1768094364.json -> /tmp/minio_downloads/1768094364.json
[2026-01-11T11:13:52.093+0000] {logging_mixin.py:188} INFO - Downloaded AAPL/1768094424.json -> /tmp/minio_downloads/1768094424.json
[2026-01-11T11:13:52.118+0000] {logging_mixin.py:188} INFO - Downloaded AAPL/1768094434.json -> /tmp/minio_downloads/1768094434.json
[2026-01-11T11:13:52.144+0000] {logging_mixin.py:188} INFO - Downloaded AAPL/1768094444.json -> /tmp/minio_downloads/1768094444.json
[2026-01-11T11:13:52.166+0000] {logging_mixin.py:188} INFO - Downloaded AAPL/1768094454.json -> /tmp/minio_downloads/1768094454.json
[2026-01-11T11:13:52.191+0000] {logging_mixin.py:188} INFO - Downloaded AAPL/1768094465.json -> /tmp/minio_downloads/1768094465.json
[2026-01-11T11:13:52.223+0000] {logging_mixin.py:188} INFO - Downloaded AAPL/1768094477.json -> /tmp/minio_downloads/1768094477.json
[2026-01-11T11:13:52.249+0000] {logging_mixin.py:188} INFO - Downloaded AAPL/1768094488.json -> /tmp/minio_downloads/1768094488.json
[2026-01-11T11:13:52.281+0000] {logging_mixin.py:188} INFO - Downloaded AAPL/1768094498.json -> /tmp/minio_downloads/1768094498.json
[2026-01-11T11:13:52.310+0000] {logging_mixin.py:188} INFO - Downloaded AAPL/1768094511.json -> /tmp/minio_downloads/1768094511.json
[2026-01-11T11:13:52.335+0000] {logging_mixin.py:188} INFO - Downloaded AAPL/1768094522.json -> /tmp/minio_downloads/1768094522.json
[2026-01-11T11:13:52.368+0000] {logging_mixin.py:188} INFO - Downloaded AAPL/1768094534.json -> /tmp/minio_downloads/1768094534.json
[2026-01-11T11:13:52.394+0000] {logging_mixin.py:188} INFO - Downloaded AAPL/1768094546.json -> /tmp/minio_downloads/1768094546.json
[2026-01-11T11:13:52.428+0000] {logging_mixin.py:188} INFO - Downloaded AAPL/1768094557.json -> /tmp/minio_downloads/1768094557.json
[2026-01-11T11:13:52.455+0000] {logging_mixin.py:188} INFO - Downloaded AAPL/1768094568.json -> /tmp/minio_downloads/1768094568.json
[2026-01-11T11:13:52.483+0000] {logging_mixin.py:188} INFO - Downloaded AAPL/1768094580.json -> /tmp/minio_downloads/1768094580.json
[2026-01-11T11:13:52.513+0000] {logging_mixin.py:188} INFO - Downloaded AAPL/1768094591.json -> /tmp/minio_downloads/1768094591.json
[2026-01-11T11:13:52.536+0000] {logging_mixin.py:188} INFO - Downloaded AAPL/1768094603.json -> /tmp/minio_downloads/1768094603.json
[2026-01-11T11:13:52.569+0000] {logging_mixin.py:188} INFO - Downloaded AAPL/1768094614.json -> /tmp/minio_downloads/1768094614.json
[2026-01-11T11:13:52.595+0000] {logging_mixin.py:188} INFO - Downloaded AAPL/1768094626.json -> /tmp/minio_downloads/1768094626.json
[2026-01-11T11:13:52.624+0000] {logging_mixin.py:188} INFO - Downloaded AAPL/1768094636.json -> /tmp/minio_downloads/1768094636.json
[2026-01-11T11:13:52.647+0000] {logging_mixin.py:188} INFO - Downloaded AAPL/1768094647.json -> /tmp/minio_downloads/1768094647.json
[2026-01-11T11:13:52.669+0000] {logging_mixin.py:188} INFO - Downloaded AAPL/1768094658.json -> /tmp/minio_downloads/1768094658.json
[2026-01-11T11:13:52.700+0000] {logging_mixin.py:188} INFO - Downloaded AAPL/1768094670.json -> /tmp/minio_downloads/1768094670.json
[2026-01-11T11:13:52.727+0000] {logging_mixin.py:188} INFO - Downloaded AAPL/1768094681.json -> /tmp/minio_downloads/1768094681.json
[2026-01-11T11:13:52.759+0000] {logging_mixin.py:188} INFO - Downloaded AAPL/1768094693.json -> /tmp/minio_downloads/1768094693.json
[2026-01-11T11:13:52.784+0000] {logging_mixin.py:188} INFO - Downloaded AAPL/1768094704.json -> /tmp/minio_downloads/1768094704.json
[2026-01-11T11:13:52.817+0000] {logging_mixin.py:188} INFO - Downloaded AMZN/1768094292.json -> /tmp/minio_downloads/1768094292.json
[2026-01-11T11:13:52.843+0000] {logging_mixin.py:188} INFO - Downloaded AMZN/1768094303.json -> /tmp/minio_downloads/1768094303.json
[2026-01-11T11:13:52.865+0000] {logging_mixin.py:188} INFO - Downloaded AMZN/1768094315.json -> /tmp/minio_downloads/1768094315.json
[2026-01-11T11:13:52.905+0000] {logging_mixin.py:188} INFO - Downloaded AMZN/1768094325.json -> /tmp/minio_downloads/1768094325.json
[2026-01-11T11:13:52.935+0000] {logging_mixin.py:188} INFO - Downloaded AMZN/1768094338.json -> /tmp/minio_downloads/1768094338.json
[2026-01-11T11:13:52.964+0000] {logging_mixin.py:188} INFO - Downloaded AMZN/1768094348.json -> /tmp/minio_downloads/1768094348.json
[2026-01-11T11:13:52.986+0000] {logging_mixin.py:188} INFO - Downloaded AMZN/1768094357.json -> /tmp/minio_downloads/1768094357.json
[2026-01-11T11:13:53.016+0000] {logging_mixin.py:188} INFO - Downloaded AMZN/1768094427.json -> /tmp/minio_downloads/1768094427.json
[2026-01-11T11:13:53.039+0000] {logging_mixin.py:188} INFO - Downloaded AMZN/1768094437.json -> /tmp/minio_downloads/1768094437.json
[2026-01-11T11:13:53.061+0000] {logging_mixin.py:188} INFO - Downloaded AMZN/1768094447.json -> /tmp/minio_downloads/1768094447.json
[2026-01-11T11:13:53.084+0000] {logging_mixin.py:188} INFO - Downloaded AMZN/1768094458.json -> /tmp/minio_downloads/1768094458.json
[2026-01-11T11:13:53.109+0000] {logging_mixin.py:188} INFO - Downloaded AMZN/1768094470.json -> /tmp/minio_downloads/1768094470.json
[2026-01-11T11:13:53.131+0000] {logging_mixin.py:188} INFO - Downloaded AMZN/1768094481.json -> /tmp/minio_downloads/1768094481.json
[2026-01-11T11:13:53.160+0000] {logging_mixin.py:188} INFO - Downloaded AMZN/1768094491.json -> /tmp/minio_downloads/1768094491.json
[2026-01-11T11:13:53.181+0000] {logging_mixin.py:188} INFO - Downloaded AMZN/1768094503.json -> /tmp/minio_downloads/1768094503.json
[2026-01-11T11:13:53.205+0000] {logging_mixin.py:188} INFO - Downloaded AMZN/1768094515.json -> /tmp/minio_downloads/1768094515.json
[2026-01-11T11:13:53.230+0000] {logging_mixin.py:188} INFO - Downloaded AMZN/1768094527.json -> /tmp/minio_downloads/1768094527.json
[2026-01-11T11:13:53.251+0000] {logging_mixin.py:188} INFO - Downloaded AMZN/1768094539.json -> /tmp/minio_downloads/1768094539.json
[2026-01-11T11:13:53.276+0000] {logging_mixin.py:188} INFO - Downloaded AMZN/1768094550.json -> /tmp/minio_downloads/1768094550.json
[2026-01-11T11:13:53.301+0000] {logging_mixin.py:188} INFO - Downloaded AMZN/1768094561.json -> /tmp/minio_downloads/1768094561.json
[2026-01-11T11:13:53.327+0000] {logging_mixin.py:188} INFO - Downloaded AMZN/1768094573.json -> /tmp/minio_downloads/1768094573.json
[2026-01-11T11:13:53.351+0000] {logging_mixin.py:188} INFO - Downloaded AMZN/1768094584.json -> /tmp/minio_downloads/1768094584.json
[2026-01-11T11:13:53.374+0000] {logging_mixin.py:188} INFO - Downloaded AMZN/1768094595.json -> /tmp/minio_downloads/1768094595.json
[2026-01-11T11:13:53.395+0000] {logging_mixin.py:188} INFO - Downloaded AMZN/1768094607.json -> /tmp/minio_downloads/1768094607.json
[2026-01-11T11:13:53.427+0000] {logging_mixin.py:188} INFO - Downloaded AMZN/1768094619.json -> /tmp/minio_downloads/1768094619.json
[2026-01-11T11:13:53.453+0000] {logging_mixin.py:188} INFO - Downloaded AMZN/1768094629.json -> /tmp/minio_downloads/1768094629.json
[2026-01-11T11:13:53.486+0000] {logging_mixin.py:188} INFO - Downloaded AMZN/1768094640.json -> /tmp/minio_downloads/1768094640.json
[2026-01-11T11:13:53.513+0000] {logging_mixin.py:188} INFO - Downloaded AMZN/1768094651.json -> /tmp/minio_downloads/1768094651.json
[2026-01-11T11:13:53.536+0000] {logging_mixin.py:188} INFO - Downloaded AMZN/1768094663.json -> /tmp/minio_downloads/1768094663.json
[2026-01-11T11:13:53.568+0000] {logging_mixin.py:188} INFO - Downloaded AMZN/1768094674.json -> /tmp/minio_downloads/1768094674.json
[2026-01-11T11:13:53.595+0000] {logging_mixin.py:188} INFO - Downloaded AMZN/1768094686.json -> /tmp/minio_downloads/1768094686.json
[2026-01-11T11:13:53.639+0000] {logging_mixin.py:188} INFO - Downloaded AMZN/1768094698.json -> /tmp/minio_downloads/1768094698.json
[2026-01-11T11:13:53.693+0000] {logging_mixin.py:188} INFO - Downloaded AMZN/1768094707.json -> /tmp/minio_downloads/1768094707.json
[2026-01-11T11:13:53.731+0000] {logging_mixin.py:188} INFO - Downloaded GOOGL/1768094291.json -> /tmp/minio_downloads/1768094291.json
[2026-01-11T11:13:53.779+0000] {logging_mixin.py:188} INFO - Downloaded GOOGL/1768094303.json -> /tmp/minio_downloads/1768094303.json
[2026-01-11T11:13:53.828+0000] {logging_mixin.py:188} INFO - Downloaded GOOGL/1768094314.json -> /tmp/minio_downloads/1768094314.json
[2026-01-11T11:13:53.862+0000] {logging_mixin.py:188} INFO - Downloaded GOOGL/1768094324.json -> /tmp/minio_downloads/1768094324.json
[2026-01-11T11:13:53.912+0000] {logging_mixin.py:188} INFO - Downloaded GOOGL/1768094337.json -> /tmp/minio_downloads/1768094337.json
[2026-01-11T11:13:53.935+0000] {logging_mixin.py:188} INFO - Downloaded GOOGL/1768094347.json -> /tmp/minio_downloads/1768094347.json
[2026-01-11T11:13:53.966+0000] {logging_mixin.py:188} INFO - Downloaded GOOGL/1768094357.json -> /tmp/minio_downloads/1768094357.json
[2026-01-11T11:13:53.995+0000] {logging_mixin.py:188} INFO - Downloaded GOOGL/1768094426.json -> /tmp/minio_downloads/1768094426.json
[2026-01-11T11:13:54.028+0000] {logging_mixin.py:188} INFO - Downloaded GOOGL/1768094436.json -> /tmp/minio_downloads/1768094436.json
[2026-01-11T11:13:54.048+0000] {logging_mixin.py:188} INFO - Downloaded GOOGL/1768094446.json -> /tmp/minio_downloads/1768094446.json
[2026-01-11T11:13:54.074+0000] {logging_mixin.py:188} INFO - Downloaded GOOGL/1768094457.json -> /tmp/minio_downloads/1768094457.json
[2026-01-11T11:13:54.100+0000] {logging_mixin.py:188} INFO - Downloaded GOOGL/1768094469.json -> /tmp/minio_downloads/1768094469.json
[2026-01-11T11:13:54.127+0000] {logging_mixin.py:188} INFO - Downloaded GOOGL/1768094480.json -> /tmp/minio_downloads/1768094480.json
[2026-01-11T11:13:54.159+0000] {logging_mixin.py:188} INFO - Downloaded GOOGL/1768094490.json -> /tmp/minio_downloads/1768094490.json
[2026-01-11T11:13:54.184+0000] {logging_mixin.py:188} INFO - Downloaded GOOGL/1768094502.json -> /tmp/minio_downloads/1768094502.json
[2026-01-11T11:13:54.215+0000] {logging_mixin.py:188} INFO - Downloaded GOOGL/1768094514.json -> /tmp/minio_downloads/1768094514.json
[2026-01-11T11:13:54.241+0000] {logging_mixin.py:188} INFO - Downloaded GOOGL/1768094526.json -> /tmp/minio_downloads/1768094526.json
[2026-01-11T11:13:54.264+0000] {logging_mixin.py:188} INFO - Downloaded GOOGL/1768094538.json -> /tmp/minio_downloads/1768094538.json
[2026-01-11T11:13:54.298+0000] {logging_mixin.py:188} INFO - Downloaded GOOGL/1768094549.json -> /tmp/minio_downloads/1768094549.json
[2026-01-11T11:13:54.323+0000] {logging_mixin.py:188} INFO - Downloaded GOOGL/1768094560.json -> /tmp/minio_downloads/1768094560.json
[2026-01-11T11:13:54.350+0000] {logging_mixin.py:188} INFO - Downloaded GOOGL/1768094572.json -> /tmp/minio_downloads/1768094572.json
[2026-01-11T11:13:54.377+0000] {logging_mixin.py:188} INFO - Downloaded GOOGL/1768094583.json -> /tmp/minio_downloads/1768094583.json
[2026-01-11T11:13:54.399+0000] {logging_mixin.py:188} INFO - Downloaded GOOGL/1768094594.json -> /tmp/minio_downloads/1768094594.json
[2026-01-11T11:13:54.426+0000] {logging_mixin.py:188} INFO - Downloaded GOOGL/1768094606.json -> /tmp/minio_downloads/1768094606.json
[2026-01-11T11:13:54.446+0000] {logging_mixin.py:188} INFO - Downloaded GOOGL/1768094618.json -> /tmp/minio_downloads/1768094618.json
[2026-01-11T11:13:54.467+0000] {logging_mixin.py:188} INFO - Downloaded GOOGL/1768094629.json -> /tmp/minio_downloads/1768094629.json
[2026-01-11T11:13:54.494+0000] {logging_mixin.py:188} INFO - Downloaded GOOGL/1768094639.json -> /tmp/minio_downloads/1768094639.json
[2026-01-11T11:13:54.516+0000] {logging_mixin.py:188} INFO - Downloaded GOOGL/1768094650.json -> /tmp/minio_downloads/1768094650.json
[2026-01-11T11:13:54.540+0000] {logging_mixin.py:188} INFO - Downloaded GOOGL/1768094661.json -> /tmp/minio_downloads/1768094661.json
[2026-01-11T11:13:54.565+0000] {logging_mixin.py:188} INFO - Downloaded GOOGL/1768094673.json -> /tmp/minio_downloads/1768094673.json
[2026-01-11T11:13:54.590+0000] {logging_mixin.py:188} INFO - Downloaded GOOGL/1768094685.json -> /tmp/minio_downloads/1768094685.json
[2026-01-11T11:13:54.616+0000] {logging_mixin.py:188} INFO - Downloaded GOOGL/1768094696.json -> /tmp/minio_downloads/1768094696.json
[2026-01-11T11:13:54.639+0000] {logging_mixin.py:188} INFO - Downloaded GOOGL/1768094707.json -> /tmp/minio_downloads/1768094707.json
[2026-01-11T11:13:54.663+0000] {logging_mixin.py:188} INFO - Downloaded MSFT/1768094289.json -> /tmp/minio_downloads/1768094289.json
[2026-01-11T11:13:54.690+0000] {logging_mixin.py:188} INFO - Downloaded MSFT/1768094300.json -> /tmp/minio_downloads/1768094300.json
[2026-01-11T11:13:54.711+0000] {logging_mixin.py:188} INFO - Downloaded MSFT/1768094312.json -> /tmp/minio_downloads/1768094312.json
[2026-01-11T11:13:54.732+0000] {logging_mixin.py:188} INFO - Downloaded MSFT/1768094322.json -> /tmp/minio_downloads/1768094322.json
[2026-01-11T11:13:54.760+0000] {logging_mixin.py:188} INFO - Downloaded MSFT/1768094334.json -> /tmp/minio_downloads/1768094334.json
[2026-01-11T11:13:54.782+0000] {logging_mixin.py:188} INFO - Downloaded MSFT/1768094346.json -> /tmp/minio_downloads/1768094346.json
[2026-01-11T11:13:54.805+0000] {logging_mixin.py:188} INFO - Downloaded MSFT/1768094355.json -> /tmp/minio_downloads/1768094355.json
[2026-01-11T11:13:54.829+0000] {logging_mixin.py:188} INFO - Downloaded MSFT/1768094365.json -> /tmp/minio_downloads/1768094365.json
[2026-01-11T11:13:54.853+0000] {logging_mixin.py:188} INFO - Downloaded MSFT/1768094425.json -> /tmp/minio_downloads/1768094425.json
[2026-01-11T11:13:54.892+0000] {logging_mixin.py:188} INFO - Downloaded MSFT/1768094435.json -> /tmp/minio_downloads/1768094435.json
[2026-01-11T11:13:54.929+0000] {logging_mixin.py:188} INFO - Downloaded MSFT/1768094444.json -> /tmp/minio_downloads/1768094444.json
[2026-01-11T11:13:54.959+0000] {logging_mixin.py:188} INFO - Downloaded MSFT/1768094455.json -> /tmp/minio_downloads/1768094455.json
[2026-01-11T11:13:54.981+0000] {logging_mixin.py:188} INFO - Downloaded MSFT/1768094467.json -> /tmp/minio_downloads/1768094467.json
[2026-01-11T11:13:55.008+0000] {logging_mixin.py:188} INFO - Downloaded MSFT/1768094478.json -> /tmp/minio_downloads/1768094478.json
[2026-01-11T11:13:55.041+0000] {logging_mixin.py:188} INFO - Downloaded MSFT/1768094489.json -> /tmp/minio_downloads/1768094489.json
[2026-01-11T11:13:55.076+0000] {logging_mixin.py:188} INFO - Downloaded MSFT/1768094500.json -> /tmp/minio_downloads/1768094500.json
[2026-01-11T11:13:55.112+0000] {logging_mixin.py:188} INFO - Downloaded MSFT/1768094512.json -> /tmp/minio_downloads/1768094512.json
[2026-01-11T11:13:55.145+0000] {logging_mixin.py:188} INFO - Downloaded MSFT/1768094523.json -> /tmp/minio_downloads/1768094523.json
[2026-01-11T11:13:55.180+0000] {logging_mixin.py:188} INFO - Downloaded MSFT/1768094535.json -> /tmp/minio_downloads/1768094535.json
[2026-01-11T11:13:55.209+0000] {logging_mixin.py:188} INFO - Downloaded MSFT/1768094547.json -> /tmp/minio_downloads/1768094547.json
[2026-01-11T11:13:55.242+0000] {logging_mixin.py:188} INFO - Downloaded MSFT/1768094558.json -> /tmp/minio_downloads/1768094558.json
[2026-01-11T11:13:55.268+0000] {logging_mixin.py:188} INFO - Downloaded MSFT/1768094570.json -> /tmp/minio_downloads/1768094570.json
[2026-01-11T11:13:55.299+0000] {logging_mixin.py:188} INFO - Downloaded MSFT/1768094581.json -> /tmp/minio_downloads/1768094581.json
[2026-01-11T11:13:55.330+0000] {logging_mixin.py:188} INFO - Downloaded MSFT/1768094592.json -> /tmp/minio_downloads/1768094592.json
[2026-01-11T11:13:55.364+0000] {logging_mixin.py:188} INFO - Downloaded MSFT/1768094604.json -> /tmp/minio_downloads/1768094604.json
[2026-01-11T11:13:55.392+0000] {logging_mixin.py:188} INFO - Downloaded MSFT/1768094615.json -> /tmp/minio_downloads/1768094615.json
[2026-01-11T11:13:55.423+0000] {logging_mixin.py:188} INFO - Downloaded MSFT/1768094627.json -> /tmp/minio_downloads/1768094627.json
[2026-01-11T11:13:55.452+0000] {logging_mixin.py:188} INFO - Downloaded MSFT/1768094637.json -> /tmp/minio_downloads/1768094637.json
[2026-01-11T11:13:55.490+0000] {logging_mixin.py:188} INFO - Downloaded MSFT/1768094648.json -> /tmp/minio_downloads/1768094648.json
[2026-01-11T11:13:55.524+0000] {logging_mixin.py:188} INFO - Downloaded MSFT/1768094659.json -> /tmp/minio_downloads/1768094659.json
[2026-01-11T11:13:55.564+0000] {logging_mixin.py:188} INFO - Downloaded MSFT/1768094671.json -> /tmp/minio_downloads/1768094671.json
[2026-01-11T11:13:55.597+0000] {logging_mixin.py:188} INFO - Downloaded MSFT/1768094682.json -> /tmp/minio_downloads/1768094682.json
[2026-01-11T11:13:55.634+0000] {logging_mixin.py:188} INFO - Downloaded MSFT/1768094694.json -> /tmp/minio_downloads/1768094694.json
[2026-01-11T11:13:55.673+0000] {logging_mixin.py:188} INFO - Downloaded MSFT/1768094705.json -> /tmp/minio_downloads/1768094705.json
[2026-01-11T11:13:55.715+0000] {logging_mixin.py:188} INFO - Downloaded TSLA/1768094290.json -> /tmp/minio_downloads/1768094290.json
[2026-01-11T11:13:55.757+0000] {logging_mixin.py:188} INFO - Downloaded TSLA/1768094301.json -> /tmp/minio_downloads/1768094301.json
[2026-01-11T11:13:55.790+0000] {logging_mixin.py:188} INFO - Downloaded TSLA/1768094313.json -> /tmp/minio_downloads/1768094313.json
[2026-01-11T11:13:55.825+0000] {logging_mixin.py:188} INFO - Downloaded TSLA/1768094323.json -> /tmp/minio_downloads/1768094323.json
[2026-01-11T11:13:55.851+0000] {logging_mixin.py:188} INFO - Downloaded TSLA/1768094335.json -> /tmp/minio_downloads/1768094335.json
[2026-01-11T11:13:55.893+0000] {logging_mixin.py:188} INFO - Downloaded TSLA/1768094346.json -> /tmp/minio_downloads/1768094346.json
[2026-01-11T11:13:55.920+0000] {logging_mixin.py:188} INFO - Downloaded TSLA/1768094356.json -> /tmp/minio_downloads/1768094356.json
[2026-01-11T11:13:55.969+0000] {logging_mixin.py:188} INFO - Downloaded TSLA/1768094426.json -> /tmp/minio_downloads/1768094426.json
[2026-01-11T11:13:56.017+0000] {logging_mixin.py:188} INFO - Downloaded TSLA/1768094435.json -> /tmp/minio_downloads/1768094435.json
[2026-01-11T11:13:56.075+0000] {logging_mixin.py:188} INFO - Downloaded TSLA/1768094445.json -> /tmp/minio_downloads/1768094445.json
[2026-01-11T11:13:56.127+0000] {logging_mixin.py:188} INFO - Downloaded TSLA/1768094456.json -> /tmp/minio_downloads/1768094456.json
[2026-01-11T11:13:56.204+0000] {logging_mixin.py:188} INFO - Downloaded TSLA/1768094468.json -> /tmp/minio_downloads/1768094468.json
[2026-01-11T11:13:56.265+0000] {logging_mixin.py:188} INFO - Downloaded TSLA/1768094479.json -> /tmp/minio_downloads/1768094479.json
[2026-01-11T11:13:56.301+0000] {logging_mixin.py:188} INFO - Downloaded TSLA/1768094489.json -> /tmp/minio_downloads/1768094489.json
[2026-01-11T11:13:56.331+0000] {logging_mixin.py:188} INFO - Downloaded TSLA/1768094501.json -> /tmp/minio_downloads/1768094501.json
[2026-01-11T11:13:56.364+0000] {logging_mixin.py:188} INFO - Downloaded TSLA/1768094513.json -> /tmp/minio_downloads/1768094513.json
[2026-01-11T11:13:56.389+0000] {logging_mixin.py:188} INFO - Downloaded TSLA/1768094524.json -> /tmp/minio_downloads/1768094524.json
[2026-01-11T11:13:56.418+0000] {logging_mixin.py:188} INFO - Downloaded TSLA/1768094537.json -> /tmp/minio_downloads/1768094537.json
[2026-01-11T11:13:56.445+0000] {logging_mixin.py:188} INFO - Downloaded TSLA/1768094548.json -> /tmp/minio_downloads/1768094548.json
[2026-01-11T11:13:56.467+0000] {logging_mixin.py:188} INFO - Downloaded TSLA/1768094559.json -> /tmp/minio_downloads/1768094559.json
[2026-01-11T11:13:56.500+0000] {logging_mixin.py:188} INFO - Downloaded TSLA/1768094571.json -> /tmp/minio_downloads/1768094571.json
[2026-01-11T11:13:56.533+0000] {logging_mixin.py:188} INFO - Downloaded TSLA/1768094582.json -> /tmp/minio_downloads/1768094582.json
[2026-01-11T11:13:56.571+0000] {logging_mixin.py:188} INFO - Downloaded TSLA/1768094593.json -> /tmp/minio_downloads/1768094593.json
[2026-01-11T11:13:56.601+0000] {logging_mixin.py:188} INFO - Downloaded TSLA/1768094605.json -> /tmp/minio_downloads/1768094605.json
[2026-01-11T11:13:56.635+0000] {logging_mixin.py:188} INFO - Downloaded TSLA/1768094617.json -> /tmp/minio_downloads/1768094617.json
[2026-01-11T11:13:56.662+0000] {logging_mixin.py:188} INFO - Downloaded TSLA/1768094628.json -> /tmp/minio_downloads/1768094628.json
[2026-01-11T11:13:56.684+0000] {logging_mixin.py:188} INFO - Downloaded TSLA/1768094638.json -> /tmp/minio_downloads/1768094638.json
[2026-01-11T11:13:56.713+0000] {logging_mixin.py:188} INFO - Downloaded TSLA/1768094649.json -> /tmp/minio_downloads/1768094649.json
[2026-01-11T11:13:56.742+0000] {logging_mixin.py:188} INFO - Downloaded TSLA/1768094660.json -> /tmp/minio_downloads/1768094660.json
[2026-01-11T11:13:56.776+0000] {logging_mixin.py:188} INFO - Downloaded TSLA/1768094672.json -> /tmp/minio_downloads/1768094672.json
[2026-01-11T11:13:56.802+0000] {logging_mixin.py:188} INFO - Downloaded TSLA/1768094684.json -> /tmp/minio_downloads/1768094684.json
[2026-01-11T11:13:57.011+0000] {logging_mixin.py:188} INFO - Downloaded TSLA/1768094695.json -> /tmp/minio_downloads/1768094695.json
[2026-01-11T11:13:57.077+0000] {logging_mixin.py:188} INFO - Downloaded TSLA/1768094706.json -> /tmp/minio_downloads/1768094706.json
[2026-01-11T11:13:57.084+0000] {python.py:237} INFO - Done. Returned value was: ['/tmp/minio_downloads/1768094289.json', '/tmp/minio_downloads/1768094300.json', '/tmp/minio_downloads/1768094311.json', '/tmp/minio_downloads/1768094322.json', '/tmp/minio_downloads/1768094333.json', '/tmp/minio_downloads/1768094345.json', '/tmp/minio_downloads/1768094355.json', '/tmp/minio_downloads/1768094364.json', '/tmp/minio_downloads/1768094424.json', '/tmp/minio_downloads/1768094434.json', '/tmp/minio_downloads/1768094444.json', '/tmp/minio_downloads/1768094454.json', '/tmp/minio_downloads/1768094465.json', '/tmp/minio_downloads/1768094477.json', '/tmp/minio_downloads/1768094488.json', '/tmp/minio_downloads/1768094498.json', '/tmp/minio_downloads/1768094511.json', '/tmp/minio_downloads/1768094522.json', '/tmp/minio_downloads/1768094534.json', '/tmp/minio_downloads/1768094546.json', '/tmp/minio_downloads/1768094557.json', '/tmp/minio_downloads/1768094568.json', '/tmp/minio_downloads/1768094580.json', '/tmp/minio_downloads/1768094591.json', '/tmp/minio_downloads/1768094603.json', '/tmp/minio_downloads/1768094614.json', '/tmp/minio_downloads/1768094626.json', '/tmp/minio_downloads/1768094636.json', '/tmp/minio_downloads/1768094647.json', '/tmp/minio_downloads/1768094658.json', '/tmp/minio_downloads/1768094670.json', '/tmp/minio_downloads/1768094681.json', '/tmp/minio_downloads/1768094693.json', '/tmp/minio_downloads/1768094704.json', '/tmp/minio_downloads/1768094292.json', '/tmp/minio_downloads/1768094303.json', '/tmp/minio_downloads/1768094315.json', '/tmp/minio_downloads/1768094325.json', '/tmp/minio_downloads/1768094338.json', '/tmp/minio_downloads/1768094348.json', '/tmp/minio_downloads/1768094357.json', '/tmp/minio_downloads/1768094427.json', '/tmp/minio_downloads/1768094437.json', '/tmp/minio_downloads/1768094447.json', '/tmp/minio_downloads/1768094458.json', '/tmp/minio_downloads/1768094470.json', '/tmp/minio_downloads/1768094481.json', '/tmp/minio_downloads/1768094491.json', '/tmp/minio_downloads/1768094503.json', '/tmp/minio_downloads/1768094515.json', '/tmp/minio_downloads/1768094527.json', '/tmp/minio_downloads/1768094539.json', '/tmp/minio_downloads/1768094550.json', '/tmp/minio_downloads/1768094561.json', '/tmp/minio_downloads/1768094573.json', '/tmp/minio_downloads/1768094584.json', '/tmp/minio_downloads/1768094595.json', '/tmp/minio_downloads/1768094607.json', '/tmp/minio_downloads/1768094619.json', '/tmp/minio_downloads/1768094629.json', '/tmp/minio_downloads/1768094640.json', '/tmp/minio_downloads/1768094651.json', '/tmp/minio_downloads/1768094663.json', '/tmp/minio_downloads/1768094674.json', '/tmp/minio_downloads/1768094686.json', '/tmp/minio_downloads/1768094698.json', '/tmp/minio_downloads/1768094707.json', '/tmp/minio_downloads/1768094291.json', '/tmp/minio_downloads/1768094303.json', '/tmp/minio_downloads/1768094314.json', '/tmp/minio_downloads/1768094324.json', '/tmp/minio_downloads/1768094337.json', '/tmp/minio_downloads/1768094347.json', '/tmp/minio_downloads/1768094357.json', '/tmp/minio_downloads/1768094426.json', '/tmp/minio_downloads/1768094436.json', '/tmp/minio_downloads/1768094446.json', '/tmp/minio_downloads/1768094457.json', '/tmp/minio_downloads/1768094469.json', '/tmp/minio_downloads/1768094480.json', '/tmp/minio_downloads/1768094490.json', '/tmp/minio_downloads/1768094502.json', '/tmp/minio_downloads/1768094514.json', '/tmp/minio_downloads/1768094526.json', '/tmp/minio_downloads/1768094538.json', '/tmp/minio_downloads/1768094549.json', '/tmp/minio_downloads/1768094560.json', '/tmp/minio_downloads/1768094572.json', '/tmp/minio_downloads/1768094583.json', '/tmp/minio_downloads/1768094594.json', '/tmp/minio_downloads/1768094606.json', '/tmp/minio_downloads/1768094618.json', '/tmp/minio_downloads/1768094629.json', '/tmp/minio_downloads/1768094639.json', '/tmp/minio_downloads/1768094650.json', '/tmp/minio_downloads/1768094661.json', '/tmp/minio_downloads/1768094673.json', '/tmp/minio_downloads/1768094685.json', '/tmp/minio_downloads/1768094696.json', '/tmp/minio_downloads/1768094707.json', '/tmp/minio_downloads/1768094289.json', '/tmp/minio_downloads/1768094300.json', '/tmp/minio_downloads/1768094312.json', '/tmp/minio_downloads/1768094322.json', '/tmp/minio_downloads/1768094334.json', '/tmp/minio_downloads/1768094346.json', '/tmp/minio_downloads/1768094355.json', '/tmp/minio_downloads/1768094365.json', '/tmp/minio_downloads/1768094425.json', '/tmp/minio_downloads/1768094435.json', '/tmp/minio_downloads/1768094444.json', '/tmp/minio_downloads/1768094455.json', '/tmp/minio_downloads/1768094467.json', '/tmp/minio_downloads/1768094478.json', '/tmp/minio_downloads/1768094489.json', '/tmp/minio_downloads/1768094500.json', '/tmp/minio_downloads/1768094512.json', '/tmp/minio_downloads/1768094523.json', '/tmp/minio_downloads/1768094535.json', '/tmp/minio_downloads/1768094547.json', '/tmp/minio_downloads/1768094558.json', '/tmp/minio_downloads/1768094570.json', '/tmp/minio_downloads/1768094581.json', '/tmp/minio_downloads/1768094592.json', '/tmp/minio_downloads/1768094604.json', '/tmp/minio_downloads/1768094615.json', '/tmp/minio_downloads/1768094627.json', '/tmp/minio_downloads/1768094637.json', '/tmp/minio_downloads/1768094648.json', '/tmp/minio_downloads/1768094659.json', '/tmp/minio_downloads/1768094671.json', '/tmp/minio_downloads/1768094682.json', '/tmp/minio_downloads/1768094694.json', '/tmp/minio_downloads/1768094705.json', '/tmp/minio_downloads/1768094290.json', '/tmp/minio_downloads/1768094301.json', '/tmp/minio_downloads/1768094313.json', '/tmp/minio_downloads/1768094323.json', '/tmp/minio_downloads/1768094335.json', '/tmp/minio_downloads/1768094346.json', '/tmp/minio_downloads/1768094356.json', '/tmp/minio_downloads/1768094426.json', '/tmp/minio_downloads/1768094435.json', '/tmp/minio_downloads/1768094445.json', '/tmp/minio_downloads/1768094456.json', '/tmp/minio_downloads/1768094468.json', '/tmp/minio_downloads/1768094479.json', '/tmp/minio_downloads/1768094489.json', '/tmp/minio_downloads/1768094501.json', '/tmp/minio_downloads/1768094513.json', '/tmp/minio_downloads/1768094524.json', '/tmp/minio_downloads/1768094537.json', '/tmp/minio_downloads/1768094548.json', '/tmp/minio_downloads/1768094559.json', '/tmp/minio_downloads/1768094571.json', '/tmp/minio_downloads/1768094582.json', '/tmp/minio_downloads/1768094593.json', '/tmp/minio_downloads/1768094605.json', '/tmp/minio_downloads/1768094617.json', '/tmp/minio_downloads/1768094628.json', '/tmp/minio_downloads/1768094638.json', '/tmp/minio_downloads/1768094649.json', '/tmp/minio_downloads/1768094660.json', '/tmp/minio_downloads/1768094672.json', '/tmp/minio_downloads/1768094684.json', '/tmp/minio_downloads/1768094695.json', '/tmp/minio_downloads/1768094706.json']
[2026-01-11T11:13:57.089+0000] {taskinstance.py:441} INFO - ::group::Post task execution logs
[2026-01-11T11:13:57.184+0000] {taskinstance.py:1206} INFO - Marking task as SUCCESS. dag_id=minio_to_snowflake, task_id=download_minio, run_id=scheduled__2026-01-11T11:12:00+00:00, execution_date=20260111T111200, start_date=20260111T111349, end_date=20260111T111357
[2026-01-11T11:13:57.288+0000] {local_task_job_runner.py:243} INFO - Task exited with return code 0
[2026-01-11T11:13:57.352+0000] {taskinstance.py:3503} INFO - 1 downstream tasks scheduled from follow-on schedule check
[2026-01-11T11:13:57.362+0000] {local_task_job_runner.py:222} INFO - ::endgroup::
