[2026-01-11T02:09:04.775+0000] {local_task_job_runner.py:120} INFO - ::group::Pre task execution logs
[2026-01-11T02:09:04.836+0000] {taskinstance.py:2076} INFO - Dependencies all met for dep_context=non-requeueable deps ti=<TaskInstance: minio_to_snowflake.load_snowflake scheduled__2026-01-11T02:06:00+00:00 [queued]>
[2026-01-11T02:09:04.860+0000] {taskinstance.py:2076} INFO - Dependencies all met for dep_context=requeueable deps ti=<TaskInstance: minio_to_snowflake.load_snowflake scheduled__2026-01-11T02:06:00+00:00 [queued]>
[2026-01-11T02:09:04.862+0000] {taskinstance.py:2306} INFO - Starting attempt 1 of 2
[2026-01-11T02:09:04.891+0000] {taskinstance.py:2330} INFO - Executing <Task(PythonOperator): load_snowflake> on 2026-01-11 02:06:00+00:00
[2026-01-11T02:09:04.912+0000] {standard_task_runner.py:90} INFO - Running: ['***', 'tasks', 'run', 'minio_to_snowflake', 'load_snowflake', 'scheduled__2026-01-11T02:06:00+00:00', '--job-id', '64', '--raw', '--subdir', 'DAGS_FOLDER/minio_to_snowflake.py', '--cfg-path', '/tmp/tmps7hij4v9']
[2026-01-11T02:09:04.917+0000] {logging_mixin.py:188} WARNING - /home/***/.local/lib/python3.12/site-packages/***/task/task_runner/standard_task_runner.py:62 DeprecationWarning: This process (pid=16199) is multi-threaded, use of fork() may lead to deadlocks in the child.
[2026-01-11T02:09:04.918+0000] {standard_task_runner.py:91} INFO - Job 64: Subtask load_snowflake
[2026-01-11T02:09:04.919+0000] {standard_task_runner.py:64} INFO - Started process 16209 to run task
[2026-01-11T02:09:05.059+0000] {task_command.py:426} INFO - Running <TaskInstance: minio_to_snowflake.load_snowflake scheduled__2026-01-11T02:06:00+00:00 [running]> on host e9ec95003052
[2026-01-11T02:09:05.243+0000] {taskinstance.py:2648} INFO - Exporting env vars: AIRFLOW_CTX_DAG_OWNER='***' AIRFLOW_CTX_DAG_ID='minio_to_snowflake' AIRFLOW_CTX_TASK_ID='load_snowflake' AIRFLOW_CTX_EXECUTION_DATE='2026-01-11T02:06:00+00:00' AIRFLOW_CTX_TRY_NUMBER='1' AIRFLOW_CTX_DAG_RUN_ID='scheduled__2026-01-11T02:06:00+00:00'
[2026-01-11T02:09:05.246+0000] {taskinstance.py:430} INFO - ::endgroup::
[2026-01-11T02:09:05.299+0000] {connection.py:408} INFO - Snowflake Connector for Python Version: 3.11.0, Python Version: 3.12.4, Platform: Linux-6.6.87.2-microsoft-standard-WSL2-x86_64-with-glibc2.36
[2026-01-11T02:09:05.303+0000] {connection.py:1258} INFO - This connection is in OCSP Fail Open Mode. TLS Certificates would be checked for validity and revocation status. Any other Certificate Revocation related exceptions or OCSP Responder failures would be disregarded in favor of connectivity.
[2026-01-11T02:09:07.841+0000] {logging_mixin.py:188} INFO - Uploaded /tmp/minio_downloads/1768094289.json to Snowflake stage
[2026-01-11T02:09:08.265+0000] {logging_mixin.py:188} INFO - Uploaded /tmp/minio_downloads/1768094300.json to Snowflake stage
[2026-01-11T02:09:08.704+0000] {logging_mixin.py:188} INFO - Uploaded /tmp/minio_downloads/1768094311.json to Snowflake stage
[2026-01-11T02:09:09.143+0000] {logging_mixin.py:188} INFO - Uploaded /tmp/minio_downloads/1768094322.json to Snowflake stage
[2026-01-11T02:09:09.589+0000] {logging_mixin.py:188} INFO - Uploaded /tmp/minio_downloads/1768094333.json to Snowflake stage
[2026-01-11T02:09:10.019+0000] {logging_mixin.py:188} INFO - Uploaded /tmp/minio_downloads/1768094345.json to Snowflake stage
[2026-01-11T02:09:10.438+0000] {logging_mixin.py:188} INFO - Uploaded /tmp/minio_downloads/1768094355.json to Snowflake stage
[2026-01-11T02:09:10.865+0000] {logging_mixin.py:188} INFO - Uploaded /tmp/minio_downloads/1768094364.json to Snowflake stage
[2026-01-11T02:09:11.293+0000] {logging_mixin.py:188} INFO - Uploaded /tmp/minio_downloads/1768094424.json to Snowflake stage
[2026-01-11T02:09:11.727+0000] {logging_mixin.py:188} INFO - Uploaded /tmp/minio_downloads/1768094434.json to Snowflake stage
[2026-01-11T02:09:12.164+0000] {logging_mixin.py:188} INFO - Uploaded /tmp/minio_downloads/1768094444.json to Snowflake stage
[2026-01-11T02:09:12.605+0000] {logging_mixin.py:188} INFO - Uploaded /tmp/minio_downloads/1768094454.json to Snowflake stage
[2026-01-11T02:09:13.021+0000] {logging_mixin.py:188} INFO - Uploaded /tmp/minio_downloads/1768094465.json to Snowflake stage
[2026-01-11T02:09:13.440+0000] {logging_mixin.py:188} INFO - Uploaded /tmp/minio_downloads/1768094477.json to Snowflake stage
[2026-01-11T02:09:13.863+0000] {logging_mixin.py:188} INFO - Uploaded /tmp/minio_downloads/1768094488.json to Snowflake stage
[2026-01-11T02:09:14.279+0000] {logging_mixin.py:188} INFO - Uploaded /tmp/minio_downloads/1768094498.json to Snowflake stage
[2026-01-11T02:09:14.710+0000] {logging_mixin.py:188} INFO - Uploaded /tmp/minio_downloads/1768094511.json to Snowflake stage
[2026-01-11T02:09:15.132+0000] {logging_mixin.py:188} INFO - Uploaded /tmp/minio_downloads/1768094522.json to Snowflake stage
[2026-01-11T02:09:15.563+0000] {logging_mixin.py:188} INFO - Uploaded /tmp/minio_downloads/1768094534.json to Snowflake stage
[2026-01-11T02:09:15.984+0000] {logging_mixin.py:188} INFO - Uploaded /tmp/minio_downloads/1768094546.json to Snowflake stage
[2026-01-11T02:09:16.424+0000] {logging_mixin.py:188} INFO - Uploaded /tmp/minio_downloads/1768094557.json to Snowflake stage
[2026-01-11T02:09:16.846+0000] {logging_mixin.py:188} INFO - Uploaded /tmp/minio_downloads/1768094568.json to Snowflake stage
[2026-01-11T02:09:17.306+0000] {logging_mixin.py:188} INFO - Uploaded /tmp/minio_downloads/1768094580.json to Snowflake stage
[2026-01-11T02:09:17.735+0000] {logging_mixin.py:188} INFO - Uploaded /tmp/minio_downloads/1768094591.json to Snowflake stage
[2026-01-11T02:09:18.159+0000] {logging_mixin.py:188} INFO - Uploaded /tmp/minio_downloads/1768094603.json to Snowflake stage
[2026-01-11T02:09:18.585+0000] {logging_mixin.py:188} INFO - Uploaded /tmp/minio_downloads/1768094614.json to Snowflake stage
[2026-01-11T02:09:19.003+0000] {logging_mixin.py:188} INFO - Uploaded /tmp/minio_downloads/1768094626.json to Snowflake stage
[2026-01-11T02:09:19.424+0000] {logging_mixin.py:188} INFO - Uploaded /tmp/minio_downloads/1768094636.json to Snowflake stage
[2026-01-11T02:09:19.849+0000] {logging_mixin.py:188} INFO - Uploaded /tmp/minio_downloads/1768094647.json to Snowflake stage
[2026-01-11T02:09:20.287+0000] {logging_mixin.py:188} INFO - Uploaded /tmp/minio_downloads/1768094658.json to Snowflake stage
[2026-01-11T02:09:20.720+0000] {logging_mixin.py:188} INFO - Uploaded /tmp/minio_downloads/1768094670.json to Snowflake stage
[2026-01-11T02:09:21.169+0000] {logging_mixin.py:188} INFO - Uploaded /tmp/minio_downloads/1768094681.json to Snowflake stage
[2026-01-11T02:09:21.597+0000] {logging_mixin.py:188} INFO - Uploaded /tmp/minio_downloads/1768094693.json to Snowflake stage
[2026-01-11T02:09:22.023+0000] {logging_mixin.py:188} INFO - Uploaded /tmp/minio_downloads/1768094704.json to Snowflake stage
[2026-01-11T02:09:22.449+0000] {logging_mixin.py:188} INFO - Uploaded /tmp/minio_downloads/1768094292.json to Snowflake stage
[2026-01-11T02:09:22.871+0000] {logging_mixin.py:188} INFO - Uploaded /tmp/minio_downloads/1768094303.json to Snowflake stage
[2026-01-11T02:09:23.298+0000] {logging_mixin.py:188} INFO - Uploaded /tmp/minio_downloads/1768094315.json to Snowflake stage
[2026-01-11T02:09:23.738+0000] {logging_mixin.py:188} INFO - Uploaded /tmp/minio_downloads/1768094325.json to Snowflake stage
[2026-01-11T02:09:24.182+0000] {logging_mixin.py:188} INFO - Uploaded /tmp/minio_downloads/1768094338.json to Snowflake stage
[2026-01-11T02:09:24.607+0000] {logging_mixin.py:188} INFO - Uploaded /tmp/minio_downloads/1768094348.json to Snowflake stage
[2026-01-11T02:09:25.023+0000] {logging_mixin.py:188} INFO - Uploaded /tmp/minio_downloads/1768094357.json to Snowflake stage
[2026-01-11T02:09:25.467+0000] {logging_mixin.py:188} INFO - Uploaded /tmp/minio_downloads/1768094427.json to Snowflake stage
[2026-01-11T02:09:25.893+0000] {logging_mixin.py:188} INFO - Uploaded /tmp/minio_downloads/1768094437.json to Snowflake stage
[2026-01-11T02:09:26.338+0000] {logging_mixin.py:188} INFO - Uploaded /tmp/minio_downloads/1768094447.json to Snowflake stage
[2026-01-11T02:09:26.760+0000] {logging_mixin.py:188} INFO - Uploaded /tmp/minio_downloads/1768094458.json to Snowflake stage
[2026-01-11T02:09:27.184+0000] {logging_mixin.py:188} INFO - Uploaded /tmp/minio_downloads/1768094470.json to Snowflake stage
[2026-01-11T02:09:27.620+0000] {logging_mixin.py:188} INFO - Uploaded /tmp/minio_downloads/1768094481.json to Snowflake stage
[2026-01-11T02:09:28.058+0000] {logging_mixin.py:188} INFO - Uploaded /tmp/minio_downloads/1768094491.json to Snowflake stage
[2026-01-11T02:09:28.483+0000] {logging_mixin.py:188} INFO - Uploaded /tmp/minio_downloads/1768094503.json to Snowflake stage
[2026-01-11T02:09:28.913+0000] {logging_mixin.py:188} INFO - Uploaded /tmp/minio_downloads/1768094515.json to Snowflake stage
[2026-01-11T02:09:29.362+0000] {logging_mixin.py:188} INFO - Uploaded /tmp/minio_downloads/1768094527.json to Snowflake stage
[2026-01-11T02:09:29.788+0000] {logging_mixin.py:188} INFO - Uploaded /tmp/minio_downloads/1768094539.json to Snowflake stage
[2026-01-11T02:09:30.219+0000] {logging_mixin.py:188} INFO - Uploaded /tmp/minio_downloads/1768094550.json to Snowflake stage
[2026-01-11T02:09:30.654+0000] {logging_mixin.py:188} INFO - Uploaded /tmp/minio_downloads/1768094561.json to Snowflake stage
[2026-01-11T02:09:31.084+0000] {logging_mixin.py:188} INFO - Uploaded /tmp/minio_downloads/1768094573.json to Snowflake stage
[2026-01-11T02:09:31.526+0000] {logging_mixin.py:188} INFO - Uploaded /tmp/minio_downloads/1768094584.json to Snowflake stage
[2026-01-11T02:09:31.956+0000] {logging_mixin.py:188} INFO - Uploaded /tmp/minio_downloads/1768094595.json to Snowflake stage
[2026-01-11T02:09:32.382+0000] {logging_mixin.py:188} INFO - Uploaded /tmp/minio_downloads/1768094607.json to Snowflake stage
[2026-01-11T02:09:32.808+0000] {logging_mixin.py:188} INFO - Uploaded /tmp/minio_downloads/1768094619.json to Snowflake stage
[2026-01-11T02:09:33.241+0000] {logging_mixin.py:188} INFO - Uploaded /tmp/minio_downloads/1768094629.json to Snowflake stage
[2026-01-11T02:09:33.663+0000] {logging_mixin.py:188} INFO - Uploaded /tmp/minio_downloads/1768094640.json to Snowflake stage
[2026-01-11T02:09:34.084+0000] {logging_mixin.py:188} INFO - Uploaded /tmp/minio_downloads/1768094651.json to Snowflake stage
[2026-01-11T02:09:34.497+0000] {logging_mixin.py:188} INFO - Uploaded /tmp/minio_downloads/1768094663.json to Snowflake stage
[2026-01-11T02:09:34.929+0000] {logging_mixin.py:188} INFO - Uploaded /tmp/minio_downloads/1768094674.json to Snowflake stage
[2026-01-11T02:09:35.348+0000] {logging_mixin.py:188} INFO - Uploaded /tmp/minio_downloads/1768094686.json to Snowflake stage
[2026-01-11T02:09:35.776+0000] {logging_mixin.py:188} INFO - Uploaded /tmp/minio_downloads/1768094698.json to Snowflake stage
[2026-01-11T02:09:36.193+0000] {logging_mixin.py:188} INFO - Uploaded /tmp/minio_downloads/1768094707.json to Snowflake stage
[2026-01-11T02:09:35.875+0000] {logging_mixin.py:188} INFO - Uploaded /tmp/minio_downloads/1768094291.json to Snowflake stage
[2026-01-11T02:09:35.372+0000] {logging_mixin.py:188} INFO - Uploaded /tmp/minio_downloads/1768094303.json to Snowflake stage
[2026-01-11T02:09:35.807+0000] {logging_mixin.py:188} INFO - Uploaded /tmp/minio_downloads/1768094314.json to Snowflake stage
[2026-01-11T02:09:36.222+0000] {logging_mixin.py:188} INFO - Uploaded /tmp/minio_downloads/1768094324.json to Snowflake stage
[2026-01-11T02:09:36.645+0000] {logging_mixin.py:188} INFO - Uploaded /tmp/minio_downloads/1768094337.json to Snowflake stage
[2026-01-11T02:09:37.068+0000] {logging_mixin.py:188} INFO - Uploaded /tmp/minio_downloads/1768094347.json to Snowflake stage
[2026-01-11T02:09:37.496+0000] {logging_mixin.py:188} INFO - Uploaded /tmp/minio_downloads/1768094357.json to Snowflake stage
[2026-01-11T02:09:37.918+0000] {logging_mixin.py:188} INFO - Uploaded /tmp/minio_downloads/1768094426.json to Snowflake stage
[2026-01-11T02:09:38.357+0000] {logging_mixin.py:188} INFO - Uploaded /tmp/minio_downloads/1768094436.json to Snowflake stage
[2026-01-11T02:09:38.798+0000] {logging_mixin.py:188} INFO - Uploaded /tmp/minio_downloads/1768094446.json to Snowflake stage
[2026-01-11T02:09:39.232+0000] {logging_mixin.py:188} INFO - Uploaded /tmp/minio_downloads/1768094457.json to Snowflake stage
[2026-01-11T02:09:39.650+0000] {logging_mixin.py:188} INFO - Uploaded /tmp/minio_downloads/1768094469.json to Snowflake stage
[2026-01-11T02:09:40.068+0000] {logging_mixin.py:188} INFO - Uploaded /tmp/minio_downloads/1768094480.json to Snowflake stage
[2026-01-11T02:09:40.487+0000] {logging_mixin.py:188} INFO - Uploaded /tmp/minio_downloads/1768094490.json to Snowflake stage
[2026-01-11T02:09:40.918+0000] {logging_mixin.py:188} INFO - Uploaded /tmp/minio_downloads/1768094502.json to Snowflake stage
[2026-01-11T02:09:41.346+0000] {logging_mixin.py:188} INFO - Uploaded /tmp/minio_downloads/1768094514.json to Snowflake stage
[2026-01-11T02:09:41.765+0000] {logging_mixin.py:188} INFO - Uploaded /tmp/minio_downloads/1768094526.json to Snowflake stage
[2026-01-11T02:09:42.187+0000] {logging_mixin.py:188} INFO - Uploaded /tmp/minio_downloads/1768094538.json to Snowflake stage
[2026-01-11T02:09:42.642+0000] {logging_mixin.py:188} INFO - Uploaded /tmp/minio_downloads/1768094549.json to Snowflake stage
[2026-01-11T02:09:43.070+0000] {logging_mixin.py:188} INFO - Uploaded /tmp/minio_downloads/1768094560.json to Snowflake stage
[2026-01-11T02:09:43.502+0000] {logging_mixin.py:188} INFO - Uploaded /tmp/minio_downloads/1768094572.json to Snowflake stage
[2026-01-11T02:09:43.947+0000] {logging_mixin.py:188} INFO - Uploaded /tmp/minio_downloads/1768094583.json to Snowflake stage
[2026-01-11T02:09:44.386+0000] {logging_mixin.py:188} INFO - Uploaded /tmp/minio_downloads/1768094594.json to Snowflake stage
[2026-01-11T02:09:44.814+0000] {logging_mixin.py:188} INFO - Uploaded /tmp/minio_downloads/1768094606.json to Snowflake stage
[2026-01-11T02:09:45.226+0000] {logging_mixin.py:188} INFO - Uploaded /tmp/minio_downloads/1768094618.json to Snowflake stage
[2026-01-11T02:09:45.656+0000] {logging_mixin.py:188} INFO - Uploaded /tmp/minio_downloads/1768094629.json to Snowflake stage
[2026-01-11T02:09:46.094+0000] {logging_mixin.py:188} INFO - Uploaded /tmp/minio_downloads/1768094639.json to Snowflake stage
[2026-01-11T02:09:46.525+0000] {logging_mixin.py:188} INFO - Uploaded /tmp/minio_downloads/1768094650.json to Snowflake stage
[2026-01-11T02:09:46.950+0000] {logging_mixin.py:188} INFO - Uploaded /tmp/minio_downloads/1768094661.json to Snowflake stage
[2026-01-11T02:09:47.381+0000] {logging_mixin.py:188} INFO - Uploaded /tmp/minio_downloads/1768094673.json to Snowflake stage
[2026-01-11T02:09:47.814+0000] {logging_mixin.py:188} INFO - Uploaded /tmp/minio_downloads/1768094685.json to Snowflake stage
[2026-01-11T02:09:48.240+0000] {logging_mixin.py:188} INFO - Uploaded /tmp/minio_downloads/1768094696.json to Snowflake stage
[2026-01-11T02:09:48.672+0000] {logging_mixin.py:188} INFO - Uploaded /tmp/minio_downloads/1768094707.json to Snowflake stage
[2026-01-11T02:09:49.095+0000] {logging_mixin.py:188} INFO - Uploaded /tmp/minio_downloads/1768094289.json to Snowflake stage
[2026-01-11T02:09:49.516+0000] {logging_mixin.py:188} INFO - Uploaded /tmp/minio_downloads/1768094300.json to Snowflake stage
[2026-01-11T02:09:49.936+0000] {logging_mixin.py:188} INFO - Uploaded /tmp/minio_downloads/1768094312.json to Snowflake stage
[2026-01-11T02:09:50.358+0000] {logging_mixin.py:188} INFO - Uploaded /tmp/minio_downloads/1768094322.json to Snowflake stage
[2026-01-11T02:09:50.782+0000] {logging_mixin.py:188} INFO - Uploaded /tmp/minio_downloads/1768094334.json to Snowflake stage
[2026-01-11T02:09:51.213+0000] {logging_mixin.py:188} INFO - Uploaded /tmp/minio_downloads/1768094346.json to Snowflake stage
[2026-01-11T02:09:51.646+0000] {logging_mixin.py:188} INFO - Uploaded /tmp/minio_downloads/1768094355.json to Snowflake stage
[2026-01-11T02:09:52.066+0000] {logging_mixin.py:188} INFO - Uploaded /tmp/minio_downloads/1768094365.json to Snowflake stage
[2026-01-11T02:09:52.517+0000] {logging_mixin.py:188} INFO - Uploaded /tmp/minio_downloads/1768094425.json to Snowflake stage
[2026-01-11T02:09:52.957+0000] {logging_mixin.py:188} INFO - Uploaded /tmp/minio_downloads/1768094435.json to Snowflake stage
[2026-01-11T02:09:53.396+0000] {logging_mixin.py:188} INFO - Uploaded /tmp/minio_downloads/1768094444.json to Snowflake stage
[2026-01-11T02:09:53.830+0000] {logging_mixin.py:188} INFO - Uploaded /tmp/minio_downloads/1768094455.json to Snowflake stage
[2026-01-11T02:09:54.256+0000] {logging_mixin.py:188} INFO - Uploaded /tmp/minio_downloads/1768094467.json to Snowflake stage
[2026-01-11T02:09:54.689+0000] {logging_mixin.py:188} INFO - Uploaded /tmp/minio_downloads/1768094478.json to Snowflake stage
[2026-01-11T02:09:55.127+0000] {logging_mixin.py:188} INFO - Uploaded /tmp/minio_downloads/1768094489.json to Snowflake stage
[2026-01-11T02:09:55.572+0000] {logging_mixin.py:188} INFO - Uploaded /tmp/minio_downloads/1768094500.json to Snowflake stage
[2026-01-11T02:09:55.993+0000] {logging_mixin.py:188} INFO - Uploaded /tmp/minio_downloads/1768094512.json to Snowflake stage
[2026-01-11T02:09:56.420+0000] {logging_mixin.py:188} INFO - Uploaded /tmp/minio_downloads/1768094523.json to Snowflake stage
[2026-01-11T02:09:56.845+0000] {logging_mixin.py:188} INFO - Uploaded /tmp/minio_downloads/1768094535.json to Snowflake stage
[2026-01-11T02:09:57.275+0000] {logging_mixin.py:188} INFO - Uploaded /tmp/minio_downloads/1768094547.json to Snowflake stage
[2026-01-11T02:09:57.698+0000] {logging_mixin.py:188} INFO - Uploaded /tmp/minio_downloads/1768094558.json to Snowflake stage
[2026-01-11T02:09:58.137+0000] {logging_mixin.py:188} INFO - Uploaded /tmp/minio_downloads/1768094570.json to Snowflake stage
[2026-01-11T02:09:58.567+0000] {logging_mixin.py:188} INFO - Uploaded /tmp/minio_downloads/1768094581.json to Snowflake stage
[2026-01-11T02:09:58.992+0000] {logging_mixin.py:188} INFO - Uploaded /tmp/minio_downloads/1768094592.json to Snowflake stage
[2026-01-11T02:09:59.421+0000] {logging_mixin.py:188} INFO - Uploaded /tmp/minio_downloads/1768094604.json to Snowflake stage
[2026-01-11T02:09:59.868+0000] {logging_mixin.py:188} INFO - Uploaded /tmp/minio_downloads/1768094615.json to Snowflake stage
[2026-01-11T02:10:00.285+0000] {logging_mixin.py:188} INFO - Uploaded /tmp/minio_downloads/1768094627.json to Snowflake stage
[2026-01-11T02:10:00.721+0000] {logging_mixin.py:188} INFO - Uploaded /tmp/minio_downloads/1768094637.json to Snowflake stage
[2026-01-11T02:10:01.157+0000] {logging_mixin.py:188} INFO - Uploaded /tmp/minio_downloads/1768094648.json to Snowflake stage
[2026-01-11T02:10:01.609+0000] {logging_mixin.py:188} INFO - Uploaded /tmp/minio_downloads/1768094659.json to Snowflake stage
[2026-01-11T02:10:02.032+0000] {logging_mixin.py:188} INFO - Uploaded /tmp/minio_downloads/1768094671.json to Snowflake stage
[2026-01-11T02:10:02.457+0000] {logging_mixin.py:188} INFO - Uploaded /tmp/minio_downloads/1768094682.json to Snowflake stage
[2026-01-11T02:10:02.879+0000] {logging_mixin.py:188} INFO - Uploaded /tmp/minio_downloads/1768094694.json to Snowflake stage
[2026-01-11T02:10:03.337+0000] {logging_mixin.py:188} INFO - Uploaded /tmp/minio_downloads/1768094705.json to Snowflake stage
[2026-01-11T02:10:03.767+0000] {logging_mixin.py:188} INFO - Uploaded /tmp/minio_downloads/1768094290.json to Snowflake stage
[2026-01-11T02:10:04.197+0000] {logging_mixin.py:188} INFO - Uploaded /tmp/minio_downloads/1768094301.json to Snowflake stage
[2026-01-11T02:10:04.639+0000] {logging_mixin.py:188} INFO - Uploaded /tmp/minio_downloads/1768094313.json to Snowflake stage
[2026-01-11T02:10:03.407+0000] {logging_mixin.py:188} INFO - Uploaded /tmp/minio_downloads/1768094323.json to Snowflake stage
[2026-01-11T02:10:03.821+0000] {logging_mixin.py:188} INFO - Uploaded /tmp/minio_downloads/1768094335.json to Snowflake stage
[2026-01-11T02:10:04.258+0000] {logging_mixin.py:188} INFO - Uploaded /tmp/minio_downloads/1768094346.json to Snowflake stage
[2026-01-11T02:10:04.690+0000] {logging_mixin.py:188} INFO - Uploaded /tmp/minio_downloads/1768094356.json to Snowflake stage
[2026-01-11T02:10:05.123+0000] {logging_mixin.py:188} INFO - Uploaded /tmp/minio_downloads/1768094426.json to Snowflake stage
[2026-01-11T02:10:05.551+0000] {logging_mixin.py:188} INFO - Uploaded /tmp/minio_downloads/1768094435.json to Snowflake stage
[2026-01-11T02:10:05.975+0000] {logging_mixin.py:188} INFO - Uploaded /tmp/minio_downloads/1768094445.json to Snowflake stage
[2026-01-11T02:10:06.408+0000] {logging_mixin.py:188} INFO - Uploaded /tmp/minio_downloads/1768094456.json to Snowflake stage
[2026-01-11T02:10:06.826+0000] {logging_mixin.py:188} INFO - Uploaded /tmp/minio_downloads/1768094468.json to Snowflake stage
[2026-01-11T02:10:07.251+0000] {logging_mixin.py:188} INFO - Uploaded /tmp/minio_downloads/1768094479.json to Snowflake stage
[2026-01-11T02:10:07.677+0000] {logging_mixin.py:188} INFO - Uploaded /tmp/minio_downloads/1768094489.json to Snowflake stage
[2026-01-11T02:10:08.100+0000] {logging_mixin.py:188} INFO - Uploaded /tmp/minio_downloads/1768094501.json to Snowflake stage
[2026-01-11T02:10:08.516+0000] {logging_mixin.py:188} INFO - Uploaded /tmp/minio_downloads/1768094513.json to Snowflake stage
[2026-01-11T02:10:08.958+0000] {logging_mixin.py:188} INFO - Uploaded /tmp/minio_downloads/1768094524.json to Snowflake stage
[2026-01-11T02:10:09.396+0000] {logging_mixin.py:188} INFO - Uploaded /tmp/minio_downloads/1768094537.json to Snowflake stage
[2026-01-11T02:10:09.837+0000] {logging_mixin.py:188} INFO - Uploaded /tmp/minio_downloads/1768094548.json to Snowflake stage
[2026-01-11T02:10:10.264+0000] {logging_mixin.py:188} INFO - Uploaded /tmp/minio_downloads/1768094559.json to Snowflake stage
[2026-01-11T02:10:10.693+0000] {logging_mixin.py:188} INFO - Uploaded /tmp/minio_downloads/1768094571.json to Snowflake stage
[2026-01-11T02:10:11.186+0000] {logging_mixin.py:188} INFO - Uploaded /tmp/minio_downloads/1768094582.json to Snowflake stage
[2026-01-11T02:10:11.607+0000] {logging_mixin.py:188} INFO - Uploaded /tmp/minio_downloads/1768094593.json to Snowflake stage
[2026-01-11T02:10:12.029+0000] {logging_mixin.py:188} INFO - Uploaded /tmp/minio_downloads/1768094605.json to Snowflake stage
[2026-01-11T02:10:12.470+0000] {logging_mixin.py:188} INFO - Uploaded /tmp/minio_downloads/1768094617.json to Snowflake stage
[2026-01-11T02:10:12.914+0000] {logging_mixin.py:188} INFO - Uploaded /tmp/minio_downloads/1768094628.json to Snowflake stage
[2026-01-11T02:10:13.808+0000] {logging_mixin.py:188} INFO - Uploaded /tmp/minio_downloads/1768094638.json to Snowflake stage
[2026-01-11T02:10:14.239+0000] {logging_mixin.py:188} INFO - Uploaded /tmp/minio_downloads/1768094649.json to Snowflake stage
[2026-01-11T02:10:14.667+0000] {logging_mixin.py:188} INFO - Uploaded /tmp/minio_downloads/1768094660.json to Snowflake stage
[2026-01-11T02:10:15.080+0000] {logging_mixin.py:188} INFO - Uploaded /tmp/minio_downloads/1768094672.json to Snowflake stage
[2026-01-11T02:10:15.516+0000] {logging_mixin.py:188} INFO - Uploaded /tmp/minio_downloads/1768094684.json to Snowflake stage
[2026-01-11T02:10:15.945+0000] {logging_mixin.py:188} INFO - Uploaded /tmp/minio_downloads/1768094695.json to Snowflake stage
[2026-01-11T02:10:16.373+0000] {logging_mixin.py:188} INFO - Uploaded /tmp/minio_downloads/1768094706.json to Snowflake stage
[2026-01-11T02:10:16.862+0000] {cursor.py:1149} INFO - Number of results in first chunk: 1
[2026-01-11T02:10:16.862+0000] {logging_mixin.py:188} INFO - COPY INTO executed
[2026-01-11T02:10:16.863+0000] {connection.py:773} INFO - closed
[2026-01-11T02:10:17.058+0000] {connection.py:779} INFO - No async queries seem to be running, deleting session
[2026-01-11T02:10:17.261+0000] {python.py:237} INFO - Done. Returned value was: None
[2026-01-11T02:10:17.262+0000] {taskinstance.py:441} INFO - ::group::Post task execution logs
[2026-01-11T02:10:17.279+0000] {taskinstance.py:1206} INFO - Marking task as SUCCESS. dag_id=minio_to_snowflake, task_id=load_snowflake, run_id=scheduled__2026-01-11T02:06:00+00:00, execution_date=20260111T020600, start_date=20260111T020904, end_date=20260111T021017
[2026-01-11T02:10:17.313+0000] {local_task_job_runner.py:243} INFO - Task exited with return code 0
[2026-01-11T02:10:17.335+0000] {taskinstance.py:3503} INFO - 0 downstream tasks scheduled from follow-on schedule check
[2026-01-11T02:10:17.338+0000] {local_task_job_runner.py:222} INFO - ::endgroup::
