[2026-01-10T11:14:17.313+0000] {local_task_job_runner.py:120} INFO - ::group::Pre task execution logs
[2026-01-10T11:14:17.928+0000] {taskinstance.py:2076} INFO - Dependencies all met for dep_context=non-requeueable deps ti=<TaskInstance: minio_to_snowflake.load_snowflake scheduled__2026-01-10T01:59:00+00:00 [queued]>
[2026-01-10T11:14:18.136+0000] {taskinstance.py:2076} INFO - Dependencies all met for dep_context=requeueable deps ti=<TaskInstance: minio_to_snowflake.load_snowflake scheduled__2026-01-10T01:59:00+00:00 [queued]>
[2026-01-10T11:14:18.179+0000] {taskinstance.py:2306} INFO - Starting attempt 2 of 2
[2026-01-10T11:14:19.619+0000] {taskinstance.py:2330} INFO - Executing <Task(PythonOperator): load_snowflake> on 2026-01-10 01:59:00+00:00
[2026-01-10T11:14:20.987+0000] {standard_task_runner.py:90} INFO - Running: ['***', 'tasks', 'run', 'minio_to_snowflake', 'load_snowflake', 'scheduled__2026-01-10T01:59:00+00:00', '--job-id', '201', '--raw', '--subdir', 'DAGS_FOLDER/minio_to_snowflake.py', '--cfg-path', '/tmp/tmpxney68pw']
[2026-01-10T11:14:21.190+0000] {standard_task_runner.py:91} INFO - Job 201: Subtask load_snowflake
[2026-01-10T11:14:21.281+0000] {logging_mixin.py:188} WARNING - /home/***/.local/lib/python3.12/site-packages/***/task/task_runner/standard_task_runner.py:62 DeprecationWarning: This process (pid=171) is multi-threaded, use of fork() may lead to deadlocks in the child.
[2026-01-10T11:14:21.289+0000] {standard_task_runner.py:64} INFO - Started process 226 to run task
[2026-01-10T11:14:24.123+0000] {task_command.py:426} INFO - Running <TaskInstance: minio_to_snowflake.load_snowflake scheduled__2026-01-10T01:59:00+00:00 [running]> on host ec4c21923cef
[2026-01-10T11:14:28.582+0000] {taskinstance.py:2648} INFO - Exporting env vars: AIRFLOW_CTX_DAG_OWNER='***' AIRFLOW_CTX_DAG_ID='minio_to_snowflake' AIRFLOW_CTX_TASK_ID='load_snowflake' AIRFLOW_CTX_EXECUTION_DATE='2026-01-10T01:59:00+00:00' AIRFLOW_CTX_TRY_NUMBER='2' AIRFLOW_CTX_DAG_RUN_ID='scheduled__2026-01-10T01:59:00+00:00'
[2026-01-10T11:14:28.597+0000] {taskinstance.py:430} INFO - ::endgroup::
[2026-01-10T11:14:28.920+0000] {connection.py:408} INFO - Snowflake Connector for Python Version: 3.11.0, Python Version: 3.12.4, Platform: Linux-6.6.87.2-microsoft-standard-WSL2-x86_64-with-glibc2.36
[2026-01-10T11:14:28.952+0000] {connection.py:1258} INFO - This connection is in OCSP Fail Open Mode. TLS Certificates would be checked for validity and revocation status. Any other Certificate Revocation related exceptions or OCSP Responder failures would be disregarded in favor of connectivity.
[2026-01-10T11:14:33.362+0000] {cursor.py:1149} INFO - Number of results in first chunk: 1
[2026-01-10T11:14:33.603+0000] {cursor.py:1149} INFO - Number of results in first chunk: 1
[2026-01-10T11:14:33.848+0000] {cursor.py:1149} INFO - Number of results in first chunk: 1
[2026-01-10T11:14:34.105+0000] {cursor.py:1149} INFO - Number of results in first chunk: 1
[2026-01-10T11:14:36.788+0000] {logging_mixin.py:188} INFO - Uploaded /tmp/minio_downloads/1767994102.json to Snowflake stage for bronze_stock_quotes_raw
[2026-01-10T11:14:37.249+0000] {logging_mixin.py:188} INFO - Uploaded /tmp/minio_downloads/1767994114.json to Snowflake stage for bronze_stock_quotes_raw
[2026-01-10T11:14:37.817+0000] {logging_mixin.py:188} INFO - Uploaded /tmp/minio_downloads/1767994127.json to Snowflake stage for bronze_stock_quotes_raw
[2026-01-10T11:14:38.284+0000] {logging_mixin.py:188} INFO - Uploaded /tmp/minio_downloads/1767994138.json to Snowflake stage for bronze_stock_quotes_raw
[2026-01-10T11:14:38.731+0000] {logging_mixin.py:188} INFO - Uploaded /tmp/minio_downloads/1767994149.json to Snowflake stage for bronze_stock_quotes_raw
[2026-01-10T11:14:39.235+0000] {logging_mixin.py:188} INFO - Uploaded /tmp/minio_downloads/1767994160.json to Snowflake stage for bronze_stock_quotes_raw
[2026-01-10T11:14:39.669+0000] {logging_mixin.py:188} INFO - Uploaded /tmp/minio_downloads/1767994171.json to Snowflake stage for bronze_stock_quotes_raw
[2026-01-10T11:14:40.107+0000] {logging_mixin.py:188} INFO - Uploaded /tmp/minio_downloads/1767994189.json to Snowflake stage for bronze_stock_quotes_raw
[2026-01-10T11:14:40.670+0000] {logging_mixin.py:188} INFO - Uploaded /tmp/minio_downloads/1767994201.json to Snowflake stage for bronze_stock_quotes_raw
[2026-01-10T11:14:41.298+0000] {logging_mixin.py:188} INFO - Uploaded /tmp/minio_downloads/1767994212.json to Snowflake stage for bronze_stock_quotes_raw
[2026-01-10T11:14:42.119+0000] {logging_mixin.py:188} INFO - Uploaded /tmp/minio_downloads/1767994225.json to Snowflake stage for bronze_stock_quotes_raw
[2026-01-10T11:14:42.543+0000] {logging_mixin.py:188} INFO - Uploaded /tmp/minio_downloads/1767994235.json to Snowflake stage for bronze_stock_quotes_raw
[2026-01-10T11:14:43.316+0000] {logging_mixin.py:188} INFO - Uploaded /tmp/minio_downloads/1767994246.json to Snowflake stage for bronze_stock_quotes_raw
[2026-01-10T11:14:44.217+0000] {logging_mixin.py:188} INFO - Uploaded /tmp/minio_downloads/1767994258.json to Snowflake stage for bronze_stock_quotes_raw
[2026-01-10T11:14:44.672+0000] {logging_mixin.py:188} INFO - Uploaded /tmp/minio_downloads/1767994270.json to Snowflake stage for bronze_stock_quotes_raw
[2026-01-10T11:14:45.111+0000] {logging_mixin.py:188} INFO - Uploaded /tmp/minio_downloads/1767994281.json to Snowflake stage for bronze_stock_quotes_raw
[2026-01-10T11:14:45.576+0000] {logging_mixin.py:188} INFO - Uploaded /tmp/minio_downloads/1767997418.json to Snowflake stage for bronze_stock_quotes_raw
[2026-01-10T11:14:46.063+0000] {logging_mixin.py:188} INFO - Uploaded /tmp/minio_downloads/1767997428.json to Snowflake stage for bronze_stock_quotes_raw
[2026-01-10T11:14:47.115+0000] {logging_mixin.py:188} INFO - Uploaded /tmp/minio_downloads/1767997440.json to Snowflake stage for bronze_stock_quotes_raw
[2026-01-10T11:14:47.895+0000] {logging_mixin.py:188} INFO - Uploaded /tmp/minio_downloads/1767997450.json to Snowflake stage for bronze_stock_quotes_raw
[2026-01-10T11:14:48.372+0000] {logging_mixin.py:188} INFO - Uploaded /tmp/minio_downloads/1767997461.json to Snowflake stage for bronze_stock_quotes_raw
[2026-01-10T11:14:48.796+0000] {logging_mixin.py:188} INFO - Uploaded /tmp/minio_downloads/1767997471.json to Snowflake stage for bronze_stock_quotes_raw
[2026-01-10T11:14:49.234+0000] {logging_mixin.py:188} INFO - Uploaded /tmp/minio_downloads/1767997482.json to Snowflake stage for bronze_stock_quotes_raw
[2026-01-10T11:14:49.683+0000] {logging_mixin.py:188} INFO - Uploaded /tmp/minio_downloads/1767997492.json to Snowflake stage for bronze_stock_quotes_raw
[2026-01-10T11:14:50.102+0000] {logging_mixin.py:188} INFO - Uploaded /tmp/minio_downloads/1768000525.json to Snowflake stage for bronze_stock_quotes_raw
[2026-01-10T11:14:50.521+0000] {logging_mixin.py:188} INFO - Uploaded /tmp/minio_downloads/1768000535.json to Snowflake stage for bronze_stock_quotes_raw
[2026-01-10T11:14:50.983+0000] {logging_mixin.py:188} INFO - Uploaded /tmp/minio_downloads/1768000546.json to Snowflake stage for bronze_stock_quotes_raw
[2026-01-10T11:14:51.415+0000] {logging_mixin.py:188} INFO - Uploaded /tmp/minio_downloads/1768000556.json to Snowflake stage for bronze_stock_quotes_raw
[2026-01-10T11:14:51.827+0000] {logging_mixin.py:188} INFO - Uploaded /tmp/minio_downloads/1768000567.json to Snowflake stage for bronze_stock_quotes_raw
[2026-01-10T11:14:52.285+0000] {logging_mixin.py:188} INFO - Uploaded /tmp/minio_downloads/1768000579.json to Snowflake stage for bronze_stock_quotes_raw
[2026-01-10T11:14:52.725+0000] {logging_mixin.py:188} INFO - Uploaded /tmp/minio_downloads/1768000592.json to Snowflake stage for bronze_stock_quotes_raw
[2026-01-10T11:14:53.505+0000] {logging_mixin.py:188} INFO - Uploaded /tmp/minio_downloads/1768000604.json to Snowflake stage for bronze_stock_quotes_raw
[2026-01-10T11:14:53.952+0000] {logging_mixin.py:188} INFO - Uploaded /tmp/minio_downloads/1768000616.json to Snowflake stage for bronze_stock_quotes_raw
[2026-01-10T11:14:54.371+0000] {logging_mixin.py:188} INFO - Uploaded /tmp/minio_downloads/1768000631.json to Snowflake stage for bronze_stock_quotes_raw
[2026-01-10T11:14:54.857+0000] {logging_mixin.py:188} INFO - Uploaded /tmp/minio_downloads/1768000644.json to Snowflake stage for bronze_stock_quotes_raw
[2026-01-10T11:14:55.285+0000] {logging_mixin.py:188} INFO - Uploaded /tmp/minio_downloads/1768000655.json to Snowflake stage for bronze_stock_quotes_raw
[2026-01-10T11:14:55.729+0000] {logging_mixin.py:188} INFO - Uploaded /tmp/minio_downloads/1768000666.json to Snowflake stage for bronze_stock_quotes_raw
[2026-01-10T11:14:56.137+0000] {logging_mixin.py:188} INFO - Uploaded /tmp/minio_downloads/1768000677.json to Snowflake stage for bronze_stock_quotes_raw
[2026-01-10T11:14:56.629+0000] {logging_mixin.py:188} INFO - Uploaded /tmp/minio_downloads/1768000688.json to Snowflake stage for bronze_stock_quotes_raw
[2026-01-10T11:14:57.055+0000] {logging_mixin.py:188} INFO - Uploaded /tmp/minio_downloads/1768000698.json to Snowflake stage for bronze_stock_quotes_raw
[2026-01-10T11:14:57.424+0000] {logging_mixin.py:188} INFO - Uploaded /tmp/minio_downloads/1768000710.json to Snowflake stage for bronze_stock_quotes_raw
[2026-01-10T11:14:57.832+0000] {logging_mixin.py:188} INFO - Uploaded /tmp/minio_downloads/1768000720.json to Snowflake stage for bronze_stock_quotes_raw
[2026-01-10T11:14:58.233+0000] {logging_mixin.py:188} INFO - Uploaded /tmp/minio_downloads/1768000731.json to Snowflake stage for bronze_stock_quotes_raw
[2026-01-10T11:14:58.646+0000] {logging_mixin.py:188} INFO - Uploaded /tmp/minio_downloads/1768000742.json to Snowflake stage for bronze_stock_quotes_raw
[2026-01-10T11:14:59.048+0000] {logging_mixin.py:188} INFO - Uploaded /tmp/minio_downloads/1768000753.json to Snowflake stage for bronze_stock_quotes_raw
[2026-01-10T11:14:59.475+0000] {logging_mixin.py:188} INFO - Uploaded /tmp/minio_downloads/1768000764.json to Snowflake stage for bronze_stock_quotes_raw
[2026-01-10T11:14:59.886+0000] {logging_mixin.py:188} INFO - Uploaded /tmp/minio_downloads/1768000776.json to Snowflake stage for bronze_stock_quotes_raw
[2026-01-10T11:15:00.309+0000] {logging_mixin.py:188} INFO - Uploaded /tmp/minio_downloads/1768000787.json to Snowflake stage for bronze_stock_quotes_raw
[2026-01-10T11:15:00.735+0000] {logging_mixin.py:188} INFO - Uploaded /tmp/minio_downloads/1768000797.json to Snowflake stage for bronze_stock_quotes_raw
[2026-01-10T11:15:01.134+0000] {logging_mixin.py:188} INFO - Uploaded /tmp/minio_downloads/1768000808.json to Snowflake stage for bronze_stock_quotes_raw
[2026-01-10T11:15:01.552+0000] {logging_mixin.py:188} INFO - Uploaded /tmp/minio_downloads/1768000819.json to Snowflake stage for bronze_stock_quotes_raw
[2026-01-10T11:15:02.041+0000] {logging_mixin.py:188} INFO - Uploaded /tmp/minio_downloads/1768000831.json to Snowflake stage for bronze_stock_quotes_raw
[2026-01-10T11:15:02.473+0000] {logging_mixin.py:188} INFO - Uploaded /tmp/minio_downloads/1768000843.json to Snowflake stage for bronze_stock_quotes_raw
[2026-01-10T11:15:02.887+0000] {logging_mixin.py:188} INFO - Uploaded /tmp/minio_downloads/1768000855.json to Snowflake stage for bronze_stock_quotes_raw
[2026-01-10T11:15:03.316+0000] {logging_mixin.py:188} INFO - Uploaded /tmp/minio_downloads/1768000867.json to Snowflake stage for bronze_stock_quotes_raw
[2026-01-10T11:15:03.741+0000] {logging_mixin.py:188} INFO - Uploaded /tmp/minio_downloads/1768000878.json to Snowflake stage for bronze_stock_quotes_raw
[2026-01-10T11:15:04.177+0000] {logging_mixin.py:188} INFO - Uploaded /tmp/minio_downloads/1768000890.json to Snowflake stage for bronze_stock_quotes_raw
[2026-01-10T11:15:04.630+0000] {logging_mixin.py:188} INFO - Uploaded /tmp/minio_downloads/1768000901.json to Snowflake stage for bronze_stock_quotes_raw
[2026-01-10T11:15:05.379+0000] {logging_mixin.py:188} INFO - Uploaded /tmp/minio_downloads/1768000912.json to Snowflake stage for bronze_stock_quotes_raw
[2026-01-10T11:15:05.812+0000] {logging_mixin.py:188} INFO - Uploaded /tmp/minio_downloads/1768000921.json to Snowflake stage for bronze_stock_quotes_raw
[2026-01-10T11:15:06.249+0000] {logging_mixin.py:188} INFO - Uploaded /tmp/minio_downloads/1768000932.json to Snowflake stage for bronze_stock_quotes_raw
[2026-01-10T11:15:06.989+0000] {logging_mixin.py:188} INFO - Uploaded /tmp/minio_downloads/1768000942.json to Snowflake stage for bronze_stock_quotes_raw
[2026-01-10T11:15:07.394+0000] {logging_mixin.py:188} INFO - Uploaded /tmp/minio_downloads/1768000953.json to Snowflake stage for bronze_stock_quotes_raw
[2026-01-10T11:15:07.803+0000] {logging_mixin.py:188} INFO - Uploaded /tmp/minio_downloads/1768001779.json to Snowflake stage for bronze_stock_quotes_raw
[2026-01-10T11:15:08.233+0000] {logging_mixin.py:188} INFO - Uploaded /tmp/minio_downloads/1768001791.json to Snowflake stage for bronze_stock_quotes_raw
[2026-01-10T11:15:08.712+0000] {logging_mixin.py:188} INFO - Uploaded /tmp/minio_downloads/1768001803.json to Snowflake stage for bronze_stock_quotes_raw
[2026-01-10T11:15:09.139+0000] {logging_mixin.py:188} INFO - Uploaded /tmp/minio_downloads/1768001813.json to Snowflake stage for bronze_stock_quotes_raw
[2026-01-10T11:15:09.972+0000] {logging_mixin.py:188} INFO - Uploaded /tmp/minio_downloads/1768001825.json to Snowflake stage for bronze_stock_quotes_raw
[2026-01-10T11:15:10.363+0000] {logging_mixin.py:188} INFO - Uploaded /tmp/minio_downloads/1768001837.json to Snowflake stage for bronze_stock_quotes_raw
[2026-01-10T11:15:10.787+0000] {logging_mixin.py:188} INFO - Uploaded /tmp/minio_downloads/1768001849.json to Snowflake stage for bronze_stock_quotes_raw
[2026-01-10T11:15:11.222+0000] {logging_mixin.py:188} INFO - Uploaded /tmp/minio_downloads/1768001859.json to Snowflake stage for bronze_stock_quotes_raw
[2026-01-10T11:15:11.659+0000] {logging_mixin.py:188} INFO - Uploaded /tmp/minio_downloads/1768001868.json to Snowflake stage for bronze_stock_quotes_raw
[2026-01-10T11:15:12.073+0000] {logging_mixin.py:188} INFO - Uploaded /tmp/minio_downloads/1768002255.json to Snowflake stage for bronze_stock_quotes_raw
[2026-01-10T11:15:12.498+0000] {logging_mixin.py:188} INFO - Uploaded /tmp/minio_downloads/1768002265.json to Snowflake stage for bronze_stock_quotes_raw
[2026-01-10T11:15:12.912+0000] {logging_mixin.py:188} INFO - Uploaded /tmp/minio_downloads/1768002275.json to Snowflake stage for bronze_stock_quotes_raw
[2026-01-10T11:15:13.345+0000] {logging_mixin.py:188} INFO - Uploaded /tmp/minio_downloads/1768002285.json to Snowflake stage for bronze_stock_quotes_raw
[2026-01-10T11:15:13.818+0000] {logging_mixin.py:188} INFO - Uploaded /tmp/minio_downloads/1768002294.json to Snowflake stage for bronze_stock_quotes_raw
[2026-01-10T11:15:14.237+0000] {logging_mixin.py:188} INFO - Uploaded /tmp/minio_downloads/1768002304.json to Snowflake stage for bronze_stock_quotes_raw
[2026-01-10T11:15:14.669+0000] {logging_mixin.py:188} INFO - Uploaded /tmp/minio_downloads/1768002313.json to Snowflake stage for bronze_stock_quotes_raw
[2026-01-10T11:15:15.097+0000] {logging_mixin.py:188} INFO - Uploaded /tmp/minio_downloads/1768002323.json to Snowflake stage for bronze_stock_quotes_raw
[2026-01-10T11:15:15.519+0000] {logging_mixin.py:188} INFO - Uploaded /tmp/minio_downloads/1768002333.json to Snowflake stage for bronze_stock_quotes_raw
[2026-01-10T11:15:15.960+0000] {logging_mixin.py:188} INFO - Uploaded /tmp/minio_downloads/1768002343.json to Snowflake stage for bronze_stock_quotes_raw
[2026-01-10T11:15:16.373+0000] {logging_mixin.py:188} INFO - Uploaded /tmp/minio_downloads/1768002355.json to Snowflake stage for bronze_stock_quotes_raw
[2026-01-10T11:15:17.104+0000] {logging_mixin.py:188} INFO - Uploaded /tmp/minio_downloads/1768002366.json to Snowflake stage for bronze_stock_quotes_raw
[2026-01-10T11:15:17.571+0000] {logging_mixin.py:188} INFO - Uploaded /tmp/minio_downloads/1768002377.json to Snowflake stage for bronze_stock_quotes_raw
[2026-01-10T11:15:17.991+0000] {logging_mixin.py:188} INFO - Uploaded /tmp/minio_downloads/1768002388.json to Snowflake stage for bronze_stock_quotes_raw
[2026-01-10T11:15:18.566+0000] {logging_mixin.py:188} INFO - Uploaded /tmp/minio_downloads/1768002399.json to Snowflake stage for bronze_stock_quotes_raw
[2026-01-10T11:15:19.150+0000] {logging_mixin.py:188} INFO - Uploaded /tmp/minio_downloads/1768002410.json to Snowflake stage for bronze_stock_quotes_raw
[2026-01-10T11:15:20.008+0000] {logging_mixin.py:188} INFO - Uploaded /tmp/minio_downloads/1768002420.json to Snowflake stage for bronze_stock_quotes_raw
[2026-01-10T11:15:20.773+0000] {logging_mixin.py:188} INFO - Uploaded /tmp/minio_downloads/1768002432.json to Snowflake stage for bronze_stock_quotes_raw
[2026-01-10T11:15:21.225+0000] {logging_mixin.py:188} INFO - Uploaded /tmp/minio_downloads/1768002443.json to Snowflake stage for bronze_stock_quotes_raw
[2026-01-10T11:15:21.609+0000] {logging_mixin.py:188} INFO - Uploaded /tmp/minio_downloads/1768002455.json to Snowflake stage for bronze_stock_quotes_raw
[2026-01-10T11:15:22.030+0000] {logging_mixin.py:188} INFO - Uploaded /tmp/minio_downloads/1768007256.json to Snowflake stage for bronze_stock_quotes_raw
[2026-01-10T11:15:22.431+0000] {logging_mixin.py:188} INFO - Uploaded /tmp/minio_downloads/1768007269.json to Snowflake stage for bronze_stock_quotes_raw
[2026-01-10T11:15:22.997+0000] {logging_mixin.py:188} INFO - Uploaded /tmp/minio_downloads/1768007280.json to Snowflake stage for bronze_stock_quotes_raw
[2026-01-10T11:15:23.416+0000] {logging_mixin.py:188} INFO - Uploaded /tmp/minio_downloads/1768007292.json to Snowflake stage for bronze_stock_quotes_raw
[2026-01-10T11:15:23.835+0000] {logging_mixin.py:188} INFO - Uploaded /tmp/minio_downloads/1768007307.json to Snowflake stage for bronze_stock_quotes_raw
[2026-01-10T11:15:24.226+0000] {logging_mixin.py:188} INFO - Uploaded /tmp/minio_downloads/1768007321.json to Snowflake stage for bronze_stock_quotes_raw
[2026-01-10T11:15:24.639+0000] {logging_mixin.py:188} INFO - Uploaded /tmp/minio_downloads/1768007333.json to Snowflake stage for bronze_stock_quotes_raw
[2026-01-10T11:15:25.045+0000] {logging_mixin.py:188} INFO - Uploaded /tmp/minio_downloads/1768007344.json to Snowflake stage for bronze_stock_quotes_raw
[2026-01-10T11:15:25.452+0000] {logging_mixin.py:188} INFO - Uploaded /tmp/minio_downloads/1768007357.json to Snowflake stage for bronze_stock_quotes_raw
[2026-01-10T11:15:25.853+0000] {logging_mixin.py:188} INFO - Uploaded /tmp/minio_downloads/1768007370.json to Snowflake stage for bronze_stock_quotes_raw
[2026-01-10T11:15:26.263+0000] {logging_mixin.py:188} INFO - Uploaded /tmp/minio_downloads/1768007381.json to Snowflake stage for bronze_stock_quotes_raw
[2026-01-10T11:15:26.700+0000] {logging_mixin.py:188} INFO - Uploaded /tmp/minio_downloads/1768007392.json to Snowflake stage for bronze_stock_quotes_raw
[2026-01-10T11:15:27.238+0000] {logging_mixin.py:188} INFO - Uploaded /tmp/minio_downloads/1768007403.json to Snowflake stage for bronze_stock_quotes_raw
[2026-01-10T11:15:27.781+0000] {logging_mixin.py:188} INFO - Uploaded /tmp/minio_downloads/1768007414.json to Snowflake stage for bronze_stock_quotes_raw
[2026-01-10T11:15:29.006+0000] {logging_mixin.py:188} INFO - Uploaded /tmp/minio_downloads/1768007425.json to Snowflake stage for bronze_stock_quotes_raw
[2026-01-10T11:15:29.558+0000] {logging_mixin.py:188} INFO - Uploaded /tmp/minio_downloads/1768007435.json to Snowflake stage for bronze_stock_quotes_raw
[2026-01-10T11:15:29.959+0000] {logging_mixin.py:188} INFO - Uploaded /tmp/minio_downloads/1768007446.json to Snowflake stage for bronze_stock_quotes_raw
[2026-01-10T11:15:30.348+0000] {logging_mixin.py:188} INFO - Uploaded /tmp/minio_downloads/1768007457.json to Snowflake stage for bronze_stock_quotes_raw
[2026-01-10T11:15:30.753+0000] {logging_mixin.py:188} INFO - Uploaded /tmp/minio_downloads/1768007467.json to Snowflake stage for bronze_stock_quotes_raw
[2026-01-10T11:15:31.493+0000] {logging_mixin.py:188} INFO - Uploaded /tmp/minio_downloads/1768007477.json to Snowflake stage for bronze_stock_quotes_raw
[2026-01-10T11:15:31.904+0000] {logging_mixin.py:188} INFO - Uploaded /tmp/minio_downloads/1768007488.json to Snowflake stage for bronze_stock_quotes_raw
[2026-01-10T11:15:32.353+0000] {logging_mixin.py:188} INFO - Uploaded /tmp/minio_downloads/1768007499.json to Snowflake stage for bronze_stock_quotes_raw
[2026-01-10T11:15:32.767+0000] {logging_mixin.py:188} INFO - Uploaded /tmp/minio_downloads/1768007508.json to Snowflake stage for bronze_stock_quotes_raw
[2026-01-10T11:15:33.151+0000] {logging_mixin.py:188} INFO - Uploaded /tmp/minio_downloads/1768007518.json to Snowflake stage for bronze_stock_quotes_raw
[2026-01-10T11:15:33.563+0000] {logging_mixin.py:188} INFO - Uploaded /tmp/minio_downloads/1768007528.json to Snowflake stage for bronze_stock_quotes_raw
[2026-01-10T11:15:33.973+0000] {logging_mixin.py:188} INFO - Uploaded /tmp/minio_downloads/1768007546.json to Snowflake stage for bronze_stock_quotes_raw
[2026-01-10T11:15:34.359+0000] {logging_mixin.py:188} INFO - Uploaded /tmp/minio_downloads/1768007557.json to Snowflake stage for bronze_stock_quotes_raw
[2026-01-10T11:15:34.779+0000] {logging_mixin.py:188} INFO - Uploaded /tmp/minio_downloads/1768007567.json to Snowflake stage for bronze_stock_quotes_raw
[2026-01-10T11:15:35.165+0000] {logging_mixin.py:188} INFO - Uploaded /tmp/minio_downloads/1768007577.json to Snowflake stage for bronze_stock_quotes_raw
[2026-01-10T11:15:35.583+0000] {logging_mixin.py:188} INFO - Uploaded /tmp/minio_downloads/1768007588.json to Snowflake stage for bronze_stock_quotes_raw
[2026-01-10T11:15:35.983+0000] {logging_mixin.py:188} INFO - Uploaded /tmp/minio_downloads/1768007600.json to Snowflake stage for bronze_stock_quotes_raw
[2026-01-10T11:15:36.366+0000] {logging_mixin.py:188} INFO - Uploaded /tmp/minio_downloads/1768007612.json to Snowflake stage for bronze_stock_quotes_raw
[2026-01-10T11:15:36.766+0000] {logging_mixin.py:188} INFO - Uploaded /tmp/minio_downloads/1768007621.json to Snowflake stage for bronze_stock_quotes_raw
[2026-01-10T11:15:37.179+0000] {logging_mixin.py:188} INFO - Uploaded /tmp/minio_downloads/1768007631.json to Snowflake stage for bronze_stock_quotes_raw
[2026-01-10T11:15:37.596+0000] {logging_mixin.py:188} INFO - Uploaded /tmp/minio_downloads/1768007641.json to Snowflake stage for bronze_stock_quotes_raw
[2026-01-10T11:15:37.985+0000] {logging_mixin.py:188} INFO - Uploaded /tmp/minio_downloads/1768007651.json to Snowflake stage for bronze_stock_quotes_raw
[2026-01-10T11:15:38.374+0000] {logging_mixin.py:188} INFO - Uploaded /tmp/minio_downloads/1768007662.json to Snowflake stage for bronze_stock_quotes_raw
[2026-01-10T11:15:38.769+0000] {logging_mixin.py:188} INFO - Uploaded /tmp/minio_downloads/1768007675.json to Snowflake stage for bronze_stock_quotes_raw
[2026-01-10T11:15:39.172+0000] {logging_mixin.py:188} INFO - Uploaded /tmp/minio_downloads/1768007689.json to Snowflake stage for bronze_stock_quotes_raw
[2026-01-10T11:15:39.554+0000] {logging_mixin.py:188} INFO - Uploaded /tmp/minio_downloads/1768007703.json to Snowflake stage for bronze_stock_quotes_raw
[2026-01-10T11:15:39.967+0000] {logging_mixin.py:188} INFO - Uploaded /tmp/minio_downloads/1768007719.json to Snowflake stage for bronze_stock_quotes_raw
[2026-01-10T11:15:41.767+0000] {logging_mixin.py:188} INFO - Uploaded /tmp/minio_downloads/1768007732.json to Snowflake stage for bronze_stock_quotes_raw
[2026-01-10T11:15:42.314+0000] {logging_mixin.py:188} INFO - Uploaded /tmp/minio_downloads/1768007742.json to Snowflake stage for bronze_stock_quotes_raw
[2026-01-10T11:15:42.754+0000] {logging_mixin.py:188} INFO - Uploaded /tmp/minio_downloads/1768007753.json to Snowflake stage for bronze_stock_quotes_raw
[2026-01-10T11:15:43.196+0000] {logging_mixin.py:188} INFO - Uploaded /tmp/minio_downloads/1768007764.json to Snowflake stage for bronze_stock_quotes_raw
[2026-01-10T11:15:43.600+0000] {logging_mixin.py:188} INFO - Uploaded /tmp/minio_downloads/1768007777.json to Snowflake stage for bronze_stock_quotes_raw
[2026-01-10T11:15:44.014+0000] {logging_mixin.py:188} INFO - Uploaded /tmp/minio_downloads/1768007789.json to Snowflake stage for bronze_stock_quotes_raw
[2026-01-10T11:15:44.432+0000] {logging_mixin.py:188} INFO - Uploaded /tmp/minio_downloads/1768007802.json to Snowflake stage for bronze_stock_quotes_raw
[2026-01-10T11:15:45.155+0000] {logging_mixin.py:188} INFO - Uploaded /tmp/minio_downloads/1768007814.json to Snowflake stage for bronze_stock_quotes_raw
[2026-01-10T11:15:45.563+0000] {logging_mixin.py:188} INFO - Uploaded /tmp/minio_downloads/1768007826.json to Snowflake stage for bronze_stock_quotes_raw
[2026-01-10T11:15:45.971+0000] {logging_mixin.py:188} INFO - Uploaded /tmp/minio_downloads/1768007839.json to Snowflake stage for bronze_stock_quotes_raw
[2026-01-10T11:15:46.390+0000] {logging_mixin.py:188} INFO - Uploaded /tmp/minio_downloads/1768007852.json to Snowflake stage for bronze_stock_quotes_raw
[2026-01-10T11:15:46.801+0000] {logging_mixin.py:188} INFO - Uploaded /tmp/minio_downloads/1768007864.json to Snowflake stage for bronze_stock_quotes_raw
[2026-01-10T11:15:47.191+0000] {logging_mixin.py:188} INFO - Uploaded /tmp/minio_downloads/1768007876.json to Snowflake stage for bronze_stock_quotes_raw
[2026-01-10T11:15:47.588+0000] {logging_mixin.py:188} INFO - Uploaded /tmp/minio_downloads/1768007888.json to Snowflake stage for bronze_stock_quotes_raw
[2026-01-10T11:15:48.016+0000] {logging_mixin.py:188} INFO - Uploaded /tmp/minio_downloads/1768007905.json to Snowflake stage for bronze_stock_quotes_raw
[2026-01-10T11:15:49.051+0000] {logging_mixin.py:188} INFO - Uploaded /tmp/minio_downloads/1768007918.json to Snowflake stage for bronze_stock_quotes_raw
[2026-01-10T11:15:49.435+0000] {logging_mixin.py:188} INFO - Uploaded /tmp/minio_downloads/1768007930.json to Snowflake stage for bronze_stock_quotes_raw
[2026-01-10T11:15:49.830+0000] {logging_mixin.py:188} INFO - Uploaded /tmp/minio_downloads/1768007941.json to Snowflake stage for bronze_stock_quotes_raw
[2026-01-10T11:15:50.225+0000] {logging_mixin.py:188} INFO - Uploaded /tmp/minio_downloads/1768007952.json to Snowflake stage for bronze_stock_quotes_raw
[2026-01-10T11:15:50.621+0000] {logging_mixin.py:188} INFO - Uploaded /tmp/minio_downloads/1768007965.json to Snowflake stage for bronze_stock_quotes_raw
[2026-01-10T11:15:51.016+0000] {logging_mixin.py:188} INFO - Uploaded /tmp/minio_downloads/1768007976.json to Snowflake stage for bronze_stock_quotes_raw
[2026-01-10T11:15:51.417+0000] {logging_mixin.py:188} INFO - Uploaded /tmp/minio_downloads/1768007986.json to Snowflake stage for bronze_stock_quotes_raw
[2026-01-10T11:15:51.821+0000] {logging_mixin.py:188} INFO - Uploaded /tmp/minio_downloads/1768007998.json to Snowflake stage for bronze_stock_quotes_raw
[2026-01-10T11:15:52.543+0000] {logging_mixin.py:188} INFO - Uploaded /tmp/minio_downloads/1768008011.json to Snowflake stage for bronze_stock_quotes_raw
[2026-01-10T11:15:53.256+0000] {logging_mixin.py:188} INFO - Uploaded /tmp/minio_downloads/1768008024.json to Snowflake stage for bronze_stock_quotes_raw
[2026-01-10T11:15:53.667+0000] {logging_mixin.py:188} INFO - Uploaded /tmp/minio_downloads/1768008037.json to Snowflake stage for bronze_stock_quotes_raw
[2026-01-10T11:15:54.064+0000] {logging_mixin.py:188} INFO - Uploaded /tmp/minio_downloads/1768008052.json to Snowflake stage for bronze_stock_quotes_raw
[2026-01-10T11:15:54.480+0000] {logging_mixin.py:188} INFO - Uploaded /tmp/minio_downloads/1768008065.json to Snowflake stage for bronze_stock_quotes_raw
[2026-01-10T11:15:54.879+0000] {logging_mixin.py:188} INFO - Uploaded /tmp/minio_downloads/1768008078.json to Snowflake stage for bronze_stock_quotes_raw
[2026-01-10T11:15:55.284+0000] {logging_mixin.py:188} INFO - Uploaded /tmp/minio_downloads/1768008090.json to Snowflake stage for bronze_stock_quotes_raw
[2026-01-10T11:15:55.687+0000] {logging_mixin.py:188} INFO - Uploaded /tmp/minio_downloads/1768008104.json to Snowflake stage for bronze_stock_quotes_raw
[2026-01-10T11:15:56.081+0000] {logging_mixin.py:188} INFO - Uploaded /tmp/minio_downloads/1768008116.json to Snowflake stage for bronze_stock_quotes_raw
[2026-01-10T11:15:56.482+0000] {logging_mixin.py:188} INFO - Uploaded /tmp/minio_downloads/1768008127.json to Snowflake stage for bronze_stock_quotes_raw
[2026-01-10T11:15:56.879+0000] {logging_mixin.py:188} INFO - Uploaded /tmp/minio_downloads/1768008140.json to Snowflake stage for bronze_stock_quotes_raw
[2026-01-10T11:15:57.281+0000] {logging_mixin.py:188} INFO - Uploaded /tmp/minio_downloads/1768008151.json to Snowflake stage for bronze_stock_quotes_raw
[2026-01-10T11:15:57.647+0000] {logging_mixin.py:188} INFO - Uploaded /tmp/minio_downloads/1768008163.json to Snowflake stage for bronze_stock_quotes_raw
[2026-01-10T11:15:58.044+0000] {logging_mixin.py:188} INFO - Uploaded /tmp/minio_downloads/1768008174.json to Snowflake stage for bronze_stock_quotes_raw
[2026-01-10T11:15:58.419+0000] {logging_mixin.py:188} INFO - Uploaded /tmp/minio_downloads/1768008185.json to Snowflake stage for bronze_stock_quotes_raw
[2026-01-10T11:15:58.812+0000] {logging_mixin.py:188} INFO - Uploaded /tmp/minio_downloads/1768008196.json to Snowflake stage for bronze_stock_quotes_raw
[2026-01-10T11:15:59.195+0000] {logging_mixin.py:188} INFO - Uploaded /tmp/minio_downloads/1768008208.json to Snowflake stage for bronze_stock_quotes_raw
[2026-01-10T11:15:59.575+0000] {logging_mixin.py:188} INFO - Uploaded /tmp/minio_downloads/1768008220.json to Snowflake stage for bronze_stock_quotes_raw
[2026-01-10T11:15:59.960+0000] {logging_mixin.py:188} INFO - Uploaded /tmp/minio_downloads/1768008230.json to Snowflake stage for bronze_stock_quotes_raw
[2026-01-10T11:16:00.351+0000] {logging_mixin.py:188} INFO - Uploaded /tmp/minio_downloads/1768008241.json to Snowflake stage for bronze_stock_quotes_raw
[2026-01-10T11:16:00.773+0000] {logging_mixin.py:188} INFO - Uploaded /tmp/minio_downloads/1768008252.json to Snowflake stage for bronze_stock_quotes_raw
[2026-01-10T11:16:01.229+0000] {logging_mixin.py:188} INFO - Uploaded /tmp/minio_downloads/1768008264.json to Snowflake stage for bronze_stock_quotes_raw
[2026-01-10T11:16:01.640+0000] {logging_mixin.py:188} INFO - Uploaded /tmp/minio_downloads/1768008277.json to Snowflake stage for bronze_stock_quotes_raw
[2026-01-10T11:16:02.048+0000] {logging_mixin.py:188} INFO - Uploaded /tmp/minio_downloads/1768008288.json to Snowflake stage for bronze_stock_quotes_raw
[2026-01-10T11:16:02.473+0000] {logging_mixin.py:188} INFO - Uploaded /tmp/minio_downloads/1768008300.json to Snowflake stage for bronze_stock_quotes_raw
[2026-01-10T11:16:02.890+0000] {logging_mixin.py:188} INFO - Uploaded /tmp/minio_downloads/1768008312.json to Snowflake stage for bronze_stock_quotes_raw
[2026-01-10T11:16:03.344+0000] {logging_mixin.py:188} INFO - Uploaded /tmp/minio_downloads/1768008324.json to Snowflake stage for bronze_stock_quotes_raw
[2026-01-10T11:16:03.792+0000] {logging_mixin.py:188} INFO - Uploaded /tmp/minio_downloads/1768008335.json to Snowflake stage for bronze_stock_quotes_raw
[2026-01-10T11:16:04.223+0000] {logging_mixin.py:188} INFO - Uploaded /tmp/minio_downloads/1768008346.json to Snowflake stage for bronze_stock_quotes_raw
[2026-01-10T11:16:05.000+0000] {logging_mixin.py:188} INFO - Uploaded /tmp/minio_downloads/1768008356.json to Snowflake stage for bronze_stock_quotes_raw
[2026-01-10T11:16:15.720+0000] {logging_mixin.py:188} INFO - Uploaded /tmp/minio_downloads/1768008367.json to Snowflake stage for bronze_stock_quotes_raw
[2026-01-10T11:16:16.495+0000] {logging_mixin.py:188} INFO - Uploaded /tmp/minio_downloads/1768008378.json to Snowflake stage for bronze_stock_quotes_raw
[2026-01-10T11:16:17.218+0000] {logging_mixin.py:188} INFO - Uploaded /tmp/minio_downloads/1768008389.json to Snowflake stage for bronze_stock_quotes_raw
[2026-01-10T11:16:17.628+0000] {logging_mixin.py:188} INFO - Uploaded /tmp/minio_downloads/1768008399.json to Snowflake stage for bronze_stock_quotes_raw
[2026-01-10T11:16:18.043+0000] {logging_mixin.py:188} INFO - Uploaded /tmp/minio_downloads/1768008411.json to Snowflake stage for bronze_stock_quotes_raw
[2026-01-10T11:16:18.459+0000] {logging_mixin.py:188} INFO - Uploaded /tmp/minio_downloads/1768008422.json to Snowflake stage for bronze_stock_quotes_raw
[2026-01-10T11:16:18.861+0000] {logging_mixin.py:188} INFO - Uploaded /tmp/minio_downloads/1768008432.json to Snowflake stage for bronze_stock_quotes_raw
[2026-01-10T11:16:19.264+0000] {logging_mixin.py:188} INFO - Uploaded /tmp/minio_downloads/1768008444.json to Snowflake stage for bronze_stock_quotes_raw
[2026-01-10T11:16:19.693+0000] {logging_mixin.py:188} INFO - Uploaded /tmp/minio_downloads/1768008456.json to Snowflake stage for bronze_stock_quotes_raw
[2026-01-10T11:16:20.124+0000] {logging_mixin.py:188} INFO - Uploaded /tmp/minio_downloads/1768008468.json to Snowflake stage for bronze_stock_quotes_raw
[2026-01-10T11:16:20.933+0000] {logging_mixin.py:188} INFO - Uploaded /tmp/minio_downloads/1768008479.json to Snowflake stage for bronze_stock_quotes_raw
[2026-01-10T11:16:21.334+0000] {logging_mixin.py:188} INFO - Uploaded /tmp/minio_downloads/1768008491.json to Snowflake stage for bronze_stock_quotes_raw
[2026-01-10T11:16:21.739+0000] {logging_mixin.py:188} INFO - Uploaded /tmp/minio_downloads/1768008504.json to Snowflake stage for bronze_stock_quotes_raw
[2026-01-10T11:16:22.141+0000] {logging_mixin.py:188} INFO - Uploaded /tmp/minio_downloads/1768008516.json to Snowflake stage for bronze_stock_quotes_raw
[2026-01-10T11:16:22.527+0000] {logging_mixin.py:188} INFO - Uploaded /tmp/minio_downloads/1768008527.json to Snowflake stage for bronze_stock_quotes_raw
[2026-01-10T11:16:22.915+0000] {logging_mixin.py:188} INFO - Uploaded /tmp/minio_downloads/1768008538.json to Snowflake stage for bronze_stock_quotes_raw
[2026-01-10T11:16:23.349+0000] {logging_mixin.py:188} INFO - Uploaded /tmp/minio_downloads/1768008551.json to Snowflake stage for bronze_stock_quotes_raw
[2026-01-10T11:16:23.780+0000] {logging_mixin.py:188} INFO - Uploaded /tmp/minio_downloads/1768008562.json to Snowflake stage for bronze_stock_quotes_raw
[2026-01-10T11:16:24.197+0000] {logging_mixin.py:188} INFO - Uploaded /tmp/minio_downloads/1768008573.json to Snowflake stage for bronze_stock_quotes_raw
[2026-01-10T11:16:24.616+0000] {logging_mixin.py:188} INFO - Uploaded /tmp/minio_downloads/1768008584.json to Snowflake stage for bronze_stock_quotes_raw
[2026-01-10T11:16:25.054+0000] {logging_mixin.py:188} INFO - Uploaded /tmp/minio_downloads/1768008596.json to Snowflake stage for bronze_stock_quotes_raw
[2026-01-10T11:16:25.480+0000] {logging_mixin.py:188} INFO - Uploaded /tmp/minio_downloads/1768008608.json to Snowflake stage for bronze_stock_quotes_raw
[2026-01-10T11:16:25.913+0000] {logging_mixin.py:188} INFO - Uploaded /tmp/minio_downloads/1768008619.json to Snowflake stage for bronze_stock_quotes_raw
[2026-01-10T11:16:26.314+0000] {logging_mixin.py:188} INFO - Uploaded /tmp/minio_downloads/1768008630.json to Snowflake stage for bronze_stock_quotes_raw
[2026-01-10T11:16:26.708+0000] {logging_mixin.py:188} INFO - Uploaded /tmp/minio_downloads/1768008641.json to Snowflake stage for bronze_stock_quotes_raw
[2026-01-10T11:16:27.109+0000] {logging_mixin.py:188} INFO - Uploaded /tmp/minio_downloads/1768008652.json to Snowflake stage for bronze_stock_quotes_raw
[2026-01-10T11:16:27.483+0000] {logging_mixin.py:188} INFO - Uploaded /tmp/minio_downloads/1768008671.json to Snowflake stage for bronze_stock_quotes_raw
[2026-01-10T11:16:27.884+0000] {logging_mixin.py:188} INFO - Uploaded /tmp/minio_downloads/1768008684.json to Snowflake stage for bronze_stock_quotes_raw
[2026-01-10T11:16:28.592+0000] {logging_mixin.py:188} INFO - Uploaded /tmp/minio_downloads/1768008695.json to Snowflake stage for bronze_stock_quotes_raw
[2026-01-10T11:16:28.967+0000] {logging_mixin.py:188} INFO - Uploaded /tmp/minio_downloads/1768008705.json to Snowflake stage for bronze_stock_quotes_raw
[2026-01-10T11:16:29.346+0000] {logging_mixin.py:188} INFO - Uploaded /tmp/minio_downloads/1768008717.json to Snowflake stage for bronze_stock_quotes_raw
[2026-01-10T11:16:29.740+0000] {logging_mixin.py:188} INFO - Uploaded /tmp/minio_downloads/1768008728.json to Snowflake stage for bronze_stock_quotes_raw
[2026-01-10T11:16:30.116+0000] {logging_mixin.py:188} INFO - Uploaded /tmp/minio_downloads/1768008739.json to Snowflake stage for bronze_stock_quotes_raw
[2026-01-10T11:16:30.513+0000] {logging_mixin.py:188} INFO - Uploaded /tmp/minio_downloads/1768008750.json to Snowflake stage for bronze_stock_quotes_raw
[2026-01-10T11:16:30.903+0000] {logging_mixin.py:188} INFO - Uploaded /tmp/minio_downloads/1768008762.json to Snowflake stage for bronze_stock_quotes_raw
[2026-01-10T11:16:31.294+0000] {logging_mixin.py:188} INFO - Uploaded /tmp/minio_downloads/1768008773.json to Snowflake stage for bronze_stock_quotes_raw
[2026-01-10T11:16:31.688+0000] {logging_mixin.py:188} INFO - Uploaded /tmp/minio_downloads/1768008783.json to Snowflake stage for bronze_stock_quotes_raw
[2026-01-10T11:16:32.074+0000] {logging_mixin.py:188} INFO - Uploaded /tmp/minio_downloads/1768008798.json to Snowflake stage for bronze_stock_quotes_raw
[2026-01-10T11:16:32.476+0000] {logging_mixin.py:188} INFO - Uploaded /tmp/minio_downloads/1768008811.json to Snowflake stage for bronze_stock_quotes_raw
[2026-01-10T11:16:32.867+0000] {logging_mixin.py:188} INFO - Uploaded /tmp/minio_downloads/1768008824.json to Snowflake stage for bronze_stock_quotes_raw
[2026-01-10T11:16:33.292+0000] {logging_mixin.py:188} INFO - Uploaded /tmp/minio_downloads/1768008837.json to Snowflake stage for bronze_stock_quotes_raw
[2026-01-10T11:16:33.693+0000] {logging_mixin.py:188} INFO - Uploaded /tmp/minio_downloads/1768008851.json to Snowflake stage for bronze_stock_quotes_raw
[2026-01-10T11:16:34.152+0000] {logging_mixin.py:188} INFO - Uploaded /tmp/minio_downloads/1768008864.json to Snowflake stage for bronze_stock_quotes_raw
[2026-01-10T11:16:34.578+0000] {logging_mixin.py:188} INFO - Uploaded /tmp/minio_downloads/1768008877.json to Snowflake stage for bronze_stock_quotes_raw
[2026-01-10T11:16:34.991+0000] {logging_mixin.py:188} INFO - Uploaded /tmp/minio_downloads/1768008890.json to Snowflake stage for bronze_stock_quotes_raw
[2026-01-10T11:16:35.409+0000] {logging_mixin.py:188} INFO - Uploaded /tmp/minio_downloads/1768008903.json to Snowflake stage for bronze_stock_quotes_raw
[2026-01-10T11:16:35.816+0000] {logging_mixin.py:188} INFO - Uploaded /tmp/minio_downloads/1768008916.json to Snowflake stage for bronze_stock_quotes_raw
[2026-01-10T11:16:36.203+0000] {logging_mixin.py:188} INFO - Uploaded /tmp/minio_downloads/1768008929.json to Snowflake stage for bronze_stock_quotes_raw
[2026-01-10T11:16:36.595+0000] {logging_mixin.py:188} INFO - Uploaded /tmp/minio_downloads/1768008942.json to Snowflake stage for bronze_stock_quotes_raw
[2026-01-10T11:16:36.988+0000] {logging_mixin.py:188} INFO - Uploaded /tmp/minio_downloads/1768008956.json to Snowflake stage for bronze_stock_quotes_raw
[2026-01-10T11:16:37.382+0000] {logging_mixin.py:188} INFO - Uploaded /tmp/minio_downloads/1768008966.json to Snowflake stage for bronze_stock_quotes_raw
[2026-01-10T11:16:37.764+0000] {logging_mixin.py:188} INFO - Uploaded /tmp/minio_downloads/1768008977.json to Snowflake stage for bronze_stock_quotes_raw
[2026-01-10T11:16:38.164+0000] {logging_mixin.py:188} INFO - Uploaded /tmp/minio_downloads/1768008989.json to Snowflake stage for bronze_stock_quotes_raw
[2026-01-10T11:16:38.559+0000] {logging_mixin.py:188} INFO - Uploaded /tmp/minio_downloads/1768009000.json to Snowflake stage for bronze_stock_quotes_raw
[2026-01-10T11:16:38.948+0000] {logging_mixin.py:188} INFO - Uploaded /tmp/minio_downloads/1768009012.json to Snowflake stage for bronze_stock_quotes_raw
[2026-01-10T11:16:39.349+0000] {logging_mixin.py:188} INFO - Uploaded /tmp/minio_downloads/1768009023.json to Snowflake stage for bronze_stock_quotes_raw
[2026-01-10T11:16:39.759+0000] {logging_mixin.py:188} INFO - Uploaded /tmp/minio_downloads/1768009035.json to Snowflake stage for bronze_stock_quotes_raw
[2026-01-10T11:16:40.490+0000] {logging_mixin.py:188} INFO - Uploaded /tmp/minio_downloads/1768009046.json to Snowflake stage for bronze_stock_quotes_raw
[2026-01-10T11:16:40.933+0000] {logging_mixin.py:188} INFO - Uploaded /tmp/minio_downloads/1768009057.json to Snowflake stage for bronze_stock_quotes_raw
[2026-01-10T11:16:41.360+0000] {logging_mixin.py:188} INFO - Uploaded /tmp/minio_downloads/1768009068.json to Snowflake stage for bronze_stock_quotes_raw
[2026-01-10T11:16:42.269+0000] {logging_mixin.py:188} INFO - Uploaded /tmp/minio_downloads/1768009079.json to Snowflake stage for bronze_stock_quotes_raw
[2026-01-10T11:16:42.700+0000] {logging_mixin.py:188} INFO - Uploaded /tmp/minio_downloads/1768009090.json to Snowflake stage for bronze_stock_quotes_raw
[2026-01-10T11:16:43.102+0000] {logging_mixin.py:188} INFO - Uploaded /tmp/minio_downloads/1768009102.json to Snowflake stage for bronze_stock_quotes_raw
[2026-01-10T11:16:43.507+0000] {logging_mixin.py:188} INFO - Uploaded /tmp/minio_downloads/1768009114.json to Snowflake stage for bronze_stock_quotes_raw
[2026-01-10T11:16:43.918+0000] {logging_mixin.py:188} INFO - Uploaded /tmp/minio_downloads/1768009125.json to Snowflake stage for bronze_stock_quotes_raw
[2026-01-10T11:16:44.311+0000] {logging_mixin.py:188} INFO - Uploaded /tmp/minio_downloads/1768009136.json to Snowflake stage for bronze_stock_quotes_raw
[2026-01-10T11:16:44.717+0000] {logging_mixin.py:188} INFO - Uploaded /tmp/minio_downloads/1768009147.json to Snowflake stage for bronze_stock_quotes_raw
[2026-01-10T11:16:45.104+0000] {logging_mixin.py:188} INFO - Uploaded /tmp/minio_downloads/1768009158.json to Snowflake stage for bronze_stock_quotes_raw
[2026-01-10T11:16:45.505+0000] {logging_mixin.py:188} INFO - Uploaded /tmp/minio_downloads/1768009169.json to Snowflake stage for bronze_stock_quotes_raw
[2026-01-10T11:16:46.002+0000] {logging_mixin.py:188} INFO - Uploaded /tmp/minio_downloads/1768009181.json to Snowflake stage for bronze_stock_quotes_raw
[2026-01-10T11:16:46.396+0000] {logging_mixin.py:188} INFO - Uploaded /tmp/minio_downloads/1768009192.json to Snowflake stage for bronze_stock_quotes_raw
[2026-01-10T11:16:46.804+0000] {logging_mixin.py:188} INFO - Uploaded /tmp/minio_downloads/1768009203.json to Snowflake stage for bronze_stock_quotes_raw
[2026-01-10T11:16:47.207+0000] {logging_mixin.py:188} INFO - Uploaded /tmp/minio_downloads/1768009214.json to Snowflake stage for bronze_stock_quotes_raw
[2026-01-10T11:16:47.627+0000] {logging_mixin.py:188} INFO - Uploaded /tmp/minio_downloads/1768009225.json to Snowflake stage for bronze_stock_quotes_raw
[2026-01-10T11:16:48.032+0000] {logging_mixin.py:188} INFO - Uploaded /tmp/minio_downloads/1768009236.json to Snowflake stage for bronze_stock_quotes_raw
[2026-01-10T11:16:48.435+0000] {logging_mixin.py:188} INFO - Uploaded /tmp/minio_downloads/1768009247.json to Snowflake stage for bronze_stock_quotes_raw
[2026-01-10T11:16:48.836+0000] {logging_mixin.py:188} INFO - Uploaded /tmp/minio_downloads/1768009258.json to Snowflake stage for bronze_stock_quotes_raw
[2026-01-10T11:16:49.260+0000] {logging_mixin.py:188} INFO - Uploaded /tmp/minio_downloads/1768009269.json to Snowflake stage for bronze_stock_quotes_raw
[2026-01-10T11:16:49.673+0000] {logging_mixin.py:188} INFO - Uploaded /tmp/minio_downloads/1768009280.json to Snowflake stage for bronze_stock_quotes_raw
[2026-01-10T11:16:50.059+0000] {logging_mixin.py:188} INFO - Uploaded /tmp/minio_downloads/1768009291.json to Snowflake stage for bronze_stock_quotes_raw
[2026-01-10T11:16:50.794+0000] {logging_mixin.py:188} INFO - Uploaded /tmp/minio_downloads/1768009303.json to Snowflake stage for bronze_stock_quotes_raw
[2026-01-10T11:16:51.547+0000] {logging_mixin.py:188} INFO - Uploaded /tmp/minio_downloads/1768009314.json to Snowflake stage for bronze_stock_quotes_raw
[2026-01-10T11:16:52.288+0000] {logging_mixin.py:188} INFO - Uploaded /tmp/minio_downloads/1768009325.json to Snowflake stage for bronze_stock_quotes_raw
[2026-01-10T11:16:53.930+0000] {logging_mixin.py:188} INFO - Uploaded /tmp/minio_downloads/1768009335.json to Snowflake stage for bronze_stock_quotes_raw
[2026-01-10T11:16:54.475+0000] {logging_mixin.py:188} INFO - Uploaded /tmp/minio_downloads/1768009346.json to Snowflake stage for bronze_stock_quotes_raw
[2026-01-10T11:16:54.894+0000] {logging_mixin.py:188} INFO - Uploaded /tmp/minio_downloads/1768009357.json to Snowflake stage for bronze_stock_quotes_raw
[2026-01-10T11:16:55.284+0000] {logging_mixin.py:188} INFO - Uploaded /tmp/minio_downloads/1768009368.json to Snowflake stage for bronze_stock_quotes_raw
[2026-01-10T11:16:55.713+0000] {logging_mixin.py:188} INFO - Uploaded /tmp/minio_downloads/1768009379.json to Snowflake stage for bronze_stock_quotes_raw
[2026-01-10T11:16:56.095+0000] {logging_mixin.py:188} INFO - Uploaded /tmp/minio_downloads/1768009390.json to Snowflake stage for bronze_stock_quotes_raw
[2026-01-10T11:16:56.505+0000] {logging_mixin.py:188} INFO - Uploaded /tmp/minio_downloads/1768009401.json to Snowflake stage for bronze_stock_quotes_raw
[2026-01-10T11:16:56.934+0000] {logging_mixin.py:188} INFO - Uploaded /tmp/minio_downloads/1768009412.json to Snowflake stage for bronze_stock_quotes_raw
[2026-01-10T11:16:57.322+0000] {logging_mixin.py:188} INFO - Uploaded /tmp/minio_downloads/1768009423.json to Snowflake stage for bronze_stock_quotes_raw
[2026-01-10T11:16:57.686+0000] {logging_mixin.py:188} INFO - Uploaded /tmp/minio_downloads/1768009434.json to Snowflake stage for bronze_stock_quotes_raw
[2026-01-10T11:16:58.086+0000] {logging_mixin.py:188} INFO - Uploaded /tmp/minio_downloads/1768009444.json to Snowflake stage for bronze_stock_quotes_raw
[2026-01-10T11:16:58.484+0000] {logging_mixin.py:188} INFO - Uploaded /tmp/minio_downloads/1768009455.json to Snowflake stage for bronze_stock_quotes_raw
[2026-01-10T11:16:58.917+0000] {logging_mixin.py:188} INFO - Uploaded /tmp/minio_downloads/1768009465.json to Snowflake stage for bronze_stock_quotes_raw
[2026-01-10T11:16:59.631+0000] {logging_mixin.py:188} INFO - Uploaded /tmp/minio_downloads/1768009477.json to Snowflake stage for bronze_stock_quotes_raw
[2026-01-10T11:17:00.031+0000] {logging_mixin.py:188} INFO - Uploaded /tmp/minio_downloads/1768009489.json to Snowflake stage for bronze_stock_quotes_raw
[2026-01-10T11:17:00.442+0000] {logging_mixin.py:188} INFO - Uploaded /tmp/minio_downloads/1768009501.json to Snowflake stage for bronze_stock_quotes_raw
[2026-01-10T11:17:01.253+0000] {logging_mixin.py:188} INFO - Uploaded /tmp/minio_downloads/1768009511.json to Snowflake stage for bronze_stock_quotes_raw
[2026-01-10T11:17:01.671+0000] {logging_mixin.py:188} INFO - Uploaded /tmp/minio_downloads/1768009523.json to Snowflake stage for bronze_stock_quotes_raw
[2026-01-10T11:17:02.110+0000] {logging_mixin.py:188} INFO - Uploaded /tmp/minio_downloads/1768009533.json to Snowflake stage for bronze_stock_quotes_raw
[2026-01-10T11:17:02.522+0000] {logging_mixin.py:188} INFO - Uploaded /tmp/minio_downloads/1768009544.json to Snowflake stage for bronze_stock_quotes_raw
[2026-01-10T11:17:02.956+0000] {logging_mixin.py:188} INFO - Uploaded /tmp/minio_downloads/1768009555.json to Snowflake stage for bronze_stock_quotes_raw
[2026-01-10T11:17:03.386+0000] {logging_mixin.py:188} INFO - Uploaded /tmp/minio_downloads/1768009566.json to Snowflake stage for bronze_stock_quotes_raw
[2026-01-10T11:17:03.783+0000] {logging_mixin.py:188} INFO - Uploaded /tmp/minio_downloads/1768009579.json to Snowflake stage for bronze_stock_quotes_raw
[2026-01-10T11:17:04.183+0000] {logging_mixin.py:188} INFO - Uploaded /tmp/minio_downloads/1768009590.json to Snowflake stage for bronze_stock_quotes_raw
[2026-01-10T11:17:04.596+0000] {logging_mixin.py:188} INFO - Uploaded /tmp/minio_downloads/1768009601.json to Snowflake stage for bronze_stock_quotes_raw
[2026-01-10T11:17:05.005+0000] {logging_mixin.py:188} INFO - Uploaded /tmp/minio_downloads/1768009612.json to Snowflake stage for bronze_stock_quotes_raw
[2026-01-10T11:17:05.403+0000] {logging_mixin.py:188} INFO - Uploaded /tmp/minio_downloads/1768009623.json to Snowflake stage for bronze_stock_quotes_raw
[2026-01-10T11:17:05.797+0000] {logging_mixin.py:188} INFO - Uploaded /tmp/minio_downloads/1768009635.json to Snowflake stage for bronze_stock_quotes_raw
[2026-01-10T11:17:06.186+0000] {logging_mixin.py:188} INFO - Uploaded /tmp/minio_downloads/1768009647.json to Snowflake stage for bronze_stock_quotes_raw
[2026-01-10T11:17:09.217+0000] {logging_mixin.py:188} INFO - Uploaded /tmp/minio_downloads/1768009658.json to Snowflake stage for bronze_stock_quotes_raw
[2026-01-10T11:17:09.602+0000] {logging_mixin.py:188} INFO - Uploaded /tmp/minio_downloads/1768009668.json to Snowflake stage for bronze_stock_quotes_raw
[2026-01-10T11:17:10.308+0000] {logging_mixin.py:188} INFO - Uploaded /tmp/minio_downloads/1768009679.json to Snowflake stage for bronze_stock_quotes_raw
[2026-01-10T11:17:10.716+0000] {logging_mixin.py:188} INFO - Uploaded /tmp/minio_downloads/1768009691.json to Snowflake stage for bronze_stock_quotes_raw
[2026-01-10T11:17:11.161+0000] {logging_mixin.py:188} INFO - Uploaded /tmp/minio_downloads/1768009706.json to Snowflake stage for bronze_stock_quotes_raw
[2026-01-10T11:17:11.579+0000] {logging_mixin.py:188} INFO - Uploaded /tmp/minio_downloads/1768009720.json to Snowflake stage for bronze_stock_quotes_raw
[2026-01-10T11:17:11.982+0000] {logging_mixin.py:188} INFO - Uploaded /tmp/minio_downloads/1768009730.json to Snowflake stage for bronze_stock_quotes_raw
[2026-01-10T11:17:12.386+0000] {logging_mixin.py:188} INFO - Uploaded /tmp/minio_downloads/1768009740.json to Snowflake stage for bronze_stock_quotes_raw
[2026-01-10T11:17:13.183+0000] {logging_mixin.py:188} INFO - Uploaded /tmp/minio_downloads/1768009750.json to Snowflake stage for bronze_stock_quotes_raw
[2026-01-10T11:17:13.600+0000] {logging_mixin.py:188} INFO - Uploaded /tmp/minio_downloads/1768009760.json to Snowflake stage for bronze_stock_quotes_raw
[2026-01-10T11:17:14.075+0000] {logging_mixin.py:188} INFO - Uploaded /tmp/minio_downloads/1768009771.json to Snowflake stage for bronze_stock_quotes_raw
[2026-01-10T11:17:14.481+0000] {logging_mixin.py:188} INFO - Uploaded /tmp/minio_downloads/1768009782.json to Snowflake stage for bronze_stock_quotes_raw
[2026-01-10T11:17:14.882+0000] {logging_mixin.py:188} INFO - Uploaded /tmp/minio_downloads/1768009792.json to Snowflake stage for bronze_stock_quotes_raw
[2026-01-10T11:17:15.276+0000] {logging_mixin.py:188} INFO - Uploaded /tmp/minio_downloads/1768009803.json to Snowflake stage for bronze_stock_quotes_raw
[2026-01-10T11:17:15.677+0000] {logging_mixin.py:188} INFO - Uploaded /tmp/minio_downloads/1768009815.json to Snowflake stage for bronze_stock_quotes_raw
[2026-01-10T11:17:16.077+0000] {logging_mixin.py:188} INFO - Uploaded /tmp/minio_downloads/1768009829.json to Snowflake stage for bronze_stock_quotes_raw
[2026-01-10T11:17:16.483+0000] {logging_mixin.py:188} INFO - Uploaded /tmp/minio_downloads/1768009840.json to Snowflake stage for bronze_stock_quotes_raw
[2026-01-10T11:17:16.882+0000] {logging_mixin.py:188} INFO - Uploaded /tmp/minio_downloads/1768009852.json to Snowflake stage for bronze_stock_quotes_raw
[2026-01-10T11:17:17.291+0000] {logging_mixin.py:188} INFO - Uploaded /tmp/minio_downloads/1768009862.json to Snowflake stage for bronze_stock_quotes_raw
[2026-01-10T11:17:17.696+0000] {logging_mixin.py:188} INFO - Uploaded /tmp/minio_downloads/1768009874.json to Snowflake stage for bronze_stock_quotes_raw
[2026-01-10T11:17:18.114+0000] {logging_mixin.py:188} INFO - Uploaded /tmp/minio_downloads/1768009886.json to Snowflake stage for bronze_stock_quotes_raw
[2026-01-10T11:17:18.509+0000] {logging_mixin.py:188} INFO - Uploaded /tmp/minio_downloads/1768009901.json to Snowflake stage for bronze_stock_quotes_raw
[2026-01-10T11:17:18.905+0000] {logging_mixin.py:188} INFO - Uploaded /tmp/minio_downloads/1768009915.json to Snowflake stage for bronze_stock_quotes_raw
[2026-01-10T11:17:19.311+0000] {logging_mixin.py:188} INFO - Uploaded /tmp/minio_downloads/1768009930.json to Snowflake stage for bronze_stock_quotes_raw
[2026-01-10T11:17:20.203+0000] {logging_mixin.py:188} INFO - Uploaded /tmp/minio_downloads/1768009941.json to Snowflake stage for bronze_stock_quotes_raw
[2026-01-10T11:17:20.599+0000] {logging_mixin.py:188} INFO - Uploaded /tmp/minio_downloads/1768009952.json to Snowflake stage for bronze_stock_quotes_raw
[2026-01-10T11:17:21.051+0000] {logging_mixin.py:188} INFO - Uploaded /tmp/minio_downloads/1768009963.json to Snowflake stage for bronze_stock_quotes_raw
[2026-01-10T11:17:21.457+0000] {logging_mixin.py:188} INFO - Uploaded /tmp/minio_downloads/1768009975.json to Snowflake stage for bronze_stock_quotes_raw
[2026-01-10T11:17:21.854+0000] {logging_mixin.py:188} INFO - Uploaded /tmp/minio_downloads/1768009986.json to Snowflake stage for bronze_stock_quotes_raw
[2026-01-10T11:17:22.253+0000] {logging_mixin.py:188} INFO - Uploaded /tmp/minio_downloads/1768009998.json to Snowflake stage for bronze_stock_quotes_raw
[2026-01-10T11:17:22.669+0000] {logging_mixin.py:188} INFO - Uploaded /tmp/minio_downloads/1768010009.json to Snowflake stage for bronze_stock_quotes_raw
[2026-01-10T11:17:23.102+0000] {logging_mixin.py:188} INFO - Uploaded /tmp/minio_downloads/1768010020.json to Snowflake stage for bronze_stock_quotes_raw
[2026-01-10T11:17:23.490+0000] {logging_mixin.py:188} INFO - Uploaded /tmp/minio_downloads/1768010031.json to Snowflake stage for bronze_stock_quotes_raw
[2026-01-10T11:17:23.916+0000] {logging_mixin.py:188} INFO - Uploaded /tmp/minio_downloads/1768010043.json to Snowflake stage for bronze_stock_quotes_raw
[2026-01-10T11:17:24.364+0000] {logging_mixin.py:188} INFO - Uploaded /tmp/minio_downloads/1768010055.json to Snowflake stage for bronze_stock_quotes_raw
[2026-01-10T11:17:24.767+0000] {logging_mixin.py:188} INFO - Uploaded /tmp/minio_downloads/1768010067.json to Snowflake stage for bronze_stock_quotes_raw
[2026-01-10T11:17:25.292+0000] {logging_mixin.py:188} INFO - Uploaded /tmp/minio_downloads/1768010080.json to Snowflake stage for bronze_stock_quotes_raw
[2026-01-10T11:17:26.088+0000] {logging_mixin.py:188} INFO - Uploaded /tmp/minio_downloads/1768010091.json to Snowflake stage for bronze_stock_quotes_raw
[2026-01-10T11:17:26.496+0000] {logging_mixin.py:188} INFO - Uploaded /tmp/minio_downloads/1768010104.json to Snowflake stage for bronze_stock_quotes_raw
[2026-01-10T11:17:26.909+0000] {logging_mixin.py:188} INFO - Uploaded /tmp/minio_downloads/1768010126.json to Snowflake stage for bronze_stock_quotes_raw
[2026-01-10T11:17:27.323+0000] {logging_mixin.py:188} INFO - Uploaded /tmp/minio_downloads/1768010146.json to Snowflake stage for bronze_stock_quotes_raw
[2026-01-10T11:17:27.834+0000] {logging_mixin.py:188} INFO - Uploaded /tmp/minio_downloads/1768010164.json to Snowflake stage for bronze_stock_quotes_raw
[2026-01-10T11:17:28.237+0000] {logging_mixin.py:188} INFO - Uploaded /tmp/minio_downloads/1768010186.json to Snowflake stage for bronze_stock_quotes_raw
[2026-01-10T11:17:28.639+0000] {logging_mixin.py:188} INFO - Uploaded /tmp/minio_downloads/1768010200.json to Snowflake stage for bronze_stock_quotes_raw
[2026-01-10T11:17:29.057+0000] {logging_mixin.py:188} INFO - Uploaded /tmp/minio_downloads/1768010212.json to Snowflake stage for bronze_stock_quotes_raw
[2026-01-10T11:17:29.459+0000] {logging_mixin.py:188} INFO - Uploaded /tmp/minio_downloads/1768010226.json to Snowflake stage for bronze_stock_quotes_raw
[2026-01-10T11:17:29.957+0000] {logging_mixin.py:188} INFO - Uploaded /tmp/minio_downloads/1768010239.json to Snowflake stage for bronze_stock_quotes_raw
[2026-01-10T11:17:30.344+0000] {logging_mixin.py:188} INFO - Uploaded /tmp/minio_downloads/1768010252.json to Snowflake stage for bronze_stock_quotes_raw
[2026-01-10T11:17:31.275+0000] {logging_mixin.py:188} INFO - Uploaded /tmp/minio_downloads/1768010265.json to Snowflake stage for bronze_stock_quotes_raw
[2026-01-10T11:17:31.676+0000] {logging_mixin.py:188} INFO - Uploaded /tmp/minio_downloads/1768010277.json to Snowflake stage for bronze_stock_quotes_raw
[2026-01-10T11:17:32.074+0000] {logging_mixin.py:188} INFO - Uploaded /tmp/minio_downloads/1768010289.json to Snowflake stage for bronze_stock_quotes_raw
[2026-01-10T11:17:33.120+0000] {logging_mixin.py:188} INFO - Uploaded /tmp/minio_downloads/1768010302.json to Snowflake stage for bronze_stock_quotes_raw
[2026-01-10T11:17:33.560+0000] {logging_mixin.py:188} INFO - Uploaded /tmp/minio_downloads/1768010316.json to Snowflake stage for bronze_stock_quotes_raw
[2026-01-10T11:17:33.949+0000] {logging_mixin.py:188} INFO - Uploaded /tmp/minio_downloads/1768010330.json to Snowflake stage for bronze_stock_quotes_raw
[2026-01-10T11:17:34.328+0000] {logging_mixin.py:188} INFO - Uploaded /tmp/minio_downloads/1768010341.json to Snowflake stage for bronze_stock_quotes_raw
[2026-01-10T11:17:34.719+0000] {logging_mixin.py:188} INFO - Uploaded /tmp/minio_downloads/1768010353.json to Snowflake stage for bronze_stock_quotes_raw
[2026-01-10T11:17:35.134+0000] {logging_mixin.py:188} INFO - Uploaded /tmp/minio_downloads/1768010369.json to Snowflake stage for bronze_stock_quotes_raw
[2026-01-10T11:17:35.744+0000] {logging_mixin.py:188} INFO - Uploaded /tmp/minio_downloads/1768010381.json to Snowflake stage for bronze_stock_quotes_raw
[2026-01-10T11:17:36.134+0000] {logging_mixin.py:188} INFO - Uploaded /tmp/minio_downloads/1768010393.json to Snowflake stage for bronze_stock_quotes_raw
[2026-01-10T11:17:36.531+0000] {logging_mixin.py:188} INFO - Uploaded /tmp/minio_downloads/1768010404.json to Snowflake stage for bronze_stock_quotes_raw
[2026-01-10T11:17:36.923+0000] {logging_mixin.py:188} INFO - Uploaded /tmp/minio_downloads/1768010418.json to Snowflake stage for bronze_stock_quotes_raw
[2026-01-10T11:17:37.324+0000] {logging_mixin.py:188} INFO - Uploaded /tmp/minio_downloads/1767994107.json to Snowflake stage for bronze_stock_quotes_raw
[2026-01-10T11:17:37.721+0000] {logging_mixin.py:188} INFO - Uploaded /tmp/minio_downloads/1767994120.json to Snowflake stage for bronze_stock_quotes_raw
[2026-01-10T11:17:38.104+0000] {logging_mixin.py:188} INFO - Uploaded /tmp/minio_downloads/1767994132.json to Snowflake stage for bronze_stock_quotes_raw
[2026-01-10T11:17:39.037+0000] {logging_mixin.py:188} INFO - Uploaded /tmp/minio_downloads/1767994142.json to Snowflake stage for bronze_stock_quotes_raw
[2026-01-10T11:17:39.480+0000] {logging_mixin.py:188} INFO - Uploaded /tmp/minio_downloads/1767994153.json to Snowflake stage for bronze_stock_quotes_raw
[2026-01-10T11:17:39.915+0000] {logging_mixin.py:188} INFO - Uploaded /tmp/minio_downloads/1767994164.json to Snowflake stage for bronze_stock_quotes_raw
[2026-01-10T11:17:40.320+0000] {logging_mixin.py:188} INFO - Uploaded /tmp/minio_downloads/1767994182.json to Snowflake stage for bronze_stock_quotes_raw
[2026-01-10T11:17:40.746+0000] {logging_mixin.py:188} INFO - Uploaded /tmp/minio_downloads/1767994193.json to Snowflake stage for bronze_stock_quotes_raw
[2026-01-10T11:17:41.162+0000] {logging_mixin.py:188} INFO - Uploaded /tmp/minio_downloads/1767994205.json to Snowflake stage for bronze_stock_quotes_raw
[2026-01-10T11:17:41.836+0000] {logging_mixin.py:188} INFO - Uploaded /tmp/minio_downloads/1767994216.json to Snowflake stage for bronze_stock_quotes_raw
[2026-01-10T11:17:42.255+0000] {logging_mixin.py:188} INFO - Uploaded /tmp/minio_downloads/1767994228.json to Snowflake stage for bronze_stock_quotes_raw
[2026-01-10T11:17:42.679+0000] {logging_mixin.py:188} INFO - Uploaded /tmp/minio_downloads/1767994240.json to Snowflake stage for bronze_stock_quotes_raw
[2026-01-10T11:17:43.065+0000] {logging_mixin.py:188} INFO - Uploaded /tmp/minio_downloads/1767994250.json to Snowflake stage for bronze_stock_quotes_raw
[2026-01-10T11:17:43.470+0000] {logging_mixin.py:188} INFO - Uploaded /tmp/minio_downloads/1767994263.json to Snowflake stage for bronze_stock_quotes_raw
[2026-01-10T11:17:43.864+0000] {logging_mixin.py:188} INFO - Uploaded /tmp/minio_downloads/1767994274.json to Snowflake stage for bronze_stock_quotes_raw
[2026-01-10T11:17:44.255+0000] {logging_mixin.py:188} INFO - Uploaded /tmp/minio_downloads/1767997421.json to Snowflake stage for bronze_stock_quotes_raw
[2026-01-10T11:17:44.974+0000] {logging_mixin.py:188} INFO - Uploaded /tmp/minio_downloads/1767997432.json to Snowflake stage for bronze_stock_quotes_raw
[2026-01-10T11:17:45.403+0000] {logging_mixin.py:188} INFO - Uploaded /tmp/minio_downloads/1767997443.json to Snowflake stage for bronze_stock_quotes_raw
[2026-01-10T11:17:45.835+0000] {logging_mixin.py:188} INFO - Uploaded /tmp/minio_downloads/1767997454.json to Snowflake stage for bronze_stock_quotes_raw
[2026-01-10T11:17:46.301+0000] {logging_mixin.py:188} INFO - Uploaded /tmp/minio_downloads/1767997465.json to Snowflake stage for bronze_stock_quotes_raw
[2026-01-10T11:17:46.740+0000] {logging_mixin.py:188} INFO - Uploaded /tmp/minio_downloads/1767997474.json to Snowflake stage for bronze_stock_quotes_raw
[2026-01-10T11:17:47.157+0000] {logging_mixin.py:188} INFO - Uploaded /tmp/minio_downloads/1767997485.json to Snowflake stage for bronze_stock_quotes_raw
[2026-01-10T11:17:47.567+0000] {logging_mixin.py:188} INFO - Uploaded /tmp/minio_downloads/1767997494.json to Snowflake stage for bronze_stock_quotes_raw
[2026-01-10T11:17:48.281+0000] {logging_mixin.py:188} INFO - Uploaded /tmp/minio_downloads/1768000528.json to Snowflake stage for bronze_stock_quotes_raw
[2026-01-10T11:17:48.699+0000] {logging_mixin.py:188} INFO - Uploaded /tmp/minio_downloads/1768000539.json to Snowflake stage for bronze_stock_quotes_raw
[2026-01-10T11:17:49.467+0000] {logging_mixin.py:188} INFO - Uploaded /tmp/minio_downloads/1768000549.json to Snowflake stage for bronze_stock_quotes_raw
[2026-01-10T11:17:50.249+0000] {logging_mixin.py:188} INFO - Uploaded /tmp/minio_downloads/1768000559.json to Snowflake stage for bronze_stock_quotes_raw
[2026-01-10T11:17:50.669+0000] {logging_mixin.py:188} INFO - Uploaded /tmp/minio_downloads/1768000572.json to Snowflake stage for bronze_stock_quotes_raw
[2026-01-10T11:17:51.105+0000] {logging_mixin.py:188} INFO - Uploaded /tmp/minio_downloads/1768000585.json to Snowflake stage for bronze_stock_quotes_raw
[2026-01-10T11:17:51.536+0000] {logging_mixin.py:188} INFO - Uploaded /tmp/minio_downloads/1768000597.json to Snowflake stage for bronze_stock_quotes_raw
[2026-01-10T11:17:51.928+0000] {logging_mixin.py:188} INFO - Uploaded /tmp/minio_downloads/1768000609.json to Snowflake stage for bronze_stock_quotes_raw
[2026-01-10T11:17:52.347+0000] {logging_mixin.py:188} INFO - Uploaded /tmp/minio_downloads/1768000623.json to Snowflake stage for bronze_stock_quotes_raw
[2026-01-10T11:17:52.734+0000] {logging_mixin.py:188} INFO - Uploaded /tmp/minio_downloads/1768000637.json to Snowflake stage for bronze_stock_quotes_raw
[2026-01-10T11:17:53.123+0000] {logging_mixin.py:188} INFO - Uploaded /tmp/minio_downloads/1768000648.json to Snowflake stage for bronze_stock_quotes_raw
[2026-01-10T11:17:53.520+0000] {logging_mixin.py:188} INFO - Uploaded /tmp/minio_downloads/1768000659.json to Snowflake stage for bronze_stock_quotes_raw
[2026-01-10T11:17:53.931+0000] {logging_mixin.py:188} INFO - Uploaded /tmp/minio_downloads/1768000670.json to Snowflake stage for bronze_stock_quotes_raw
[2026-01-10T11:17:54.530+0000] {logging_mixin.py:188} INFO - Uploaded /tmp/minio_downloads/1768000681.json to Snowflake stage for bronze_stock_quotes_raw
[2026-01-10T11:17:55.002+0000] {logging_mixin.py:188} INFO - Uploaded /tmp/minio_downloads/1768000692.json to Snowflake stage for bronze_stock_quotes_raw
[2026-01-10T11:17:56.033+0000] {logging_mixin.py:188} INFO - Uploaded /tmp/minio_downloads/1768000703.json to Snowflake stage for bronze_stock_quotes_raw
[2026-01-10T11:17:56.762+0000] {logging_mixin.py:188} INFO - Uploaded /tmp/minio_downloads/1768000714.json to Snowflake stage for bronze_stock_quotes_raw
[2026-01-10T11:17:57.214+0000] {logging_mixin.py:188} INFO - Uploaded /tmp/minio_downloads/1768000724.json to Snowflake stage for bronze_stock_quotes_raw
[2026-01-10T11:17:57.539+0000] {logging_mixin.py:188} INFO - Uploaded /tmp/minio_downloads/1768000735.json to Snowflake stage for bronze_stock_quotes_raw
[2026-01-10T11:17:57.946+0000] {logging_mixin.py:188} INFO - Uploaded /tmp/minio_downloads/1768000746.json to Snowflake stage for bronze_stock_quotes_raw
[2026-01-10T11:17:58.330+0000] {logging_mixin.py:188} INFO - Uploaded /tmp/minio_downloads/1768000757.json to Snowflake stage for bronze_stock_quotes_raw
[2026-01-10T11:17:58.733+0000] {logging_mixin.py:188} INFO - Uploaded /tmp/minio_downloads/1768000768.json to Snowflake stage for bronze_stock_quotes_raw
[2026-01-10T11:17:59.116+0000] {logging_mixin.py:188} INFO - Uploaded /tmp/minio_downloads/1768000780.json to Snowflake stage for bronze_stock_quotes_raw
[2026-01-10T11:17:59.512+0000] {logging_mixin.py:188} INFO - Uploaded /tmp/minio_downloads/1768000791.json to Snowflake stage for bronze_stock_quotes_raw
[2026-01-10T11:17:59.905+0000] {logging_mixin.py:188} INFO - Uploaded /tmp/minio_downloads/1768000801.json to Snowflake stage for bronze_stock_quotes_raw
[2026-01-10T11:18:00.294+0000] {logging_mixin.py:188} INFO - Uploaded /tmp/minio_downloads/1768000812.json to Snowflake stage for bronze_stock_quotes_raw
[2026-01-10T11:18:00.686+0000] {logging_mixin.py:188} INFO - Uploaded /tmp/minio_downloads/1768000824.json to Snowflake stage for bronze_stock_quotes_raw
[2026-01-10T11:18:01.091+0000] {logging_mixin.py:188} INFO - Uploaded /tmp/minio_downloads/1768000836.json to Snowflake stage for bronze_stock_quotes_raw
[2026-01-10T11:18:01.484+0000] {logging_mixin.py:188} INFO - Uploaded /tmp/minio_downloads/1768000848.json to Snowflake stage for bronze_stock_quotes_raw
[2026-01-10T11:18:01.891+0000] {logging_mixin.py:188} INFO - Uploaded /tmp/minio_downloads/1768000860.json to Snowflake stage for bronze_stock_quotes_raw
[2026-01-10T11:18:02.294+0000] {logging_mixin.py:188} INFO - Uploaded /tmp/minio_downloads/1768000871.json to Snowflake stage for bronze_stock_quotes_raw
[2026-01-10T11:18:02.705+0000] {logging_mixin.py:188} INFO - Uploaded /tmp/minio_downloads/1768000883.json to Snowflake stage for bronze_stock_quotes_raw
[2026-01-10T11:18:03.096+0000] {logging_mixin.py:188} INFO - Uploaded /tmp/minio_downloads/1768000894.json to Snowflake stage for bronze_stock_quotes_raw
[2026-01-10T11:18:03.499+0000] {logging_mixin.py:188} INFO - Uploaded /tmp/minio_downloads/1768000905.json to Snowflake stage for bronze_stock_quotes_raw
[2026-01-10T11:18:03.891+0000] {logging_mixin.py:188} INFO - Uploaded /tmp/minio_downloads/1768000914.json to Snowflake stage for bronze_stock_quotes_raw
[2026-01-10T11:18:04.287+0000] {logging_mixin.py:188} INFO - Uploaded /tmp/minio_downloads/1768000925.json to Snowflake stage for bronze_stock_quotes_raw
[2026-01-10T11:18:04.695+0000] {logging_mixin.py:188} INFO - Uploaded /tmp/minio_downloads/1768000935.json to Snowflake stage for bronze_stock_quotes_raw
[2026-01-10T11:18:05.101+0000] {logging_mixin.py:188} INFO - Uploaded /tmp/minio_downloads/1768000946.json to Snowflake stage for bronze_stock_quotes_raw
[2026-01-10T11:18:05.497+0000] {logging_mixin.py:188} INFO - Uploaded /tmp/minio_downloads/1768000957.json to Snowflake stage for bronze_stock_quotes_raw
[2026-01-10T11:18:05.910+0000] {logging_mixin.py:188} INFO - Uploaded /tmp/minio_downloads/1768001784.json to Snowflake stage for bronze_stock_quotes_raw
[2026-01-10T11:18:06.332+0000] {logging_mixin.py:188} INFO - Uploaded /tmp/minio_downloads/1768001796.json to Snowflake stage for bronze_stock_quotes_raw
[2026-01-10T11:18:06.726+0000] {logging_mixin.py:188} INFO - Uploaded /tmp/minio_downloads/1768001806.json to Snowflake stage for bronze_stock_quotes_raw
[2026-01-10T11:18:07.146+0000] {logging_mixin.py:188} INFO - Uploaded /tmp/minio_downloads/1768001818.json to Snowflake stage for bronze_stock_quotes_raw
[2026-01-10T11:18:07.542+0000] {logging_mixin.py:188} INFO - Uploaded /tmp/minio_downloads/1768001830.json to Snowflake stage for bronze_stock_quotes_raw
[2026-01-10T11:18:07.952+0000] {logging_mixin.py:188} INFO - Uploaded /tmp/minio_downloads/1768001842.json to Snowflake stage for bronze_stock_quotes_raw
[2026-01-10T11:18:08.360+0000] {logging_mixin.py:188} INFO - Uploaded /tmp/minio_downloads/1768001852.json to Snowflake stage for bronze_stock_quotes_raw
[2026-01-10T11:18:08.769+0000] {logging_mixin.py:188} INFO - Uploaded /tmp/minio_downloads/1768001862.json to Snowflake stage for bronze_stock_quotes_raw
[2026-01-10T11:18:09.172+0000] {logging_mixin.py:188} INFO - Uploaded /tmp/minio_downloads/1768001871.json to Snowflake stage for bronze_stock_quotes_raw
[2026-01-10T11:18:09.562+0000] {logging_mixin.py:188} INFO - Uploaded /tmp/minio_downloads/1768002259.json to Snowflake stage for bronze_stock_quotes_raw
[2026-01-10T11:18:09.951+0000] {logging_mixin.py:188} INFO - Uploaded /tmp/minio_downloads/1768002268.json to Snowflake stage for bronze_stock_quotes_raw
[2026-01-10T11:18:10.346+0000] {logging_mixin.py:188} INFO - Uploaded /tmp/minio_downloads/1768002278.json to Snowflake stage for bronze_stock_quotes_raw
[2026-01-10T11:18:10.751+0000] {logging_mixin.py:188} INFO - Uploaded /tmp/minio_downloads/1768002287.json to Snowflake stage for bronze_stock_quotes_raw
[2026-01-10T11:18:11.151+0000] {logging_mixin.py:188} INFO - Uploaded /tmp/minio_downloads/1768002297.json to Snowflake stage for bronze_stock_quotes_raw
[2026-01-10T11:18:11.537+0000] {logging_mixin.py:188} INFO - Uploaded /tmp/minio_downloads/1768002306.json to Snowflake stage for bronze_stock_quotes_raw
[2026-01-10T11:18:11.939+0000] {logging_mixin.py:188} INFO - Uploaded /tmp/minio_downloads/1768002316.json to Snowflake stage for bronze_stock_quotes_raw
[2026-01-10T11:18:12.357+0000] {logging_mixin.py:188} INFO - Uploaded /tmp/minio_downloads/1768002326.json to Snowflake stage for bronze_stock_quotes_raw
[2026-01-10T11:18:12.760+0000] {logging_mixin.py:188} INFO - Uploaded /tmp/minio_downloads/1768002336.json to Snowflake stage for bronze_stock_quotes_raw
[2026-01-10T11:18:13.168+0000] {logging_mixin.py:188} INFO - Uploaded /tmp/minio_downloads/1768002347.json to Snowflake stage for bronze_stock_quotes_raw
[2026-01-10T11:18:13.563+0000] {logging_mixin.py:188} INFO - Uploaded /tmp/minio_downloads/1768002359.json to Snowflake stage for bronze_stock_quotes_raw
[2026-01-10T11:18:13.993+0000] {logging_mixin.py:188} INFO - Uploaded /tmp/minio_downloads/1768002371.json to Snowflake stage for bronze_stock_quotes_raw
[2026-01-10T11:18:14.402+0000] {logging_mixin.py:188} INFO - Uploaded /tmp/minio_downloads/1768002381.json to Snowflake stage for bronze_stock_quotes_raw
[2026-01-10T11:18:14.801+0000] {logging_mixin.py:188} INFO - Uploaded /tmp/minio_downloads/1768002392.json to Snowflake stage for bronze_stock_quotes_raw
[2026-01-10T11:18:15.213+0000] {logging_mixin.py:188} INFO - Uploaded /tmp/minio_downloads/1768002403.json to Snowflake stage for bronze_stock_quotes_raw
[2026-01-10T11:18:15.600+0000] {logging_mixin.py:188} INFO - Uploaded /tmp/minio_downloads/1768002413.json to Snowflake stage for bronze_stock_quotes_raw
[2026-01-10T11:18:16.003+0000] {logging_mixin.py:188} INFO - Uploaded /tmp/minio_downloads/1768002425.json to Snowflake stage for bronze_stock_quotes_raw
[2026-01-10T11:18:16.410+0000] {logging_mixin.py:188} INFO - Uploaded /tmp/minio_downloads/1768002436.json to Snowflake stage for bronze_stock_quotes_raw
[2026-01-10T11:18:16.824+0000] {logging_mixin.py:188} INFO - Uploaded /tmp/minio_downloads/1768002448.json to Snowflake stage for bronze_stock_quotes_raw
[2026-01-10T11:18:17.222+0000] {logging_mixin.py:188} INFO - Uploaded /tmp/minio_downloads/1768002459.json to Snowflake stage for bronze_stock_quotes_raw
[2026-01-10T11:18:17.627+0000] {logging_mixin.py:188} INFO - Uploaded /tmp/minio_downloads/1768007262.json to Snowflake stage for bronze_stock_quotes_raw
[2026-01-10T11:18:18.026+0000] {logging_mixin.py:188} INFO - Uploaded /tmp/minio_downloads/1768007273.json to Snowflake stage for bronze_stock_quotes_raw
[2026-01-10T11:18:18.444+0000] {logging_mixin.py:188} INFO - Uploaded /tmp/minio_downloads/1768007285.json to Snowflake stage for bronze_stock_quotes_raw
[2026-01-10T11:18:18.846+0000] {logging_mixin.py:188} INFO - Uploaded /tmp/minio_downloads/1768007299.json to Snowflake stage for bronze_stock_quotes_raw
[2026-01-10T11:18:19.257+0000] {logging_mixin.py:188} INFO - Uploaded /tmp/minio_downloads/1768007313.json to Snowflake stage for bronze_stock_quotes_raw
[2026-01-10T11:18:19.673+0000] {logging_mixin.py:188} INFO - Uploaded /tmp/minio_downloads/1768007325.json to Snowflake stage for bronze_stock_quotes_raw
[2026-01-10T11:18:20.073+0000] {logging_mixin.py:188} INFO - Uploaded /tmp/minio_downloads/1768007337.json to Snowflake stage for bronze_stock_quotes_raw
[2026-01-10T11:18:20.485+0000] {logging_mixin.py:188} INFO - Uploaded /tmp/minio_downloads/1768007349.json to Snowflake stage for bronze_stock_quotes_raw
[2026-01-10T11:18:20.892+0000] {logging_mixin.py:188} INFO - Uploaded /tmp/minio_downloads/1768007363.json to Snowflake stage for bronze_stock_quotes_raw
[2026-01-10T11:18:21.289+0000] {logging_mixin.py:188} INFO - Uploaded /tmp/minio_downloads/1768007374.json to Snowflake stage for bronze_stock_quotes_raw
[2026-01-10T11:18:21.724+0000] {logging_mixin.py:188} INFO - Uploaded /tmp/minio_downloads/1768007385.json to Snowflake stage for bronze_stock_quotes_raw
[2026-01-10T11:18:22.149+0000] {logging_mixin.py:188} INFO - Uploaded /tmp/minio_downloads/1768007396.json to Snowflake stage for bronze_stock_quotes_raw
[2026-01-10T11:18:22.570+0000] {logging_mixin.py:188} INFO - Uploaded /tmp/minio_downloads/1768007407.json to Snowflake stage for bronze_stock_quotes_raw
[2026-01-10T11:18:22.981+0000] {logging_mixin.py:188} INFO - Uploaded /tmp/minio_downloads/1768007418.json to Snowflake stage for bronze_stock_quotes_raw
[2026-01-10T11:18:23.375+0000] {logging_mixin.py:188} INFO - Uploaded /tmp/minio_downloads/1768007428.json to Snowflake stage for bronze_stock_quotes_raw
[2026-01-10T11:18:23.814+0000] {logging_mixin.py:188} INFO - Uploaded /tmp/minio_downloads/1768007439.json to Snowflake stage for bronze_stock_quotes_raw
[2026-01-10T11:18:24.214+0000] {logging_mixin.py:188} INFO - Uploaded /tmp/minio_downloads/1768007449.json to Snowflake stage for bronze_stock_quotes_raw
[2026-01-10T11:18:24.621+0000] {logging_mixin.py:188} INFO - Uploaded /tmp/minio_downloads/1768007461.json to Snowflake stage for bronze_stock_quotes_raw
[2026-01-10T11:18:25.051+0000] {logging_mixin.py:188} INFO - Uploaded /tmp/minio_downloads/1768007470.json to Snowflake stage for bronze_stock_quotes_raw
[2026-01-10T11:18:25.466+0000] {logging_mixin.py:188} INFO - Uploaded /tmp/minio_downloads/1768007481.json to Snowflake stage for bronze_stock_quotes_raw
[2026-01-10T11:18:25.873+0000] {logging_mixin.py:188} INFO - Uploaded /tmp/minio_downloads/1768007492.json to Snowflake stage for bronze_stock_quotes_raw
[2026-01-10T11:18:26.307+0000] {logging_mixin.py:188} INFO - Uploaded /tmp/minio_downloads/1768007501.json to Snowflake stage for bronze_stock_quotes_raw
[2026-01-10T11:18:26.726+0000] {logging_mixin.py:188} INFO - Uploaded /tmp/minio_downloads/1768007511.json to Snowflake stage for bronze_stock_quotes_raw
[2026-01-10T11:18:27.135+0000] {logging_mixin.py:188} INFO - Uploaded /tmp/minio_downloads/1768007521.json to Snowflake stage for bronze_stock_quotes_raw
[2026-01-10T11:18:27.485+0000] {logging_mixin.py:188} INFO - Uploaded /tmp/minio_downloads/1768007533.json to Snowflake stage for bronze_stock_quotes_raw
[2026-01-10T11:18:27.908+0000] {logging_mixin.py:188} INFO - Uploaded /tmp/minio_downloads/1768007551.json to Snowflake stage for bronze_stock_quotes_raw
[2026-01-10T11:18:28.310+0000] {logging_mixin.py:188} INFO - Uploaded /tmp/minio_downloads/1768007561.json to Snowflake stage for bronze_stock_quotes_raw
[2026-01-10T11:18:28.712+0000] {logging_mixin.py:188} INFO - Uploaded /tmp/minio_downloads/1768007570.json to Snowflake stage for bronze_stock_quotes_raw
[2026-01-10T11:18:29.112+0000] {logging_mixin.py:188} INFO - Uploaded /tmp/minio_downloads/1768007580.json to Snowflake stage for bronze_stock_quotes_raw
[2026-01-10T11:18:29.511+0000] {logging_mixin.py:188} INFO - Uploaded /tmp/minio_downloads/1768007593.json to Snowflake stage for bronze_stock_quotes_raw
[2026-01-10T11:18:29.900+0000] {logging_mixin.py:188} INFO - Uploaded /tmp/minio_downloads/1768007605.json to Snowflake stage for bronze_stock_quotes_raw
[2026-01-10T11:18:30.288+0000] {logging_mixin.py:188} INFO - Uploaded /tmp/minio_downloads/1768007615.json to Snowflake stage for bronze_stock_quotes_raw
[2026-01-10T11:18:30.679+0000] {logging_mixin.py:188} INFO - Uploaded /tmp/minio_downloads/1768007624.json to Snowflake stage for bronze_stock_quotes_raw
[2026-01-10T11:18:31.078+0000] {logging_mixin.py:188} INFO - Uploaded /tmp/minio_downloads/1768007634.json to Snowflake stage for bronze_stock_quotes_raw
[2026-01-10T11:18:31.486+0000] {logging_mixin.py:188} INFO - Uploaded /tmp/minio_downloads/1768007644.json to Snowflake stage for bronze_stock_quotes_raw
[2026-01-10T11:18:31.886+0000] {logging_mixin.py:188} INFO - Uploaded /tmp/minio_downloads/1768007655.json to Snowflake stage for bronze_stock_quotes_raw
[2026-01-10T11:18:32.279+0000] {logging_mixin.py:188} INFO - Uploaded /tmp/minio_downloads/1768007667.json to Snowflake stage for bronze_stock_quotes_raw
[2026-01-10T11:18:32.670+0000] {logging_mixin.py:188} INFO - Uploaded /tmp/minio_downloads/1768007682.json to Snowflake stage for bronze_stock_quotes_raw
[2026-01-10T11:18:33.059+0000] {logging_mixin.py:188} INFO - Uploaded /tmp/minio_downloads/1768007695.json to Snowflake stage for bronze_stock_quotes_raw
[2026-01-10T11:18:33.457+0000] {logging_mixin.py:188} INFO - Uploaded /tmp/minio_downloads/1768007712.json to Snowflake stage for bronze_stock_quotes_raw
[2026-01-10T11:18:33.858+0000] {logging_mixin.py:188} INFO - Uploaded /tmp/minio_downloads/1768007725.json to Snowflake stage for bronze_stock_quotes_raw
[2026-01-10T11:18:34.596+0000] {logging_mixin.py:188} INFO - Uploaded /tmp/minio_downloads/1768007735.json to Snowflake stage for bronze_stock_quotes_raw
[2026-01-10T11:18:34.999+0000] {logging_mixin.py:188} INFO - Uploaded /tmp/minio_downloads/1768007746.json to Snowflake stage for bronze_stock_quotes_raw
[2026-01-10T11:18:35.422+0000] {logging_mixin.py:188} INFO - Uploaded /tmp/minio_downloads/1768007757.json to Snowflake stage for bronze_stock_quotes_raw
[2026-01-10T11:18:35.825+0000] {logging_mixin.py:188} INFO - Uploaded /tmp/minio_downloads/1768007769.json to Snowflake stage for bronze_stock_quotes_raw
[2026-01-10T11:18:36.232+0000] {logging_mixin.py:188} INFO - Uploaded /tmp/minio_downloads/1768007782.json to Snowflake stage for bronze_stock_quotes_raw
[2026-01-10T11:18:36.624+0000] {logging_mixin.py:188} INFO - Uploaded /tmp/minio_downloads/1768007795.json to Snowflake stage for bronze_stock_quotes_raw
[2026-01-10T11:18:37.114+0000] {logging_mixin.py:188} INFO - Uploaded /tmp/minio_downloads/1768007807.json to Snowflake stage for bronze_stock_quotes_raw
[2026-01-10T11:18:38.244+0000] {logging_mixin.py:188} INFO - Uploaded /tmp/minio_downloads/1768007818.json to Snowflake stage for bronze_stock_quotes_raw
[2026-01-10T11:18:38.647+0000] {logging_mixin.py:188} INFO - Uploaded /tmp/minio_downloads/1768007831.json to Snowflake stage for bronze_stock_quotes_raw
[2026-01-10T11:18:39.074+0000] {logging_mixin.py:188} INFO - Uploaded /tmp/minio_downloads/1768007845.json to Snowflake stage for bronze_stock_quotes_raw
[2026-01-10T11:18:39.500+0000] {logging_mixin.py:188} INFO - Uploaded /tmp/minio_downloads/1768007857.json to Snowflake stage for bronze_stock_quotes_raw
[2026-01-10T11:18:39.939+0000] {logging_mixin.py:188} INFO - Uploaded /tmp/minio_downloads/1768007869.json to Snowflake stage for bronze_stock_quotes_raw
[2026-01-10T11:18:40.635+0000] {logging_mixin.py:188} INFO - Uploaded /tmp/minio_downloads/1768007880.json to Snowflake stage for bronze_stock_quotes_raw
[2026-01-10T11:18:41.089+0000] {logging_mixin.py:188} INFO - Uploaded /tmp/minio_downloads/1768007894.json to Snowflake stage for bronze_stock_quotes_raw
[2026-01-10T11:18:41.840+0000] {logging_mixin.py:188} INFO - Uploaded /tmp/minio_downloads/1768007911.json to Snowflake stage for bronze_stock_quotes_raw
[2026-01-10T11:18:42.239+0000] {logging_mixin.py:188} INFO - Uploaded /tmp/minio_downloads/1768007923.json to Snowflake stage for bronze_stock_quotes_raw
[2026-01-10T11:18:42.831+0000] {logging_mixin.py:188} INFO - Uploaded /tmp/minio_downloads/1768007934.json to Snowflake stage for bronze_stock_quotes_raw
[2026-01-10T11:18:43.339+0000] {logging_mixin.py:188} INFO - Uploaded /tmp/minio_downloads/1768007945.json to Snowflake stage for bronze_stock_quotes_raw
[2026-01-10T11:18:43.732+0000] {logging_mixin.py:188} INFO - Uploaded /tmp/minio_downloads/1768007958.json to Snowflake stage for bronze_stock_quotes_raw
[2026-01-10T11:18:44.192+0000] {logging_mixin.py:188} INFO - Uploaded /tmp/minio_downloads/1768007969.json to Snowflake stage for bronze_stock_quotes_raw
[2026-01-10T11:18:44.656+0000] {logging_mixin.py:188} INFO - Uploaded /tmp/minio_downloads/1768007979.json to Snowflake stage for bronze_stock_quotes_raw
[2026-01-10T11:18:45.439+0000] {logging_mixin.py:188} INFO - Uploaded /tmp/minio_downloads/1768007991.json to Snowflake stage for bronze_stock_quotes_raw
[2026-01-10T11:18:45.926+0000] {logging_mixin.py:188} INFO - Uploaded /tmp/minio_downloads/1768008003.json to Snowflake stage for bronze_stock_quotes_raw
[2026-01-10T11:18:46.407+0000] {logging_mixin.py:188} INFO - Uploaded /tmp/minio_downloads/1768008016.json to Snowflake stage for bronze_stock_quotes_raw
[2026-01-10T11:18:46.853+0000] {logging_mixin.py:188} INFO - Uploaded /tmp/minio_downloads/1768008030.json to Snowflake stage for bronze_stock_quotes_raw
[2026-01-10T11:18:47.576+0000] {logging_mixin.py:188} INFO - Uploaded /tmp/minio_downloads/1768008044.json to Snowflake stage for bronze_stock_quotes_raw
[2026-01-10T11:18:48.074+0000] {logging_mixin.py:188} INFO - Uploaded /tmp/minio_downloads/1768008058.json to Snowflake stage for bronze_stock_quotes_raw
[2026-01-10T11:18:48.935+0000] {logging_mixin.py:188} INFO - Uploaded /tmp/minio_downloads/1768008071.json to Snowflake stage for bronze_stock_quotes_raw
[2026-01-10T11:18:49.528+0000] {logging_mixin.py:188} INFO - Uploaded /tmp/minio_downloads/1768008083.json to Snowflake stage for bronze_stock_quotes_raw
[2026-01-10T11:18:50.029+0000] {logging_mixin.py:188} INFO - Uploaded /tmp/minio_downloads/1768008097.json to Snowflake stage for bronze_stock_quotes_raw
[2026-01-10T11:18:50.541+0000] {logging_mixin.py:188} INFO - Uploaded /tmp/minio_downloads/1768008109.json to Snowflake stage for bronze_stock_quotes_raw
[2026-01-10T11:18:51.033+0000] {logging_mixin.py:188} INFO - Uploaded /tmp/minio_downloads/1768008120.json to Snowflake stage for bronze_stock_quotes_raw
[2026-01-10T11:18:51.678+0000] {logging_mixin.py:188} INFO - Uploaded /tmp/minio_downloads/1768008132.json to Snowflake stage for bronze_stock_quotes_raw
[2026-01-10T11:18:52.735+0000] {logging_mixin.py:188} INFO - Uploaded /tmp/minio_downloads/1768008144.json to Snowflake stage for bronze_stock_quotes_raw
[2026-01-10T11:18:53.253+0000] {logging_mixin.py:188} INFO - Uploaded /tmp/minio_downloads/1768008156.json to Snowflake stage for bronze_stock_quotes_raw
[2026-01-10T11:18:53.823+0000] {logging_mixin.py:188} INFO - Uploaded /tmp/minio_downloads/1768008167.json to Snowflake stage for bronze_stock_quotes_raw
[2026-01-10T11:18:54.477+0000] {logging_mixin.py:188} INFO - Uploaded /tmp/minio_downloads/1768008178.json to Snowflake stage for bronze_stock_quotes_raw
[2026-01-10T11:18:55.216+0000] {logging_mixin.py:188} INFO - Uploaded /tmp/minio_downloads/1768008188.json to Snowflake stage for bronze_stock_quotes_raw
[2026-01-10T11:18:56.036+0000] {logging_mixin.py:188} INFO - Uploaded /tmp/minio_downloads/1768008201.json to Snowflake stage for bronze_stock_quotes_raw
[2026-01-10T11:18:56.499+0000] {logging_mixin.py:188} INFO - Uploaded /tmp/minio_downloads/1768008213.json to Snowflake stage for bronze_stock_quotes_raw
[2026-01-10T11:18:56.985+0000] {logging_mixin.py:188} INFO - Uploaded /tmp/minio_downloads/1768008223.json to Snowflake stage for bronze_stock_quotes_raw
[2026-01-10T11:18:57.396+0000] {logging_mixin.py:188} INFO - Uploaded /tmp/minio_downloads/1768008234.json to Snowflake stage for bronze_stock_quotes_raw
[2026-01-10T11:18:57.828+0000] {logging_mixin.py:188} INFO - Uploaded /tmp/minio_downloads/1768008244.json to Snowflake stage for bronze_stock_quotes_raw
[2026-01-10T11:18:58.291+0000] {logging_mixin.py:188} INFO - Uploaded /tmp/minio_downloads/1768008257.json to Snowflake stage for bronze_stock_quotes_raw
[2026-01-10T11:18:58.710+0000] {logging_mixin.py:188} INFO - Uploaded /tmp/minio_downloads/1768008270.json to Snowflake stage for bronze_stock_quotes_raw
[2026-01-10T11:18:59.205+0000] {logging_mixin.py:188} INFO - Uploaded /tmp/minio_downloads/1768008281.json to Snowflake stage for bronze_stock_quotes_raw
[2026-01-10T11:18:59.697+0000] {logging_mixin.py:188} INFO - Uploaded /tmp/minio_downloads/1768008293.json to Snowflake stage for bronze_stock_quotes_raw
[2026-01-10T11:19:00.157+0000] {logging_mixin.py:188} INFO - Uploaded /tmp/minio_downloads/1768008305.json to Snowflake stage for bronze_stock_quotes_raw
[2026-01-10T11:19:00.636+0000] {logging_mixin.py:188} INFO - Uploaded /tmp/minio_downloads/1768008317.json to Snowflake stage for bronze_stock_quotes_raw
[2026-01-10T11:19:01.071+0000] {logging_mixin.py:188} INFO - Uploaded /tmp/minio_downloads/1768008328.json to Snowflake stage for bronze_stock_quotes_raw
[2026-01-10T11:19:01.508+0000] {logging_mixin.py:188} INFO - Uploaded /tmp/minio_downloads/1768008339.json to Snowflake stage for bronze_stock_quotes_raw
[2026-01-10T11:19:01.955+0000] {logging_mixin.py:188} INFO - Uploaded /tmp/minio_downloads/1768008349.json to Snowflake stage for bronze_stock_quotes_raw
[2026-01-10T11:19:02.423+0000] {logging_mixin.py:188} INFO - Uploaded /tmp/minio_downloads/1768008360.json to Snowflake stage for bronze_stock_quotes_raw
[2026-01-10T11:19:02.954+0000] {logging_mixin.py:188} INFO - Uploaded /tmp/minio_downloads/1768008371.json to Snowflake stage for bronze_stock_quotes_raw
[2026-01-10T11:19:03.407+0000] {logging_mixin.py:188} INFO - Uploaded /tmp/minio_downloads/1768008382.json to Snowflake stage for bronze_stock_quotes_raw
[2026-01-10T11:19:03.990+0000] {logging_mixin.py:188} INFO - Uploaded /tmp/minio_downloads/1768008392.json to Snowflake stage for bronze_stock_quotes_raw
[2026-01-10T11:19:03.942+0000] {local_task_job_runner.py:124} ERROR - Received SIGTERM. Terminating subprocesses
[2026-01-10T11:19:04.306+0000] {process_utils.py:132} INFO - Sending 15 to group 226. PIDs of all processes in the group: [226]
[2026-01-10T11:19:04.332+0000] {process_utils.py:87} INFO - Sending the signal 15 to group 226
[2026-01-10T11:19:04.371+0000] {taskinstance.py:2611} ERROR - Received SIGTERM. Terminating subprocesses.
[2026-01-10T11:19:04.464+0000] {taskinstance.py:441} INFO - ::group::Post task execution logs
[2026-01-10T11:19:05.207+0000] {taskinstance.py:2905} ERROR - Task failed with exception
Traceback (most recent call last):
  File "/home/airflow/.local/lib/python3.12/site-packages/airflow/models/taskinstance.py", line 465, in _execute_task
    result = _execute_callable(context=context, **execute_callable_kwargs)
             ^^^^^^^^^^^^^^^^^^^^^^^^^^^^^^^^^^^^^^^^^^^^^^^^^^^^^^^^^^^^^
  File "/home/airflow/.local/lib/python3.12/site-packages/airflow/models/taskinstance.py", line 432, in _execute_callable
    return execute_callable(context=context, **execute_callable_kwargs)
           ^^^^^^^^^^^^^^^^^^^^^^^^^^^^^^^^^^^^^^^^^^^^^^^^^^^^^^^^^^^^
  File "/home/airflow/.local/lib/python3.12/site-packages/airflow/models/baseoperator.py", line 401, in wrapper
    return func(self, *args, **kwargs)
           ^^^^^^^^^^^^^^^^^^^^^^^^^^^
  File "/home/airflow/.local/lib/python3.12/site-packages/airflow/operators/python.py", line 235, in execute
    return_value = self.execute_callable()
                   ^^^^^^^^^^^^^^^^^^^^^^^
  File "/home/airflow/.local/lib/python3.12/site-packages/airflow/operators/python.py", line 252, in execute_callable
    return self.python_callable(*self.op_args, **self.op_kwargs)
           ^^^^^^^^^^^^^^^^^^^^^^^^^^^^^^^^^^^^^^^^^^^^^^^^^^^^^
  File "/opt/airflow/dags/minio_to_snowflake.py", line 69, in load_to_snowflake
    cur.execute(f"PUT file://{f} @%{SNOWFLAKE_TABLE}")
  File "/home/airflow/.local/lib/python3.12/site-packages/snowflake/connector/cursor.py", line 1046, in execute
    sf_file_transfer_agent.execute()
  File "/home/airflow/.local/lib/python3.12/site-packages/snowflake/connector/file_transfer_agent.py", line 436, in execute
    self.transfer(self._file_metadata)
  File "/home/airflow/.local/lib/python3.12/site-packages/snowflake/connector/file_transfer_agent.py", line 652, in transfer
    cv_main_thread.wait()
  File "/usr/local/lib/python3.12/threading.py", line 355, in wait
    waiter.acquire()
  File "/home/airflow/.local/lib/python3.12/site-packages/airflow/models/taskinstance.py", line 2613, in signal_handler
    raise AirflowTaskTerminated("Task received SIGTERM signal")
airflow.exceptions.AirflowTaskTerminated: Task received SIGTERM signal
[2026-01-10T11:19:05.461+0000] {taskinstance.py:1206} INFO - Marking task as FAILED. dag_id=minio_to_snowflake, task_id=load_snowflake, run_id=scheduled__2026-01-10T01:59:00+00:00, execution_date=20260110T015900, start_date=20260110T111417, end_date=20260110T111905
[2026-01-10T11:19:06.244+0000] {process_utils.py:80} INFO - Process psutil.Process(pid=226, status='terminated', exitcode=2, started='11:14:19') (226) terminated with exit code 2
[2026-01-10T11:19:06.281+0000] {local_task_job_runner.py:243} INFO - Task exited with return code 143
[2026-01-10T11:19:06.836+0000] {taskinstance.py:3503} INFO - 0 downstream tasks scheduled from follow-on schedule check
[2026-01-10T11:19:06.987+0000] {local_task_job_runner.py:222} INFO - ::endgroup::
