[2026-01-10T00:59:03.779+0000] {local_task_job_runner.py:120} INFO - ::group::Pre task execution logs
[2026-01-10T00:59:03.865+0000] {taskinstance.py:2076} INFO - Dependencies all met for dep_context=non-requeueable deps ti=<TaskInstance: minio_to_snowflake.download_minio scheduled__2026-01-10T00:58:00+00:00 [queued]>
[2026-01-10T00:59:03.891+0000] {taskinstance.py:2076} INFO - Dependencies all met for dep_context=requeueable deps ti=<TaskInstance: minio_to_snowflake.download_minio scheduled__2026-01-10T00:58:00+00:00 [queued]>
[2026-01-10T00:59:03.894+0000] {taskinstance.py:2306} INFO - Starting attempt 1 of 2
[2026-01-10T00:59:03.935+0000] {taskinstance.py:2330} INFO - Executing <Task(PythonOperator): download_minio> on 2026-01-10 00:58:00+00:00
[2026-01-10T00:59:03.966+0000] {standard_task_runner.py:90} INFO - Running: ['***', 'tasks', 'run', 'minio_to_snowflake', 'download_minio', 'scheduled__2026-01-10T00:58:00+00:00', '--job-id', '10', '--raw', '--subdir', 'DAGS_FOLDER/minio_to_snowflake.py', '--cfg-path', '/tmp/tmph8qo4dyo']
[2026-01-10T00:59:03.977+0000] {standard_task_runner.py:91} INFO - Job 10: Subtask download_minio
[2026-01-10T00:59:03.976+0000] {logging_mixin.py:188} WARNING - /home/***/.local/lib/python3.12/site-packages/***/task/task_runner/standard_task_runner.py:62 DeprecationWarning: This process (pid=4048) is multi-threaded, use of fork() may lead to deadlocks in the child.
[2026-01-10T00:59:03.978+0000] {standard_task_runner.py:64} INFO - Started process 4051 to run task
[2026-01-10T00:59:04.113+0000] {task_command.py:426} INFO - Running <TaskInstance: minio_to_snowflake.download_minio scheduled__2026-01-10T00:58:00+00:00 [running]> on host ec4c21923cef
[2026-01-10T00:59:04.497+0000] {taskinstance.py:2648} INFO - Exporting env vars: AIRFLOW_CTX_DAG_OWNER='***' AIRFLOW_CTX_DAG_ID='minio_to_snowflake' AIRFLOW_CTX_TASK_ID='download_minio' AIRFLOW_CTX_EXECUTION_DATE='2026-01-10T00:58:00+00:00' AIRFLOW_CTX_TRY_NUMBER='1' AIRFLOW_CTX_DAG_RUN_ID='scheduled__2026-01-10T00:58:00+00:00'
[2026-01-10T00:59:04.502+0000] {taskinstance.py:430} INFO - ::endgroup::
[2026-01-10T00:59:05.268+0000] {logging_mixin.py:188} INFO - Downloaded AAPL/1767994102.json -> /tmp/minio_downloads/1767994102.json
[2026-01-10T00:59:05.313+0000] {logging_mixin.py:188} INFO - Downloaded AAPL/1767994114.json -> /tmp/minio_downloads/1767994114.json
[2026-01-10T00:59:05.345+0000] {logging_mixin.py:188} INFO - Downloaded AAPL/1767994127.json -> /tmp/minio_downloads/1767994127.json
[2026-01-10T00:59:05.368+0000] {logging_mixin.py:188} INFO - Downloaded AAPL/1767994138.json -> /tmp/minio_downloads/1767994138.json
[2026-01-10T00:59:05.394+0000] {logging_mixin.py:188} INFO - Downloaded AAPL/1767994149.json -> /tmp/minio_downloads/1767994149.json
[2026-01-10T00:59:05.426+0000] {logging_mixin.py:188} INFO - Downloaded AAPL/1767994160.json -> /tmp/minio_downloads/1767994160.json
[2026-01-10T00:59:05.467+0000] {logging_mixin.py:188} INFO - Downloaded AAPL/1767994171.json -> /tmp/minio_downloads/1767994171.json
[2026-01-10T00:59:05.510+0000] {logging_mixin.py:188} INFO - Downloaded AAPL/1767994189.json -> /tmp/minio_downloads/1767994189.json
[2026-01-10T00:59:05.548+0000] {logging_mixin.py:188} INFO - Downloaded AAPL/1767994201.json -> /tmp/minio_downloads/1767994201.json
[2026-01-10T00:59:05.581+0000] {logging_mixin.py:188} INFO - Downloaded AAPL/1767994212.json -> /tmp/minio_downloads/1767994212.json
[2026-01-10T00:59:05.612+0000] {logging_mixin.py:188} INFO - Downloaded AAPL/1767994225.json -> /tmp/minio_downloads/1767994225.json
[2026-01-10T00:59:05.637+0000] {logging_mixin.py:188} INFO - Downloaded AAPL/1767994235.json -> /tmp/minio_downloads/1767994235.json
[2026-01-10T00:59:05.664+0000] {logging_mixin.py:188} INFO - Downloaded AAPL/1767994246.json -> /tmp/minio_downloads/1767994246.json
[2026-01-10T00:59:05.698+0000] {logging_mixin.py:188} INFO - Downloaded AAPL/1767994258.json -> /tmp/minio_downloads/1767994258.json
[2026-01-10T00:59:05.758+0000] {logging_mixin.py:188} INFO - Downloaded AAPL/1767994270.json -> /tmp/minio_downloads/1767994270.json
[2026-01-10T00:59:05.801+0000] {logging_mixin.py:188} INFO - Downloaded AAPL/1767994281.json -> /tmp/minio_downloads/1767994281.json
[2026-01-10T00:59:05.839+0000] {logging_mixin.py:188} INFO - Downloaded AAPL/1767997418.json -> /tmp/minio_downloads/1767997418.json
[2026-01-10T00:59:05.873+0000] {logging_mixin.py:188} INFO - Downloaded AAPL/1767997428.json -> /tmp/minio_downloads/1767997428.json
[2026-01-10T00:59:05.901+0000] {logging_mixin.py:188} INFO - Downloaded AAPL/1767997440.json -> /tmp/minio_downloads/1767997440.json
[2026-01-10T00:59:05.956+0000] {logging_mixin.py:188} INFO - Downloaded AAPL/1767997450.json -> /tmp/minio_downloads/1767997450.json
[2026-01-10T00:59:06.014+0000] {logging_mixin.py:188} INFO - Downloaded AAPL/1767997461.json -> /tmp/minio_downloads/1767997461.json
[2026-01-10T00:59:06.049+0000] {logging_mixin.py:188} INFO - Downloaded AAPL/1767997471.json -> /tmp/minio_downloads/1767997471.json
[2026-01-10T00:59:06.087+0000] {logging_mixin.py:188} INFO - Downloaded AAPL/1767997482.json -> /tmp/minio_downloads/1767997482.json
[2026-01-10T00:59:06.114+0000] {logging_mixin.py:188} INFO - Downloaded AAPL/1767997492.json -> /tmp/minio_downloads/1767997492.json
[2026-01-10T00:59:06.147+0000] {logging_mixin.py:188} INFO - Downloaded AAPL/1768000525.json -> /tmp/minio_downloads/1768000525.json
[2026-01-10T00:59:06.178+0000] {logging_mixin.py:188} INFO - Downloaded AAPL/1768000535.json -> /tmp/minio_downloads/1768000535.json
[2026-01-10T00:59:06.234+0000] {logging_mixin.py:188} INFO - Downloaded AAPL/1768000546.json -> /tmp/minio_downloads/1768000546.json
[2026-01-10T00:59:06.272+0000] {logging_mixin.py:188} INFO - Downloaded AAPL/1768000556.json -> /tmp/minio_downloads/1768000556.json
[2026-01-10T00:59:06.321+0000] {logging_mixin.py:188} INFO - Downloaded AAPL/1768000567.json -> /tmp/minio_downloads/1768000567.json
[2026-01-10T00:59:06.350+0000] {logging_mixin.py:188} INFO - Downloaded AAPL/1768000579.json -> /tmp/minio_downloads/1768000579.json
[2026-01-10T00:59:06.370+0000] {logging_mixin.py:188} INFO - Downloaded AAPL/1768000592.json -> /tmp/minio_downloads/1768000592.json
[2026-01-10T00:59:06.412+0000] {logging_mixin.py:188} INFO - Downloaded AAPL/1768000604.json -> /tmp/minio_downloads/1768000604.json
[2026-01-10T00:59:06.451+0000] {logging_mixin.py:188} INFO - Downloaded AAPL/1768000616.json -> /tmp/minio_downloads/1768000616.json
[2026-01-10T00:59:06.502+0000] {logging_mixin.py:188} INFO - Downloaded AAPL/1768000631.json -> /tmp/minio_downloads/1768000631.json
[2026-01-10T00:59:06.555+0000] {logging_mixin.py:188} INFO - Downloaded AAPL/1768000644.json -> /tmp/minio_downloads/1768000644.json
[2026-01-10T00:59:06.599+0000] {logging_mixin.py:188} INFO - Downloaded AAPL/1768000655.json -> /tmp/minio_downloads/1768000655.json
[2026-01-10T00:59:06.634+0000] {logging_mixin.py:188} INFO - Downloaded AAPL/1768000666.json -> /tmp/minio_downloads/1768000666.json
[2026-01-10T00:59:06.683+0000] {logging_mixin.py:188} INFO - Downloaded AAPL/1768000677.json -> /tmp/minio_downloads/1768000677.json
[2026-01-10T00:59:06.730+0000] {logging_mixin.py:188} INFO - Downloaded AAPL/1768000688.json -> /tmp/minio_downloads/1768000688.json
[2026-01-10T00:59:06.773+0000] {logging_mixin.py:188} INFO - Downloaded AAPL/1768000698.json -> /tmp/minio_downloads/1768000698.json
[2026-01-10T00:59:06.826+0000] {logging_mixin.py:188} INFO - Downloaded AAPL/1768000710.json -> /tmp/minio_downloads/1768000710.json
[2026-01-10T00:59:06.865+0000] {logging_mixin.py:188} INFO - Downloaded AAPL/1768000720.json -> /tmp/minio_downloads/1768000720.json
[2026-01-10T00:59:06.910+0000] {logging_mixin.py:188} INFO - Downloaded AAPL/1768000731.json -> /tmp/minio_downloads/1768000731.json
[2026-01-10T00:59:06.960+0000] {logging_mixin.py:188} INFO - Downloaded AAPL/1768000742.json -> /tmp/minio_downloads/1768000742.json
[2026-01-10T00:59:07.010+0000] {logging_mixin.py:188} INFO - Downloaded AAPL/1768000753.json -> /tmp/minio_downloads/1768000753.json
[2026-01-10T00:59:07.047+0000] {logging_mixin.py:188} INFO - Downloaded AAPL/1768000764.json -> /tmp/minio_downloads/1768000764.json
[2026-01-10T00:59:07.083+0000] {logging_mixin.py:188} INFO - Downloaded AAPL/1768000776.json -> /tmp/minio_downloads/1768000776.json
[2026-01-10T00:59:07.121+0000] {logging_mixin.py:188} INFO - Downloaded AAPL/1768000787.json -> /tmp/minio_downloads/1768000787.json
[2026-01-10T00:59:07.179+0000] {logging_mixin.py:188} INFO - Downloaded AAPL/1768000797.json -> /tmp/minio_downloads/1768000797.json
[2026-01-10T00:59:07.236+0000] {logging_mixin.py:188} INFO - Downloaded AAPL/1768000808.json -> /tmp/minio_downloads/1768000808.json
[2026-01-10T00:59:07.291+0000] {logging_mixin.py:188} INFO - Downloaded AAPL/1768000819.json -> /tmp/minio_downloads/1768000819.json
[2026-01-10T00:59:07.334+0000] {logging_mixin.py:188} INFO - Downloaded AAPL/1768000831.json -> /tmp/minio_downloads/1768000831.json
[2026-01-10T00:59:07.373+0000] {logging_mixin.py:188} INFO - Downloaded AAPL/1768000843.json -> /tmp/minio_downloads/1768000843.json
[2026-01-10T00:59:07.422+0000] {logging_mixin.py:188} INFO - Downloaded AAPL/1768000855.json -> /tmp/minio_downloads/1768000855.json
[2026-01-10T00:59:07.474+0000] {logging_mixin.py:188} INFO - Downloaded AAPL/1768000867.json -> /tmp/minio_downloads/1768000867.json
[2026-01-10T00:59:07.536+0000] {logging_mixin.py:188} INFO - Downloaded AAPL/1768000878.json -> /tmp/minio_downloads/1768000878.json
[2026-01-10T00:59:07.567+0000] {logging_mixin.py:188} INFO - Downloaded AAPL/1768000890.json -> /tmp/minio_downloads/1768000890.json
[2026-01-10T00:59:07.605+0000] {logging_mixin.py:188} INFO - Downloaded AAPL/1768000901.json -> /tmp/minio_downloads/1768000901.json
[2026-01-10T00:59:07.639+0000] {logging_mixin.py:188} INFO - Downloaded AAPL/1768000912.json -> /tmp/minio_downloads/1768000912.json
[2026-01-10T00:59:07.676+0000] {logging_mixin.py:188} INFO - Downloaded AAPL/1768000921.json -> /tmp/minio_downloads/1768000921.json
[2026-01-10T00:59:07.714+0000] {logging_mixin.py:188} INFO - Downloaded AAPL/1768000932.json -> /tmp/minio_downloads/1768000932.json
[2026-01-10T00:59:07.747+0000] {logging_mixin.py:188} INFO - Downloaded AAPL/1768000942.json -> /tmp/minio_downloads/1768000942.json
[2026-01-10T00:59:07.791+0000] {logging_mixin.py:188} INFO - Downloaded AAPL/1768000953.json -> /tmp/minio_downloads/1768000953.json
[2026-01-10T00:59:07.813+0000] {logging_mixin.py:188} INFO - Downloaded AAPL/1768001779.json -> /tmp/minio_downloads/1768001779.json
[2026-01-10T00:59:07.851+0000] {logging_mixin.py:188} INFO - Downloaded AAPL/1768001791.json -> /tmp/minio_downloads/1768001791.json
[2026-01-10T00:59:07.899+0000] {logging_mixin.py:188} INFO - Downloaded AAPL/1768001803.json -> /tmp/minio_downloads/1768001803.json
[2026-01-10T00:59:07.951+0000] {logging_mixin.py:188} INFO - Downloaded AAPL/1768001813.json -> /tmp/minio_downloads/1768001813.json
[2026-01-10T00:59:07.997+0000] {logging_mixin.py:188} INFO - Downloaded AAPL/1768001825.json -> /tmp/minio_downloads/1768001825.json
[2026-01-10T00:59:08.026+0000] {logging_mixin.py:188} INFO - Downloaded AAPL/1768001837.json -> /tmp/minio_downloads/1768001837.json
[2026-01-10T00:59:08.059+0000] {logging_mixin.py:188} INFO - Downloaded AAPL/1768001849.json -> /tmp/minio_downloads/1768001849.json
[2026-01-10T00:59:08.084+0000] {logging_mixin.py:188} INFO - Downloaded AAPL/1768001859.json -> /tmp/minio_downloads/1768001859.json
[2026-01-10T00:59:08.111+0000] {logging_mixin.py:188} INFO - Downloaded AAPL/1768001868.json -> /tmp/minio_downloads/1768001868.json
[2026-01-10T00:59:08.129+0000] {logging_mixin.py:188} INFO - Downloaded AAPL/1768002255.json -> /tmp/minio_downloads/1768002255.json
[2026-01-10T00:59:08.145+0000] {logging_mixin.py:188} INFO - Downloaded AAPL/1768002265.json -> /tmp/minio_downloads/1768002265.json
[2026-01-10T00:59:08.171+0000] {logging_mixin.py:188} INFO - Downloaded AAPL/1768002275.json -> /tmp/minio_downloads/1768002275.json
[2026-01-10T00:59:08.194+0000] {logging_mixin.py:188} INFO - Downloaded AAPL/1768002285.json -> /tmp/minio_downloads/1768002285.json
[2026-01-10T00:59:08.213+0000] {logging_mixin.py:188} INFO - Downloaded AAPL/1768002294.json -> /tmp/minio_downloads/1768002294.json
[2026-01-10T00:59:08.255+0000] {logging_mixin.py:188} INFO - Downloaded AAPL/1768002304.json -> /tmp/minio_downloads/1768002304.json
[2026-01-10T00:59:08.321+0000] {logging_mixin.py:188} INFO - Downloaded AAPL/1768002313.json -> /tmp/minio_downloads/1768002313.json
[2026-01-10T00:59:08.364+0000] {logging_mixin.py:188} INFO - Downloaded AAPL/1768002323.json -> /tmp/minio_downloads/1768002323.json
[2026-01-10T00:59:08.418+0000] {logging_mixin.py:188} INFO - Downloaded AAPL/1768002333.json -> /tmp/minio_downloads/1768002333.json
[2026-01-10T00:59:08.462+0000] {logging_mixin.py:188} INFO - Downloaded AAPL/1768002343.json -> /tmp/minio_downloads/1768002343.json
[2026-01-10T00:59:08.496+0000] {logging_mixin.py:188} INFO - Downloaded AAPL/1768002355.json -> /tmp/minio_downloads/1768002355.json
[2026-01-10T00:59:08.536+0000] {logging_mixin.py:188} INFO - Downloaded AAPL/1768002366.json -> /tmp/minio_downloads/1768002366.json
[2026-01-10T00:59:08.583+0000] {logging_mixin.py:188} INFO - Downloaded AAPL/1768002377.json -> /tmp/minio_downloads/1768002377.json
[2026-01-10T00:59:08.628+0000] {logging_mixin.py:188} INFO - Downloaded AAPL/1768002388.json -> /tmp/minio_downloads/1768002388.json
[2026-01-10T00:59:08.679+0000] {logging_mixin.py:188} INFO - Downloaded AAPL/1768002399.json -> /tmp/minio_downloads/1768002399.json
[2026-01-10T00:59:08.741+0000] {logging_mixin.py:188} INFO - Downloaded AAPL/1768002410.json -> /tmp/minio_downloads/1768002410.json
[2026-01-10T00:59:08.798+0000] {logging_mixin.py:188} INFO - Downloaded AAPL/1768002420.json -> /tmp/minio_downloads/1768002420.json
[2026-01-10T00:59:08.853+0000] {logging_mixin.py:188} INFO - Downloaded AAPL/1768002432.json -> /tmp/minio_downloads/1768002432.json
[2026-01-10T00:59:08.889+0000] {logging_mixin.py:188} INFO - Downloaded AAPL/1768002443.json -> /tmp/minio_downloads/1768002443.json
[2026-01-10T00:59:08.946+0000] {logging_mixin.py:188} INFO - Downloaded AAPL/1768002455.json -> /tmp/minio_downloads/1768002455.json
[2026-01-10T00:59:08.995+0000] {logging_mixin.py:188} INFO - Downloaded AMZN/1767994107.json -> /tmp/minio_downloads/1767994107.json
[2026-01-10T00:59:09.043+0000] {logging_mixin.py:188} INFO - Downloaded AMZN/1767994120.json -> /tmp/minio_downloads/1767994120.json
[2026-01-10T00:59:09.108+0000] {logging_mixin.py:188} INFO - Downloaded AMZN/1767994132.json -> /tmp/minio_downloads/1767994132.json
[2026-01-10T00:59:09.166+0000] {logging_mixin.py:188} INFO - Downloaded AMZN/1767994142.json -> /tmp/minio_downloads/1767994142.json
[2026-01-10T00:59:09.203+0000] {logging_mixin.py:188} INFO - Downloaded AMZN/1767994153.json -> /tmp/minio_downloads/1767994153.json
[2026-01-10T00:59:09.235+0000] {logging_mixin.py:188} INFO - Downloaded AMZN/1767994164.json -> /tmp/minio_downloads/1767994164.json
[2026-01-10T00:59:09.272+0000] {logging_mixin.py:188} INFO - Downloaded AMZN/1767994182.json -> /tmp/minio_downloads/1767994182.json
[2026-01-10T00:59:09.315+0000] {logging_mixin.py:188} INFO - Downloaded AMZN/1767994193.json -> /tmp/minio_downloads/1767994193.json
[2026-01-10T00:59:09.363+0000] {logging_mixin.py:188} INFO - Downloaded AMZN/1767994205.json -> /tmp/minio_downloads/1767994205.json
[2026-01-10T00:59:09.403+0000] {logging_mixin.py:188} INFO - Downloaded AMZN/1767994216.json -> /tmp/minio_downloads/1767994216.json
[2026-01-10T00:59:09.433+0000] {logging_mixin.py:188} INFO - Downloaded AMZN/1767994228.json -> /tmp/minio_downloads/1767994228.json
[2026-01-10T00:59:09.458+0000] {logging_mixin.py:188} INFO - Downloaded AMZN/1767994240.json -> /tmp/minio_downloads/1767994240.json
[2026-01-10T00:59:09.475+0000] {logging_mixin.py:188} INFO - Downloaded AMZN/1767994250.json -> /tmp/minio_downloads/1767994250.json
[2026-01-10T00:59:09.491+0000] {logging_mixin.py:188} INFO - Downloaded AMZN/1767994263.json -> /tmp/minio_downloads/1767994263.json
[2026-01-10T00:59:09.508+0000] {logging_mixin.py:188} INFO - Downloaded AMZN/1767994274.json -> /tmp/minio_downloads/1767994274.json
[2026-01-10T00:59:09.525+0000] {logging_mixin.py:188} INFO - Downloaded AMZN/1767997421.json -> /tmp/minio_downloads/1767997421.json
[2026-01-10T00:59:09.543+0000] {logging_mixin.py:188} INFO - Downloaded AMZN/1767997432.json -> /tmp/minio_downloads/1767997432.json
[2026-01-10T00:59:09.563+0000] {logging_mixin.py:188} INFO - Downloaded AMZN/1767997443.json -> /tmp/minio_downloads/1767997443.json
[2026-01-10T00:59:09.599+0000] {logging_mixin.py:188} INFO - Downloaded AMZN/1767997454.json -> /tmp/minio_downloads/1767997454.json
[2026-01-10T00:59:09.638+0000] {logging_mixin.py:188} INFO - Downloaded AMZN/1767997465.json -> /tmp/minio_downloads/1767997465.json
[2026-01-10T00:59:09.675+0000] {logging_mixin.py:188} INFO - Downloaded AMZN/1767997474.json -> /tmp/minio_downloads/1767997474.json
[2026-01-10T00:59:09.711+0000] {logging_mixin.py:188} INFO - Downloaded AMZN/1767997485.json -> /tmp/minio_downloads/1767997485.json
[2026-01-10T00:59:09.743+0000] {logging_mixin.py:188} INFO - Downloaded AMZN/1767997494.json -> /tmp/minio_downloads/1767997494.json
[2026-01-10T00:59:09.765+0000] {logging_mixin.py:188} INFO - Downloaded AMZN/1768000528.json -> /tmp/minio_downloads/1768000528.json
[2026-01-10T00:59:09.788+0000] {logging_mixin.py:188} INFO - Downloaded AMZN/1768000539.json -> /tmp/minio_downloads/1768000539.json
[2026-01-10T00:59:09.809+0000] {logging_mixin.py:188} INFO - Downloaded AMZN/1768000549.json -> /tmp/minio_downloads/1768000549.json
[2026-01-10T00:59:09.840+0000] {logging_mixin.py:188} INFO - Downloaded AMZN/1768000559.json -> /tmp/minio_downloads/1768000559.json
[2026-01-10T00:59:09.865+0000] {logging_mixin.py:188} INFO - Downloaded AMZN/1768000572.json -> /tmp/minio_downloads/1768000572.json
[2026-01-10T00:59:09.899+0000] {logging_mixin.py:188} INFO - Downloaded AMZN/1768000585.json -> /tmp/minio_downloads/1768000585.json
[2026-01-10T00:59:09.939+0000] {logging_mixin.py:188} INFO - Downloaded AMZN/1768000597.json -> /tmp/minio_downloads/1768000597.json
[2026-01-10T00:59:09.969+0000] {logging_mixin.py:188} INFO - Downloaded AMZN/1768000609.json -> /tmp/minio_downloads/1768000609.json
[2026-01-10T00:59:10.006+0000] {logging_mixin.py:188} INFO - Downloaded AMZN/1768000623.json -> /tmp/minio_downloads/1768000623.json
[2026-01-10T00:59:10.047+0000] {logging_mixin.py:188} INFO - Downloaded AMZN/1768000637.json -> /tmp/minio_downloads/1768000637.json
[2026-01-10T00:59:10.087+0000] {logging_mixin.py:188} INFO - Downloaded AMZN/1768000648.json -> /tmp/minio_downloads/1768000648.json
[2026-01-10T00:59:10.128+0000] {logging_mixin.py:188} INFO - Downloaded AMZN/1768000659.json -> /tmp/minio_downloads/1768000659.json
[2026-01-10T00:59:10.173+0000] {logging_mixin.py:188} INFO - Downloaded AMZN/1768000670.json -> /tmp/minio_downloads/1768000670.json
[2026-01-10T00:59:10.204+0000] {logging_mixin.py:188} INFO - Downloaded AMZN/1768000681.json -> /tmp/minio_downloads/1768000681.json
[2026-01-10T00:59:10.236+0000] {logging_mixin.py:188} INFO - Downloaded AMZN/1768000692.json -> /tmp/minio_downloads/1768000692.json
[2026-01-10T00:59:10.269+0000] {logging_mixin.py:188} INFO - Downloaded AMZN/1768000703.json -> /tmp/minio_downloads/1768000703.json
[2026-01-10T00:59:10.302+0000] {logging_mixin.py:188} INFO - Downloaded AMZN/1768000714.json -> /tmp/minio_downloads/1768000714.json
[2026-01-10T00:59:10.366+0000] {logging_mixin.py:188} INFO - Downloaded AMZN/1768000724.json -> /tmp/minio_downloads/1768000724.json
[2026-01-10T00:59:10.555+0000] {logging_mixin.py:188} INFO - Downloaded AMZN/1768000735.json -> /tmp/minio_downloads/1768000735.json
[2026-01-10T00:59:10.602+0000] {logging_mixin.py:188} INFO - Downloaded AMZN/1768000746.json -> /tmp/minio_downloads/1768000746.json
[2026-01-10T00:59:10.641+0000] {logging_mixin.py:188} INFO - Downloaded AMZN/1768000757.json -> /tmp/minio_downloads/1768000757.json
[2026-01-10T00:59:10.664+0000] {logging_mixin.py:188} INFO - Downloaded AMZN/1768000768.json -> /tmp/minio_downloads/1768000768.json
[2026-01-10T00:59:10.682+0000] {logging_mixin.py:188} INFO - Downloaded AMZN/1768000780.json -> /tmp/minio_downloads/1768000780.json
[2026-01-10T00:59:10.701+0000] {logging_mixin.py:188} INFO - Downloaded AMZN/1768000791.json -> /tmp/minio_downloads/1768000791.json
[2026-01-10T00:59:10.719+0000] {logging_mixin.py:188} INFO - Downloaded AMZN/1768000801.json -> /tmp/minio_downloads/1768000801.json
[2026-01-10T00:59:10.737+0000] {logging_mixin.py:188} INFO - Downloaded AMZN/1768000812.json -> /tmp/minio_downloads/1768000812.json
[2026-01-10T00:59:10.751+0000] {logging_mixin.py:188} INFO - Downloaded AMZN/1768000824.json -> /tmp/minio_downloads/1768000824.json
[2026-01-10T00:59:10.768+0000] {logging_mixin.py:188} INFO - Downloaded AMZN/1768000836.json -> /tmp/minio_downloads/1768000836.json
[2026-01-10T00:59:10.782+0000] {logging_mixin.py:188} INFO - Downloaded AMZN/1768000848.json -> /tmp/minio_downloads/1768000848.json
[2026-01-10T00:59:10.798+0000] {logging_mixin.py:188} INFO - Downloaded AMZN/1768000860.json -> /tmp/minio_downloads/1768000860.json
[2026-01-10T00:59:10.812+0000] {logging_mixin.py:188} INFO - Downloaded AMZN/1768000871.json -> /tmp/minio_downloads/1768000871.json
[2026-01-10T00:59:10.828+0000] {logging_mixin.py:188} INFO - Downloaded AMZN/1768000883.json -> /tmp/minio_downloads/1768000883.json
[2026-01-10T00:59:10.844+0000] {logging_mixin.py:188} INFO - Downloaded AMZN/1768000894.json -> /tmp/minio_downloads/1768000894.json
[2026-01-10T00:59:10.856+0000] {logging_mixin.py:188} INFO - Downloaded AMZN/1768000905.json -> /tmp/minio_downloads/1768000905.json
[2026-01-10T00:59:10.865+0000] {logging_mixin.py:188} INFO - Downloaded AMZN/1768000914.json -> /tmp/minio_downloads/1768000914.json
[2026-01-10T00:59:10.874+0000] {logging_mixin.py:188} INFO - Downloaded AMZN/1768000925.json -> /tmp/minio_downloads/1768000925.json
[2026-01-10T00:59:10.883+0000] {logging_mixin.py:188} INFO - Downloaded AMZN/1768000935.json -> /tmp/minio_downloads/1768000935.json
[2026-01-10T00:59:10.893+0000] {logging_mixin.py:188} INFO - Downloaded AMZN/1768000946.json -> /tmp/minio_downloads/1768000946.json
[2026-01-10T00:59:10.902+0000] {logging_mixin.py:188} INFO - Downloaded AMZN/1768000957.json -> /tmp/minio_downloads/1768000957.json
[2026-01-10T00:59:10.913+0000] {logging_mixin.py:188} INFO - Downloaded AMZN/1768001784.json -> /tmp/minio_downloads/1768001784.json
[2026-01-10T00:59:10.924+0000] {logging_mixin.py:188} INFO - Downloaded AMZN/1768001796.json -> /tmp/minio_downloads/1768001796.json
[2026-01-10T00:59:10.935+0000] {logging_mixin.py:188} INFO - Downloaded AMZN/1768001806.json -> /tmp/minio_downloads/1768001806.json
[2026-01-10T00:59:10.946+0000] {logging_mixin.py:188} INFO - Downloaded AMZN/1768001818.json -> /tmp/minio_downloads/1768001818.json
[2026-01-10T00:59:10.956+0000] {logging_mixin.py:188} INFO - Downloaded AMZN/1768001830.json -> /tmp/minio_downloads/1768001830.json
[2026-01-10T00:59:10.969+0000] {logging_mixin.py:188} INFO - Downloaded AMZN/1768001842.json -> /tmp/minio_downloads/1768001842.json
[2026-01-10T00:59:10.979+0000] {logging_mixin.py:188} INFO - Downloaded AMZN/1768001852.json -> /tmp/minio_downloads/1768001852.json
[2026-01-10T00:59:10.991+0000] {logging_mixin.py:188} INFO - Downloaded AMZN/1768001862.json -> /tmp/minio_downloads/1768001862.json
[2026-01-10T00:59:11.004+0000] {logging_mixin.py:188} INFO - Downloaded AMZN/1768001871.json -> /tmp/minio_downloads/1768001871.json
[2026-01-10T00:59:11.014+0000] {logging_mixin.py:188} INFO - Downloaded AMZN/1768002259.json -> /tmp/minio_downloads/1768002259.json
[2026-01-10T00:59:11.027+0000] {logging_mixin.py:188} INFO - Downloaded AMZN/1768002268.json -> /tmp/minio_downloads/1768002268.json
[2026-01-10T00:59:11.040+0000] {logging_mixin.py:188} INFO - Downloaded AMZN/1768002278.json -> /tmp/minio_downloads/1768002278.json
[2026-01-10T00:59:11.055+0000] {logging_mixin.py:188} INFO - Downloaded AMZN/1768002287.json -> /tmp/minio_downloads/1768002287.json
[2026-01-10T00:59:11.068+0000] {logging_mixin.py:188} INFO - Downloaded AMZN/1768002297.json -> /tmp/minio_downloads/1768002297.json
[2026-01-10T00:59:11.078+0000] {logging_mixin.py:188} INFO - Downloaded AMZN/1768002306.json -> /tmp/minio_downloads/1768002306.json
[2026-01-10T00:59:11.089+0000] {logging_mixin.py:188} INFO - Downloaded AMZN/1768002316.json -> /tmp/minio_downloads/1768002316.json
[2026-01-10T00:59:11.101+0000] {logging_mixin.py:188} INFO - Downloaded AMZN/1768002326.json -> /tmp/minio_downloads/1768002326.json
[2026-01-10T00:59:11.112+0000] {logging_mixin.py:188} INFO - Downloaded AMZN/1768002336.json -> /tmp/minio_downloads/1768002336.json
[2026-01-10T00:59:11.124+0000] {logging_mixin.py:188} INFO - Downloaded AMZN/1768002347.json -> /tmp/minio_downloads/1768002347.json
[2026-01-10T00:59:11.136+0000] {logging_mixin.py:188} INFO - Downloaded AMZN/1768002359.json -> /tmp/minio_downloads/1768002359.json
[2026-01-10T00:59:11.150+0000] {logging_mixin.py:188} INFO - Downloaded AMZN/1768002371.json -> /tmp/minio_downloads/1768002371.json
[2026-01-10T00:59:11.165+0000] {logging_mixin.py:188} INFO - Downloaded AMZN/1768002381.json -> /tmp/minio_downloads/1768002381.json
[2026-01-10T00:59:11.179+0000] {logging_mixin.py:188} INFO - Downloaded AMZN/1768002392.json -> /tmp/minio_downloads/1768002392.json
[2026-01-10T00:59:11.190+0000] {logging_mixin.py:188} INFO - Downloaded AMZN/1768002403.json -> /tmp/minio_downloads/1768002403.json
[2026-01-10T00:59:11.201+0000] {logging_mixin.py:188} INFO - Downloaded AMZN/1768002413.json -> /tmp/minio_downloads/1768002413.json
[2026-01-10T00:59:11.211+0000] {logging_mixin.py:188} INFO - Downloaded AMZN/1768002425.json -> /tmp/minio_downloads/1768002425.json
[2026-01-10T00:59:11.223+0000] {logging_mixin.py:188} INFO - Downloaded AMZN/1768002436.json -> /tmp/minio_downloads/1768002436.json
[2026-01-10T00:59:11.236+0000] {logging_mixin.py:188} INFO - Downloaded AMZN/1768002448.json -> /tmp/minio_downloads/1768002448.json
[2026-01-10T00:59:11.250+0000] {logging_mixin.py:188} INFO - Downloaded AMZN/1768002459.json -> /tmp/minio_downloads/1768002459.json
[2026-01-10T00:59:11.263+0000] {logging_mixin.py:188} INFO - Downloaded GOOGL/1767994105.json -> /tmp/minio_downloads/1767994105.json
[2026-01-10T00:59:11.277+0000] {logging_mixin.py:188} INFO - Downloaded GOOGL/1767994117.json -> /tmp/minio_downloads/1767994117.json
[2026-01-10T00:59:11.291+0000] {logging_mixin.py:188} INFO - Downloaded GOOGL/1767994131.json -> /tmp/minio_downloads/1767994131.json
[2026-01-10T00:59:11.306+0000] {logging_mixin.py:188} INFO - Downloaded GOOGL/1767994141.json -> /tmp/minio_downloads/1767994141.json
[2026-01-10T00:59:11.321+0000] {logging_mixin.py:188} INFO - Downloaded GOOGL/1767994152.json -> /tmp/minio_downloads/1767994152.json
[2026-01-10T00:59:11.335+0000] {logging_mixin.py:188} INFO - Downloaded GOOGL/1767994163.json -> /tmp/minio_downloads/1767994163.json
[2026-01-10T00:59:11.349+0000] {logging_mixin.py:188} INFO - Downloaded GOOGL/1767994181.json -> /tmp/minio_downloads/1767994181.json
[2026-01-10T00:59:11.364+0000] {logging_mixin.py:188} INFO - Downloaded GOOGL/1767994192.json -> /tmp/minio_downloads/1767994192.json
[2026-01-10T00:59:11.379+0000] {logging_mixin.py:188} INFO - Downloaded GOOGL/1767994204.json -> /tmp/minio_downloads/1767994204.json
[2026-01-10T00:59:11.394+0000] {logging_mixin.py:188} INFO - Downloaded GOOGL/1767994215.json -> /tmp/minio_downloads/1767994215.json
[2026-01-10T00:59:11.409+0000] {logging_mixin.py:188} INFO - Downloaded GOOGL/1767994227.json -> /tmp/minio_downloads/1767994227.json
[2026-01-10T00:59:11.425+0000] {logging_mixin.py:188} INFO - Downloaded GOOGL/1767994239.json -> /tmp/minio_downloads/1767994239.json
[2026-01-10T00:59:11.439+0000] {logging_mixin.py:188} INFO - Downloaded GOOGL/1767994249.json -> /tmp/minio_downloads/1767994249.json
[2026-01-10T00:59:11.453+0000] {logging_mixin.py:188} INFO - Downloaded GOOGL/1767994261.json -> /tmp/minio_downloads/1767994261.json
[2026-01-10T00:59:11.467+0000] {logging_mixin.py:188} INFO - Downloaded GOOGL/1767994273.json -> /tmp/minio_downloads/1767994273.json
[2026-01-10T00:59:11.481+0000] {logging_mixin.py:188} INFO - Downloaded GOOGL/1767997420.json -> /tmp/minio_downloads/1767997420.json
[2026-01-10T00:59:11.495+0000] {logging_mixin.py:188} INFO - Downloaded GOOGL/1767997431.json -> /tmp/minio_downloads/1767997431.json
[2026-01-10T00:59:11.509+0000] {logging_mixin.py:188} INFO - Downloaded GOOGL/1767997442.json -> /tmp/minio_downloads/1767997442.json
[2026-01-10T00:59:11.524+0000] {logging_mixin.py:188} INFO - Downloaded GOOGL/1767997453.json -> /tmp/minio_downloads/1767997453.json
[2026-01-10T00:59:11.540+0000] {logging_mixin.py:188} INFO - Downloaded GOOGL/1767997464.json -> /tmp/minio_downloads/1767997464.json
[2026-01-10T00:59:11.558+0000] {logging_mixin.py:188} INFO - Downloaded GOOGL/1767997473.json -> /tmp/minio_downloads/1767997473.json
[2026-01-10T00:59:11.573+0000] {logging_mixin.py:188} INFO - Downloaded GOOGL/1767997484.json -> /tmp/minio_downloads/1767997484.json
[2026-01-10T00:59:11.600+0000] {logging_mixin.py:188} INFO - Downloaded GOOGL/1767997494.json -> /tmp/minio_downloads/1767997494.json
[2026-01-10T00:59:11.620+0000] {logging_mixin.py:188} INFO - Downloaded GOOGL/1768000527.json -> /tmp/minio_downloads/1768000527.json
[2026-01-10T00:59:11.634+0000] {logging_mixin.py:188} INFO - Downloaded GOOGL/1768000538.json -> /tmp/minio_downloads/1768000538.json
[2026-01-10T00:59:11.646+0000] {logging_mixin.py:188} INFO - Downloaded GOOGL/1768000548.json -> /tmp/minio_downloads/1768000548.json
[2026-01-10T00:59:11.659+0000] {logging_mixin.py:188} INFO - Downloaded GOOGL/1768000559.json -> /tmp/minio_downloads/1768000559.json
[2026-01-10T00:59:11.672+0000] {logging_mixin.py:188} INFO - Downloaded GOOGL/1768000570.json -> /tmp/minio_downloads/1768000570.json
[2026-01-10T00:59:11.687+0000] {logging_mixin.py:188} INFO - Downloaded GOOGL/1768000583.json -> /tmp/minio_downloads/1768000583.json
[2026-01-10T00:59:11.708+0000] {logging_mixin.py:188} INFO - Downloaded GOOGL/1768000596.json -> /tmp/minio_downloads/1768000596.json
[2026-01-10T00:59:11.764+0000] {logging_mixin.py:188} INFO - Downloaded GOOGL/1768000608.json -> /tmp/minio_downloads/1768000608.json
[2026-01-10T00:59:11.916+0000] {logging_mixin.py:188} INFO - Downloaded GOOGL/1768000622.json -> /tmp/minio_downloads/1768000622.json
[2026-01-10T00:59:11.980+0000] {logging_mixin.py:188} INFO - Downloaded GOOGL/1768000635.json -> /tmp/minio_downloads/1768000635.json
[2026-01-10T00:59:12.033+0000] {logging_mixin.py:188} INFO - Downloaded GOOGL/1768000647.json -> /tmp/minio_downloads/1768000647.json
[2026-01-10T00:59:12.085+0000] {logging_mixin.py:188} INFO - Downloaded GOOGL/1768000658.json -> /tmp/minio_downloads/1768000658.json
[2026-01-10T00:59:12.131+0000] {logging_mixin.py:188} INFO - Downloaded GOOGL/1768000669.json -> /tmp/minio_downloads/1768000669.json
[2026-01-10T00:59:12.198+0000] {logging_mixin.py:188} INFO - Downloaded GOOGL/1768000680.json -> /tmp/minio_downloads/1768000680.json
[2026-01-10T00:59:12.247+0000] {logging_mixin.py:188} INFO - Downloaded GOOGL/1768000691.json -> /tmp/minio_downloads/1768000691.json
[2026-01-10T00:59:12.299+0000] {logging_mixin.py:188} INFO - Downloaded GOOGL/1768000702.json -> /tmp/minio_downloads/1768000702.json
[2026-01-10T00:59:12.345+0000] {logging_mixin.py:188} INFO - Downloaded GOOGL/1768000713.json -> /tmp/minio_downloads/1768000713.json
[2026-01-10T00:59:12.392+0000] {logging_mixin.py:188} INFO - Downloaded GOOGL/1768000723.json -> /tmp/minio_downloads/1768000723.json
[2026-01-10T00:59:12.441+0000] {logging_mixin.py:188} INFO - Downloaded GOOGL/1768000734.json -> /tmp/minio_downloads/1768000734.json
[2026-01-10T00:59:12.498+0000] {logging_mixin.py:188} INFO - Downloaded GOOGL/1768000745.json -> /tmp/minio_downloads/1768000745.json
[2026-01-10T00:59:12.561+0000] {logging_mixin.py:188} INFO - Downloaded GOOGL/1768000756.json -> /tmp/minio_downloads/1768000756.json
[2026-01-10T00:59:12.625+0000] {logging_mixin.py:188} INFO - Downloaded GOOGL/1768000767.json -> /tmp/minio_downloads/1768000767.json
[2026-01-10T00:59:12.679+0000] {logging_mixin.py:188} INFO - Downloaded GOOGL/1768000779.json -> /tmp/minio_downloads/1768000779.json
[2026-01-10T00:59:12.727+0000] {logging_mixin.py:188} INFO - Downloaded GOOGL/1768000790.json -> /tmp/minio_downloads/1768000790.json
[2026-01-10T00:59:12.775+0000] {logging_mixin.py:188} INFO - Downloaded GOOGL/1768000800.json -> /tmp/minio_downloads/1768000800.json
[2026-01-10T00:59:12.820+0000] {logging_mixin.py:188} INFO - Downloaded GOOGL/1768000811.json -> /tmp/minio_downloads/1768000811.json
[2026-01-10T00:59:12.850+0000] {logging_mixin.py:188} INFO - Downloaded GOOGL/1768000823.json -> /tmp/minio_downloads/1768000823.json
[2026-01-10T00:59:12.907+0000] {logging_mixin.py:188} INFO - Downloaded GOOGL/1768000835.json -> /tmp/minio_downloads/1768000835.json
[2026-01-10T00:59:12.945+0000] {logging_mixin.py:188} INFO - Downloaded GOOGL/1768000847.json -> /tmp/minio_downloads/1768000847.json
[2026-01-10T00:59:12.971+0000] {logging_mixin.py:188} INFO - Downloaded GOOGL/1768000859.json -> /tmp/minio_downloads/1768000859.json
[2026-01-10T00:59:13.000+0000] {logging_mixin.py:188} INFO - Downloaded GOOGL/1768000870.json -> /tmp/minio_downloads/1768000870.json
[2026-01-10T00:59:13.027+0000] {logging_mixin.py:188} INFO - Downloaded GOOGL/1768000882.json -> /tmp/minio_downloads/1768000882.json
[2026-01-10T00:59:13.066+0000] {logging_mixin.py:188} INFO - Downloaded GOOGL/1768000893.json -> /tmp/minio_downloads/1768000893.json
[2026-01-10T00:59:13.091+0000] {logging_mixin.py:188} INFO - Downloaded GOOGL/1768000904.json -> /tmp/minio_downloads/1768000904.json
[2026-01-10T00:59:13.120+0000] {logging_mixin.py:188} INFO - Downloaded GOOGL/1768000914.json -> /tmp/minio_downloads/1768000914.json
[2026-01-10T00:59:13.144+0000] {logging_mixin.py:188} INFO - Downloaded GOOGL/1768000924.json -> /tmp/minio_downloads/1768000924.json
[2026-01-10T00:59:13.168+0000] {logging_mixin.py:188} INFO - Downloaded GOOGL/1768000934.json -> /tmp/minio_downloads/1768000934.json
[2026-01-10T00:59:13.188+0000] {logging_mixin.py:188} INFO - Downloaded GOOGL/1768000945.json -> /tmp/minio_downloads/1768000945.json
[2026-01-10T00:59:13.213+0000] {logging_mixin.py:188} INFO - Downloaded GOOGL/1768000956.json -> /tmp/minio_downloads/1768000956.json
[2026-01-10T00:59:13.237+0000] {logging_mixin.py:188} INFO - Downloaded GOOGL/1768001782.json -> /tmp/minio_downloads/1768001782.json
[2026-01-10T00:59:13.264+0000] {logging_mixin.py:188} INFO - Downloaded GOOGL/1768001795.json -> /tmp/minio_downloads/1768001795.json
[2026-01-10T00:59:13.297+0000] {logging_mixin.py:188} INFO - Downloaded GOOGL/1768001805.json -> /tmp/minio_downloads/1768001805.json
[2026-01-10T00:59:13.324+0000] {logging_mixin.py:188} INFO - Downloaded GOOGL/1768001817.json -> /tmp/minio_downloads/1768001817.json
[2026-01-10T00:59:13.348+0000] {logging_mixin.py:188} INFO - Downloaded GOOGL/1768001828.json -> /tmp/minio_downloads/1768001828.json
[2026-01-10T00:59:13.376+0000] {logging_mixin.py:188} INFO - Downloaded GOOGL/1768001841.json -> /tmp/minio_downloads/1768001841.json
[2026-01-10T00:59:13.407+0000] {logging_mixin.py:188} INFO - Downloaded GOOGL/1768001851.json -> /tmp/minio_downloads/1768001851.json
[2026-01-10T00:59:13.433+0000] {logging_mixin.py:188} INFO - Downloaded GOOGL/1768001861.json -> /tmp/minio_downloads/1768001861.json
[2026-01-10T00:59:13.456+0000] {logging_mixin.py:188} INFO - Downloaded GOOGL/1768001870.json -> /tmp/minio_downloads/1768001870.json
[2026-01-10T00:59:13.475+0000] {logging_mixin.py:188} INFO - Downloaded GOOGL/1768002257.json -> /tmp/minio_downloads/1768002257.json
[2026-01-10T00:59:13.493+0000] {logging_mixin.py:188} INFO - Downloaded GOOGL/1768002268.json -> /tmp/minio_downloads/1768002268.json
[2026-01-10T00:59:13.509+0000] {logging_mixin.py:188} INFO - Downloaded GOOGL/1768002277.json -> /tmp/minio_downloads/1768002277.json
[2026-01-10T00:59:13.526+0000] {logging_mixin.py:188} INFO - Downloaded GOOGL/1768002287.json -> /tmp/minio_downloads/1768002287.json
[2026-01-10T00:59:13.541+0000] {logging_mixin.py:188} INFO - Downloaded GOOGL/1768002296.json -> /tmp/minio_downloads/1768002296.json
[2026-01-10T00:59:13.558+0000] {logging_mixin.py:188} INFO - Downloaded GOOGL/1768002306.json -> /tmp/minio_downloads/1768002306.json
[2026-01-10T00:59:13.574+0000] {logging_mixin.py:188} INFO - Downloaded GOOGL/1768002315.json -> /tmp/minio_downloads/1768002315.json
[2026-01-10T00:59:13.590+0000] {logging_mixin.py:188} INFO - Downloaded GOOGL/1768002325.json -> /tmp/minio_downloads/1768002325.json
[2026-01-10T00:59:13.610+0000] {logging_mixin.py:188} INFO - Downloaded GOOGL/1768002335.json -> /tmp/minio_downloads/1768002335.json
[2026-01-10T00:59:13.639+0000] {logging_mixin.py:188} INFO - Downloaded GOOGL/1768002346.json -> /tmp/minio_downloads/1768002346.json
[2026-01-10T00:59:13.669+0000] {logging_mixin.py:188} INFO - Downloaded GOOGL/1768002358.json -> /tmp/minio_downloads/1768002358.json
[2026-01-10T00:59:13.704+0000] {logging_mixin.py:188} INFO - Downloaded GOOGL/1768002370.json -> /tmp/minio_downloads/1768002370.json
[2026-01-10T00:59:13.741+0000] {logging_mixin.py:188} INFO - Downloaded GOOGL/1768002380.json -> /tmp/minio_downloads/1768002380.json
[2026-01-10T00:59:13.776+0000] {logging_mixin.py:188} INFO - Downloaded GOOGL/1768002391.json -> /tmp/minio_downloads/1768002391.json
[2026-01-10T00:59:13.803+0000] {logging_mixin.py:188} INFO - Downloaded GOOGL/1768002402.json -> /tmp/minio_downloads/1768002402.json
[2026-01-10T00:59:13.844+0000] {logging_mixin.py:188} INFO - Downloaded GOOGL/1768002413.json -> /tmp/minio_downloads/1768002413.json
[2026-01-10T00:59:13.871+0000] {logging_mixin.py:188} INFO - Downloaded GOOGL/1768002424.json -> /tmp/minio_downloads/1768002424.json
[2026-01-10T00:59:13.896+0000] {logging_mixin.py:188} INFO - Downloaded GOOGL/1768002435.json -> /tmp/minio_downloads/1768002435.json
[2026-01-10T00:59:13.922+0000] {logging_mixin.py:188} INFO - Downloaded GOOGL/1768002447.json -> /tmp/minio_downloads/1768002447.json
[2026-01-10T00:59:13.947+0000] {logging_mixin.py:188} INFO - Downloaded GOOGL/1768002458.json -> /tmp/minio_downloads/1768002458.json
[2026-01-10T00:59:13.966+0000] {logging_mixin.py:188} INFO - Downloaded MSFT/1767994103.json -> /tmp/minio_downloads/1767994103.json
[2026-01-10T00:59:13.993+0000] {logging_mixin.py:188} INFO - Downloaded MSFT/1767994115.json -> /tmp/minio_downloads/1767994115.json
[2026-01-10T00:59:14.016+0000] {logging_mixin.py:188} INFO - Downloaded MSFT/1767994129.json -> /tmp/minio_downloads/1767994129.json
[2026-01-10T00:59:14.048+0000] {logging_mixin.py:188} INFO - Downloaded MSFT/1767994139.json -> /tmp/minio_downloads/1767994139.json
[2026-01-10T00:59:14.078+0000] {logging_mixin.py:188} INFO - Downloaded MSFT/1767994150.json -> /tmp/minio_downloads/1767994150.json
[2026-01-10T00:59:14.108+0000] {logging_mixin.py:188} INFO - Downloaded MSFT/1767994161.json -> /tmp/minio_downloads/1767994161.json
[2026-01-10T00:59:14.144+0000] {logging_mixin.py:188} INFO - Downloaded MSFT/1767994172.json -> /tmp/minio_downloads/1767994172.json
[2026-01-10T00:59:14.165+0000] {logging_mixin.py:188} INFO - Downloaded MSFT/1767994190.json -> /tmp/minio_downloads/1767994190.json
[2026-01-10T00:59:14.190+0000] {logging_mixin.py:188} INFO - Downloaded MSFT/1767994202.json -> /tmp/minio_downloads/1767994202.json
[2026-01-10T00:59:14.211+0000] {logging_mixin.py:188} INFO - Downloaded MSFT/1767994212.json -> /tmp/minio_downloads/1767994212.json
[2026-01-10T00:59:14.229+0000] {logging_mixin.py:188} INFO - Downloaded MSFT/1767994226.json -> /tmp/minio_downloads/1767994226.json
[2026-01-10T00:59:14.247+0000] {logging_mixin.py:188} INFO - Downloaded MSFT/1767994236.json -> /tmp/minio_downloads/1767994236.json
[2026-01-10T00:59:14.267+0000] {logging_mixin.py:188} INFO - Downloaded MSFT/1767994247.json -> /tmp/minio_downloads/1767994247.json
[2026-01-10T00:59:14.286+0000] {logging_mixin.py:188} INFO - Downloaded MSFT/1767994259.json -> /tmp/minio_downloads/1767994259.json
[2026-01-10T00:59:14.310+0000] {logging_mixin.py:188} INFO - Downloaded MSFT/1767994271.json -> /tmp/minio_downloads/1767994271.json
[2026-01-10T00:59:14.345+0000] {logging_mixin.py:188} INFO - Downloaded MSFT/1767997419.json -> /tmp/minio_downloads/1767997419.json
[2026-01-10T00:59:14.371+0000] {logging_mixin.py:188} INFO - Downloaded MSFT/1767997429.json -> /tmp/minio_downloads/1767997429.json
[2026-01-10T00:59:14.414+0000] {logging_mixin.py:188} INFO - Downloaded MSFT/1767997440.json -> /tmp/minio_downloads/1767997440.json
[2026-01-10T00:59:14.444+0000] {logging_mixin.py:188} INFO - Downloaded MSFT/1767997451.json -> /tmp/minio_downloads/1767997451.json
[2026-01-10T00:59:14.481+0000] {logging_mixin.py:188} INFO - Downloaded MSFT/1767997462.json -> /tmp/minio_downloads/1767997462.json
[2026-01-10T00:59:14.519+0000] {logging_mixin.py:188} INFO - Downloaded MSFT/1767997472.json -> /tmp/minio_downloads/1767997472.json
[2026-01-10T00:59:14.545+0000] {logging_mixin.py:188} INFO - Downloaded MSFT/1767997482.json -> /tmp/minio_downloads/1767997482.json
[2026-01-10T00:59:14.578+0000] {logging_mixin.py:188} INFO - Downloaded MSFT/1767997492.json -> /tmp/minio_downloads/1767997492.json
[2026-01-10T00:59:14.624+0000] {logging_mixin.py:188} INFO - Downloaded MSFT/1768000525.json -> /tmp/minio_downloads/1768000525.json
[2026-01-10T00:59:14.650+0000] {logging_mixin.py:188} INFO - Downloaded MSFT/1768000536.json -> /tmp/minio_downloads/1768000536.json
[2026-01-10T00:59:14.696+0000] {logging_mixin.py:188} INFO - Downloaded MSFT/1768000547.json -> /tmp/minio_downloads/1768000547.json
[2026-01-10T00:59:14.736+0000] {logging_mixin.py:188} INFO - Downloaded MSFT/1768000557.json -> /tmp/minio_downloads/1768000557.json
[2026-01-10T00:59:14.768+0000] {logging_mixin.py:188} INFO - Downloaded MSFT/1768000568.json -> /tmp/minio_downloads/1768000568.json
[2026-01-10T00:59:14.805+0000] {logging_mixin.py:188} INFO - Downloaded MSFT/1768000581.json -> /tmp/minio_downloads/1768000581.json
[2026-01-10T00:59:14.841+0000] {logging_mixin.py:188} INFO - Downloaded MSFT/1768000593.json -> /tmp/minio_downloads/1768000593.json
[2026-01-10T00:59:14.891+0000] {logging_mixin.py:188} INFO - Downloaded MSFT/1768000605.json -> /tmp/minio_downloads/1768000605.json
[2026-01-10T00:59:14.978+0000] {logging_mixin.py:188} INFO - Downloaded MSFT/1768000619.json -> /tmp/minio_downloads/1768000619.json
[2026-01-10T00:59:15.017+0000] {logging_mixin.py:188} INFO - Downloaded MSFT/1768000632.json -> /tmp/minio_downloads/1768000632.json
[2026-01-10T00:59:15.055+0000] {logging_mixin.py:188} INFO - Downloaded MSFT/1768000645.json -> /tmp/minio_downloads/1768000645.json
[2026-01-10T00:59:15.088+0000] {logging_mixin.py:188} INFO - Downloaded MSFT/1768000656.json -> /tmp/minio_downloads/1768000656.json
[2026-01-10T00:59:15.111+0000] {logging_mixin.py:188} INFO - Downloaded MSFT/1768000667.json -> /tmp/minio_downloads/1768000667.json
[2026-01-10T00:59:15.139+0000] {logging_mixin.py:188} INFO - Downloaded MSFT/1768000678.json -> /tmp/minio_downloads/1768000678.json
[2026-01-10T00:59:15.163+0000] {logging_mixin.py:188} INFO - Downloaded MSFT/1768000689.json -> /tmp/minio_downloads/1768000689.json
[2026-01-10T00:59:15.193+0000] {logging_mixin.py:188} INFO - Downloaded MSFT/1768000699.json -> /tmp/minio_downloads/1768000699.json
[2026-01-10T00:59:15.231+0000] {logging_mixin.py:188} INFO - Downloaded MSFT/1768000711.json -> /tmp/minio_downloads/1768000711.json
[2026-01-10T00:59:15.276+0000] {logging_mixin.py:188} INFO - Downloaded MSFT/1768000721.json -> /tmp/minio_downloads/1768000721.json
[2026-01-10T00:59:15.341+0000] {logging_mixin.py:188} INFO - Downloaded MSFT/1768000732.json -> /tmp/minio_downloads/1768000732.json
[2026-01-10T00:59:15.392+0000] {logging_mixin.py:188} INFO - Downloaded MSFT/1768000743.json -> /tmp/minio_downloads/1768000743.json
[2026-01-10T00:59:15.428+0000] {logging_mixin.py:188} INFO - Downloaded MSFT/1768000754.json -> /tmp/minio_downloads/1768000754.json
[2026-01-10T00:59:15.460+0000] {logging_mixin.py:188} INFO - Downloaded MSFT/1768000765.json -> /tmp/minio_downloads/1768000765.json
[2026-01-10T00:59:15.484+0000] {logging_mixin.py:188} INFO - Downloaded MSFT/1768000777.json -> /tmp/minio_downloads/1768000777.json
[2026-01-10T00:59:15.536+0000] {logging_mixin.py:188} INFO - Downloaded MSFT/1768000788.json -> /tmp/minio_downloads/1768000788.json
[2026-01-10T00:59:15.570+0000] {logging_mixin.py:188} INFO - Downloaded MSFT/1768000798.json -> /tmp/minio_downloads/1768000798.json
[2026-01-10T00:59:15.607+0000] {logging_mixin.py:188} INFO - Downloaded MSFT/1768000809.json -> /tmp/minio_downloads/1768000809.json
[2026-01-10T00:59:15.638+0000] {logging_mixin.py:188} INFO - Downloaded MSFT/1768000821.json -> /tmp/minio_downloads/1768000821.json
[2026-01-10T00:59:15.685+0000] {logging_mixin.py:188} INFO - Downloaded MSFT/1768000832.json -> /tmp/minio_downloads/1768000832.json
[2026-01-10T00:59:15.730+0000] {logging_mixin.py:188} INFO - Downloaded MSFT/1768000845.json -> /tmp/minio_downloads/1768000845.json
[2026-01-10T00:59:15.782+0000] {logging_mixin.py:188} INFO - Downloaded MSFT/1768000856.json -> /tmp/minio_downloads/1768000856.json
[2026-01-10T00:59:15.821+0000] {logging_mixin.py:188} INFO - Downloaded MSFT/1768000868.json -> /tmp/minio_downloads/1768000868.json
[2026-01-10T00:59:15.867+0000] {logging_mixin.py:188} INFO - Downloaded MSFT/1768000879.json -> /tmp/minio_downloads/1768000879.json
[2026-01-10T00:59:15.904+0000] {logging_mixin.py:188} INFO - Downloaded MSFT/1768000891.json -> /tmp/minio_downloads/1768000891.json
[2026-01-10T00:59:15.940+0000] {logging_mixin.py:188} INFO - Downloaded MSFT/1768000902.json -> /tmp/minio_downloads/1768000902.json
[2026-01-10T00:59:15.968+0000] {logging_mixin.py:188} INFO - Downloaded MSFT/1768000912.json -> /tmp/minio_downloads/1768000912.json
[2026-01-10T00:59:15.997+0000] {logging_mixin.py:188} INFO - Downloaded MSFT/1768000922.json -> /tmp/minio_downloads/1768000922.json
[2026-01-10T00:59:16.028+0000] {logging_mixin.py:188} INFO - Downloaded MSFT/1768000932.json -> /tmp/minio_downloads/1768000932.json
[2026-01-10T00:59:16.062+0000] {logging_mixin.py:188} INFO - Downloaded MSFT/1768000943.json -> /tmp/minio_downloads/1768000943.json
[2026-01-10T00:59:16.095+0000] {logging_mixin.py:188} INFO - Downloaded MSFT/1768000954.json -> /tmp/minio_downloads/1768000954.json
[2026-01-10T00:59:16.133+0000] {logging_mixin.py:188} INFO - Downloaded MSFT/1768001780.json -> /tmp/minio_downloads/1768001780.json
[2026-01-10T00:59:16.185+0000] {logging_mixin.py:188} INFO - Downloaded MSFT/1768001792.json -> /tmp/minio_downloads/1768001792.json
[2026-01-10T00:59:16.230+0000] {logging_mixin.py:188} INFO - Downloaded MSFT/1768001803.json -> /tmp/minio_downloads/1768001803.json
[2026-01-10T00:59:16.267+0000] {logging_mixin.py:188} INFO - Downloaded MSFT/1768001814.json -> /tmp/minio_downloads/1768001814.json
[2026-01-10T00:59:16.307+0000] {logging_mixin.py:188} INFO - Downloaded MSFT/1768001826.json -> /tmp/minio_downloads/1768001826.json
[2026-01-10T00:59:16.347+0000] {logging_mixin.py:188} INFO - Downloaded MSFT/1768001838.json -> /tmp/minio_downloads/1768001838.json
[2026-01-10T00:59:16.376+0000] {logging_mixin.py:188} INFO - Downloaded MSFT/1768001850.json -> /tmp/minio_downloads/1768001850.json
[2026-01-10T00:59:16.413+0000] {logging_mixin.py:188} INFO - Downloaded MSFT/1768001859.json -> /tmp/minio_downloads/1768001859.json
[2026-01-10T00:59:16.441+0000] {logging_mixin.py:188} INFO - Downloaded MSFT/1768001869.json -> /tmp/minio_downloads/1768001869.json
[2026-01-10T00:59:16.477+0000] {logging_mixin.py:188} INFO - Downloaded MSFT/1768002256.json -> /tmp/minio_downloads/1768002256.json
[2026-01-10T00:59:16.510+0000] {logging_mixin.py:188} INFO - Downloaded MSFT/1768002266.json -> /tmp/minio_downloads/1768002266.json
[2026-01-10T00:59:16.544+0000] {logging_mixin.py:188} INFO - Downloaded MSFT/1768002276.json -> /tmp/minio_downloads/1768002276.json
[2026-01-10T00:59:16.602+0000] {logging_mixin.py:188} INFO - Downloaded MSFT/1768002285.json -> /tmp/minio_downloads/1768002285.json
[2026-01-10T00:59:16.660+0000] {logging_mixin.py:188} INFO - Downloaded MSFT/1768002295.json -> /tmp/minio_downloads/1768002295.json
[2026-01-10T00:59:16.723+0000] {logging_mixin.py:188} INFO - Downloaded MSFT/1768002304.json -> /tmp/minio_downloads/1768002304.json
[2026-01-10T00:59:16.777+0000] {logging_mixin.py:188} INFO - Downloaded MSFT/1768002314.json -> /tmp/minio_downloads/1768002314.json
[2026-01-10T00:59:16.819+0000] {logging_mixin.py:188} INFO - Downloaded MSFT/1768002324.json -> /tmp/minio_downloads/1768002324.json
[2026-01-10T00:59:16.843+0000] {logging_mixin.py:188} INFO - Downloaded MSFT/1768002333.json -> /tmp/minio_downloads/1768002333.json
[2026-01-10T00:59:16.867+0000] {logging_mixin.py:188} INFO - Downloaded MSFT/1768002344.json -> /tmp/minio_downloads/1768002344.json
[2026-01-10T00:59:16.891+0000] {logging_mixin.py:188} INFO - Downloaded MSFT/1768002356.json -> /tmp/minio_downloads/1768002356.json
[2026-01-10T00:59:16.951+0000] {logging_mixin.py:188} INFO - Downloaded MSFT/1768002368.json -> /tmp/minio_downloads/1768002368.json
[2026-01-10T00:59:17.021+0000] {logging_mixin.py:188} INFO - Downloaded MSFT/1768002378.json -> /tmp/minio_downloads/1768002378.json
[2026-01-10T00:59:17.050+0000] {logging_mixin.py:188} INFO - Downloaded MSFT/1768002389.json -> /tmp/minio_downloads/1768002389.json
[2026-01-10T00:59:17.108+0000] {logging_mixin.py:188} INFO - Downloaded MSFT/1768002400.json -> /tmp/minio_downloads/1768002400.json
[2026-01-10T00:59:17.157+0000] {logging_mixin.py:188} INFO - Downloaded MSFT/1768002411.json -> /tmp/minio_downloads/1768002411.json
[2026-01-10T00:59:17.195+0000] {logging_mixin.py:188} INFO - Downloaded MSFT/1768002421.json -> /tmp/minio_downloads/1768002421.json
[2026-01-10T00:59:17.216+0000] {logging_mixin.py:188} INFO - Downloaded MSFT/1768002433.json -> /tmp/minio_downloads/1768002433.json
[2026-01-10T00:59:17.236+0000] {logging_mixin.py:188} INFO - Downloaded MSFT/1768002445.json -> /tmp/minio_downloads/1768002445.json
[2026-01-10T00:59:17.263+0000] {logging_mixin.py:188} INFO - Downloaded MSFT/1768002456.json -> /tmp/minio_downloads/1768002456.json
[2026-01-10T00:59:17.293+0000] {logging_mixin.py:188} INFO - Downloaded TSLA/1767994104.json -> /tmp/minio_downloads/1767994104.json
[2026-01-10T00:59:17.314+0000] {logging_mixin.py:188} INFO - Downloaded TSLA/1767994116.json -> /tmp/minio_downloads/1767994116.json
[2026-01-10T00:59:17.342+0000] {logging_mixin.py:188} INFO - Downloaded TSLA/1767994130.json -> /tmp/minio_downloads/1767994130.json
[2026-01-10T00:59:17.368+0000] {logging_mixin.py:188} INFO - Downloaded TSLA/1767994140.json -> /tmp/minio_downloads/1767994140.json
[2026-01-10T00:59:17.410+0000] {logging_mixin.py:188} INFO - Downloaded TSLA/1767994151.json -> /tmp/minio_downloads/1767994151.json
[2026-01-10T00:59:17.436+0000] {logging_mixin.py:188} INFO - Downloaded TSLA/1767994162.json -> /tmp/minio_downloads/1767994162.json
[2026-01-10T00:59:17.470+0000] {logging_mixin.py:188} INFO - Downloaded TSLA/1767994173.json -> /tmp/minio_downloads/1767994173.json
[2026-01-10T00:59:17.503+0000] {logging_mixin.py:188} INFO - Downloaded TSLA/1767994191.json -> /tmp/minio_downloads/1767994191.json
[2026-01-10T00:59:17.527+0000] {logging_mixin.py:188} INFO - Downloaded TSLA/1767994203.json -> /tmp/minio_downloads/1767994203.json
[2026-01-10T00:59:17.551+0000] {logging_mixin.py:188} INFO - Downloaded TSLA/1767994214.json -> /tmp/minio_downloads/1767994214.json
[2026-01-10T00:59:17.574+0000] {logging_mixin.py:188} INFO - Downloaded TSLA/1767994227.json -> /tmp/minio_downloads/1767994227.json
[2026-01-10T00:59:17.596+0000] {logging_mixin.py:188} INFO - Downloaded TSLA/1767994238.json -> /tmp/minio_downloads/1767994238.json
[2026-01-10T00:59:17.613+0000] {logging_mixin.py:188} INFO - Downloaded TSLA/1767994248.json -> /tmp/minio_downloads/1767994248.json
[2026-01-10T00:59:17.628+0000] {logging_mixin.py:188} INFO - Downloaded TSLA/1767994260.json -> /tmp/minio_downloads/1767994260.json
[2026-01-10T00:59:17.646+0000] {logging_mixin.py:188} INFO - Downloaded TSLA/1767994272.json -> /tmp/minio_downloads/1767994272.json
[2026-01-10T00:59:17.671+0000] {logging_mixin.py:188} INFO - Downloaded TSLA/1767997419.json -> /tmp/minio_downloads/1767997419.json
[2026-01-10T00:59:17.690+0000] {logging_mixin.py:188} INFO - Downloaded TSLA/1767997430.json -> /tmp/minio_downloads/1767997430.json
[2026-01-10T00:59:17.709+0000] {logging_mixin.py:188} INFO - Downloaded TSLA/1767997441.json -> /tmp/minio_downloads/1767997441.json
[2026-01-10T00:59:17.735+0000] {logging_mixin.py:188} INFO - Downloaded TSLA/1767997452.json -> /tmp/minio_downloads/1767997452.json
[2026-01-10T00:59:17.756+0000] {logging_mixin.py:188} INFO - Downloaded TSLA/1767997463.json -> /tmp/minio_downloads/1767997463.json
[2026-01-10T00:59:17.776+0000] {logging_mixin.py:188} INFO - Downloaded TSLA/1767997473.json -> /tmp/minio_downloads/1767997473.json
[2026-01-10T00:59:17.803+0000] {logging_mixin.py:188} INFO - Downloaded TSLA/1767997483.json -> /tmp/minio_downloads/1767997483.json
[2026-01-10T00:59:17.821+0000] {logging_mixin.py:188} INFO - Downloaded TSLA/1767997493.json -> /tmp/minio_downloads/1767997493.json
[2026-01-10T00:59:17.853+0000] {logging_mixin.py:188} INFO - Downloaded TSLA/1768000526.json -> /tmp/minio_downloads/1768000526.json
[2026-01-10T00:59:17.870+0000] {logging_mixin.py:188} INFO - Downloaded TSLA/1768000537.json -> /tmp/minio_downloads/1768000537.json
[2026-01-10T00:59:17.888+0000] {logging_mixin.py:188} INFO - Downloaded TSLA/1768000548.json -> /tmp/minio_downloads/1768000548.json
[2026-01-10T00:59:17.904+0000] {logging_mixin.py:188} INFO - Downloaded TSLA/1768000558.json -> /tmp/minio_downloads/1768000558.json
[2026-01-10T00:59:17.932+0000] {logging_mixin.py:188} INFO - Downloaded TSLA/1768000569.json -> /tmp/minio_downloads/1768000569.json
[2026-01-10T00:59:17.953+0000] {logging_mixin.py:188} INFO - Downloaded TSLA/1768000582.json -> /tmp/minio_downloads/1768000582.json
[2026-01-10T00:59:17.980+0000] {logging_mixin.py:188} INFO - Downloaded TSLA/1768000594.json -> /tmp/minio_downloads/1768000594.json
[2026-01-10T00:59:18.007+0000] {logging_mixin.py:188} INFO - Downloaded TSLA/1768000607.json -> /tmp/minio_downloads/1768000607.json
[2026-01-10T00:59:18.026+0000] {logging_mixin.py:188} INFO - Downloaded TSLA/1768000621.json -> /tmp/minio_downloads/1768000621.json
[2026-01-10T00:59:18.046+0000] {logging_mixin.py:188} INFO - Downloaded TSLA/1768000634.json -> /tmp/minio_downloads/1768000634.json
[2026-01-10T00:59:18.082+0000] {logging_mixin.py:188} INFO - Downloaded TSLA/1768000646.json -> /tmp/minio_downloads/1768000646.json
[2026-01-10T00:59:18.102+0000] {logging_mixin.py:188} INFO - Downloaded TSLA/1768000657.json -> /tmp/minio_downloads/1768000657.json
[2026-01-10T00:59:18.129+0000] {logging_mixin.py:188} INFO - Downloaded TSLA/1768000668.json -> /tmp/minio_downloads/1768000668.json
[2026-01-10T00:59:18.153+0000] {logging_mixin.py:188} INFO - Downloaded TSLA/1768000679.json -> /tmp/minio_downloads/1768000679.json
[2026-01-10T00:59:18.171+0000] {logging_mixin.py:188} INFO - Downloaded TSLA/1768000690.json -> /tmp/minio_downloads/1768000690.json
[2026-01-10T00:59:18.196+0000] {logging_mixin.py:188} INFO - Downloaded TSLA/1768000701.json -> /tmp/minio_downloads/1768000701.json
[2026-01-10T00:59:18.214+0000] {logging_mixin.py:188} INFO - Downloaded TSLA/1768000712.json -> /tmp/minio_downloads/1768000712.json
[2026-01-10T00:59:18.228+0000] {logging_mixin.py:188} INFO - Downloaded TSLA/1768000722.json -> /tmp/minio_downloads/1768000722.json
[2026-01-10T00:59:18.242+0000] {logging_mixin.py:188} INFO - Downloaded TSLA/1768000733.json -> /tmp/minio_downloads/1768000733.json
[2026-01-10T00:59:18.264+0000] {logging_mixin.py:188} INFO - Downloaded TSLA/1768000744.json -> /tmp/minio_downloads/1768000744.json
[2026-01-10T00:59:18.280+0000] {logging_mixin.py:188} INFO - Downloaded TSLA/1768000755.json -> /tmp/minio_downloads/1768000755.json
[2026-01-10T00:59:18.294+0000] {logging_mixin.py:188} INFO - Downloaded TSLA/1768000766.json -> /tmp/minio_downloads/1768000766.json
[2026-01-10T00:59:18.309+0000] {logging_mixin.py:188} INFO - Downloaded TSLA/1768000778.json -> /tmp/minio_downloads/1768000778.json
[2026-01-10T00:59:18.331+0000] {logging_mixin.py:188} INFO - Downloaded TSLA/1768000789.json -> /tmp/minio_downloads/1768000789.json
[2026-01-10T00:59:18.346+0000] {logging_mixin.py:188} INFO - Downloaded TSLA/1768000799.json -> /tmp/minio_downloads/1768000799.json
[2026-01-10T00:59:18.362+0000] {logging_mixin.py:188} INFO - Downloaded TSLA/1768000810.json -> /tmp/minio_downloads/1768000810.json
[2026-01-10T00:59:18.376+0000] {logging_mixin.py:188} INFO - Downloaded TSLA/1768000822.json -> /tmp/minio_downloads/1768000822.json
[2026-01-10T00:59:18.401+0000] {logging_mixin.py:188} INFO - Downloaded TSLA/1768000834.json -> /tmp/minio_downloads/1768000834.json
[2026-01-10T00:59:18.414+0000] {logging_mixin.py:188} INFO - Downloaded TSLA/1768000846.json -> /tmp/minio_downloads/1768000846.json
[2026-01-10T00:59:18.427+0000] {logging_mixin.py:188} INFO - Downloaded TSLA/1768000858.json -> /tmp/minio_downloads/1768000858.json
[2026-01-10T00:59:18.441+0000] {logging_mixin.py:188} INFO - Downloaded TSLA/1768000869.json -> /tmp/minio_downloads/1768000869.json
[2026-01-10T00:59:18.461+0000] {logging_mixin.py:188} INFO - Downloaded TSLA/1768000880.json -> /tmp/minio_downloads/1768000880.json
[2026-01-10T00:59:18.477+0000] {logging_mixin.py:188} INFO - Downloaded TSLA/1768000892.json -> /tmp/minio_downloads/1768000892.json
[2026-01-10T00:59:18.496+0000] {logging_mixin.py:188} INFO - Downloaded TSLA/1768000903.json -> /tmp/minio_downloads/1768000903.json
[2026-01-10T00:59:18.524+0000] {logging_mixin.py:188} INFO - Downloaded TSLA/1768000913.json -> /tmp/minio_downloads/1768000913.json
[2026-01-10T00:59:18.552+0000] {logging_mixin.py:188} INFO - Downloaded TSLA/1768000923.json -> /tmp/minio_downloads/1768000923.json
[2026-01-10T00:59:18.574+0000] {logging_mixin.py:188} INFO - Downloaded TSLA/1768000933.json -> /tmp/minio_downloads/1768000933.json
[2026-01-10T00:59:18.609+0000] {logging_mixin.py:188} INFO - Downloaded TSLA/1768000944.json -> /tmp/minio_downloads/1768000944.json
[2026-01-10T00:59:18.632+0000] {logging_mixin.py:188} INFO - Downloaded TSLA/1768000956.json -> /tmp/minio_downloads/1768000956.json
[2026-01-10T00:59:18.659+0000] {logging_mixin.py:188} INFO - Downloaded TSLA/1768001781.json -> /tmp/minio_downloads/1768001781.json
[2026-01-10T00:59:18.682+0000] {logging_mixin.py:188} INFO - Downloaded TSLA/1768001793.json -> /tmp/minio_downloads/1768001793.json
[2026-01-10T00:59:18.702+0000] {logging_mixin.py:188} INFO - Downloaded TSLA/1768001804.json -> /tmp/minio_downloads/1768001804.json
[2026-01-10T00:59:18.730+0000] {logging_mixin.py:188} INFO - Downloaded TSLA/1768001817.json -> /tmp/minio_downloads/1768001817.json
[2026-01-10T00:59:18.752+0000] {logging_mixin.py:188} INFO - Downloaded TSLA/1768001827.json -> /tmp/minio_downloads/1768001827.json
[2026-01-10T00:59:18.774+0000] {logging_mixin.py:188} INFO - Downloaded TSLA/1768001839.json -> /tmp/minio_downloads/1768001839.json
[2026-01-10T00:59:18.805+0000] {logging_mixin.py:188} INFO - Downloaded TSLA/1768001850.json -> /tmp/minio_downloads/1768001850.json
[2026-01-10T00:59:18.826+0000] {logging_mixin.py:188} INFO - Downloaded TSLA/1768001860.json -> /tmp/minio_downloads/1768001860.json
[2026-01-10T00:59:18.846+0000] {logging_mixin.py:188} INFO - Downloaded TSLA/1768001870.json -> /tmp/minio_downloads/1768001870.json
[2026-01-10T00:59:18.871+0000] {logging_mixin.py:188} INFO - Downloaded TSLA/1768002257.json -> /tmp/minio_downloads/1768002257.json
[2026-01-10T00:59:18.892+0000] {logging_mixin.py:188} INFO - Downloaded TSLA/1768002267.json -> /tmp/minio_downloads/1768002267.json
[2026-01-10T00:59:18.913+0000] {logging_mixin.py:188} INFO - Downloaded TSLA/1768002277.json -> /tmp/minio_downloads/1768002277.json
[2026-01-10T00:59:18.944+0000] {logging_mixin.py:188} INFO - Downloaded TSLA/1768002286.json -> /tmp/minio_downloads/1768002286.json
[2026-01-10T00:59:19.008+0000] {logging_mixin.py:188} INFO - Downloaded TSLA/1768002296.json -> /tmp/minio_downloads/1768002296.json
[2026-01-10T00:59:19.077+0000] {logging_mixin.py:188} INFO - Downloaded TSLA/1768002305.json -> /tmp/minio_downloads/1768002305.json
[2026-01-10T00:59:19.119+0000] {logging_mixin.py:188} INFO - Downloaded TSLA/1768002315.json -> /tmp/minio_downloads/1768002315.json
[2026-01-10T00:59:19.152+0000] {logging_mixin.py:188} INFO - Downloaded TSLA/1768002324.json -> /tmp/minio_downloads/1768002324.json
[2026-01-10T00:59:19.202+0000] {logging_mixin.py:188} INFO - Downloaded TSLA/1768002334.json -> /tmp/minio_downloads/1768002334.json
[2026-01-10T00:59:19.251+0000] {logging_mixin.py:188} INFO - Downloaded TSLA/1768002345.json -> /tmp/minio_downloads/1768002345.json
[2026-01-10T00:59:19.307+0000] {logging_mixin.py:188} INFO - Downloaded TSLA/1768002357.json -> /tmp/minio_downloads/1768002357.json
[2026-01-10T00:59:19.339+0000] {logging_mixin.py:188} INFO - Downloaded TSLA/1768002369.json -> /tmp/minio_downloads/1768002369.json
[2026-01-10T00:59:19.360+0000] {logging_mixin.py:188} INFO - Downloaded TSLA/1768002379.json -> /tmp/minio_downloads/1768002379.json
[2026-01-10T00:59:19.378+0000] {logging_mixin.py:188} INFO - Downloaded TSLA/1768002390.json -> /tmp/minio_downloads/1768002390.json
[2026-01-10T00:59:19.400+0000] {logging_mixin.py:188} INFO - Downloaded TSLA/1768002401.json -> /tmp/minio_downloads/1768002401.json
[2026-01-10T00:59:19.422+0000] {logging_mixin.py:188} INFO - Downloaded TSLA/1768002412.json -> /tmp/minio_downloads/1768002412.json
[2026-01-10T00:59:19.442+0000] {logging_mixin.py:188} INFO - Downloaded TSLA/1768002423.json -> /tmp/minio_downloads/1768002423.json
[2026-01-10T00:59:19.469+0000] {logging_mixin.py:188} INFO - Downloaded TSLA/1768002434.json -> /tmp/minio_downloads/1768002434.json
[2026-01-10T00:59:19.494+0000] {logging_mixin.py:188} INFO - Downloaded TSLA/1768002446.json -> /tmp/minio_downloads/1768002446.json
[2026-01-10T00:59:19.518+0000] {logging_mixin.py:188} INFO - Downloaded TSLA/1768002457.json -> /tmp/minio_downloads/1768002457.json
[2026-01-10T00:59:19.521+0000] {python.py:237} INFO - Done. Returned value was: ['/tmp/minio_downloads/1767994102.json', '/tmp/minio_downloads/1767994114.json', '/tmp/minio_downloads/1767994127.json', '/tmp/minio_downloads/1767994138.json', '/tmp/minio_downloads/1767994149.json', '/tmp/minio_downloads/1767994160.json', '/tmp/minio_downloads/1767994171.json', '/tmp/minio_downloads/1767994189.json', '/tmp/minio_downloads/1767994201.json', '/tmp/minio_downloads/1767994212.json', '/tmp/minio_downloads/1767994225.json', '/tmp/minio_downloads/1767994235.json', '/tmp/minio_downloads/1767994246.json', '/tmp/minio_downloads/1767994258.json', '/tmp/minio_downloads/1767994270.json', '/tmp/minio_downloads/1767994281.json', '/tmp/minio_downloads/1767997418.json', '/tmp/minio_downloads/1767997428.json', '/tmp/minio_downloads/1767997440.json', '/tmp/minio_downloads/1767997450.json', '/tmp/minio_downloads/1767997461.json', '/tmp/minio_downloads/1767997471.json', '/tmp/minio_downloads/1767997482.json', '/tmp/minio_downloads/1767997492.json', '/tmp/minio_downloads/1768000525.json', '/tmp/minio_downloads/1768000535.json', '/tmp/minio_downloads/1768000546.json', '/tmp/minio_downloads/1768000556.json', '/tmp/minio_downloads/1768000567.json', '/tmp/minio_downloads/1768000579.json', '/tmp/minio_downloads/1768000592.json', '/tmp/minio_downloads/1768000604.json', '/tmp/minio_downloads/1768000616.json', '/tmp/minio_downloads/1768000631.json', '/tmp/minio_downloads/1768000644.json', '/tmp/minio_downloads/1768000655.json', '/tmp/minio_downloads/1768000666.json', '/tmp/minio_downloads/1768000677.json', '/tmp/minio_downloads/1768000688.json', '/tmp/minio_downloads/1768000698.json', '/tmp/minio_downloads/1768000710.json', '/tmp/minio_downloads/1768000720.json', '/tmp/minio_downloads/1768000731.json', '/tmp/minio_downloads/1768000742.json', '/tmp/minio_downloads/1768000753.json', '/tmp/minio_downloads/1768000764.json', '/tmp/minio_downloads/1768000776.json', '/tmp/minio_downloads/1768000787.json', '/tmp/minio_downloads/1768000797.json', '/tmp/minio_downloads/1768000808.json', '/tmp/minio_downloads/1768000819.json', '/tmp/minio_downloads/1768000831.json', '/tmp/minio_downloads/1768000843.json', '/tmp/minio_downloads/1768000855.json', '/tmp/minio_downloads/1768000867.json', '/tmp/minio_downloads/1768000878.json', '/tmp/minio_downloads/1768000890.json', '/tmp/minio_downloads/1768000901.json', '/tmp/minio_downloads/1768000912.json', '/tmp/minio_downloads/1768000921.json', '/tmp/minio_downloads/1768000932.json', '/tmp/minio_downloads/1768000942.json', '/tmp/minio_downloads/1768000953.json', '/tmp/minio_downloads/1768001779.json', '/tmp/minio_downloads/1768001791.json', '/tmp/minio_downloads/1768001803.json', '/tmp/minio_downloads/1768001813.json', '/tmp/minio_downloads/1768001825.json', '/tmp/minio_downloads/1768001837.json', '/tmp/minio_downloads/1768001849.json', '/tmp/minio_downloads/1768001859.json', '/tmp/minio_downloads/1768001868.json', '/tmp/minio_downloads/1768002255.json', '/tmp/minio_downloads/1768002265.json', '/tmp/minio_downloads/1768002275.json', '/tmp/minio_downloads/1768002285.json', '/tmp/minio_downloads/1768002294.json', '/tmp/minio_downloads/1768002304.json', '/tmp/minio_downloads/1768002313.json', '/tmp/minio_downloads/1768002323.json', '/tmp/minio_downloads/1768002333.json', '/tmp/minio_downloads/1768002343.json', '/tmp/minio_downloads/1768002355.json', '/tmp/minio_downloads/1768002366.json', '/tmp/minio_downloads/1768002377.json', '/tmp/minio_downloads/1768002388.json', '/tmp/minio_downloads/1768002399.json', '/tmp/minio_downloads/1768002410.json', '/tmp/minio_downloads/1768002420.json', '/tmp/minio_downloads/1768002432.json', '/tmp/minio_downloads/1768002443.json', '/tmp/minio_downloads/1768002455.json', '/tmp/minio_downloads/1767994107.json', '/tmp/minio_downloads/1767994120.json', '/tmp/minio_downloads/1767994132.json', '/tmp/minio_downloads/1767994142.json', '/tmp/minio_downloads/1767994153.json', '/tmp/minio_downloads/1767994164.json', '/tmp/minio_downloads/1767994182.json', '/tmp/minio_downloads/1767994193.json', '/tmp/minio_downloads/1767994205.json', '/tmp/minio_downloads/1767994216.json', '/tmp/minio_downloads/1767994228.json', '/tmp/minio_downloads/1767994240.json', '/tmp/minio_downloads/1767994250.json', '/tmp/minio_downloads/1767994263.json', '/tmp/minio_downloads/1767994274.json', '/tmp/minio_downloads/1767997421.json', '/tmp/minio_downloads/1767997432.json', '/tmp/minio_downloads/1767997443.json', '/tmp/minio_downloads/1767997454.json', '/tmp/minio_downloads/1767997465.json', '/tmp/minio_downloads/1767997474.json', '/tmp/minio_downloads/1767997485.json', '/tmp/minio_downloads/1767997494.json', '/tmp/minio_downloads/1768000528.json', '/tmp/minio_downloads/1768000539.json', '/tmp/minio_downloads/1768000549.json', '/tmp/minio_downloads/1768000559.json', '/tmp/minio_downloads/1768000572.json', '/tmp/minio_downloads/1768000585.json', '/tmp/minio_downloads/1768000597.json', '/tmp/minio_downloads/1768000609.json', '/tmp/minio_downloads/1768000623.json', '/tmp/minio_downloads/1768000637.json', '/tmp/minio_downloads/1768000648.json', '/tmp/minio_downloads/1768000659.json', '/tmp/minio_downloads/1768000670.json', '/tmp/minio_downloads/1768000681.json', '/tmp/minio_downloads/1768000692.json', '/tmp/minio_downloads/1768000703.json', '/tmp/minio_downloads/1768000714.json', '/tmp/minio_downloads/1768000724.json', '/tmp/minio_downloads/1768000735.json', '/tmp/minio_downloads/1768000746.json', '/tmp/minio_downloads/1768000757.json', '/tmp/minio_downloads/1768000768.json', '/tmp/minio_downloads/1768000780.json', '/tmp/minio_downloads/1768000791.json', '/tmp/minio_downloads/1768000801.json', '/tmp/minio_downloads/1768000812.json', '/tmp/minio_downloads/1768000824.json', '/tmp/minio_downloads/1768000836.json', '/tmp/minio_downloads/1768000848.json', '/tmp/minio_downloads/1768000860.json', '/tmp/minio_downloads/1768000871.json', '/tmp/minio_downloads/1768000883.json', '/tmp/minio_downloads/1768000894.json', '/tmp/minio_downloads/1768000905.json', '/tmp/minio_downloads/1768000914.json', '/tmp/minio_downloads/1768000925.json', '/tmp/minio_downloads/1768000935.json', '/tmp/minio_downloads/1768000946.json', '/tmp/minio_downloads/1768000957.json', '/tmp/minio_downloads/1768001784.json', '/tmp/minio_downloads/1768001796.json', '/tmp/minio_downloads/1768001806.json', '/tmp/minio_downloads/1768001818.json', '/tmp/minio_downloads/1768001830.json', '/tmp/minio_downloads/1768001842.json', '/tmp/minio_downloads/1768001852.json', '/tmp/minio_downloads/1768001862.json', '/tmp/minio_downloads/1768001871.json', '/tmp/minio_downloads/1768002259.json', '/tmp/minio_downloads/1768002268.json', '/tmp/minio_downloads/1768002278.json', '/tmp/minio_downloads/1768002287.json', '/tmp/minio_downloads/1768002297.json', '/tmp/minio_downloads/1768002306.json', '/tmp/minio_downloads/1768002316.json', '/tmp/minio_downloads/1768002326.json', '/tmp/minio_downloads/1768002336.json', '/tmp/minio_downloads/1768002347.json', '/tmp/minio_downloads/1768002359.json', '/tmp/minio_downloads/1768002371.json', '/tmp/minio_downloads/1768002381.json', '/tmp/minio_downloads/1768002392.json', '/tmp/minio_downloads/1768002403.json', '/tmp/minio_downloads/1768002413.json', '/tmp/minio_downloads/1768002425.json', '/tmp/minio_downloads/1768002436.json', '/tmp/minio_downloads/1768002448.json', '/tmp/minio_downloads/1768002459.json', '/tmp/minio_downloads/1767994105.json', '/tmp/minio_downloads/1767994117.json', '/tmp/minio_downloads/1767994131.json', '/tmp/minio_downloads/1767994141.json', '/tmp/minio_downloads/1767994152.json', '/tmp/minio_downloads/1767994163.json', '/tmp/minio_downloads/1767994181.json', '/tmp/minio_downloads/1767994192.json', '/tmp/minio_downloads/1767994204.json', '/tmp/minio_downloads/1767994215.json', '/tmp/minio_downloads/1767994227.json', '/tmp/minio_downloads/1767994239.json', '/tmp/minio_downloads/1767994249.json', '/tmp/minio_downloads/1767994261.json', '/tmp/minio_downloads/1767994273.json', '/tmp/minio_downloads/1767997420.json', '/tmp/minio_downloads/1767997431.json', '/tmp/minio_downloads/1767997442.json', '/tmp/minio_downloads/1767997453.json', '/tmp/minio_downloads/1767997464.json', '/tmp/minio_downloads/1767997473.json', '/tmp/minio_downloads/1767997484.json', '/tmp/minio_downloads/1767997494.json', '/tmp/minio_downloads/1768000527.json', '/tmp/minio_downloads/1768000538.json', '/tmp/minio_downloads/1768000548.json', '/tmp/minio_downloads/1768000559.json', '/tmp/minio_downloads/1768000570.json', '/tmp/minio_downloads/1768000583.json', '/tmp/minio_downloads/1768000596.json', '/tmp/minio_downloads/1768000608.json', '/tmp/minio_downloads/1768000622.json', '/tmp/minio_downloads/1768000635.json', '/tmp/minio_downloads/1768000647.json', '/tmp/minio_downloads/1768000658.json', '/tmp/minio_downloads/1768000669.json', '/tmp/minio_downloads/1768000680.json', '/tmp/minio_downloads/1768000691.json', '/tmp/minio_downloads/1768000702.json', '/tmp/minio_downloads/1768000713.json', '/tmp/minio_downloads/1768000723.json', '/tmp/minio_downloads/1768000734.json', '/tmp/minio_downloads/1768000745.json', '/tmp/minio_downloads/1768000756.json', '/tmp/minio_downloads/1768000767.json', '/tmp/minio_downloads/1768000779.json', '/tmp/minio_downloads/1768000790.json', '/tmp/minio_downloads/1768000800.json', '/tmp/minio_downloads/1768000811.json', '/tmp/minio_downloads/1768000823.json', '/tmp/minio_downloads/1768000835.json', '/tmp/minio_downloads/1768000847.json', '/tmp/minio_downloads/1768000859.json', '/tmp/minio_downloads/1768000870.json', '/tmp/minio_downloads/1768000882.json', '/tmp/minio_downloads/1768000893.json', '/tmp/minio_downloads/1768000904.json', '/tmp/minio_downloads/1768000914.json', '/tmp/minio_downloads/1768000924.json', '/tmp/minio_downloads/1768000934.json', '/tmp/minio_downloads/1768000945.json', '/tmp/minio_downloads/1768000956.json', '/tmp/minio_downloads/1768001782.json', '/tmp/minio_downloads/1768001795.json', '/tmp/minio_downloads/1768001805.json', '/tmp/minio_downloads/1768001817.json', '/tmp/minio_downloads/1768001828.json', '/tmp/minio_downloads/1768001841.json', '/tmp/minio_downloads/1768001851.json', '/tmp/minio_downloads/1768001861.json', '/tmp/minio_downloads/1768001870.json', '/tmp/minio_downloads/1768002257.json', '/tmp/minio_downloads/1768002268.json', '/tmp/minio_downloads/1768002277.json', '/tmp/minio_downloads/1768002287.json', '/tmp/minio_downloads/1768002296.json', '/tmp/minio_downloads/1768002306.json', '/tmp/minio_downloads/1768002315.json', '/tmp/minio_downloads/1768002325.json', '/tmp/minio_downloads/1768002335.json', '/tmp/minio_downloads/1768002346.json', '/tmp/minio_downloads/1768002358.json', '/tmp/minio_downloads/1768002370.json', '/tmp/minio_downloads/1768002380.json', '/tmp/minio_downloads/1768002391.json', '/tmp/minio_downloads/1768002402.json', '/tmp/minio_downloads/1768002413.json', '/tmp/minio_downloads/1768002424.json', '/tmp/minio_downloads/1768002435.json', '/tmp/minio_downloads/1768002447.json', '/tmp/minio_downloads/1768002458.json', '/tmp/minio_downloads/1767994103.json', '/tmp/minio_downloads/1767994115.json', '/tmp/minio_downloads/1767994129.json', '/tmp/minio_downloads/1767994139.json', '/tmp/minio_downloads/1767994150.json', '/tmp/minio_downloads/1767994161.json', '/tmp/minio_downloads/1767994172.json', '/tmp/minio_downloads/1767994190.json', '/tmp/minio_downloads/1767994202.json', '/tmp/minio_downloads/1767994212.json', '/tmp/minio_downloads/1767994226.json', '/tmp/minio_downloads/1767994236.json', '/tmp/minio_downloads/1767994247.json', '/tmp/minio_downloads/1767994259.json', '/tmp/minio_downloads/1767994271.json', '/tmp/minio_downloads/1767997419.json', '/tmp/minio_downloads/1767997429.json', '/tmp/minio_downloads/1767997440.json', '/tmp/minio_downloads/1767997451.json', '/tmp/minio_downloads/1767997462.json', '/tmp/minio_downloads/1767997472.json', '/tmp/minio_downloads/1767997482.json', '/tmp/minio_downloads/1767997492.json', '/tmp/minio_downloads/1768000525.json', '/tmp/minio_downloads/1768000536.json', '/tmp/minio_downloads/1768000547.json', '/tmp/minio_downloads/1768000557.json', '/tmp/minio_downloads/1768000568.json', '/tmp/minio_downloads/1768000581.json', '/tmp/minio_downloads/1768000593.json', '/tmp/minio_downloads/1768000605.json', '/tmp/minio_downloads/1768000619.json', '/tmp/minio_downloads/1768000632.json', '/tmp/minio_downloads/1768000645.json', '/tmp/minio_downloads/1768000656.json', '/tmp/minio_downloads/1768000667.json', '/tmp/minio_downloads/1768000678.json', '/tmp/minio_downloads/1768000689.json', '/tmp/minio_downloads/1768000699.json', '/tmp/minio_downloads/1768000711.json', '/tmp/minio_downloads/1768000721.json', '/tmp/minio_downloads/1768000732.json', '/tmp/minio_downloads/1768000743.json', '/tmp/minio_downloads/1768000754.json', '/tmp/minio_downloads/1768000765.json', '/tmp/minio_downloads/1768000777.json', '/tmp/minio_downloads/1768000788.json', '/tmp/minio_downloads/1768000798.json', '/tmp/minio_downloads/1768000809.json', '/tmp/minio_downloads/1768000821.json', '/tmp/minio_downloads/1768000832.json', '/tmp/minio_downloads/1768000845.json', '/tmp/minio_downloads/1768000856.json', '/tmp/minio_downloads/1768000868.json', '/tmp/minio_downloads/1768000879.json', '/tmp/minio_downloads/1768000891.json', '/tmp/minio_downloads/1768000902.json', '/tmp/minio_downloads/1768000912.json', '/tmp/minio_downloads/1768000922.json', '/tmp/minio_downloads/1768000932.json', '/tmp/minio_downloads/1768000943.json', '/tmp/minio_downloads/1768000954.json', '/tmp/minio_downloads/1768001780.json', '/tmp/minio_downloads/1768001792.json', '/tmp/minio_downloads/1768001803.json', '/tmp/minio_downloads/1768001814.json', '/tmp/minio_downloads/1768001826.json', '/tmp/minio_downloads/1768001838.json', '/tmp/minio_downloads/1768001850.json', '/tmp/minio_downloads/1768001859.json', '/tmp/minio_downloads/1768001869.json', '/tmp/minio_downloads/1768002256.json', '/tmp/minio_downloads/1768002266.json', '/tmp/minio_downloads/1768002276.json', '/tmp/minio_downloads/1768002285.json', '/tmp/minio_downloads/1768002295.json', '/tmp/minio_downloads/1768002304.json', '/tmp/minio_downloads/1768002314.json', '/tmp/minio_downloads/1768002324.json', '/tmp/minio_downloads/1768002333.json', '/tmp/minio_downloads/1768002344.json', '/tmp/minio_downloads/1768002356.json', '/tmp/minio_downloads/1768002368.json', '/tmp/minio_downloads/1768002378.json', '/tmp/minio_downloads/1768002389.json', '/tmp/minio_downloads/1768002400.json', '/tmp/minio_downloads/1768002411.json', '/tmp/minio_downloads/1768002421.json', '/tmp/minio_downloads/1768002433.json', '/tmp/minio_downloads/1768002445.json', '/tmp/minio_downloads/1768002456.json', '/tmp/minio_downloads/1767994104.json', '/tmp/minio_downloads/1767994116.json', '/tmp/minio_downloads/1767994130.json', '/tmp/minio_downloads/1767994140.json', '/tmp/minio_downloads/1767994151.json', '/tmp/minio_downloads/1767994162.json', '/tmp/minio_downloads/1767994173.json', '/tmp/minio_downloads/1767994191.json', '/tmp/minio_downloads/1767994203.json', '/tmp/minio_downloads/1767994214.json', '/tmp/minio_downloads/1767994227.json', '/tmp/minio_downloads/1767994238.json', '/tmp/minio_downloads/1767994248.json', '/tmp/minio_downloads/1767994260.json', '/tmp/minio_downloads/1767994272.json', '/tmp/minio_downloads/1767997419.json', '/tmp/minio_downloads/1767997430.json', '/tmp/minio_downloads/1767997441.json', '/tmp/minio_downloads/1767997452.json', '/tmp/minio_downloads/1767997463.json', '/tmp/minio_downloads/1767997473.json', '/tmp/minio_downloads/1767997483.json', '/tmp/minio_downloads/1767997493.json', '/tmp/minio_downloads/1768000526.json', '/tmp/minio_downloads/1768000537.json', '/tmp/minio_downloads/1768000548.json', '/tmp/minio_downloads/1768000558.json', '/tmp/minio_downloads/1768000569.json', '/tmp/minio_downloads/1768000582.json', '/tmp/minio_downloads/1768000594.json', '/tmp/minio_downloads/1768000607.json', '/tmp/minio_downloads/1768000621.json', '/tmp/minio_downloads/1768000634.json', '/tmp/minio_downloads/1768000646.json', '/tmp/minio_downloads/1768000657.json', '/tmp/minio_downloads/1768000668.json', '/tmp/minio_downloads/1768000679.json', '/tmp/minio_downloads/1768000690.json', '/tmp/minio_downloads/1768000701.json', '/tmp/minio_downloads/1768000712.json', '/tmp/minio_downloads/1768000722.json', '/tmp/minio_downloads/1768000733.json', '/tmp/minio_downloads/1768000744.json', '/tmp/minio_downloads/1768000755.json', '/tmp/minio_downloads/1768000766.json', '/tmp/minio_downloads/1768000778.json', '/tmp/minio_downloads/1768000789.json', '/tmp/minio_downloads/1768000799.json', '/tmp/minio_downloads/1768000810.json', '/tmp/minio_downloads/1768000822.json', '/tmp/minio_downloads/1768000834.json', '/tmp/minio_downloads/1768000846.json', '/tmp/minio_downloads/1768000858.json', '/tmp/minio_downloads/1768000869.json', '/tmp/minio_downloads/1768000880.json', '/tmp/minio_downloads/1768000892.json', '/tmp/minio_downloads/1768000903.json', '/tmp/minio_downloads/1768000913.json', '/tmp/minio_downloads/1768000923.json', '/tmp/minio_downloads/1768000933.json', '/tmp/minio_downloads/1768000944.json', '/tmp/minio_downloads/1768000956.json', '/tmp/minio_downloads/1768001781.json', '/tmp/minio_downloads/1768001793.json', '/tmp/minio_downloads/1768001804.json', '/tmp/minio_downloads/1768001817.json', '/tmp/minio_downloads/1768001827.json', '/tmp/minio_downloads/1768001839.json', '/tmp/minio_downloads/1768001850.json', '/tmp/minio_downloads/1768001860.json', '/tmp/minio_downloads/1768001870.json', '/tmp/minio_downloads/1768002257.json', '/tmp/minio_downloads/1768002267.json', '/tmp/minio_downloads/1768002277.json', '/tmp/minio_downloads/1768002286.json', '/tmp/minio_downloads/1768002296.json', '/tmp/minio_downloads/1768002305.json', '/tmp/minio_downloads/1768002315.json', '/tmp/minio_downloads/1768002324.json', '/tmp/minio_downloads/1768002334.json', '/tmp/minio_downloads/1768002345.json', '/tmp/minio_downloads/1768002357.json', '/tmp/minio_downloads/1768002369.json', '/tmp/minio_downloads/1768002379.json', '/tmp/minio_downloads/1768002390.json', '/tmp/minio_downloads/1768002401.json', '/tmp/minio_downloads/1768002412.json', '/tmp/minio_downloads/1768002423.json', '/tmp/minio_downloads/1768002434.json', '/tmp/minio_downloads/1768002446.json', '/tmp/minio_downloads/1768002457.json']
[2026-01-10T00:59:19.550+0000] {taskinstance.py:441} INFO - ::group::Post task execution logs
[2026-01-10T00:59:19.635+0000] {taskinstance.py:1206} INFO - Marking task as SUCCESS. dag_id=minio_to_snowflake, task_id=download_minio, run_id=scheduled__2026-01-10T00:58:00+00:00, execution_date=20260110T005800, start_date=20260110T005903, end_date=20260110T005919
[2026-01-10T00:59:19.717+0000] {local_task_job_runner.py:243} INFO - Task exited with return code 0
[2026-01-10T00:59:19.760+0000] {taskinstance.py:3503} INFO - 1 downstream tasks scheduled from follow-on schedule check
[2026-01-10T00:59:19.763+0000] {local_task_job_runner.py:222} INFO - ::endgroup::
