[2026-01-11T12:27:57.909+0000] {local_task_job_runner.py:120} INFO - ::group::Pre task execution logs
[2026-01-11T12:27:58.257+0000] {taskinstance.py:2076} INFO - Dependencies all met for dep_context=non-requeueable deps ti=<TaskInstance: minio_to_snowflake.download_minio scheduled__2026-01-11T12:26:00+00:00 [queued]>
[2026-01-11T12:27:58.388+0000] {taskinstance.py:2076} INFO - Dependencies all met for dep_context=requeueable deps ti=<TaskInstance: minio_to_snowflake.download_minio scheduled__2026-01-11T12:26:00+00:00 [queued]>
[2026-01-11T12:27:58.405+0000] {taskinstance.py:2306} INFO - Starting attempt 1 of 2
[2026-01-11T12:27:58.555+0000] {taskinstance.py:2330} INFO - Executing <Task(PythonOperator): download_minio> on 2026-01-11 12:26:00+00:00
[2026-01-11T12:27:58.674+0000] {standard_task_runner.py:90} INFO - Running: ['***', 'tasks', 'run', 'minio_to_snowflake', 'download_minio', 'scheduled__2026-01-11T12:26:00+00:00', '--job-id', '192', '--raw', '--subdir', 'DAGS_FOLDER/minio_to_snowflake.py', '--cfg-path', '/tmp/tmp8bhgkizw']
[2026-01-11T12:27:58.708+0000] {logging_mixin.py:188} WARNING - /home/***/.local/lib/python3.12/site-packages/***/task/task_runner/standard_task_runner.py:62 DeprecationWarning: This process (pid=50113) is multi-threaded, use of fork() may lead to deadlocks in the child.
[2026-01-11T12:27:58.715+0000] {standard_task_runner.py:64} INFO - Started process 50126 to run task
[2026-01-11T12:27:58.717+0000] {standard_task_runner.py:91} INFO - Job 192: Subtask download_minio
[2026-01-11T12:27:59.209+0000] {task_command.py:426} INFO - Running <TaskInstance: minio_to_snowflake.download_minio scheduled__2026-01-11T12:26:00+00:00 [running]> on host e9ec95003052
[2026-01-11T12:28:00.059+0000] {taskinstance.py:2648} INFO - Exporting env vars: AIRFLOW_CTX_DAG_OWNER='***' AIRFLOW_CTX_DAG_ID='minio_to_snowflake' AIRFLOW_CTX_TASK_ID='download_minio' AIRFLOW_CTX_EXECUTION_DATE='2026-01-11T12:26:00+00:00' AIRFLOW_CTX_TRY_NUMBER='1' AIRFLOW_CTX_DAG_RUN_ID='scheduled__2026-01-11T12:26:00+00:00'
[2026-01-11T12:28:00.091+0000] {taskinstance.py:430} INFO - ::endgroup::
[2026-01-11T12:28:03.896+0000] {logging_mixin.py:188} INFO - Downloaded AAPL/1768094289.json -> /tmp/minio_downloads/1768094289.json
[2026-01-11T12:28:03.995+0000] {logging_mixin.py:188} INFO - Downloaded AAPL/1768094300.json -> /tmp/minio_downloads/1768094300.json
[2026-01-11T12:28:04.136+0000] {logging_mixin.py:188} INFO - Downloaded AAPL/1768094311.json -> /tmp/minio_downloads/1768094311.json
[2026-01-11T12:28:04.247+0000] {logging_mixin.py:188} INFO - Downloaded AAPL/1768094322.json -> /tmp/minio_downloads/1768094322.json
[2026-01-11T12:28:04.350+0000] {logging_mixin.py:188} INFO - Downloaded AAPL/1768094333.json -> /tmp/minio_downloads/1768094333.json
[2026-01-11T12:28:04.439+0000] {logging_mixin.py:188} INFO - Downloaded AAPL/1768094345.json -> /tmp/minio_downloads/1768094345.json
[2026-01-11T12:28:04.532+0000] {logging_mixin.py:188} INFO - Downloaded AAPL/1768094355.json -> /tmp/minio_downloads/1768094355.json
[2026-01-11T12:28:04.614+0000] {logging_mixin.py:188} INFO - Downloaded AAPL/1768094364.json -> /tmp/minio_downloads/1768094364.json
[2026-01-11T12:28:04.690+0000] {logging_mixin.py:188} INFO - Downloaded AAPL/1768094424.json -> /tmp/minio_downloads/1768094424.json
[2026-01-11T12:28:04.751+0000] {logging_mixin.py:188} INFO - Downloaded AAPL/1768094434.json -> /tmp/minio_downloads/1768094434.json
[2026-01-11T12:28:04.828+0000] {logging_mixin.py:188} INFO - Downloaded AAPL/1768094444.json -> /tmp/minio_downloads/1768094444.json
[2026-01-11T12:28:04.912+0000] {logging_mixin.py:188} INFO - Downloaded AAPL/1768094454.json -> /tmp/minio_downloads/1768094454.json
[2026-01-11T12:28:04.997+0000] {logging_mixin.py:188} INFO - Downloaded AAPL/1768094465.json -> /tmp/minio_downloads/1768094465.json
[2026-01-11T12:28:05.089+0000] {logging_mixin.py:188} INFO - Downloaded AAPL/1768094477.json -> /tmp/minio_downloads/1768094477.json
[2026-01-11T12:28:05.151+0000] {logging_mixin.py:188} INFO - Downloaded AAPL/1768094488.json -> /tmp/minio_downloads/1768094488.json
[2026-01-11T12:28:05.210+0000] {logging_mixin.py:188} INFO - Downloaded AAPL/1768094498.json -> /tmp/minio_downloads/1768094498.json
[2026-01-11T12:28:05.272+0000] {logging_mixin.py:188} INFO - Downloaded AAPL/1768094511.json -> /tmp/minio_downloads/1768094511.json
[2026-01-11T12:28:05.338+0000] {logging_mixin.py:188} INFO - Downloaded AAPL/1768094522.json -> /tmp/minio_downloads/1768094522.json
[2026-01-11T12:28:05.397+0000] {logging_mixin.py:188} INFO - Downloaded AAPL/1768094534.json -> /tmp/minio_downloads/1768094534.json
[2026-01-11T12:28:05.485+0000] {logging_mixin.py:188} INFO - Downloaded AAPL/1768094546.json -> /tmp/minio_downloads/1768094546.json
[2026-01-11T12:28:05.542+0000] {logging_mixin.py:188} INFO - Downloaded AAPL/1768094557.json -> /tmp/minio_downloads/1768094557.json
[2026-01-11T12:28:05.619+0000] {logging_mixin.py:188} INFO - Downloaded AAPL/1768094568.json -> /tmp/minio_downloads/1768094568.json
[2026-01-11T12:28:05.710+0000] {logging_mixin.py:188} INFO - Downloaded AAPL/1768094580.json -> /tmp/minio_downloads/1768094580.json
[2026-01-11T12:28:05.794+0000] {logging_mixin.py:188} INFO - Downloaded AAPL/1768094591.json -> /tmp/minio_downloads/1768094591.json
[2026-01-11T12:28:05.845+0000] {logging_mixin.py:188} INFO - Downloaded AAPL/1768094603.json -> /tmp/minio_downloads/1768094603.json
[2026-01-11T12:28:05.915+0000] {logging_mixin.py:188} INFO - Downloaded AAPL/1768094614.json -> /tmp/minio_downloads/1768094614.json
[2026-01-11T12:28:06.017+0000] {logging_mixin.py:188} INFO - Downloaded AAPL/1768094626.json -> /tmp/minio_downloads/1768094626.json
[2026-01-11T12:28:06.094+0000] {logging_mixin.py:188} INFO - Downloaded AAPL/1768094636.json -> /tmp/minio_downloads/1768094636.json
[2026-01-11T12:28:06.171+0000] {logging_mixin.py:188} INFO - Downloaded AAPL/1768094647.json -> /tmp/minio_downloads/1768094647.json
[2026-01-11T12:28:06.244+0000] {logging_mixin.py:188} INFO - Downloaded AAPL/1768094658.json -> /tmp/minio_downloads/1768094658.json
[2026-01-11T12:28:06.348+0000] {logging_mixin.py:188} INFO - Downloaded AAPL/1768094670.json -> /tmp/minio_downloads/1768094670.json
[2026-01-11T12:28:06.415+0000] {logging_mixin.py:188} INFO - Downloaded AAPL/1768094681.json -> /tmp/minio_downloads/1768094681.json
[2026-01-11T12:28:06.474+0000] {logging_mixin.py:188} INFO - Downloaded AAPL/1768094693.json -> /tmp/minio_downloads/1768094693.json
[2026-01-11T12:28:06.531+0000] {logging_mixin.py:188} INFO - Downloaded AAPL/1768094704.json -> /tmp/minio_downloads/1768094704.json
[2026-01-11T12:28:06.589+0000] {logging_mixin.py:188} INFO - Downloaded AMZN/1768094292.json -> /tmp/minio_downloads/1768094292.json
[2026-01-11T12:28:06.679+0000] {logging_mixin.py:188} INFO - Downloaded AMZN/1768094303.json -> /tmp/minio_downloads/1768094303.json
[2026-01-11T12:28:06.813+0000] {logging_mixin.py:188} INFO - Downloaded AMZN/1768094315.json -> /tmp/minio_downloads/1768094315.json
[2026-01-11T12:28:06.864+0000] {logging_mixin.py:188} INFO - Downloaded AMZN/1768094325.json -> /tmp/minio_downloads/1768094325.json
[2026-01-11T12:28:06.940+0000] {logging_mixin.py:188} INFO - Downloaded AMZN/1768094338.json -> /tmp/minio_downloads/1768094338.json
[2026-01-11T12:28:07.310+0000] {logging_mixin.py:188} INFO - Downloaded AMZN/1768094348.json -> /tmp/minio_downloads/1768094348.json
[2026-01-11T12:28:07.456+0000] {logging_mixin.py:188} INFO - Downloaded AMZN/1768094357.json -> /tmp/minio_downloads/1768094357.json
[2026-01-11T12:28:07.628+0000] {logging_mixin.py:188} INFO - Downloaded AMZN/1768094427.json -> /tmp/minio_downloads/1768094427.json
[2026-01-11T12:28:07.737+0000] {logging_mixin.py:188} INFO - Downloaded AMZN/1768094437.json -> /tmp/minio_downloads/1768094437.json
[2026-01-11T12:28:07.805+0000] {logging_mixin.py:188} INFO - Downloaded AMZN/1768094447.json -> /tmp/minio_downloads/1768094447.json
[2026-01-11T12:28:07.910+0000] {logging_mixin.py:188} INFO - Downloaded AMZN/1768094458.json -> /tmp/minio_downloads/1768094458.json
[2026-01-11T12:28:08.002+0000] {logging_mixin.py:188} INFO - Downloaded AMZN/1768094470.json -> /tmp/minio_downloads/1768094470.json
[2026-01-11T12:28:08.084+0000] {logging_mixin.py:188} INFO - Downloaded AMZN/1768094481.json -> /tmp/minio_downloads/1768094481.json
[2026-01-11T12:28:08.154+0000] {logging_mixin.py:188} INFO - Downloaded AMZN/1768094491.json -> /tmp/minio_downloads/1768094491.json
[2026-01-11T12:28:08.217+0000] {logging_mixin.py:188} INFO - Downloaded AMZN/1768094503.json -> /tmp/minio_downloads/1768094503.json
[2026-01-11T12:28:08.281+0000] {logging_mixin.py:188} INFO - Downloaded AMZN/1768094515.json -> /tmp/minio_downloads/1768094515.json
[2026-01-11T12:28:08.342+0000] {logging_mixin.py:188} INFO - Downloaded AMZN/1768094527.json -> /tmp/minio_downloads/1768094527.json
[2026-01-11T12:28:08.585+0000] {logging_mixin.py:188} INFO - Downloaded AMZN/1768094539.json -> /tmp/minio_downloads/1768094539.json
[2026-01-11T12:28:08.704+0000] {logging_mixin.py:188} INFO - Downloaded AMZN/1768094550.json -> /tmp/minio_downloads/1768094550.json
[2026-01-11T12:28:08.833+0000] {logging_mixin.py:188} INFO - Downloaded AMZN/1768094561.json -> /tmp/minio_downloads/1768094561.json
[2026-01-11T12:28:08.950+0000] {logging_mixin.py:188} INFO - Downloaded AMZN/1768094573.json -> /tmp/minio_downloads/1768094573.json
[2026-01-11T12:28:09.033+0000] {logging_mixin.py:188} INFO - Downloaded AMZN/1768094584.json -> /tmp/minio_downloads/1768094584.json
[2026-01-11T12:28:09.099+0000] {logging_mixin.py:188} INFO - Downloaded AMZN/1768094595.json -> /tmp/minio_downloads/1768094595.json
[2026-01-11T12:28:09.198+0000] {logging_mixin.py:188} INFO - Downloaded AMZN/1768094607.json -> /tmp/minio_downloads/1768094607.json
[2026-01-11T12:28:09.253+0000] {logging_mixin.py:188} INFO - Downloaded AMZN/1768094619.json -> /tmp/minio_downloads/1768094619.json
[2026-01-11T12:28:09.330+0000] {logging_mixin.py:188} INFO - Downloaded AMZN/1768094629.json -> /tmp/minio_downloads/1768094629.json
[2026-01-11T12:28:09.410+0000] {logging_mixin.py:188} INFO - Downloaded AMZN/1768094640.json -> /tmp/minio_downloads/1768094640.json
[2026-01-11T12:28:09.473+0000] {logging_mixin.py:188} INFO - Downloaded AMZN/1768094651.json -> /tmp/minio_downloads/1768094651.json
[2026-01-11T12:28:09.521+0000] {logging_mixin.py:188} INFO - Downloaded AMZN/1768094663.json -> /tmp/minio_downloads/1768094663.json
[2026-01-11T12:28:09.616+0000] {logging_mixin.py:188} INFO - Downloaded AMZN/1768094674.json -> /tmp/minio_downloads/1768094674.json
[2026-01-11T12:28:09.673+0000] {logging_mixin.py:188} INFO - Downloaded AMZN/1768094686.json -> /tmp/minio_downloads/1768094686.json
[2026-01-11T12:28:09.749+0000] {logging_mixin.py:188} INFO - Downloaded AMZN/1768094698.json -> /tmp/minio_downloads/1768094698.json
[2026-01-11T12:28:09.818+0000] {logging_mixin.py:188} INFO - Downloaded AMZN/1768094707.json -> /tmp/minio_downloads/1768094707.json
[2026-01-11T12:28:09.887+0000] {logging_mixin.py:188} INFO - Downloaded GOOGL/1768094291.json -> /tmp/minio_downloads/1768094291.json
[2026-01-11T12:28:09.983+0000] {logging_mixin.py:188} INFO - Downloaded GOOGL/1768094303.json -> /tmp/minio_downloads/1768094303.json
[2026-01-11T12:28:10.070+0000] {logging_mixin.py:188} INFO - Downloaded GOOGL/1768094314.json -> /tmp/minio_downloads/1768094314.json
[2026-01-11T12:28:10.157+0000] {logging_mixin.py:188} INFO - Downloaded GOOGL/1768094324.json -> /tmp/minio_downloads/1768094324.json
[2026-01-11T12:28:10.287+0000] {logging_mixin.py:188} INFO - Downloaded GOOGL/1768094337.json -> /tmp/minio_downloads/1768094337.json
[2026-01-11T12:28:10.389+0000] {logging_mixin.py:188} INFO - Downloaded GOOGL/1768094347.json -> /tmp/minio_downloads/1768094347.json
[2026-01-11T12:28:10.501+0000] {logging_mixin.py:188} INFO - Downloaded GOOGL/1768094357.json -> /tmp/minio_downloads/1768094357.json
[2026-01-11T12:28:10.589+0000] {logging_mixin.py:188} INFO - Downloaded GOOGL/1768094426.json -> /tmp/minio_downloads/1768094426.json
[2026-01-11T12:28:10.655+0000] {logging_mixin.py:188} INFO - Downloaded GOOGL/1768094436.json -> /tmp/minio_downloads/1768094436.json
[2026-01-11T12:28:10.723+0000] {logging_mixin.py:188} INFO - Downloaded GOOGL/1768094446.json -> /tmp/minio_downloads/1768094446.json
[2026-01-11T12:28:10.795+0000] {logging_mixin.py:188} INFO - Downloaded GOOGL/1768094457.json -> /tmp/minio_downloads/1768094457.json
[2026-01-11T12:28:10.887+0000] {logging_mixin.py:188} INFO - Downloaded GOOGL/1768094469.json -> /tmp/minio_downloads/1768094469.json
[2026-01-11T12:28:10.957+0000] {logging_mixin.py:188} INFO - Downloaded GOOGL/1768094480.json -> /tmp/minio_downloads/1768094480.json
[2026-01-11T12:28:11.026+0000] {logging_mixin.py:188} INFO - Downloaded GOOGL/1768094490.json -> /tmp/minio_downloads/1768094490.json
[2026-01-11T12:28:11.122+0000] {logging_mixin.py:188} INFO - Downloaded GOOGL/1768094502.json -> /tmp/minio_downloads/1768094502.json
[2026-01-11T12:28:11.203+0000] {logging_mixin.py:188} INFO - Downloaded GOOGL/1768094514.json -> /tmp/minio_downloads/1768094514.json
[2026-01-11T12:28:11.282+0000] {logging_mixin.py:188} INFO - Downloaded GOOGL/1768094526.json -> /tmp/minio_downloads/1768094526.json
[2026-01-11T12:28:11.337+0000] {logging_mixin.py:188} INFO - Downloaded GOOGL/1768094538.json -> /tmp/minio_downloads/1768094538.json
[2026-01-11T12:28:11.392+0000] {logging_mixin.py:188} INFO - Downloaded GOOGL/1768094549.json -> /tmp/minio_downloads/1768094549.json
[2026-01-11T12:28:11.480+0000] {logging_mixin.py:188} INFO - Downloaded GOOGL/1768094560.json -> /tmp/minio_downloads/1768094560.json
[2026-01-11T12:28:11.587+0000] {logging_mixin.py:188} INFO - Downloaded GOOGL/1768094572.json -> /tmp/minio_downloads/1768094572.json
[2026-01-11T12:28:11.682+0000] {logging_mixin.py:188} INFO - Downloaded GOOGL/1768094583.json -> /tmp/minio_downloads/1768094583.json
[2026-01-11T12:28:11.765+0000] {logging_mixin.py:188} INFO - Downloaded GOOGL/1768094594.json -> /tmp/minio_downloads/1768094594.json
[2026-01-11T12:28:11.846+0000] {logging_mixin.py:188} INFO - Downloaded GOOGL/1768094606.json -> /tmp/minio_downloads/1768094606.json
[2026-01-11T12:28:11.942+0000] {logging_mixin.py:188} INFO - Downloaded GOOGL/1768094618.json -> /tmp/minio_downloads/1768094618.json
[2026-01-11T12:28:12.011+0000] {logging_mixin.py:188} INFO - Downloaded GOOGL/1768094629.json -> /tmp/minio_downloads/1768094629.json
[2026-01-11T12:28:12.073+0000] {logging_mixin.py:188} INFO - Downloaded GOOGL/1768094639.json -> /tmp/minio_downloads/1768094639.json
[2026-01-11T12:28:12.170+0000] {logging_mixin.py:188} INFO - Downloaded GOOGL/1768094650.json -> /tmp/minio_downloads/1768094650.json
[2026-01-11T12:28:12.253+0000] {logging_mixin.py:188} INFO - Downloaded GOOGL/1768094661.json -> /tmp/minio_downloads/1768094661.json
[2026-01-11T12:28:12.304+0000] {logging_mixin.py:188} INFO - Downloaded GOOGL/1768094673.json -> /tmp/minio_downloads/1768094673.json
[2026-01-11T12:28:12.369+0000] {logging_mixin.py:188} INFO - Downloaded GOOGL/1768094685.json -> /tmp/minio_downloads/1768094685.json
[2026-01-11T12:28:12.412+0000] {logging_mixin.py:188} INFO - Downloaded GOOGL/1768094696.json -> /tmp/minio_downloads/1768094696.json
[2026-01-11T12:28:12.464+0000] {logging_mixin.py:188} INFO - Downloaded GOOGL/1768094707.json -> /tmp/minio_downloads/1768094707.json
[2026-01-11T12:28:12.533+0000] {logging_mixin.py:188} INFO - Downloaded MSFT/1768094289.json -> /tmp/minio_downloads/1768094289.json
[2026-01-11T12:28:12.590+0000] {logging_mixin.py:188} INFO - Downloaded MSFT/1768094300.json -> /tmp/minio_downloads/1768094300.json
[2026-01-11T12:28:12.665+0000] {logging_mixin.py:188} INFO - Downloaded MSFT/1768094312.json -> /tmp/minio_downloads/1768094312.json
[2026-01-11T12:28:12.743+0000] {logging_mixin.py:188} INFO - Downloaded MSFT/1768094322.json -> /tmp/minio_downloads/1768094322.json
[2026-01-11T12:28:12.836+0000] {logging_mixin.py:188} INFO - Downloaded MSFT/1768094334.json -> /tmp/minio_downloads/1768094334.json
[2026-01-11T12:28:12.909+0000] {logging_mixin.py:188} INFO - Downloaded MSFT/1768094346.json -> /tmp/minio_downloads/1768094346.json
[2026-01-11T12:28:12.964+0000] {logging_mixin.py:188} INFO - Downloaded MSFT/1768094355.json -> /tmp/minio_downloads/1768094355.json
[2026-01-11T12:28:13.021+0000] {logging_mixin.py:188} INFO - Downloaded MSFT/1768094365.json -> /tmp/minio_downloads/1768094365.json
[2026-01-11T12:28:13.071+0000] {logging_mixin.py:188} INFO - Downloaded MSFT/1768094425.json -> /tmp/minio_downloads/1768094425.json
[2026-01-11T12:28:13.119+0000] {logging_mixin.py:188} INFO - Downloaded MSFT/1768094435.json -> /tmp/minio_downloads/1768094435.json
[2026-01-11T12:28:13.174+0000] {logging_mixin.py:188} INFO - Downloaded MSFT/1768094444.json -> /tmp/minio_downloads/1768094444.json
[2026-01-11T12:28:13.225+0000] {logging_mixin.py:188} INFO - Downloaded MSFT/1768094455.json -> /tmp/minio_downloads/1768094455.json
[2026-01-11T12:28:13.282+0000] {logging_mixin.py:188} INFO - Downloaded MSFT/1768094467.json -> /tmp/minio_downloads/1768094467.json
[2026-01-11T12:28:13.333+0000] {logging_mixin.py:188} INFO - Downloaded MSFT/1768094478.json -> /tmp/minio_downloads/1768094478.json
[2026-01-11T12:28:13.388+0000] {logging_mixin.py:188} INFO - Downloaded MSFT/1768094489.json -> /tmp/minio_downloads/1768094489.json
[2026-01-11T12:28:13.433+0000] {logging_mixin.py:188} INFO - Downloaded MSFT/1768094500.json -> /tmp/minio_downloads/1768094500.json
[2026-01-11T12:28:13.476+0000] {logging_mixin.py:188} INFO - Downloaded MSFT/1768094512.json -> /tmp/minio_downloads/1768094512.json
[2026-01-11T12:28:13.534+0000] {logging_mixin.py:188} INFO - Downloaded MSFT/1768094523.json -> /tmp/minio_downloads/1768094523.json
[2026-01-11T12:28:13.623+0000] {logging_mixin.py:188} INFO - Downloaded MSFT/1768094535.json -> /tmp/minio_downloads/1768094535.json
[2026-01-11T12:28:13.685+0000] {logging_mixin.py:188} INFO - Downloaded MSFT/1768094547.json -> /tmp/minio_downloads/1768094547.json
[2026-01-11T12:28:13.783+0000] {logging_mixin.py:188} INFO - Downloaded MSFT/1768094558.json -> /tmp/minio_downloads/1768094558.json
[2026-01-11T12:28:13.873+0000] {logging_mixin.py:188} INFO - Downloaded MSFT/1768094570.json -> /tmp/minio_downloads/1768094570.json
[2026-01-11T12:28:14.024+0000] {logging_mixin.py:188} INFO - Downloaded MSFT/1768094581.json -> /tmp/minio_downloads/1768094581.json
[2026-01-11T12:28:14.108+0000] {logging_mixin.py:188} INFO - Downloaded MSFT/1768094592.json -> /tmp/minio_downloads/1768094592.json
[2026-01-11T12:28:14.207+0000] {logging_mixin.py:188} INFO - Downloaded MSFT/1768094604.json -> /tmp/minio_downloads/1768094604.json
[2026-01-11T12:28:14.325+0000] {logging_mixin.py:188} INFO - Downloaded MSFT/1768094615.json -> /tmp/minio_downloads/1768094615.json
[2026-01-11T12:28:14.430+0000] {logging_mixin.py:188} INFO - Downloaded MSFT/1768094627.json -> /tmp/minio_downloads/1768094627.json
[2026-01-11T12:28:14.510+0000] {logging_mixin.py:188} INFO - Downloaded MSFT/1768094637.json -> /tmp/minio_downloads/1768094637.json
[2026-01-11T12:28:14.600+0000] {logging_mixin.py:188} INFO - Downloaded MSFT/1768094648.json -> /tmp/minio_downloads/1768094648.json
[2026-01-11T12:28:14.775+0000] {logging_mixin.py:188} INFO - Downloaded MSFT/1768094659.json -> /tmp/minio_downloads/1768094659.json
[2026-01-11T12:28:14.850+0000] {logging_mixin.py:188} INFO - Downloaded MSFT/1768094671.json -> /tmp/minio_downloads/1768094671.json
[2026-01-11T12:28:14.974+0000] {logging_mixin.py:188} INFO - Downloaded MSFT/1768094682.json -> /tmp/minio_downloads/1768094682.json
[2026-01-11T12:28:15.083+0000] {logging_mixin.py:188} INFO - Downloaded MSFT/1768094694.json -> /tmp/minio_downloads/1768094694.json
[2026-01-11T12:28:15.182+0000] {logging_mixin.py:188} INFO - Downloaded MSFT/1768094705.json -> /tmp/minio_downloads/1768094705.json
[2026-01-11T12:28:15.250+0000] {logging_mixin.py:188} INFO - Downloaded TSLA/1768094290.json -> /tmp/minio_downloads/1768094290.json
[2026-01-11T12:28:15.317+0000] {logging_mixin.py:188} INFO - Downloaded TSLA/1768094301.json -> /tmp/minio_downloads/1768094301.json
[2026-01-11T12:28:15.404+0000] {logging_mixin.py:188} INFO - Downloaded TSLA/1768094313.json -> /tmp/minio_downloads/1768094313.json
[2026-01-11T12:28:15.452+0000] {logging_mixin.py:188} INFO - Downloaded TSLA/1768094323.json -> /tmp/minio_downloads/1768094323.json
[2026-01-11T12:28:15.515+0000] {logging_mixin.py:188} INFO - Downloaded TSLA/1768094335.json -> /tmp/minio_downloads/1768094335.json
[2026-01-11T12:28:15.565+0000] {logging_mixin.py:188} INFO - Downloaded TSLA/1768094346.json -> /tmp/minio_downloads/1768094346.json
[2026-01-11T12:28:15.628+0000] {logging_mixin.py:188} INFO - Downloaded TSLA/1768094356.json -> /tmp/minio_downloads/1768094356.json
[2026-01-11T12:28:15.717+0000] {logging_mixin.py:188} INFO - Downloaded TSLA/1768094426.json -> /tmp/minio_downloads/1768094426.json
[2026-01-11T12:28:15.780+0000] {logging_mixin.py:188} INFO - Downloaded TSLA/1768094435.json -> /tmp/minio_downloads/1768094435.json
[2026-01-11T12:28:15.855+0000] {logging_mixin.py:188} INFO - Downloaded TSLA/1768094445.json -> /tmp/minio_downloads/1768094445.json
[2026-01-11T12:28:15.933+0000] {logging_mixin.py:188} INFO - Downloaded TSLA/1768094456.json -> /tmp/minio_downloads/1768094456.json
[2026-01-11T12:28:16.021+0000] {logging_mixin.py:188} INFO - Downloaded TSLA/1768094468.json -> /tmp/minio_downloads/1768094468.json
[2026-01-11T12:28:16.083+0000] {logging_mixin.py:188} INFO - Downloaded TSLA/1768094479.json -> /tmp/minio_downloads/1768094479.json
[2026-01-11T12:28:16.155+0000] {logging_mixin.py:188} INFO - Downloaded TSLA/1768094489.json -> /tmp/minio_downloads/1768094489.json
[2026-01-11T12:28:16.259+0000] {logging_mixin.py:188} INFO - Downloaded TSLA/1768094501.json -> /tmp/minio_downloads/1768094501.json
[2026-01-11T12:28:16.339+0000] {logging_mixin.py:188} INFO - Downloaded TSLA/1768094513.json -> /tmp/minio_downloads/1768094513.json
[2026-01-11T12:28:16.402+0000] {logging_mixin.py:188} INFO - Downloaded TSLA/1768094524.json -> /tmp/minio_downloads/1768094524.json
[2026-01-11T12:28:16.474+0000] {logging_mixin.py:188} INFO - Downloaded TSLA/1768094537.json -> /tmp/minio_downloads/1768094537.json
[2026-01-11T12:28:16.550+0000] {logging_mixin.py:188} INFO - Downloaded TSLA/1768094548.json -> /tmp/minio_downloads/1768094548.json
[2026-01-11T12:28:16.628+0000] {logging_mixin.py:188} INFO - Downloaded TSLA/1768094559.json -> /tmp/minio_downloads/1768094559.json
[2026-01-11T12:28:16.685+0000] {logging_mixin.py:188} INFO - Downloaded TSLA/1768094571.json -> /tmp/minio_downloads/1768094571.json
[2026-01-11T12:28:16.745+0000] {logging_mixin.py:188} INFO - Downloaded TSLA/1768094582.json -> /tmp/minio_downloads/1768094582.json
[2026-01-11T12:28:16.817+0000] {logging_mixin.py:188} INFO - Downloaded TSLA/1768094593.json -> /tmp/minio_downloads/1768094593.json
[2026-01-11T12:28:16.868+0000] {logging_mixin.py:188} INFO - Downloaded TSLA/1768094605.json -> /tmp/minio_downloads/1768094605.json
[2026-01-11T12:28:16.947+0000] {logging_mixin.py:188} INFO - Downloaded TSLA/1768094617.json -> /tmp/minio_downloads/1768094617.json
[2026-01-11T12:28:17.361+0000] {logging_mixin.py:188} INFO - Downloaded TSLA/1768094628.json -> /tmp/minio_downloads/1768094628.json
[2026-01-11T12:28:17.462+0000] {logging_mixin.py:188} INFO - Downloaded TSLA/1768094638.json -> /tmp/minio_downloads/1768094638.json
[2026-01-11T12:28:17.533+0000] {logging_mixin.py:188} INFO - Downloaded TSLA/1768094649.json -> /tmp/minio_downloads/1768094649.json
[2026-01-11T12:28:17.587+0000] {logging_mixin.py:188} INFO - Downloaded TSLA/1768094660.json -> /tmp/minio_downloads/1768094660.json
[2026-01-11T12:28:18.756+0000] {logging_mixin.py:188} INFO - Downloaded TSLA/1768094672.json -> /tmp/minio_downloads/1768094672.json
[2026-01-11T12:28:18.820+0000] {logging_mixin.py:188} INFO - Downloaded TSLA/1768094684.json -> /tmp/minio_downloads/1768094684.json
[2026-01-11T12:28:18.874+0000] {logging_mixin.py:188} INFO - Downloaded TSLA/1768094695.json -> /tmp/minio_downloads/1768094695.json
[2026-01-11T12:28:19.093+0000] {logging_mixin.py:188} INFO - Downloaded TSLA/1768094706.json -> /tmp/minio_downloads/1768094706.json
[2026-01-11T12:28:19.110+0000] {python.py:237} INFO - Done. Returned value was: ['/tmp/minio_downloads/1768094289.json', '/tmp/minio_downloads/1768094300.json', '/tmp/minio_downloads/1768094311.json', '/tmp/minio_downloads/1768094322.json', '/tmp/minio_downloads/1768094333.json', '/tmp/minio_downloads/1768094345.json', '/tmp/minio_downloads/1768094355.json', '/tmp/minio_downloads/1768094364.json', '/tmp/minio_downloads/1768094424.json', '/tmp/minio_downloads/1768094434.json', '/tmp/minio_downloads/1768094444.json', '/tmp/minio_downloads/1768094454.json', '/tmp/minio_downloads/1768094465.json', '/tmp/minio_downloads/1768094477.json', '/tmp/minio_downloads/1768094488.json', '/tmp/minio_downloads/1768094498.json', '/tmp/minio_downloads/1768094511.json', '/tmp/minio_downloads/1768094522.json', '/tmp/minio_downloads/1768094534.json', '/tmp/minio_downloads/1768094546.json', '/tmp/minio_downloads/1768094557.json', '/tmp/minio_downloads/1768094568.json', '/tmp/minio_downloads/1768094580.json', '/tmp/minio_downloads/1768094591.json', '/tmp/minio_downloads/1768094603.json', '/tmp/minio_downloads/1768094614.json', '/tmp/minio_downloads/1768094626.json', '/tmp/minio_downloads/1768094636.json', '/tmp/minio_downloads/1768094647.json', '/tmp/minio_downloads/1768094658.json', '/tmp/minio_downloads/1768094670.json', '/tmp/minio_downloads/1768094681.json', '/tmp/minio_downloads/1768094693.json', '/tmp/minio_downloads/1768094704.json', '/tmp/minio_downloads/1768094292.json', '/tmp/minio_downloads/1768094303.json', '/tmp/minio_downloads/1768094315.json', '/tmp/minio_downloads/1768094325.json', '/tmp/minio_downloads/1768094338.json', '/tmp/minio_downloads/1768094348.json', '/tmp/minio_downloads/1768094357.json', '/tmp/minio_downloads/1768094427.json', '/tmp/minio_downloads/1768094437.json', '/tmp/minio_downloads/1768094447.json', '/tmp/minio_downloads/1768094458.json', '/tmp/minio_downloads/1768094470.json', '/tmp/minio_downloads/1768094481.json', '/tmp/minio_downloads/1768094491.json', '/tmp/minio_downloads/1768094503.json', '/tmp/minio_downloads/1768094515.json', '/tmp/minio_downloads/1768094527.json', '/tmp/minio_downloads/1768094539.json', '/tmp/minio_downloads/1768094550.json', '/tmp/minio_downloads/1768094561.json', '/tmp/minio_downloads/1768094573.json', '/tmp/minio_downloads/1768094584.json', '/tmp/minio_downloads/1768094595.json', '/tmp/minio_downloads/1768094607.json', '/tmp/minio_downloads/1768094619.json', '/tmp/minio_downloads/1768094629.json', '/tmp/minio_downloads/1768094640.json', '/tmp/minio_downloads/1768094651.json', '/tmp/minio_downloads/1768094663.json', '/tmp/minio_downloads/1768094674.json', '/tmp/minio_downloads/1768094686.json', '/tmp/minio_downloads/1768094698.json', '/tmp/minio_downloads/1768094707.json', '/tmp/minio_downloads/1768094291.json', '/tmp/minio_downloads/1768094303.json', '/tmp/minio_downloads/1768094314.json', '/tmp/minio_downloads/1768094324.json', '/tmp/minio_downloads/1768094337.json', '/tmp/minio_downloads/1768094347.json', '/tmp/minio_downloads/1768094357.json', '/tmp/minio_downloads/1768094426.json', '/tmp/minio_downloads/1768094436.json', '/tmp/minio_downloads/1768094446.json', '/tmp/minio_downloads/1768094457.json', '/tmp/minio_downloads/1768094469.json', '/tmp/minio_downloads/1768094480.json', '/tmp/minio_downloads/1768094490.json', '/tmp/minio_downloads/1768094502.json', '/tmp/minio_downloads/1768094514.json', '/tmp/minio_downloads/1768094526.json', '/tmp/minio_downloads/1768094538.json', '/tmp/minio_downloads/1768094549.json', '/tmp/minio_downloads/1768094560.json', '/tmp/minio_downloads/1768094572.json', '/tmp/minio_downloads/1768094583.json', '/tmp/minio_downloads/1768094594.json', '/tmp/minio_downloads/1768094606.json', '/tmp/minio_downloads/1768094618.json', '/tmp/minio_downloads/1768094629.json', '/tmp/minio_downloads/1768094639.json', '/tmp/minio_downloads/1768094650.json', '/tmp/minio_downloads/1768094661.json', '/tmp/minio_downloads/1768094673.json', '/tmp/minio_downloads/1768094685.json', '/tmp/minio_downloads/1768094696.json', '/tmp/minio_downloads/1768094707.json', '/tmp/minio_downloads/1768094289.json', '/tmp/minio_downloads/1768094300.json', '/tmp/minio_downloads/1768094312.json', '/tmp/minio_downloads/1768094322.json', '/tmp/minio_downloads/1768094334.json', '/tmp/minio_downloads/1768094346.json', '/tmp/minio_downloads/1768094355.json', '/tmp/minio_downloads/1768094365.json', '/tmp/minio_downloads/1768094425.json', '/tmp/minio_downloads/1768094435.json', '/tmp/minio_downloads/1768094444.json', '/tmp/minio_downloads/1768094455.json', '/tmp/minio_downloads/1768094467.json', '/tmp/minio_downloads/1768094478.json', '/tmp/minio_downloads/1768094489.json', '/tmp/minio_downloads/1768094500.json', '/tmp/minio_downloads/1768094512.json', '/tmp/minio_downloads/1768094523.json', '/tmp/minio_downloads/1768094535.json', '/tmp/minio_downloads/1768094547.json', '/tmp/minio_downloads/1768094558.json', '/tmp/minio_downloads/1768094570.json', '/tmp/minio_downloads/1768094581.json', '/tmp/minio_downloads/1768094592.json', '/tmp/minio_downloads/1768094604.json', '/tmp/minio_downloads/1768094615.json', '/tmp/minio_downloads/1768094627.json', '/tmp/minio_downloads/1768094637.json', '/tmp/minio_downloads/1768094648.json', '/tmp/minio_downloads/1768094659.json', '/tmp/minio_downloads/1768094671.json', '/tmp/minio_downloads/1768094682.json', '/tmp/minio_downloads/1768094694.json', '/tmp/minio_downloads/1768094705.json', '/tmp/minio_downloads/1768094290.json', '/tmp/minio_downloads/1768094301.json', '/tmp/minio_downloads/1768094313.json', '/tmp/minio_downloads/1768094323.json', '/tmp/minio_downloads/1768094335.json', '/tmp/minio_downloads/1768094346.json', '/tmp/minio_downloads/1768094356.json', '/tmp/minio_downloads/1768094426.json', '/tmp/minio_downloads/1768094435.json', '/tmp/minio_downloads/1768094445.json', '/tmp/minio_downloads/1768094456.json', '/tmp/minio_downloads/1768094468.json', '/tmp/minio_downloads/1768094479.json', '/tmp/minio_downloads/1768094489.json', '/tmp/minio_downloads/1768094501.json', '/tmp/minio_downloads/1768094513.json', '/tmp/minio_downloads/1768094524.json', '/tmp/minio_downloads/1768094537.json', '/tmp/minio_downloads/1768094548.json', '/tmp/minio_downloads/1768094559.json', '/tmp/minio_downloads/1768094571.json', '/tmp/minio_downloads/1768094582.json', '/tmp/minio_downloads/1768094593.json', '/tmp/minio_downloads/1768094605.json', '/tmp/minio_downloads/1768094617.json', '/tmp/minio_downloads/1768094628.json', '/tmp/minio_downloads/1768094638.json', '/tmp/minio_downloads/1768094649.json', '/tmp/minio_downloads/1768094660.json', '/tmp/minio_downloads/1768094672.json', '/tmp/minio_downloads/1768094684.json', '/tmp/minio_downloads/1768094695.json', '/tmp/minio_downloads/1768094706.json']
[2026-01-11T12:28:19.126+0000] {taskinstance.py:441} INFO - ::group::Post task execution logs
[2026-01-11T12:28:19.391+0000] {taskinstance.py:1206} INFO - Marking task as SUCCESS. dag_id=minio_to_snowflake, task_id=download_minio, run_id=scheduled__2026-01-11T12:26:00+00:00, execution_date=20260111T122600, start_date=20260111T122758, end_date=20260111T122819
[2026-01-11T12:28:19.610+0000] {local_task_job_runner.py:243} INFO - Task exited with return code 0
[2026-01-11T12:28:19.790+0000] {taskinstance.py:3503} INFO - 1 downstream tasks scheduled from follow-on schedule check
[2026-01-11T12:28:19.809+0000] {local_task_job_runner.py:222} INFO - ::endgroup::
