[2026-01-10T01:01:03.542+0000] {local_task_job_runner.py:120} INFO - ::group::Pre task execution logs
[2026-01-10T01:01:03.656+0000] {taskinstance.py:2076} INFO - Dependencies all met for dep_context=non-requeueable deps ti=<TaskInstance: minio_to_snowflake.download_minio scheduled__2026-01-10T01:00:00+00:00 [queued]>
[2026-01-10T01:01:03.676+0000] {taskinstance.py:2076} INFO - Dependencies all met for dep_context=requeueable deps ti=<TaskInstance: minio_to_snowflake.download_minio scheduled__2026-01-10T01:00:00+00:00 [queued]>
[2026-01-10T01:01:03.677+0000] {taskinstance.py:2306} INFO - Starting attempt 1 of 2
[2026-01-10T01:01:03.713+0000] {taskinstance.py:2330} INFO - Executing <Task(PythonOperator): download_minio> on 2026-01-10 01:00:00+00:00
[2026-01-10T01:01:03.755+0000] {standard_task_runner.py:90} INFO - Running: ['***', 'tasks', 'run', 'minio_to_snowflake', 'download_minio', 'scheduled__2026-01-10T01:00:00+00:00', '--job-id', '14', '--raw', '--subdir', 'DAGS_FOLDER/minio_to_snowflake.py', '--cfg-path', '/tmp/tmpigtopds2']
[2026-01-10T01:01:03.758+0000] {logging_mixin.py:188} WARNING - /home/***/.local/lib/python3.12/site-packages/***/task/task_runner/standard_task_runner.py:62 DeprecationWarning: This process (pid=5916) is multi-threaded, use of fork() may lead to deadlocks in the child.
[2026-01-10T01:01:03.761+0000] {standard_task_runner.py:91} INFO - Job 14: Subtask download_minio
[2026-01-10T01:01:03.761+0000] {standard_task_runner.py:64} INFO - Started process 5919 to run task
[2026-01-10T01:01:04.006+0000] {task_command.py:426} INFO - Running <TaskInstance: minio_to_snowflake.download_minio scheduled__2026-01-10T01:00:00+00:00 [running]> on host ec4c21923cef
[2026-01-10T01:01:04.331+0000] {taskinstance.py:2648} INFO - Exporting env vars: AIRFLOW_CTX_DAG_OWNER='***' AIRFLOW_CTX_DAG_ID='minio_to_snowflake' AIRFLOW_CTX_TASK_ID='download_minio' AIRFLOW_CTX_EXECUTION_DATE='2026-01-10T01:00:00+00:00' AIRFLOW_CTX_TRY_NUMBER='1' AIRFLOW_CTX_DAG_RUN_ID='scheduled__2026-01-10T01:00:00+00:00'
[2026-01-10T01:01:04.336+0000] {taskinstance.py:430} INFO - ::endgroup::
[2026-01-10T01:01:04.858+0000] {logging_mixin.py:188} INFO - Downloaded AAPL/1767994102.json -> /tmp/minio_downloads/1767994102.json
[2026-01-10T01:01:04.878+0000] {logging_mixin.py:188} INFO - Downloaded AAPL/1767994114.json -> /tmp/minio_downloads/1767994114.json
[2026-01-10T01:01:04.894+0000] {logging_mixin.py:188} INFO - Downloaded AAPL/1767994127.json -> /tmp/minio_downloads/1767994127.json
[2026-01-10T01:01:04.911+0000] {logging_mixin.py:188} INFO - Downloaded AAPL/1767994138.json -> /tmp/minio_downloads/1767994138.json
[2026-01-10T01:01:04.926+0000] {logging_mixin.py:188} INFO - Downloaded AAPL/1767994149.json -> /tmp/minio_downloads/1767994149.json
[2026-01-10T01:01:04.943+0000] {logging_mixin.py:188} INFO - Downloaded AAPL/1767994160.json -> /tmp/minio_downloads/1767994160.json
[2026-01-10T01:01:04.959+0000] {logging_mixin.py:188} INFO - Downloaded AAPL/1767994171.json -> /tmp/minio_downloads/1767994171.json
[2026-01-10T01:01:04.972+0000] {logging_mixin.py:188} INFO - Downloaded AAPL/1767994189.json -> /tmp/minio_downloads/1767994189.json
[2026-01-10T01:01:04.988+0000] {logging_mixin.py:188} INFO - Downloaded AAPL/1767994201.json -> /tmp/minio_downloads/1767994201.json
[2026-01-10T01:01:05.015+0000] {logging_mixin.py:188} INFO - Downloaded AAPL/1767994212.json -> /tmp/minio_downloads/1767994212.json
[2026-01-10T01:01:05.054+0000] {logging_mixin.py:188} INFO - Downloaded AAPL/1767994225.json -> /tmp/minio_downloads/1767994225.json
[2026-01-10T01:01:05.090+0000] {logging_mixin.py:188} INFO - Downloaded AAPL/1767994235.json -> /tmp/minio_downloads/1767994235.json
[2026-01-10T01:01:05.125+0000] {logging_mixin.py:188} INFO - Downloaded AAPL/1767994246.json -> /tmp/minio_downloads/1767994246.json
[2026-01-10T01:01:05.159+0000] {logging_mixin.py:188} INFO - Downloaded AAPL/1767994258.json -> /tmp/minio_downloads/1767994258.json
[2026-01-10T01:01:05.243+0000] {logging_mixin.py:188} INFO - Downloaded AAPL/1767994270.json -> /tmp/minio_downloads/1767994270.json
[2026-01-10T01:01:05.287+0000] {logging_mixin.py:188} INFO - Downloaded AAPL/1767994281.json -> /tmp/minio_downloads/1767994281.json
[2026-01-10T01:01:05.331+0000] {logging_mixin.py:188} INFO - Downloaded AAPL/1767997418.json -> /tmp/minio_downloads/1767997418.json
[2026-01-10T01:01:05.354+0000] {logging_mixin.py:188} INFO - Downloaded AAPL/1767997428.json -> /tmp/minio_downloads/1767997428.json
[2026-01-10T01:01:05.381+0000] {logging_mixin.py:188} INFO - Downloaded AAPL/1767997440.json -> /tmp/minio_downloads/1767997440.json
[2026-01-10T01:01:05.396+0000] {logging_mixin.py:188} INFO - Downloaded AAPL/1767997450.json -> /tmp/minio_downloads/1767997450.json
[2026-01-10T01:01:05.412+0000] {logging_mixin.py:188} INFO - Downloaded AAPL/1767997461.json -> /tmp/minio_downloads/1767997461.json
[2026-01-10T01:01:05.433+0000] {logging_mixin.py:188} INFO - Downloaded AAPL/1767997471.json -> /tmp/minio_downloads/1767997471.json
[2026-01-10T01:01:05.453+0000] {logging_mixin.py:188} INFO - Downloaded AAPL/1767997482.json -> /tmp/minio_downloads/1767997482.json
[2026-01-10T01:01:05.474+0000] {logging_mixin.py:188} INFO - Downloaded AAPL/1767997492.json -> /tmp/minio_downloads/1767997492.json
[2026-01-10T01:01:05.522+0000] {logging_mixin.py:188} INFO - Downloaded AAPL/1768000525.json -> /tmp/minio_downloads/1768000525.json
[2026-01-10T01:01:05.581+0000] {logging_mixin.py:188} INFO - Downloaded AAPL/1768000535.json -> /tmp/minio_downloads/1768000535.json
[2026-01-10T01:01:05.642+0000] {logging_mixin.py:188} INFO - Downloaded AAPL/1768000546.json -> /tmp/minio_downloads/1768000546.json
[2026-01-10T01:01:05.665+0000] {logging_mixin.py:188} INFO - Downloaded AAPL/1768000556.json -> /tmp/minio_downloads/1768000556.json
[2026-01-10T01:01:05.696+0000] {logging_mixin.py:188} INFO - Downloaded AAPL/1768000567.json -> /tmp/minio_downloads/1768000567.json
[2026-01-10T01:01:05.717+0000] {logging_mixin.py:188} INFO - Downloaded AAPL/1768000579.json -> /tmp/minio_downloads/1768000579.json
[2026-01-10T01:01:05.745+0000] {logging_mixin.py:188} INFO - Downloaded AAPL/1768000592.json -> /tmp/minio_downloads/1768000592.json
[2026-01-10T01:01:05.760+0000] {logging_mixin.py:188} INFO - Downloaded AAPL/1768000604.json -> /tmp/minio_downloads/1768000604.json
[2026-01-10T01:01:05.775+0000] {logging_mixin.py:188} INFO - Downloaded AAPL/1768000616.json -> /tmp/minio_downloads/1768000616.json
[2026-01-10T01:01:05.788+0000] {logging_mixin.py:188} INFO - Downloaded AAPL/1768000631.json -> /tmp/minio_downloads/1768000631.json
[2026-01-10T01:01:05.809+0000] {logging_mixin.py:188} INFO - Downloaded AAPL/1768000644.json -> /tmp/minio_downloads/1768000644.json
[2026-01-10T01:01:05.826+0000] {logging_mixin.py:188} INFO - Downloaded AAPL/1768000655.json -> /tmp/minio_downloads/1768000655.json
[2026-01-10T01:01:05.841+0000] {logging_mixin.py:188} INFO - Downloaded AAPL/1768000666.json -> /tmp/minio_downloads/1768000666.json
[2026-01-10T01:01:05.857+0000] {logging_mixin.py:188} INFO - Downloaded AAPL/1768000677.json -> /tmp/minio_downloads/1768000677.json
[2026-01-10T01:01:05.873+0000] {logging_mixin.py:188} INFO - Downloaded AAPL/1768000688.json -> /tmp/minio_downloads/1768000688.json
[2026-01-10T01:01:05.886+0000] {logging_mixin.py:188} INFO - Downloaded AAPL/1768000698.json -> /tmp/minio_downloads/1768000698.json
[2026-01-10T01:01:05.899+0000] {logging_mixin.py:188} INFO - Downloaded AAPL/1768000710.json -> /tmp/minio_downloads/1768000710.json
[2026-01-10T01:01:05.913+0000] {logging_mixin.py:188} INFO - Downloaded AAPL/1768000720.json -> /tmp/minio_downloads/1768000720.json
[2026-01-10T01:01:05.924+0000] {logging_mixin.py:188} INFO - Downloaded AAPL/1768000731.json -> /tmp/minio_downloads/1768000731.json
[2026-01-10T01:01:05.943+0000] {logging_mixin.py:188} INFO - Downloaded AAPL/1768000742.json -> /tmp/minio_downloads/1768000742.json
[2026-01-10T01:01:05.960+0000] {logging_mixin.py:188} INFO - Downloaded AAPL/1768000753.json -> /tmp/minio_downloads/1768000753.json
[2026-01-10T01:01:05.975+0000] {logging_mixin.py:188} INFO - Downloaded AAPL/1768000764.json -> /tmp/minio_downloads/1768000764.json
[2026-01-10T01:01:05.991+0000] {logging_mixin.py:188} INFO - Downloaded AAPL/1768000776.json -> /tmp/minio_downloads/1768000776.json
[2026-01-10T01:01:06.014+0000] {logging_mixin.py:188} INFO - Downloaded AAPL/1768000787.json -> /tmp/minio_downloads/1768000787.json
[2026-01-10T01:01:06.042+0000] {logging_mixin.py:188} INFO - Downloaded AAPL/1768000797.json -> /tmp/minio_downloads/1768000797.json
[2026-01-10T01:01:06.064+0000] {logging_mixin.py:188} INFO - Downloaded AAPL/1768000808.json -> /tmp/minio_downloads/1768000808.json
[2026-01-10T01:01:06.081+0000] {logging_mixin.py:188} INFO - Downloaded AAPL/1768000819.json -> /tmp/minio_downloads/1768000819.json
[2026-01-10T01:01:06.097+0000] {logging_mixin.py:188} INFO - Downloaded AAPL/1768000831.json -> /tmp/minio_downloads/1768000831.json
[2026-01-10T01:01:06.113+0000] {logging_mixin.py:188} INFO - Downloaded AAPL/1768000843.json -> /tmp/minio_downloads/1768000843.json
[2026-01-10T01:01:06.137+0000] {logging_mixin.py:188} INFO - Downloaded AAPL/1768000855.json -> /tmp/minio_downloads/1768000855.json
[2026-01-10T01:01:06.150+0000] {logging_mixin.py:188} INFO - Downloaded AAPL/1768000867.json -> /tmp/minio_downloads/1768000867.json
[2026-01-10T01:01:06.162+0000] {logging_mixin.py:188} INFO - Downloaded AAPL/1768000878.json -> /tmp/minio_downloads/1768000878.json
[2026-01-10T01:01:06.175+0000] {logging_mixin.py:188} INFO - Downloaded AAPL/1768000890.json -> /tmp/minio_downloads/1768000890.json
[2026-01-10T01:01:06.196+0000] {logging_mixin.py:188} INFO - Downloaded AAPL/1768000901.json -> /tmp/minio_downloads/1768000901.json
[2026-01-10T01:01:06.210+0000] {logging_mixin.py:188} INFO - Downloaded AAPL/1768000912.json -> /tmp/minio_downloads/1768000912.json
[2026-01-10T01:01:06.222+0000] {logging_mixin.py:188} INFO - Downloaded AAPL/1768000921.json -> /tmp/minio_downloads/1768000921.json
[2026-01-10T01:01:06.237+0000] {logging_mixin.py:188} INFO - Downloaded AAPL/1768000932.json -> /tmp/minio_downloads/1768000932.json
[2026-01-10T01:01:06.247+0000] {logging_mixin.py:188} INFO - Downloaded AAPL/1768000942.json -> /tmp/minio_downloads/1768000942.json
[2026-01-10T01:01:06.263+0000] {logging_mixin.py:188} INFO - Downloaded AAPL/1768000953.json -> /tmp/minio_downloads/1768000953.json
[2026-01-10T01:01:06.275+0000] {logging_mixin.py:188} INFO - Downloaded AAPL/1768001779.json -> /tmp/minio_downloads/1768001779.json
[2026-01-10T01:01:06.285+0000] {logging_mixin.py:188} INFO - Downloaded AAPL/1768001791.json -> /tmp/minio_downloads/1768001791.json
[2026-01-10T01:01:06.302+0000] {logging_mixin.py:188} INFO - Downloaded AAPL/1768001803.json -> /tmp/minio_downloads/1768001803.json
[2026-01-10T01:01:06.320+0000] {logging_mixin.py:188} INFO - Downloaded AAPL/1768001813.json -> /tmp/minio_downloads/1768001813.json
[2026-01-10T01:01:06.335+0000] {logging_mixin.py:188} INFO - Downloaded AAPL/1768001825.json -> /tmp/minio_downloads/1768001825.json
[2026-01-10T01:01:06.345+0000] {logging_mixin.py:188} INFO - Downloaded AAPL/1768001837.json -> /tmp/minio_downloads/1768001837.json
[2026-01-10T01:01:06.355+0000] {logging_mixin.py:188} INFO - Downloaded AAPL/1768001849.json -> /tmp/minio_downloads/1768001849.json
[2026-01-10T01:01:06.365+0000] {logging_mixin.py:188} INFO - Downloaded AAPL/1768001859.json -> /tmp/minio_downloads/1768001859.json
[2026-01-10T01:01:06.376+0000] {logging_mixin.py:188} INFO - Downloaded AAPL/1768001868.json -> /tmp/minio_downloads/1768001868.json
[2026-01-10T01:01:06.391+0000] {logging_mixin.py:188} INFO - Downloaded AAPL/1768002255.json -> /tmp/minio_downloads/1768002255.json
[2026-01-10T01:01:06.403+0000] {logging_mixin.py:188} INFO - Downloaded AAPL/1768002265.json -> /tmp/minio_downloads/1768002265.json
[2026-01-10T01:01:06.413+0000] {logging_mixin.py:188} INFO - Downloaded AAPL/1768002275.json -> /tmp/minio_downloads/1768002275.json
[2026-01-10T01:01:06.422+0000] {logging_mixin.py:188} INFO - Downloaded AAPL/1768002285.json -> /tmp/minio_downloads/1768002285.json
[2026-01-10T01:01:06.432+0000] {logging_mixin.py:188} INFO - Downloaded AAPL/1768002294.json -> /tmp/minio_downloads/1768002294.json
[2026-01-10T01:01:06.441+0000] {logging_mixin.py:188} INFO - Downloaded AAPL/1768002304.json -> /tmp/minio_downloads/1768002304.json
[2026-01-10T01:01:06.455+0000] {logging_mixin.py:188} INFO - Downloaded AAPL/1768002313.json -> /tmp/minio_downloads/1768002313.json
[2026-01-10T01:01:06.466+0000] {logging_mixin.py:188} INFO - Downloaded AAPL/1768002323.json -> /tmp/minio_downloads/1768002323.json
[2026-01-10T01:01:06.474+0000] {logging_mixin.py:188} INFO - Downloaded AAPL/1768002333.json -> /tmp/minio_downloads/1768002333.json
[2026-01-10T01:01:06.482+0000] {logging_mixin.py:188} INFO - Downloaded AAPL/1768002343.json -> /tmp/minio_downloads/1768002343.json
[2026-01-10T01:01:06.489+0000] {logging_mixin.py:188} INFO - Downloaded AAPL/1768002355.json -> /tmp/minio_downloads/1768002355.json
[2026-01-10T01:01:06.497+0000] {logging_mixin.py:188} INFO - Downloaded AAPL/1768002366.json -> /tmp/minio_downloads/1768002366.json
[2026-01-10T01:01:06.505+0000] {logging_mixin.py:188} INFO - Downloaded AAPL/1768002377.json -> /tmp/minio_downloads/1768002377.json
[2026-01-10T01:01:06.514+0000] {logging_mixin.py:188} INFO - Downloaded AAPL/1768002388.json -> /tmp/minio_downloads/1768002388.json
[2026-01-10T01:01:06.526+0000] {logging_mixin.py:188} INFO - Downloaded AAPL/1768002399.json -> /tmp/minio_downloads/1768002399.json
[2026-01-10T01:01:06.536+0000] {logging_mixin.py:188} INFO - Downloaded AAPL/1768002410.json -> /tmp/minio_downloads/1768002410.json
[2026-01-10T01:01:06.544+0000] {logging_mixin.py:188} INFO - Downloaded AAPL/1768002420.json -> /tmp/minio_downloads/1768002420.json
[2026-01-10T01:01:06.552+0000] {logging_mixin.py:188} INFO - Downloaded AAPL/1768002432.json -> /tmp/minio_downloads/1768002432.json
[2026-01-10T01:01:06.560+0000] {logging_mixin.py:188} INFO - Downloaded AAPL/1768002443.json -> /tmp/minio_downloads/1768002443.json
[2026-01-10T01:01:06.569+0000] {logging_mixin.py:188} INFO - Downloaded AAPL/1768002455.json -> /tmp/minio_downloads/1768002455.json
[2026-01-10T01:01:06.577+0000] {logging_mixin.py:188} INFO - Downloaded AMZN/1767994107.json -> /tmp/minio_downloads/1767994107.json
[2026-01-10T01:01:06.591+0000] {logging_mixin.py:188} INFO - Downloaded AMZN/1767994120.json -> /tmp/minio_downloads/1767994120.json
[2026-01-10T01:01:06.601+0000] {logging_mixin.py:188} INFO - Downloaded AMZN/1767994132.json -> /tmp/minio_downloads/1767994132.json
[2026-01-10T01:01:06.610+0000] {logging_mixin.py:188} INFO - Downloaded AMZN/1767994142.json -> /tmp/minio_downloads/1767994142.json
[2026-01-10T01:01:06.620+0000] {logging_mixin.py:188} INFO - Downloaded AMZN/1767994153.json -> /tmp/minio_downloads/1767994153.json
[2026-01-10T01:01:06.630+0000] {logging_mixin.py:188} INFO - Downloaded AMZN/1767994164.json -> /tmp/minio_downloads/1767994164.json
[2026-01-10T01:01:06.639+0000] {logging_mixin.py:188} INFO - Downloaded AMZN/1767994182.json -> /tmp/minio_downloads/1767994182.json
[2026-01-10T01:01:06.656+0000] {logging_mixin.py:188} INFO - Downloaded AMZN/1767994193.json -> /tmp/minio_downloads/1767994193.json
[2026-01-10T01:01:06.667+0000] {logging_mixin.py:188} INFO - Downloaded AMZN/1767994205.json -> /tmp/minio_downloads/1767994205.json
[2026-01-10T01:01:06.677+0000] {logging_mixin.py:188} INFO - Downloaded AMZN/1767994216.json -> /tmp/minio_downloads/1767994216.json
[2026-01-10T01:01:06.690+0000] {logging_mixin.py:188} INFO - Downloaded AMZN/1767994228.json -> /tmp/minio_downloads/1767994228.json
[2026-01-10T01:01:06.702+0000] {logging_mixin.py:188} INFO - Downloaded AMZN/1767994240.json -> /tmp/minio_downloads/1767994240.json
[2026-01-10T01:01:06.722+0000] {logging_mixin.py:188} INFO - Downloaded AMZN/1767994250.json -> /tmp/minio_downloads/1767994250.json
[2026-01-10T01:01:06.738+0000] {logging_mixin.py:188} INFO - Downloaded AMZN/1767994263.json -> /tmp/minio_downloads/1767994263.json
[2026-01-10T01:01:06.752+0000] {logging_mixin.py:188} INFO - Downloaded AMZN/1767994274.json -> /tmp/minio_downloads/1767994274.json
[2026-01-10T01:01:06.767+0000] {logging_mixin.py:188} INFO - Downloaded AMZN/1767997421.json -> /tmp/minio_downloads/1767997421.json
[2026-01-10T01:01:06.787+0000] {logging_mixin.py:188} INFO - Downloaded AMZN/1767997432.json -> /tmp/minio_downloads/1767997432.json
[2026-01-10T01:01:06.801+0000] {logging_mixin.py:188} INFO - Downloaded AMZN/1767997443.json -> /tmp/minio_downloads/1767997443.json
[2026-01-10T01:01:06.812+0000] {logging_mixin.py:188} INFO - Downloaded AMZN/1767997454.json -> /tmp/minio_downloads/1767997454.json
[2026-01-10T01:01:06.823+0000] {logging_mixin.py:188} INFO - Downloaded AMZN/1767997465.json -> /tmp/minio_downloads/1767997465.json
[2026-01-10T01:01:06.833+0000] {logging_mixin.py:188} INFO - Downloaded AMZN/1767997474.json -> /tmp/minio_downloads/1767997474.json
[2026-01-10T01:01:06.845+0000] {logging_mixin.py:188} INFO - Downloaded AMZN/1767997485.json -> /tmp/minio_downloads/1767997485.json
[2026-01-10T01:01:06.863+0000] {logging_mixin.py:188} INFO - Downloaded AMZN/1767997494.json -> /tmp/minio_downloads/1767997494.json
[2026-01-10T01:01:06.873+0000] {logging_mixin.py:188} INFO - Downloaded AMZN/1768000528.json -> /tmp/minio_downloads/1768000528.json
[2026-01-10T01:01:06.884+0000] {logging_mixin.py:188} INFO - Downloaded AMZN/1768000539.json -> /tmp/minio_downloads/1768000539.json
[2026-01-10T01:01:06.896+0000] {logging_mixin.py:188} INFO - Downloaded AMZN/1768000549.json -> /tmp/minio_downloads/1768000549.json
[2026-01-10T01:01:06.906+0000] {logging_mixin.py:188} INFO - Downloaded AMZN/1768000559.json -> /tmp/minio_downloads/1768000559.json
[2026-01-10T01:01:06.923+0000] {logging_mixin.py:188} INFO - Downloaded AMZN/1768000572.json -> /tmp/minio_downloads/1768000572.json
[2026-01-10T01:01:06.934+0000] {logging_mixin.py:188} INFO - Downloaded AMZN/1768000585.json -> /tmp/minio_downloads/1768000585.json
[2026-01-10T01:01:06.942+0000] {logging_mixin.py:188} INFO - Downloaded AMZN/1768000597.json -> /tmp/minio_downloads/1768000597.json
[2026-01-10T01:01:06.950+0000] {logging_mixin.py:188} INFO - Downloaded AMZN/1768000609.json -> /tmp/minio_downloads/1768000609.json
[2026-01-10T01:01:06.959+0000] {logging_mixin.py:188} INFO - Downloaded AMZN/1768000623.json -> /tmp/minio_downloads/1768000623.json
[2026-01-10T01:01:06.967+0000] {logging_mixin.py:188} INFO - Downloaded AMZN/1768000637.json -> /tmp/minio_downloads/1768000637.json
[2026-01-10T01:01:06.979+0000] {logging_mixin.py:188} INFO - Downloaded AMZN/1768000648.json -> /tmp/minio_downloads/1768000648.json
[2026-01-10T01:01:06.994+0000] {logging_mixin.py:188} INFO - Downloaded AMZN/1768000659.json -> /tmp/minio_downloads/1768000659.json
[2026-01-10T01:01:07.002+0000] {logging_mixin.py:188} INFO - Downloaded AMZN/1768000670.json -> /tmp/minio_downloads/1768000670.json
[2026-01-10T01:01:07.012+0000] {logging_mixin.py:188} INFO - Downloaded AMZN/1768000681.json -> /tmp/minio_downloads/1768000681.json
[2026-01-10T01:01:07.021+0000] {logging_mixin.py:188} INFO - Downloaded AMZN/1768000692.json -> /tmp/minio_downloads/1768000692.json
[2026-01-10T01:01:07.031+0000] {logging_mixin.py:188} INFO - Downloaded AMZN/1768000703.json -> /tmp/minio_downloads/1768000703.json
[2026-01-10T01:01:07.044+0000] {logging_mixin.py:188} INFO - Downloaded AMZN/1768000714.json -> /tmp/minio_downloads/1768000714.json
[2026-01-10T01:01:07.062+0000] {logging_mixin.py:188} INFO - Downloaded AMZN/1768000724.json -> /tmp/minio_downloads/1768000724.json
[2026-01-10T01:01:07.073+0000] {logging_mixin.py:188} INFO - Downloaded AMZN/1768000735.json -> /tmp/minio_downloads/1768000735.json
[2026-01-10T01:01:07.085+0000] {logging_mixin.py:188} INFO - Downloaded AMZN/1768000746.json -> /tmp/minio_downloads/1768000746.json
[2026-01-10T01:01:07.095+0000] {logging_mixin.py:188} INFO - Downloaded AMZN/1768000757.json -> /tmp/minio_downloads/1768000757.json
[2026-01-10T01:01:07.106+0000] {logging_mixin.py:188} INFO - Downloaded AMZN/1768000768.json -> /tmp/minio_downloads/1768000768.json
[2026-01-10T01:01:07.126+0000] {logging_mixin.py:188} INFO - Downloaded AMZN/1768000780.json -> /tmp/minio_downloads/1768000780.json
[2026-01-10T01:01:07.136+0000] {logging_mixin.py:188} INFO - Downloaded AMZN/1768000791.json -> /tmp/minio_downloads/1768000791.json
[2026-01-10T01:01:07.146+0000] {logging_mixin.py:188} INFO - Downloaded AMZN/1768000801.json -> /tmp/minio_downloads/1768000801.json
[2026-01-10T01:01:07.155+0000] {logging_mixin.py:188} INFO - Downloaded AMZN/1768000812.json -> /tmp/minio_downloads/1768000812.json
[2026-01-10T01:01:07.164+0000] {logging_mixin.py:188} INFO - Downloaded AMZN/1768000824.json -> /tmp/minio_downloads/1768000824.json
[2026-01-10T01:01:07.181+0000] {logging_mixin.py:188} INFO - Downloaded AMZN/1768000836.json -> /tmp/minio_downloads/1768000836.json
[2026-01-10T01:01:07.192+0000] {logging_mixin.py:188} INFO - Downloaded AMZN/1768000848.json -> /tmp/minio_downloads/1768000848.json
[2026-01-10T01:01:07.202+0000] {logging_mixin.py:188} INFO - Downloaded AMZN/1768000860.json -> /tmp/minio_downloads/1768000860.json
[2026-01-10T01:01:07.210+0000] {logging_mixin.py:188} INFO - Downloaded AMZN/1768000871.json -> /tmp/minio_downloads/1768000871.json
[2026-01-10T01:01:07.218+0000] {logging_mixin.py:188} INFO - Downloaded AMZN/1768000883.json -> /tmp/minio_downloads/1768000883.json
[2026-01-10T01:01:07.227+0000] {logging_mixin.py:188} INFO - Downloaded AMZN/1768000894.json -> /tmp/minio_downloads/1768000894.json
[2026-01-10T01:01:07.235+0000] {logging_mixin.py:188} INFO - Downloaded AMZN/1768000905.json -> /tmp/minio_downloads/1768000905.json
[2026-01-10T01:01:07.248+0000] {logging_mixin.py:188} INFO - Downloaded AMZN/1768000914.json -> /tmp/minio_downloads/1768000914.json
[2026-01-10T01:01:07.258+0000] {logging_mixin.py:188} INFO - Downloaded AMZN/1768000925.json -> /tmp/minio_downloads/1768000925.json
[2026-01-10T01:01:07.267+0000] {logging_mixin.py:188} INFO - Downloaded AMZN/1768000935.json -> /tmp/minio_downloads/1768000935.json
[2026-01-10T01:01:07.275+0000] {logging_mixin.py:188} INFO - Downloaded AMZN/1768000946.json -> /tmp/minio_downloads/1768000946.json
[2026-01-10T01:01:07.283+0000] {logging_mixin.py:188} INFO - Downloaded AMZN/1768000957.json -> /tmp/minio_downloads/1768000957.json
[2026-01-10T01:01:07.291+0000] {logging_mixin.py:188} INFO - Downloaded AMZN/1768001784.json -> /tmp/minio_downloads/1768001784.json
[2026-01-10T01:01:07.300+0000] {logging_mixin.py:188} INFO - Downloaded AMZN/1768001796.json -> /tmp/minio_downloads/1768001796.json
[2026-01-10T01:01:07.313+0000] {logging_mixin.py:188} INFO - Downloaded AMZN/1768001806.json -> /tmp/minio_downloads/1768001806.json
[2026-01-10T01:01:07.323+0000] {logging_mixin.py:188} INFO - Downloaded AMZN/1768001818.json -> /tmp/minio_downloads/1768001818.json
[2026-01-10T01:01:07.332+0000] {logging_mixin.py:188} INFO - Downloaded AMZN/1768001830.json -> /tmp/minio_downloads/1768001830.json
[2026-01-10T01:01:07.341+0000] {logging_mixin.py:188} INFO - Downloaded AMZN/1768001842.json -> /tmp/minio_downloads/1768001842.json
[2026-01-10T01:01:07.349+0000] {logging_mixin.py:188} INFO - Downloaded AMZN/1768001852.json -> /tmp/minio_downloads/1768001852.json
[2026-01-10T01:01:07.359+0000] {logging_mixin.py:188} INFO - Downloaded AMZN/1768001862.json -> /tmp/minio_downloads/1768001862.json
[2026-01-10T01:01:07.367+0000] {logging_mixin.py:188} INFO - Downloaded AMZN/1768001871.json -> /tmp/minio_downloads/1768001871.json
[2026-01-10T01:01:07.382+0000] {logging_mixin.py:188} INFO - Downloaded AMZN/1768002259.json -> /tmp/minio_downloads/1768002259.json
[2026-01-10T01:01:07.393+0000] {logging_mixin.py:188} INFO - Downloaded AMZN/1768002268.json -> /tmp/minio_downloads/1768002268.json
[2026-01-10T01:01:07.402+0000] {logging_mixin.py:188} INFO - Downloaded AMZN/1768002278.json -> /tmp/minio_downloads/1768002278.json
[2026-01-10T01:01:07.411+0000] {logging_mixin.py:188} INFO - Downloaded AMZN/1768002287.json -> /tmp/minio_downloads/1768002287.json
[2026-01-10T01:01:07.421+0000] {logging_mixin.py:188} INFO - Downloaded AMZN/1768002297.json -> /tmp/minio_downloads/1768002297.json
[2026-01-10T01:01:07.430+0000] {logging_mixin.py:188} INFO - Downloaded AMZN/1768002306.json -> /tmp/minio_downloads/1768002306.json
[2026-01-10T01:01:07.452+0000] {logging_mixin.py:188} INFO - Downloaded AMZN/1768002316.json -> /tmp/minio_downloads/1768002316.json
[2026-01-10T01:01:07.462+0000] {logging_mixin.py:188} INFO - Downloaded AMZN/1768002326.json -> /tmp/minio_downloads/1768002326.json
[2026-01-10T01:01:07.474+0000] {logging_mixin.py:188} INFO - Downloaded AMZN/1768002336.json -> /tmp/minio_downloads/1768002336.json
[2026-01-10T01:01:07.485+0000] {logging_mixin.py:188} INFO - Downloaded AMZN/1768002347.json -> /tmp/minio_downloads/1768002347.json
[2026-01-10T01:01:07.494+0000] {logging_mixin.py:188} INFO - Downloaded AMZN/1768002359.json -> /tmp/minio_downloads/1768002359.json
[2026-01-10T01:01:07.511+0000] {logging_mixin.py:188} INFO - Downloaded AMZN/1768002371.json -> /tmp/minio_downloads/1768002371.json
[2026-01-10T01:01:07.523+0000] {logging_mixin.py:188} INFO - Downloaded AMZN/1768002381.json -> /tmp/minio_downloads/1768002381.json
[2026-01-10T01:01:07.532+0000] {logging_mixin.py:188} INFO - Downloaded AMZN/1768002392.json -> /tmp/minio_downloads/1768002392.json
[2026-01-10T01:01:07.542+0000] {logging_mixin.py:188} INFO - Downloaded AMZN/1768002403.json -> /tmp/minio_downloads/1768002403.json
[2026-01-10T01:01:07.553+0000] {logging_mixin.py:188} INFO - Downloaded AMZN/1768002413.json -> /tmp/minio_downloads/1768002413.json
[2026-01-10T01:01:07.563+0000] {logging_mixin.py:188} INFO - Downloaded AMZN/1768002425.json -> /tmp/minio_downloads/1768002425.json
[2026-01-10T01:01:07.581+0000] {logging_mixin.py:188} INFO - Downloaded AMZN/1768002436.json -> /tmp/minio_downloads/1768002436.json
[2026-01-10T01:01:07.594+0000] {logging_mixin.py:188} INFO - Downloaded AMZN/1768002448.json -> /tmp/minio_downloads/1768002448.json
[2026-01-10T01:01:07.605+0000] {logging_mixin.py:188} INFO - Downloaded AMZN/1768002459.json -> /tmp/minio_downloads/1768002459.json
[2026-01-10T01:01:07.616+0000] {logging_mixin.py:188} INFO - Downloaded GOOGL/1767994105.json -> /tmp/minio_downloads/1767994105.json
[2026-01-10T01:01:07.627+0000] {logging_mixin.py:188} INFO - Downloaded GOOGL/1767994117.json -> /tmp/minio_downloads/1767994117.json
[2026-01-10T01:01:07.645+0000] {logging_mixin.py:188} INFO - Downloaded GOOGL/1767994131.json -> /tmp/minio_downloads/1767994131.json
[2026-01-10T01:01:07.674+0000] {logging_mixin.py:188} INFO - Downloaded GOOGL/1767994141.json -> /tmp/minio_downloads/1767994141.json
[2026-01-10T01:01:07.692+0000] {logging_mixin.py:188} INFO - Downloaded GOOGL/1767994152.json -> /tmp/minio_downloads/1767994152.json
[2026-01-10T01:01:07.707+0000] {logging_mixin.py:188} INFO - Downloaded GOOGL/1767994163.json -> /tmp/minio_downloads/1767994163.json
[2026-01-10T01:01:07.732+0000] {logging_mixin.py:188} INFO - Downloaded GOOGL/1767994181.json -> /tmp/minio_downloads/1767994181.json
[2026-01-10T01:01:07.760+0000] {logging_mixin.py:188} INFO - Downloaded GOOGL/1767994192.json -> /tmp/minio_downloads/1767994192.json
[2026-01-10T01:01:07.788+0000] {logging_mixin.py:188} INFO - Downloaded GOOGL/1767994204.json -> /tmp/minio_downloads/1767994204.json
[2026-01-10T01:01:07.806+0000] {logging_mixin.py:188} INFO - Downloaded GOOGL/1767994215.json -> /tmp/minio_downloads/1767994215.json
[2026-01-10T01:01:07.831+0000] {logging_mixin.py:188} INFO - Downloaded GOOGL/1767994227.json -> /tmp/minio_downloads/1767994227.json
[2026-01-10T01:01:07.857+0000] {logging_mixin.py:188} INFO - Downloaded GOOGL/1767994239.json -> /tmp/minio_downloads/1767994239.json
[2026-01-10T01:01:07.872+0000] {logging_mixin.py:188} INFO - Downloaded GOOGL/1767994249.json -> /tmp/minio_downloads/1767994249.json
[2026-01-10T01:01:07.886+0000] {logging_mixin.py:188} INFO - Downloaded GOOGL/1767994261.json -> /tmp/minio_downloads/1767994261.json
[2026-01-10T01:01:07.898+0000] {logging_mixin.py:188} INFO - Downloaded GOOGL/1767994273.json -> /tmp/minio_downloads/1767994273.json
[2026-01-10T01:01:07.917+0000] {logging_mixin.py:188} INFO - Downloaded GOOGL/1767997420.json -> /tmp/minio_downloads/1767997420.json
[2026-01-10T01:01:07.938+0000] {logging_mixin.py:188} INFO - Downloaded GOOGL/1767997431.json -> /tmp/minio_downloads/1767997431.json
[2026-01-10T01:01:07.956+0000] {logging_mixin.py:188} INFO - Downloaded GOOGL/1767997442.json -> /tmp/minio_downloads/1767997442.json
[2026-01-10T01:01:07.981+0000] {logging_mixin.py:188} INFO - Downloaded GOOGL/1767997453.json -> /tmp/minio_downloads/1767997453.json
[2026-01-10T01:01:07.999+0000] {logging_mixin.py:188} INFO - Downloaded GOOGL/1767997464.json -> /tmp/minio_downloads/1767997464.json
[2026-01-10T01:01:08.015+0000] {logging_mixin.py:188} INFO - Downloaded GOOGL/1767997473.json -> /tmp/minio_downloads/1767997473.json
[2026-01-10T01:01:08.030+0000] {logging_mixin.py:188} INFO - Downloaded GOOGL/1767997484.json -> /tmp/minio_downloads/1767997484.json
[2026-01-10T01:01:08.053+0000] {logging_mixin.py:188} INFO - Downloaded GOOGL/1767997494.json -> /tmp/minio_downloads/1767997494.json
[2026-01-10T01:01:08.075+0000] {logging_mixin.py:188} INFO - Downloaded GOOGL/1768000527.json -> /tmp/minio_downloads/1768000527.json
[2026-01-10T01:01:08.090+0000] {logging_mixin.py:188} INFO - Downloaded GOOGL/1768000538.json -> /tmp/minio_downloads/1768000538.json
[2026-01-10T01:01:08.109+0000] {logging_mixin.py:188} INFO - Downloaded GOOGL/1768000548.json -> /tmp/minio_downloads/1768000548.json
[2026-01-10T01:01:08.121+0000] {logging_mixin.py:188} INFO - Downloaded GOOGL/1768000559.json -> /tmp/minio_downloads/1768000559.json
[2026-01-10T01:01:08.131+0000] {logging_mixin.py:188} INFO - Downloaded GOOGL/1768000570.json -> /tmp/minio_downloads/1768000570.json
[2026-01-10T01:01:08.140+0000] {logging_mixin.py:188} INFO - Downloaded GOOGL/1768000583.json -> /tmp/minio_downloads/1768000583.json
[2026-01-10T01:01:08.149+0000] {logging_mixin.py:188} INFO - Downloaded GOOGL/1768000596.json -> /tmp/minio_downloads/1768000596.json
[2026-01-10T01:01:08.159+0000] {logging_mixin.py:188} INFO - Downloaded GOOGL/1768000608.json -> /tmp/minio_downloads/1768000608.json
[2026-01-10T01:01:08.173+0000] {logging_mixin.py:188} INFO - Downloaded GOOGL/1768000622.json -> /tmp/minio_downloads/1768000622.json
[2026-01-10T01:01:08.183+0000] {logging_mixin.py:188} INFO - Downloaded GOOGL/1768000635.json -> /tmp/minio_downloads/1768000635.json
[2026-01-10T01:01:08.193+0000] {logging_mixin.py:188} INFO - Downloaded GOOGL/1768000647.json -> /tmp/minio_downloads/1768000647.json
[2026-01-10T01:01:08.202+0000] {logging_mixin.py:188} INFO - Downloaded GOOGL/1768000658.json -> /tmp/minio_downloads/1768000658.json
[2026-01-10T01:01:08.212+0000] {logging_mixin.py:188} INFO - Downloaded GOOGL/1768000669.json -> /tmp/minio_downloads/1768000669.json
[2026-01-10T01:01:08.221+0000] {logging_mixin.py:188} INFO - Downloaded GOOGL/1768000680.json -> /tmp/minio_downloads/1768000680.json
[2026-01-10T01:01:08.238+0000] {logging_mixin.py:188} INFO - Downloaded GOOGL/1768000691.json -> /tmp/minio_downloads/1768000691.json
[2026-01-10T01:01:08.249+0000] {logging_mixin.py:188} INFO - Downloaded GOOGL/1768000702.json -> /tmp/minio_downloads/1768000702.json
[2026-01-10T01:01:08.260+0000] {logging_mixin.py:188} INFO - Downloaded GOOGL/1768000713.json -> /tmp/minio_downloads/1768000713.json
[2026-01-10T01:01:08.269+0000] {logging_mixin.py:188} INFO - Downloaded GOOGL/1768000723.json -> /tmp/minio_downloads/1768000723.json
[2026-01-10T01:01:08.278+0000] {logging_mixin.py:188} INFO - Downloaded GOOGL/1768000734.json -> /tmp/minio_downloads/1768000734.json
[2026-01-10T01:01:08.288+0000] {logging_mixin.py:188} INFO - Downloaded GOOGL/1768000745.json -> /tmp/minio_downloads/1768000745.json
[2026-01-10T01:01:08.305+0000] {logging_mixin.py:188} INFO - Downloaded GOOGL/1768000756.json -> /tmp/minio_downloads/1768000756.json
[2026-01-10T01:01:08.318+0000] {logging_mixin.py:188} INFO - Downloaded GOOGL/1768000767.json -> /tmp/minio_downloads/1768000767.json
[2026-01-10T01:01:08.331+0000] {logging_mixin.py:188} INFO - Downloaded GOOGL/1768000779.json -> /tmp/minio_downloads/1768000779.json
[2026-01-10T01:01:08.343+0000] {logging_mixin.py:188} INFO - Downloaded GOOGL/1768000790.json -> /tmp/minio_downloads/1768000790.json
[2026-01-10T01:01:08.351+0000] {logging_mixin.py:188} INFO - Downloaded GOOGL/1768000800.json -> /tmp/minio_downloads/1768000800.json
[2026-01-10T01:01:08.368+0000] {logging_mixin.py:188} INFO - Downloaded GOOGL/1768000811.json -> /tmp/minio_downloads/1768000811.json
[2026-01-10T01:01:08.380+0000] {logging_mixin.py:188} INFO - Downloaded GOOGL/1768000823.json -> /tmp/minio_downloads/1768000823.json
[2026-01-10T01:01:08.391+0000] {logging_mixin.py:188} INFO - Downloaded GOOGL/1768000835.json -> /tmp/minio_downloads/1768000835.json
[2026-01-10T01:01:08.401+0000] {logging_mixin.py:188} INFO - Downloaded GOOGL/1768000847.json -> /tmp/minio_downloads/1768000847.json
[2026-01-10T01:01:08.411+0000] {logging_mixin.py:188} INFO - Downloaded GOOGL/1768000859.json -> /tmp/minio_downloads/1768000859.json
[2026-01-10T01:01:08.421+0000] {logging_mixin.py:188} INFO - Downloaded GOOGL/1768000870.json -> /tmp/minio_downloads/1768000870.json
[2026-01-10T01:01:08.437+0000] {logging_mixin.py:188} INFO - Downloaded GOOGL/1768000882.json -> /tmp/minio_downloads/1768000882.json
[2026-01-10T01:01:08.448+0000] {logging_mixin.py:188} INFO - Downloaded GOOGL/1768000893.json -> /tmp/minio_downloads/1768000893.json
[2026-01-10T01:01:08.459+0000] {logging_mixin.py:188} INFO - Downloaded GOOGL/1768000904.json -> /tmp/minio_downloads/1768000904.json
[2026-01-10T01:01:08.469+0000] {logging_mixin.py:188} INFO - Downloaded GOOGL/1768000914.json -> /tmp/minio_downloads/1768000914.json
[2026-01-10T01:01:08.479+0000] {logging_mixin.py:188} INFO - Downloaded GOOGL/1768000924.json -> /tmp/minio_downloads/1768000924.json
[2026-01-10T01:01:08.489+0000] {logging_mixin.py:188} INFO - Downloaded GOOGL/1768000934.json -> /tmp/minio_downloads/1768000934.json
[2026-01-10T01:01:08.504+0000] {logging_mixin.py:188} INFO - Downloaded GOOGL/1768000945.json -> /tmp/minio_downloads/1768000945.json
[2026-01-10T01:01:08.514+0000] {logging_mixin.py:188} INFO - Downloaded GOOGL/1768000956.json -> /tmp/minio_downloads/1768000956.json
[2026-01-10T01:01:08.524+0000] {logging_mixin.py:188} INFO - Downloaded GOOGL/1768001782.json -> /tmp/minio_downloads/1768001782.json
[2026-01-10T01:01:08.535+0000] {logging_mixin.py:188} INFO - Downloaded GOOGL/1768001795.json -> /tmp/minio_downloads/1768001795.json
[2026-01-10T01:01:08.545+0000] {logging_mixin.py:188} INFO - Downloaded GOOGL/1768001805.json -> /tmp/minio_downloads/1768001805.json
[2026-01-10T01:01:08.555+0000] {logging_mixin.py:188} INFO - Downloaded GOOGL/1768001817.json -> /tmp/minio_downloads/1768001817.json
[2026-01-10T01:01:08.570+0000] {logging_mixin.py:188} INFO - Downloaded GOOGL/1768001828.json -> /tmp/minio_downloads/1768001828.json
[2026-01-10T01:01:08.580+0000] {logging_mixin.py:188} INFO - Downloaded GOOGL/1768001841.json -> /tmp/minio_downloads/1768001841.json
[2026-01-10T01:01:08.590+0000] {logging_mixin.py:188} INFO - Downloaded GOOGL/1768001851.json -> /tmp/minio_downloads/1768001851.json
[2026-01-10T01:01:08.600+0000] {logging_mixin.py:188} INFO - Downloaded GOOGL/1768001861.json -> /tmp/minio_downloads/1768001861.json
[2026-01-10T01:01:08.609+0000] {logging_mixin.py:188} INFO - Downloaded GOOGL/1768001870.json -> /tmp/minio_downloads/1768001870.json
[2026-01-10T01:01:08.620+0000] {logging_mixin.py:188} INFO - Downloaded GOOGL/1768002257.json -> /tmp/minio_downloads/1768002257.json
[2026-01-10T01:01:08.638+0000] {logging_mixin.py:188} INFO - Downloaded GOOGL/1768002268.json -> /tmp/minio_downloads/1768002268.json
[2026-01-10T01:01:08.649+0000] {logging_mixin.py:188} INFO - Downloaded GOOGL/1768002277.json -> /tmp/minio_downloads/1768002277.json
[2026-01-10T01:01:08.659+0000] {logging_mixin.py:188} INFO - Downloaded GOOGL/1768002287.json -> /tmp/minio_downloads/1768002287.json
[2026-01-10T01:01:08.669+0000] {logging_mixin.py:188} INFO - Downloaded GOOGL/1768002296.json -> /tmp/minio_downloads/1768002296.json
[2026-01-10T01:01:08.679+0000] {logging_mixin.py:188} INFO - Downloaded GOOGL/1768002306.json -> /tmp/minio_downloads/1768002306.json
[2026-01-10T01:01:08.694+0000] {logging_mixin.py:188} INFO - Downloaded GOOGL/1768002315.json -> /tmp/minio_downloads/1768002315.json
[2026-01-10T01:01:08.707+0000] {logging_mixin.py:188} INFO - Downloaded GOOGL/1768002325.json -> /tmp/minio_downloads/1768002325.json
[2026-01-10T01:01:08.719+0000] {logging_mixin.py:188} INFO - Downloaded GOOGL/1768002335.json -> /tmp/minio_downloads/1768002335.json
[2026-01-10T01:01:08.731+0000] {logging_mixin.py:188} INFO - Downloaded GOOGL/1768002346.json -> /tmp/minio_downloads/1768002346.json
[2026-01-10T01:01:08.743+0000] {logging_mixin.py:188} INFO - Downloaded GOOGL/1768002358.json -> /tmp/minio_downloads/1768002358.json
[2026-01-10T01:01:08.761+0000] {logging_mixin.py:188} INFO - Downloaded GOOGL/1768002370.json -> /tmp/minio_downloads/1768002370.json
[2026-01-10T01:01:08.781+0000] {logging_mixin.py:188} INFO - Downloaded GOOGL/1768002380.json -> /tmp/minio_downloads/1768002380.json
[2026-01-10T01:01:08.800+0000] {logging_mixin.py:188} INFO - Downloaded GOOGL/1768002391.json -> /tmp/minio_downloads/1768002391.json
[2026-01-10T01:01:08.825+0000] {logging_mixin.py:188} INFO - Downloaded GOOGL/1768002402.json -> /tmp/minio_downloads/1768002402.json
[2026-01-10T01:01:08.861+0000] {logging_mixin.py:188} INFO - Downloaded GOOGL/1768002413.json -> /tmp/minio_downloads/1768002413.json
[2026-01-10T01:01:08.883+0000] {logging_mixin.py:188} INFO - Downloaded GOOGL/1768002424.json -> /tmp/minio_downloads/1768002424.json
[2026-01-10T01:01:08.923+0000] {logging_mixin.py:188} INFO - Downloaded GOOGL/1768002435.json -> /tmp/minio_downloads/1768002435.json
[2026-01-10T01:01:08.943+0000] {logging_mixin.py:188} INFO - Downloaded GOOGL/1768002447.json -> /tmp/minio_downloads/1768002447.json
[2026-01-10T01:01:08.976+0000] {logging_mixin.py:188} INFO - Downloaded GOOGL/1768002458.json -> /tmp/minio_downloads/1768002458.json
[2026-01-10T01:01:08.994+0000] {logging_mixin.py:188} INFO - Downloaded MSFT/1767994103.json -> /tmp/minio_downloads/1767994103.json
[2026-01-10T01:01:09.008+0000] {logging_mixin.py:188} INFO - Downloaded MSFT/1767994115.json -> /tmp/minio_downloads/1767994115.json
[2026-01-10T01:01:09.031+0000] {logging_mixin.py:188} INFO - Downloaded MSFT/1767994129.json -> /tmp/minio_downloads/1767994129.json
[2026-01-10T01:01:09.046+0000] {logging_mixin.py:188} INFO - Downloaded MSFT/1767994139.json -> /tmp/minio_downloads/1767994139.json
[2026-01-10T01:01:09.059+0000] {logging_mixin.py:188} INFO - Downloaded MSFT/1767994150.json -> /tmp/minio_downloads/1767994150.json
[2026-01-10T01:01:09.073+0000] {logging_mixin.py:188} INFO - Downloaded MSFT/1767994161.json -> /tmp/minio_downloads/1767994161.json
[2026-01-10T01:01:09.087+0000] {logging_mixin.py:188} INFO - Downloaded MSFT/1767994172.json -> /tmp/minio_downloads/1767994172.json
[2026-01-10T01:01:09.103+0000] {logging_mixin.py:188} INFO - Downloaded MSFT/1767994190.json -> /tmp/minio_downloads/1767994190.json
[2026-01-10T01:01:09.116+0000] {logging_mixin.py:188} INFO - Downloaded MSFT/1767994202.json -> /tmp/minio_downloads/1767994202.json
[2026-01-10T01:01:09.128+0000] {logging_mixin.py:188} INFO - Downloaded MSFT/1767994212.json -> /tmp/minio_downloads/1767994212.json
[2026-01-10T01:01:09.142+0000] {logging_mixin.py:188} INFO - Downloaded MSFT/1767994226.json -> /tmp/minio_downloads/1767994226.json
[2026-01-10T01:01:09.161+0000] {logging_mixin.py:188} INFO - Downloaded MSFT/1767994236.json -> /tmp/minio_downloads/1767994236.json
[2026-01-10T01:01:09.176+0000] {logging_mixin.py:188} INFO - Downloaded MSFT/1767994247.json -> /tmp/minio_downloads/1767994247.json
[2026-01-10T01:01:09.190+0000] {logging_mixin.py:188} INFO - Downloaded MSFT/1767994259.json -> /tmp/minio_downloads/1767994259.json
[2026-01-10T01:01:09.202+0000] {logging_mixin.py:188} INFO - Downloaded MSFT/1767994271.json -> /tmp/minio_downloads/1767994271.json
[2026-01-10T01:01:09.224+0000] {logging_mixin.py:188} INFO - Downloaded MSFT/1767997419.json -> /tmp/minio_downloads/1767997419.json
[2026-01-10T01:01:09.242+0000] {logging_mixin.py:188} INFO - Downloaded MSFT/1767997429.json -> /tmp/minio_downloads/1767997429.json
[2026-01-10T01:01:09.258+0000] {logging_mixin.py:188} INFO - Downloaded MSFT/1767997440.json -> /tmp/minio_downloads/1767997440.json
[2026-01-10T01:01:09.276+0000] {logging_mixin.py:188} INFO - Downloaded MSFT/1767997451.json -> /tmp/minio_downloads/1767997451.json
[2026-01-10T01:01:09.308+0000] {logging_mixin.py:188} INFO - Downloaded MSFT/1767997462.json -> /tmp/minio_downloads/1767997462.json
[2026-01-10T01:01:09.328+0000] {logging_mixin.py:188} INFO - Downloaded MSFT/1767997472.json -> /tmp/minio_downloads/1767997472.json
[2026-01-10T01:01:09.340+0000] {logging_mixin.py:188} INFO - Downloaded MSFT/1767997482.json -> /tmp/minio_downloads/1767997482.json
[2026-01-10T01:01:09.364+0000] {logging_mixin.py:188} INFO - Downloaded MSFT/1767997492.json -> /tmp/minio_downloads/1767997492.json
[2026-01-10T01:01:09.377+0000] {logging_mixin.py:188} INFO - Downloaded MSFT/1768000525.json -> /tmp/minio_downloads/1768000525.json
[2026-01-10T01:01:09.390+0000] {logging_mixin.py:188} INFO - Downloaded MSFT/1768000536.json -> /tmp/minio_downloads/1768000536.json
[2026-01-10T01:01:09.402+0000] {logging_mixin.py:188} INFO - Downloaded MSFT/1768000547.json -> /tmp/minio_downloads/1768000547.json
[2026-01-10T01:01:09.414+0000] {logging_mixin.py:188} INFO - Downloaded MSFT/1768000557.json -> /tmp/minio_downloads/1768000557.json
[2026-01-10T01:01:09.434+0000] {logging_mixin.py:188} INFO - Downloaded MSFT/1768000568.json -> /tmp/minio_downloads/1768000568.json
[2026-01-10T01:01:09.451+0000] {logging_mixin.py:188} INFO - Downloaded MSFT/1768000581.json -> /tmp/minio_downloads/1768000581.json
[2026-01-10T01:01:09.466+0000] {logging_mixin.py:188} INFO - Downloaded MSFT/1768000593.json -> /tmp/minio_downloads/1768000593.json
[2026-01-10T01:01:09.480+0000] {logging_mixin.py:188} INFO - Downloaded MSFT/1768000605.json -> /tmp/minio_downloads/1768000605.json
[2026-01-10T01:01:09.495+0000] {logging_mixin.py:188} INFO - Downloaded MSFT/1768000619.json -> /tmp/minio_downloads/1768000619.json
[2026-01-10T01:01:09.507+0000] {logging_mixin.py:188} INFO - Downloaded MSFT/1768000632.json -> /tmp/minio_downloads/1768000632.json
[2026-01-10T01:01:09.522+0000] {logging_mixin.py:188} INFO - Downloaded MSFT/1768000645.json -> /tmp/minio_downloads/1768000645.json
[2026-01-10T01:01:09.535+0000] {logging_mixin.py:188} INFO - Downloaded MSFT/1768000656.json -> /tmp/minio_downloads/1768000656.json
[2026-01-10T01:01:09.550+0000] {logging_mixin.py:188} INFO - Downloaded MSFT/1768000667.json -> /tmp/minio_downloads/1768000667.json
[2026-01-10T01:01:09.564+0000] {logging_mixin.py:188} INFO - Downloaded MSFT/1768000678.json -> /tmp/minio_downloads/1768000678.json
[2026-01-10T01:01:09.577+0000] {logging_mixin.py:188} INFO - Downloaded MSFT/1768000689.json -> /tmp/minio_downloads/1768000689.json
[2026-01-10T01:01:09.589+0000] {logging_mixin.py:188} INFO - Downloaded MSFT/1768000699.json -> /tmp/minio_downloads/1768000699.json
[2026-01-10T01:01:09.601+0000] {logging_mixin.py:188} INFO - Downloaded MSFT/1768000711.json -> /tmp/minio_downloads/1768000711.json
[2026-01-10T01:01:09.612+0000] {logging_mixin.py:188} INFO - Downloaded MSFT/1768000721.json -> /tmp/minio_downloads/1768000721.json
[2026-01-10T01:01:09.623+0000] {logging_mixin.py:188} INFO - Downloaded MSFT/1768000732.json -> /tmp/minio_downloads/1768000732.json
[2026-01-10T01:01:09.634+0000] {logging_mixin.py:188} INFO - Downloaded MSFT/1768000743.json -> /tmp/minio_downloads/1768000743.json
[2026-01-10T01:01:09.646+0000] {logging_mixin.py:188} INFO - Downloaded MSFT/1768000754.json -> /tmp/minio_downloads/1768000754.json
[2026-01-10T01:01:09.659+0000] {logging_mixin.py:188} INFO - Downloaded MSFT/1768000765.json -> /tmp/minio_downloads/1768000765.json
[2026-01-10T01:01:09.670+0000] {logging_mixin.py:188} INFO - Downloaded MSFT/1768000777.json -> /tmp/minio_downloads/1768000777.json
[2026-01-10T01:01:09.684+0000] {logging_mixin.py:188} INFO - Downloaded MSFT/1768000788.json -> /tmp/minio_downloads/1768000788.json
[2026-01-10T01:01:09.697+0000] {logging_mixin.py:188} INFO - Downloaded MSFT/1768000798.json -> /tmp/minio_downloads/1768000798.json
[2026-01-10T01:01:09.709+0000] {logging_mixin.py:188} INFO - Downloaded MSFT/1768000809.json -> /tmp/minio_downloads/1768000809.json
[2026-01-10T01:01:09.723+0000] {logging_mixin.py:188} INFO - Downloaded MSFT/1768000821.json -> /tmp/minio_downloads/1768000821.json
[2026-01-10T01:01:09.735+0000] {logging_mixin.py:188} INFO - Downloaded MSFT/1768000832.json -> /tmp/minio_downloads/1768000832.json
[2026-01-10T01:01:09.747+0000] {logging_mixin.py:188} INFO - Downloaded MSFT/1768000845.json -> /tmp/minio_downloads/1768000845.json
[2026-01-10T01:01:09.761+0000] {logging_mixin.py:188} INFO - Downloaded MSFT/1768000856.json -> /tmp/minio_downloads/1768000856.json
[2026-01-10T01:01:09.773+0000] {logging_mixin.py:188} INFO - Downloaded MSFT/1768000868.json -> /tmp/minio_downloads/1768000868.json
[2026-01-10T01:01:09.784+0000] {logging_mixin.py:188} INFO - Downloaded MSFT/1768000879.json -> /tmp/minio_downloads/1768000879.json
[2026-01-10T01:01:09.797+0000] {logging_mixin.py:188} INFO - Downloaded MSFT/1768000891.json -> /tmp/minio_downloads/1768000891.json
[2026-01-10T01:01:09.808+0000] {logging_mixin.py:188} INFO - Downloaded MSFT/1768000902.json -> /tmp/minio_downloads/1768000902.json
[2026-01-10T01:01:09.819+0000] {logging_mixin.py:188} INFO - Downloaded MSFT/1768000912.json -> /tmp/minio_downloads/1768000912.json
[2026-01-10T01:01:09.830+0000] {logging_mixin.py:188} INFO - Downloaded MSFT/1768000922.json -> /tmp/minio_downloads/1768000922.json
[2026-01-10T01:01:09.840+0000] {logging_mixin.py:188} INFO - Downloaded MSFT/1768000932.json -> /tmp/minio_downloads/1768000932.json
[2026-01-10T01:01:09.851+0000] {logging_mixin.py:188} INFO - Downloaded MSFT/1768000943.json -> /tmp/minio_downloads/1768000943.json
[2026-01-10T01:01:09.863+0000] {logging_mixin.py:188} INFO - Downloaded MSFT/1768000954.json -> /tmp/minio_downloads/1768000954.json
[2026-01-10T01:01:09.874+0000] {logging_mixin.py:188} INFO - Downloaded MSFT/1768001780.json -> /tmp/minio_downloads/1768001780.json
[2026-01-10T01:01:09.888+0000] {logging_mixin.py:188} INFO - Downloaded MSFT/1768001792.json -> /tmp/minio_downloads/1768001792.json
[2026-01-10T01:01:09.902+0000] {logging_mixin.py:188} INFO - Downloaded MSFT/1768001803.json -> /tmp/minio_downloads/1768001803.json
[2026-01-10T01:01:09.918+0000] {logging_mixin.py:188} INFO - Downloaded MSFT/1768001814.json -> /tmp/minio_downloads/1768001814.json
[2026-01-10T01:01:09.932+0000] {logging_mixin.py:188} INFO - Downloaded MSFT/1768001826.json -> /tmp/minio_downloads/1768001826.json
[2026-01-10T01:01:09.946+0000] {logging_mixin.py:188} INFO - Downloaded MSFT/1768001838.json -> /tmp/minio_downloads/1768001838.json
[2026-01-10T01:01:09.962+0000] {logging_mixin.py:188} INFO - Downloaded MSFT/1768001850.json -> /tmp/minio_downloads/1768001850.json
[2026-01-10T01:01:09.976+0000] {logging_mixin.py:188} INFO - Downloaded MSFT/1768001859.json -> /tmp/minio_downloads/1768001859.json
[2026-01-10T01:01:09.992+0000] {logging_mixin.py:188} INFO - Downloaded MSFT/1768001869.json -> /tmp/minio_downloads/1768001869.json
[2026-01-10T01:01:10.013+0000] {logging_mixin.py:188} INFO - Downloaded MSFT/1768002256.json -> /tmp/minio_downloads/1768002256.json
[2026-01-10T01:01:10.026+0000] {logging_mixin.py:188} INFO - Downloaded MSFT/1768002266.json -> /tmp/minio_downloads/1768002266.json
[2026-01-10T01:01:10.040+0000] {logging_mixin.py:188} INFO - Downloaded MSFT/1768002276.json -> /tmp/minio_downloads/1768002276.json
[2026-01-10T01:01:10.052+0000] {logging_mixin.py:188} INFO - Downloaded MSFT/1768002285.json -> /tmp/minio_downloads/1768002285.json
[2026-01-10T01:01:10.063+0000] {logging_mixin.py:188} INFO - Downloaded MSFT/1768002295.json -> /tmp/minio_downloads/1768002295.json
[2026-01-10T01:01:10.074+0000] {logging_mixin.py:188} INFO - Downloaded MSFT/1768002304.json -> /tmp/minio_downloads/1768002304.json
[2026-01-10T01:01:10.085+0000] {logging_mixin.py:188} INFO - Downloaded MSFT/1768002314.json -> /tmp/minio_downloads/1768002314.json
[2026-01-10T01:01:10.096+0000] {logging_mixin.py:188} INFO - Downloaded MSFT/1768002324.json -> /tmp/minio_downloads/1768002324.json
[2026-01-10T01:01:10.108+0000] {logging_mixin.py:188} INFO - Downloaded MSFT/1768002333.json -> /tmp/minio_downloads/1768002333.json
[2026-01-10T01:01:10.121+0000] {logging_mixin.py:188} INFO - Downloaded MSFT/1768002344.json -> /tmp/minio_downloads/1768002344.json
[2026-01-10T01:01:10.134+0000] {logging_mixin.py:188} INFO - Downloaded MSFT/1768002356.json -> /tmp/minio_downloads/1768002356.json
[2026-01-10T01:01:10.148+0000] {logging_mixin.py:188} INFO - Downloaded MSFT/1768002368.json -> /tmp/minio_downloads/1768002368.json
[2026-01-10T01:01:10.161+0000] {logging_mixin.py:188} INFO - Downloaded MSFT/1768002378.json -> /tmp/minio_downloads/1768002378.json
[2026-01-10T01:01:10.177+0000] {logging_mixin.py:188} INFO - Downloaded MSFT/1768002389.json -> /tmp/minio_downloads/1768002389.json
[2026-01-10T01:01:10.189+0000] {logging_mixin.py:188} INFO - Downloaded MSFT/1768002400.json -> /tmp/minio_downloads/1768002400.json
[2026-01-10T01:01:10.200+0000] {logging_mixin.py:188} INFO - Downloaded MSFT/1768002411.json -> /tmp/minio_downloads/1768002411.json
[2026-01-10T01:01:10.211+0000] {logging_mixin.py:188} INFO - Downloaded MSFT/1768002421.json -> /tmp/minio_downloads/1768002421.json
[2026-01-10T01:01:10.224+0000] {logging_mixin.py:188} INFO - Downloaded MSFT/1768002433.json -> /tmp/minio_downloads/1768002433.json
[2026-01-10T01:01:10.236+0000] {logging_mixin.py:188} INFO - Downloaded MSFT/1768002445.json -> /tmp/minio_downloads/1768002445.json
[2026-01-10T01:01:10.249+0000] {logging_mixin.py:188} INFO - Downloaded MSFT/1768002456.json -> /tmp/minio_downloads/1768002456.json
[2026-01-10T01:01:10.262+0000] {logging_mixin.py:188} INFO - Downloaded TSLA/1767994104.json -> /tmp/minio_downloads/1767994104.json
[2026-01-10T01:01:10.274+0000] {logging_mixin.py:188} INFO - Downloaded TSLA/1767994116.json -> /tmp/minio_downloads/1767994116.json
[2026-01-10T01:01:10.286+0000] {logging_mixin.py:188} INFO - Downloaded TSLA/1767994130.json -> /tmp/minio_downloads/1767994130.json
[2026-01-10T01:01:10.299+0000] {logging_mixin.py:188} INFO - Downloaded TSLA/1767994140.json -> /tmp/minio_downloads/1767994140.json
[2026-01-10T01:01:10.312+0000] {logging_mixin.py:188} INFO - Downloaded TSLA/1767994151.json -> /tmp/minio_downloads/1767994151.json
[2026-01-10T01:01:10.327+0000] {logging_mixin.py:188} INFO - Downloaded TSLA/1767994162.json -> /tmp/minio_downloads/1767994162.json
[2026-01-10T01:01:10.340+0000] {logging_mixin.py:188} INFO - Downloaded TSLA/1767994173.json -> /tmp/minio_downloads/1767994173.json
[2026-01-10T01:01:10.355+0000] {logging_mixin.py:188} INFO - Downloaded TSLA/1767994191.json -> /tmp/minio_downloads/1767994191.json
[2026-01-10T01:01:10.368+0000] {logging_mixin.py:188} INFO - Downloaded TSLA/1767994203.json -> /tmp/minio_downloads/1767994203.json
[2026-01-10T01:01:10.384+0000] {logging_mixin.py:188} INFO - Downloaded TSLA/1767994214.json -> /tmp/minio_downloads/1767994214.json
[2026-01-10T01:01:10.397+0000] {logging_mixin.py:188} INFO - Downloaded TSLA/1767994227.json -> /tmp/minio_downloads/1767994227.json
[2026-01-10T01:01:10.410+0000] {logging_mixin.py:188} INFO - Downloaded TSLA/1767994238.json -> /tmp/minio_downloads/1767994238.json
[2026-01-10T01:01:10.423+0000] {logging_mixin.py:188} INFO - Downloaded TSLA/1767994248.json -> /tmp/minio_downloads/1767994248.json
[2026-01-10T01:01:10.436+0000] {logging_mixin.py:188} INFO - Downloaded TSLA/1767994260.json -> /tmp/minio_downloads/1767994260.json
[2026-01-10T01:01:10.452+0000] {logging_mixin.py:188} INFO - Downloaded TSLA/1767994272.json -> /tmp/minio_downloads/1767994272.json
[2026-01-10T01:01:10.464+0000] {logging_mixin.py:188} INFO - Downloaded TSLA/1767997419.json -> /tmp/minio_downloads/1767997419.json
[2026-01-10T01:01:10.481+0000] {logging_mixin.py:188} INFO - Downloaded TSLA/1767997430.json -> /tmp/minio_downloads/1767997430.json
[2026-01-10T01:01:10.496+0000] {logging_mixin.py:188} INFO - Downloaded TSLA/1767997441.json -> /tmp/minio_downloads/1767997441.json
[2026-01-10T01:01:10.512+0000] {logging_mixin.py:188} INFO - Downloaded TSLA/1767997452.json -> /tmp/minio_downloads/1767997452.json
[2026-01-10T01:01:10.525+0000] {logging_mixin.py:188} INFO - Downloaded TSLA/1767997463.json -> /tmp/minio_downloads/1767997463.json
[2026-01-10T01:01:10.541+0000] {logging_mixin.py:188} INFO - Downloaded TSLA/1767997473.json -> /tmp/minio_downloads/1767997473.json
[2026-01-10T01:01:10.560+0000] {logging_mixin.py:188} INFO - Downloaded TSLA/1767997483.json -> /tmp/minio_downloads/1767997483.json
[2026-01-10T01:01:10.580+0000] {logging_mixin.py:188} INFO - Downloaded TSLA/1767997493.json -> /tmp/minio_downloads/1767997493.json
[2026-01-10T01:01:10.597+0000] {logging_mixin.py:188} INFO - Downloaded TSLA/1768000526.json -> /tmp/minio_downloads/1768000526.json
[2026-01-10T01:01:10.615+0000] {logging_mixin.py:188} INFO - Downloaded TSLA/1768000537.json -> /tmp/minio_downloads/1768000537.json
[2026-01-10T01:01:10.636+0000] {logging_mixin.py:188} INFO - Downloaded TSLA/1768000548.json -> /tmp/minio_downloads/1768000548.json
[2026-01-10T01:01:10.651+0000] {logging_mixin.py:188} INFO - Downloaded TSLA/1768000558.json -> /tmp/minio_downloads/1768000558.json
[2026-01-10T01:01:10.668+0000] {logging_mixin.py:188} INFO - Downloaded TSLA/1768000569.json -> /tmp/minio_downloads/1768000569.json
[2026-01-10T01:01:10.684+0000] {logging_mixin.py:188} INFO - Downloaded TSLA/1768000582.json -> /tmp/minio_downloads/1768000582.json
[2026-01-10T01:01:10.699+0000] {logging_mixin.py:188} INFO - Downloaded TSLA/1768000594.json -> /tmp/minio_downloads/1768000594.json
[2026-01-10T01:01:10.715+0000] {logging_mixin.py:188} INFO - Downloaded TSLA/1768000607.json -> /tmp/minio_downloads/1768000607.json
[2026-01-10T01:01:10.733+0000] {logging_mixin.py:188} INFO - Downloaded TSLA/1768000621.json -> /tmp/minio_downloads/1768000621.json
[2026-01-10T01:01:10.751+0000] {logging_mixin.py:188} INFO - Downloaded TSLA/1768000634.json -> /tmp/minio_downloads/1768000634.json
[2026-01-10T01:01:10.776+0000] {logging_mixin.py:188} INFO - Downloaded TSLA/1768000646.json -> /tmp/minio_downloads/1768000646.json
[2026-01-10T01:01:10.795+0000] {logging_mixin.py:188} INFO - Downloaded TSLA/1768000657.json -> /tmp/minio_downloads/1768000657.json
[2026-01-10T01:01:10.813+0000] {logging_mixin.py:188} INFO - Downloaded TSLA/1768000668.json -> /tmp/minio_downloads/1768000668.json
[2026-01-10T01:01:10.829+0000] {logging_mixin.py:188} INFO - Downloaded TSLA/1768000679.json -> /tmp/minio_downloads/1768000679.json
[2026-01-10T01:01:10.880+0000] {logging_mixin.py:188} INFO - Downloaded TSLA/1768000690.json -> /tmp/minio_downloads/1768000690.json
[2026-01-10T01:01:10.915+0000] {logging_mixin.py:188} INFO - Downloaded TSLA/1768000701.json -> /tmp/minio_downloads/1768000701.json
[2026-01-10T01:01:10.934+0000] {logging_mixin.py:188} INFO - Downloaded TSLA/1768000712.json -> /tmp/minio_downloads/1768000712.json
[2026-01-10T01:01:11.090+0000] {logging_mixin.py:188} INFO - Downloaded TSLA/1768000722.json -> /tmp/minio_downloads/1768000722.json
[2026-01-10T01:01:11.112+0000] {logging_mixin.py:188} INFO - Downloaded TSLA/1768000733.json -> /tmp/minio_downloads/1768000733.json
[2026-01-10T01:01:11.146+0000] {logging_mixin.py:188} INFO - Downloaded TSLA/1768000744.json -> /tmp/minio_downloads/1768000744.json
[2026-01-10T01:01:11.256+0000] {logging_mixin.py:188} INFO - Downloaded TSLA/1768000755.json -> /tmp/minio_downloads/1768000755.json
[2026-01-10T01:01:11.289+0000] {logging_mixin.py:188} INFO - Downloaded TSLA/1768000766.json -> /tmp/minio_downloads/1768000766.json
[2026-01-10T01:01:11.325+0000] {logging_mixin.py:188} INFO - Downloaded TSLA/1768000778.json -> /tmp/minio_downloads/1768000778.json
[2026-01-10T01:01:11.360+0000] {logging_mixin.py:188} INFO - Downloaded TSLA/1768000789.json -> /tmp/minio_downloads/1768000789.json
[2026-01-10T01:01:11.396+0000] {logging_mixin.py:188} INFO - Downloaded TSLA/1768000799.json -> /tmp/minio_downloads/1768000799.json
[2026-01-10T01:01:11.417+0000] {logging_mixin.py:188} INFO - Downloaded TSLA/1768000810.json -> /tmp/minio_downloads/1768000810.json
[2026-01-10T01:01:11.438+0000] {logging_mixin.py:188} INFO - Downloaded TSLA/1768000822.json -> /tmp/minio_downloads/1768000822.json
[2026-01-10T01:01:11.454+0000] {logging_mixin.py:188} INFO - Downloaded TSLA/1768000834.json -> /tmp/minio_downloads/1768000834.json
[2026-01-10T01:01:11.470+0000] {logging_mixin.py:188} INFO - Downloaded TSLA/1768000846.json -> /tmp/minio_downloads/1768000846.json
[2026-01-10T01:01:11.488+0000] {logging_mixin.py:188} INFO - Downloaded TSLA/1768000858.json -> /tmp/minio_downloads/1768000858.json
[2026-01-10T01:01:11.503+0000] {logging_mixin.py:188} INFO - Downloaded TSLA/1768000869.json -> /tmp/minio_downloads/1768000869.json
[2026-01-10T01:01:11.518+0000] {logging_mixin.py:188} INFO - Downloaded TSLA/1768000880.json -> /tmp/minio_downloads/1768000880.json
[2026-01-10T01:01:11.534+0000] {logging_mixin.py:188} INFO - Downloaded TSLA/1768000892.json -> /tmp/minio_downloads/1768000892.json
[2026-01-10T01:01:11.551+0000] {logging_mixin.py:188} INFO - Downloaded TSLA/1768000903.json -> /tmp/minio_downloads/1768000903.json
[2026-01-10T01:01:11.567+0000] {logging_mixin.py:188} INFO - Downloaded TSLA/1768000913.json -> /tmp/minio_downloads/1768000913.json
[2026-01-10T01:01:11.580+0000] {logging_mixin.py:188} INFO - Downloaded TSLA/1768000923.json -> /tmp/minio_downloads/1768000923.json
[2026-01-10T01:01:11.592+0000] {logging_mixin.py:188} INFO - Downloaded TSLA/1768000933.json -> /tmp/minio_downloads/1768000933.json
[2026-01-10T01:01:11.603+0000] {logging_mixin.py:188} INFO - Downloaded TSLA/1768000944.json -> /tmp/minio_downloads/1768000944.json
[2026-01-10T01:01:11.617+0000] {logging_mixin.py:188} INFO - Downloaded TSLA/1768000956.json -> /tmp/minio_downloads/1768000956.json
[2026-01-10T01:01:11.630+0000] {logging_mixin.py:188} INFO - Downloaded TSLA/1768001781.json -> /tmp/minio_downloads/1768001781.json
[2026-01-10T01:01:11.642+0000] {logging_mixin.py:188} INFO - Downloaded TSLA/1768001793.json -> /tmp/minio_downloads/1768001793.json
[2026-01-10T01:01:11.654+0000] {logging_mixin.py:188} INFO - Downloaded TSLA/1768001804.json -> /tmp/minio_downloads/1768001804.json
[2026-01-10T01:01:11.668+0000] {logging_mixin.py:188} INFO - Downloaded TSLA/1768001817.json -> /tmp/minio_downloads/1768001817.json
[2026-01-10T01:01:11.681+0000] {logging_mixin.py:188} INFO - Downloaded TSLA/1768001827.json -> /tmp/minio_downloads/1768001827.json
[2026-01-10T01:01:11.692+0000] {logging_mixin.py:188} INFO - Downloaded TSLA/1768001839.json -> /tmp/minio_downloads/1768001839.json
[2026-01-10T01:01:11.703+0000] {logging_mixin.py:188} INFO - Downloaded TSLA/1768001850.json -> /tmp/minio_downloads/1768001850.json
[2026-01-10T01:01:11.715+0000] {logging_mixin.py:188} INFO - Downloaded TSLA/1768001860.json -> /tmp/minio_downloads/1768001860.json
[2026-01-10T01:01:11.726+0000] {logging_mixin.py:188} INFO - Downloaded TSLA/1768001870.json -> /tmp/minio_downloads/1768001870.json
[2026-01-10T01:01:11.738+0000] {logging_mixin.py:188} INFO - Downloaded TSLA/1768002257.json -> /tmp/minio_downloads/1768002257.json
[2026-01-10T01:01:11.748+0000] {logging_mixin.py:188} INFO - Downloaded TSLA/1768002267.json -> /tmp/minio_downloads/1768002267.json
[2026-01-10T01:01:11.760+0000] {logging_mixin.py:188} INFO - Downloaded TSLA/1768002277.json -> /tmp/minio_downloads/1768002277.json
[2026-01-10T01:01:11.773+0000] {logging_mixin.py:188} INFO - Downloaded TSLA/1768002286.json -> /tmp/minio_downloads/1768002286.json
[2026-01-10T01:01:11.785+0000] {logging_mixin.py:188} INFO - Downloaded TSLA/1768002296.json -> /tmp/minio_downloads/1768002296.json
[2026-01-10T01:01:11.797+0000] {logging_mixin.py:188} INFO - Downloaded TSLA/1768002305.json -> /tmp/minio_downloads/1768002305.json
[2026-01-10T01:01:11.812+0000] {logging_mixin.py:188} INFO - Downloaded TSLA/1768002315.json -> /tmp/minio_downloads/1768002315.json
[2026-01-10T01:01:11.825+0000] {logging_mixin.py:188} INFO - Downloaded TSLA/1768002324.json -> /tmp/minio_downloads/1768002324.json
[2026-01-10T01:01:11.836+0000] {logging_mixin.py:188} INFO - Downloaded TSLA/1768002334.json -> /tmp/minio_downloads/1768002334.json
[2026-01-10T01:01:11.848+0000] {logging_mixin.py:188} INFO - Downloaded TSLA/1768002345.json -> /tmp/minio_downloads/1768002345.json
[2026-01-10T01:01:11.860+0000] {logging_mixin.py:188} INFO - Downloaded TSLA/1768002357.json -> /tmp/minio_downloads/1768002357.json
[2026-01-10T01:01:11.872+0000] {logging_mixin.py:188} INFO - Downloaded TSLA/1768002369.json -> /tmp/minio_downloads/1768002369.json
[2026-01-10T01:01:11.885+0000] {logging_mixin.py:188} INFO - Downloaded TSLA/1768002379.json -> /tmp/minio_downloads/1768002379.json
[2026-01-10T01:01:11.898+0000] {logging_mixin.py:188} INFO - Downloaded TSLA/1768002390.json -> /tmp/minio_downloads/1768002390.json
[2026-01-10T01:01:11.910+0000] {logging_mixin.py:188} INFO - Downloaded TSLA/1768002401.json -> /tmp/minio_downloads/1768002401.json
[2026-01-10T01:01:11.923+0000] {logging_mixin.py:188} INFO - Downloaded TSLA/1768002412.json -> /tmp/minio_downloads/1768002412.json
[2026-01-10T01:01:11.937+0000] {logging_mixin.py:188} INFO - Downloaded TSLA/1768002423.json -> /tmp/minio_downloads/1768002423.json
[2026-01-10T01:01:11.949+0000] {logging_mixin.py:188} INFO - Downloaded TSLA/1768002434.json -> /tmp/minio_downloads/1768002434.json
[2026-01-10T01:01:11.961+0000] {logging_mixin.py:188} INFO - Downloaded TSLA/1768002446.json -> /tmp/minio_downloads/1768002446.json
[2026-01-10T01:01:11.974+0000] {logging_mixin.py:188} INFO - Downloaded TSLA/1768002457.json -> /tmp/minio_downloads/1768002457.json
[2026-01-10T01:01:11.976+0000] {python.py:237} INFO - Done. Returned value was: ['/tmp/minio_downloads/1767994102.json', '/tmp/minio_downloads/1767994114.json', '/tmp/minio_downloads/1767994127.json', '/tmp/minio_downloads/1767994138.json', '/tmp/minio_downloads/1767994149.json', '/tmp/minio_downloads/1767994160.json', '/tmp/minio_downloads/1767994171.json', '/tmp/minio_downloads/1767994189.json', '/tmp/minio_downloads/1767994201.json', '/tmp/minio_downloads/1767994212.json', '/tmp/minio_downloads/1767994225.json', '/tmp/minio_downloads/1767994235.json', '/tmp/minio_downloads/1767994246.json', '/tmp/minio_downloads/1767994258.json', '/tmp/minio_downloads/1767994270.json', '/tmp/minio_downloads/1767994281.json', '/tmp/minio_downloads/1767997418.json', '/tmp/minio_downloads/1767997428.json', '/tmp/minio_downloads/1767997440.json', '/tmp/minio_downloads/1767997450.json', '/tmp/minio_downloads/1767997461.json', '/tmp/minio_downloads/1767997471.json', '/tmp/minio_downloads/1767997482.json', '/tmp/minio_downloads/1767997492.json', '/tmp/minio_downloads/1768000525.json', '/tmp/minio_downloads/1768000535.json', '/tmp/minio_downloads/1768000546.json', '/tmp/minio_downloads/1768000556.json', '/tmp/minio_downloads/1768000567.json', '/tmp/minio_downloads/1768000579.json', '/tmp/minio_downloads/1768000592.json', '/tmp/minio_downloads/1768000604.json', '/tmp/minio_downloads/1768000616.json', '/tmp/minio_downloads/1768000631.json', '/tmp/minio_downloads/1768000644.json', '/tmp/minio_downloads/1768000655.json', '/tmp/minio_downloads/1768000666.json', '/tmp/minio_downloads/1768000677.json', '/tmp/minio_downloads/1768000688.json', '/tmp/minio_downloads/1768000698.json', '/tmp/minio_downloads/1768000710.json', '/tmp/minio_downloads/1768000720.json', '/tmp/minio_downloads/1768000731.json', '/tmp/minio_downloads/1768000742.json', '/tmp/minio_downloads/1768000753.json', '/tmp/minio_downloads/1768000764.json', '/tmp/minio_downloads/1768000776.json', '/tmp/minio_downloads/1768000787.json', '/tmp/minio_downloads/1768000797.json', '/tmp/minio_downloads/1768000808.json', '/tmp/minio_downloads/1768000819.json', '/tmp/minio_downloads/1768000831.json', '/tmp/minio_downloads/1768000843.json', '/tmp/minio_downloads/1768000855.json', '/tmp/minio_downloads/1768000867.json', '/tmp/minio_downloads/1768000878.json', '/tmp/minio_downloads/1768000890.json', '/tmp/minio_downloads/1768000901.json', '/tmp/minio_downloads/1768000912.json', '/tmp/minio_downloads/1768000921.json', '/tmp/minio_downloads/1768000932.json', '/tmp/minio_downloads/1768000942.json', '/tmp/minio_downloads/1768000953.json', '/tmp/minio_downloads/1768001779.json', '/tmp/minio_downloads/1768001791.json', '/tmp/minio_downloads/1768001803.json', '/tmp/minio_downloads/1768001813.json', '/tmp/minio_downloads/1768001825.json', '/tmp/minio_downloads/1768001837.json', '/tmp/minio_downloads/1768001849.json', '/tmp/minio_downloads/1768001859.json', '/tmp/minio_downloads/1768001868.json', '/tmp/minio_downloads/1768002255.json', '/tmp/minio_downloads/1768002265.json', '/tmp/minio_downloads/1768002275.json', '/tmp/minio_downloads/1768002285.json', '/tmp/minio_downloads/1768002294.json', '/tmp/minio_downloads/1768002304.json', '/tmp/minio_downloads/1768002313.json', '/tmp/minio_downloads/1768002323.json', '/tmp/minio_downloads/1768002333.json', '/tmp/minio_downloads/1768002343.json', '/tmp/minio_downloads/1768002355.json', '/tmp/minio_downloads/1768002366.json', '/tmp/minio_downloads/1768002377.json', '/tmp/minio_downloads/1768002388.json', '/tmp/minio_downloads/1768002399.json', '/tmp/minio_downloads/1768002410.json', '/tmp/minio_downloads/1768002420.json', '/tmp/minio_downloads/1768002432.json', '/tmp/minio_downloads/1768002443.json', '/tmp/minio_downloads/1768002455.json', '/tmp/minio_downloads/1767994107.json', '/tmp/minio_downloads/1767994120.json', '/tmp/minio_downloads/1767994132.json', '/tmp/minio_downloads/1767994142.json', '/tmp/minio_downloads/1767994153.json', '/tmp/minio_downloads/1767994164.json', '/tmp/minio_downloads/1767994182.json', '/tmp/minio_downloads/1767994193.json', '/tmp/minio_downloads/1767994205.json', '/tmp/minio_downloads/1767994216.json', '/tmp/minio_downloads/1767994228.json', '/tmp/minio_downloads/1767994240.json', '/tmp/minio_downloads/1767994250.json', '/tmp/minio_downloads/1767994263.json', '/tmp/minio_downloads/1767994274.json', '/tmp/minio_downloads/1767997421.json', '/tmp/minio_downloads/1767997432.json', '/tmp/minio_downloads/1767997443.json', '/tmp/minio_downloads/1767997454.json', '/tmp/minio_downloads/1767997465.json', '/tmp/minio_downloads/1767997474.json', '/tmp/minio_downloads/1767997485.json', '/tmp/minio_downloads/1767997494.json', '/tmp/minio_downloads/1768000528.json', '/tmp/minio_downloads/1768000539.json', '/tmp/minio_downloads/1768000549.json', '/tmp/minio_downloads/1768000559.json', '/tmp/minio_downloads/1768000572.json', '/tmp/minio_downloads/1768000585.json', '/tmp/minio_downloads/1768000597.json', '/tmp/minio_downloads/1768000609.json', '/tmp/minio_downloads/1768000623.json', '/tmp/minio_downloads/1768000637.json', '/tmp/minio_downloads/1768000648.json', '/tmp/minio_downloads/1768000659.json', '/tmp/minio_downloads/1768000670.json', '/tmp/minio_downloads/1768000681.json', '/tmp/minio_downloads/1768000692.json', '/tmp/minio_downloads/1768000703.json', '/tmp/minio_downloads/1768000714.json', '/tmp/minio_downloads/1768000724.json', '/tmp/minio_downloads/1768000735.json', '/tmp/minio_downloads/1768000746.json', '/tmp/minio_downloads/1768000757.json', '/tmp/minio_downloads/1768000768.json', '/tmp/minio_downloads/1768000780.json', '/tmp/minio_downloads/1768000791.json', '/tmp/minio_downloads/1768000801.json', '/tmp/minio_downloads/1768000812.json', '/tmp/minio_downloads/1768000824.json', '/tmp/minio_downloads/1768000836.json', '/tmp/minio_downloads/1768000848.json', '/tmp/minio_downloads/1768000860.json', '/tmp/minio_downloads/1768000871.json', '/tmp/minio_downloads/1768000883.json', '/tmp/minio_downloads/1768000894.json', '/tmp/minio_downloads/1768000905.json', '/tmp/minio_downloads/1768000914.json', '/tmp/minio_downloads/1768000925.json', '/tmp/minio_downloads/1768000935.json', '/tmp/minio_downloads/1768000946.json', '/tmp/minio_downloads/1768000957.json', '/tmp/minio_downloads/1768001784.json', '/tmp/minio_downloads/1768001796.json', '/tmp/minio_downloads/1768001806.json', '/tmp/minio_downloads/1768001818.json', '/tmp/minio_downloads/1768001830.json', '/tmp/minio_downloads/1768001842.json', '/tmp/minio_downloads/1768001852.json', '/tmp/minio_downloads/1768001862.json', '/tmp/minio_downloads/1768001871.json', '/tmp/minio_downloads/1768002259.json', '/tmp/minio_downloads/1768002268.json', '/tmp/minio_downloads/1768002278.json', '/tmp/minio_downloads/1768002287.json', '/tmp/minio_downloads/1768002297.json', '/tmp/minio_downloads/1768002306.json', '/tmp/minio_downloads/1768002316.json', '/tmp/minio_downloads/1768002326.json', '/tmp/minio_downloads/1768002336.json', '/tmp/minio_downloads/1768002347.json', '/tmp/minio_downloads/1768002359.json', '/tmp/minio_downloads/1768002371.json', '/tmp/minio_downloads/1768002381.json', '/tmp/minio_downloads/1768002392.json', '/tmp/minio_downloads/1768002403.json', '/tmp/minio_downloads/1768002413.json', '/tmp/minio_downloads/1768002425.json', '/tmp/minio_downloads/1768002436.json', '/tmp/minio_downloads/1768002448.json', '/tmp/minio_downloads/1768002459.json', '/tmp/minio_downloads/1767994105.json', '/tmp/minio_downloads/1767994117.json', '/tmp/minio_downloads/1767994131.json', '/tmp/minio_downloads/1767994141.json', '/tmp/minio_downloads/1767994152.json', '/tmp/minio_downloads/1767994163.json', '/tmp/minio_downloads/1767994181.json', '/tmp/minio_downloads/1767994192.json', '/tmp/minio_downloads/1767994204.json', '/tmp/minio_downloads/1767994215.json', '/tmp/minio_downloads/1767994227.json', '/tmp/minio_downloads/1767994239.json', '/tmp/minio_downloads/1767994249.json', '/tmp/minio_downloads/1767994261.json', '/tmp/minio_downloads/1767994273.json', '/tmp/minio_downloads/1767997420.json', '/tmp/minio_downloads/1767997431.json', '/tmp/minio_downloads/1767997442.json', '/tmp/minio_downloads/1767997453.json', '/tmp/minio_downloads/1767997464.json', '/tmp/minio_downloads/1767997473.json', '/tmp/minio_downloads/1767997484.json', '/tmp/minio_downloads/1767997494.json', '/tmp/minio_downloads/1768000527.json', '/tmp/minio_downloads/1768000538.json', '/tmp/minio_downloads/1768000548.json', '/tmp/minio_downloads/1768000559.json', '/tmp/minio_downloads/1768000570.json', '/tmp/minio_downloads/1768000583.json', '/tmp/minio_downloads/1768000596.json', '/tmp/minio_downloads/1768000608.json', '/tmp/minio_downloads/1768000622.json', '/tmp/minio_downloads/1768000635.json', '/tmp/minio_downloads/1768000647.json', '/tmp/minio_downloads/1768000658.json', '/tmp/minio_downloads/1768000669.json', '/tmp/minio_downloads/1768000680.json', '/tmp/minio_downloads/1768000691.json', '/tmp/minio_downloads/1768000702.json', '/tmp/minio_downloads/1768000713.json', '/tmp/minio_downloads/1768000723.json', '/tmp/minio_downloads/1768000734.json', '/tmp/minio_downloads/1768000745.json', '/tmp/minio_downloads/1768000756.json', '/tmp/minio_downloads/1768000767.json', '/tmp/minio_downloads/1768000779.json', '/tmp/minio_downloads/1768000790.json', '/tmp/minio_downloads/1768000800.json', '/tmp/minio_downloads/1768000811.json', '/tmp/minio_downloads/1768000823.json', '/tmp/minio_downloads/1768000835.json', '/tmp/minio_downloads/1768000847.json', '/tmp/minio_downloads/1768000859.json', '/tmp/minio_downloads/1768000870.json', '/tmp/minio_downloads/1768000882.json', '/tmp/minio_downloads/1768000893.json', '/tmp/minio_downloads/1768000904.json', '/tmp/minio_downloads/1768000914.json', '/tmp/minio_downloads/1768000924.json', '/tmp/minio_downloads/1768000934.json', '/tmp/minio_downloads/1768000945.json', '/tmp/minio_downloads/1768000956.json', '/tmp/minio_downloads/1768001782.json', '/tmp/minio_downloads/1768001795.json', '/tmp/minio_downloads/1768001805.json', '/tmp/minio_downloads/1768001817.json', '/tmp/minio_downloads/1768001828.json', '/tmp/minio_downloads/1768001841.json', '/tmp/minio_downloads/1768001851.json', '/tmp/minio_downloads/1768001861.json', '/tmp/minio_downloads/1768001870.json', '/tmp/minio_downloads/1768002257.json', '/tmp/minio_downloads/1768002268.json', '/tmp/minio_downloads/1768002277.json', '/tmp/minio_downloads/1768002287.json', '/tmp/minio_downloads/1768002296.json', '/tmp/minio_downloads/1768002306.json', '/tmp/minio_downloads/1768002315.json', '/tmp/minio_downloads/1768002325.json', '/tmp/minio_downloads/1768002335.json', '/tmp/minio_downloads/1768002346.json', '/tmp/minio_downloads/1768002358.json', '/tmp/minio_downloads/1768002370.json', '/tmp/minio_downloads/1768002380.json', '/tmp/minio_downloads/1768002391.json', '/tmp/minio_downloads/1768002402.json', '/tmp/minio_downloads/1768002413.json', '/tmp/minio_downloads/1768002424.json', '/tmp/minio_downloads/1768002435.json', '/tmp/minio_downloads/1768002447.json', '/tmp/minio_downloads/1768002458.json', '/tmp/minio_downloads/1767994103.json', '/tmp/minio_downloads/1767994115.json', '/tmp/minio_downloads/1767994129.json', '/tmp/minio_downloads/1767994139.json', '/tmp/minio_downloads/1767994150.json', '/tmp/minio_downloads/1767994161.json', '/tmp/minio_downloads/1767994172.json', '/tmp/minio_downloads/1767994190.json', '/tmp/minio_downloads/1767994202.json', '/tmp/minio_downloads/1767994212.json', '/tmp/minio_downloads/1767994226.json', '/tmp/minio_downloads/1767994236.json', '/tmp/minio_downloads/1767994247.json', '/tmp/minio_downloads/1767994259.json', '/tmp/minio_downloads/1767994271.json', '/tmp/minio_downloads/1767997419.json', '/tmp/minio_downloads/1767997429.json', '/tmp/minio_downloads/1767997440.json', '/tmp/minio_downloads/1767997451.json', '/tmp/minio_downloads/1767997462.json', '/tmp/minio_downloads/1767997472.json', '/tmp/minio_downloads/1767997482.json', '/tmp/minio_downloads/1767997492.json', '/tmp/minio_downloads/1768000525.json', '/tmp/minio_downloads/1768000536.json', '/tmp/minio_downloads/1768000547.json', '/tmp/minio_downloads/1768000557.json', '/tmp/minio_downloads/1768000568.json', '/tmp/minio_downloads/1768000581.json', '/tmp/minio_downloads/1768000593.json', '/tmp/minio_downloads/1768000605.json', '/tmp/minio_downloads/1768000619.json', '/tmp/minio_downloads/1768000632.json', '/tmp/minio_downloads/1768000645.json', '/tmp/minio_downloads/1768000656.json', '/tmp/minio_downloads/1768000667.json', '/tmp/minio_downloads/1768000678.json', '/tmp/minio_downloads/1768000689.json', '/tmp/minio_downloads/1768000699.json', '/tmp/minio_downloads/1768000711.json', '/tmp/minio_downloads/1768000721.json', '/tmp/minio_downloads/1768000732.json', '/tmp/minio_downloads/1768000743.json', '/tmp/minio_downloads/1768000754.json', '/tmp/minio_downloads/1768000765.json', '/tmp/minio_downloads/1768000777.json', '/tmp/minio_downloads/1768000788.json', '/tmp/minio_downloads/1768000798.json', '/tmp/minio_downloads/1768000809.json', '/tmp/minio_downloads/1768000821.json', '/tmp/minio_downloads/1768000832.json', '/tmp/minio_downloads/1768000845.json', '/tmp/minio_downloads/1768000856.json', '/tmp/minio_downloads/1768000868.json', '/tmp/minio_downloads/1768000879.json', '/tmp/minio_downloads/1768000891.json', '/tmp/minio_downloads/1768000902.json', '/tmp/minio_downloads/1768000912.json', '/tmp/minio_downloads/1768000922.json', '/tmp/minio_downloads/1768000932.json', '/tmp/minio_downloads/1768000943.json', '/tmp/minio_downloads/1768000954.json', '/tmp/minio_downloads/1768001780.json', '/tmp/minio_downloads/1768001792.json', '/tmp/minio_downloads/1768001803.json', '/tmp/minio_downloads/1768001814.json', '/tmp/minio_downloads/1768001826.json', '/tmp/minio_downloads/1768001838.json', '/tmp/minio_downloads/1768001850.json', '/tmp/minio_downloads/1768001859.json', '/tmp/minio_downloads/1768001869.json', '/tmp/minio_downloads/1768002256.json', '/tmp/minio_downloads/1768002266.json', '/tmp/minio_downloads/1768002276.json', '/tmp/minio_downloads/1768002285.json', '/tmp/minio_downloads/1768002295.json', '/tmp/minio_downloads/1768002304.json', '/tmp/minio_downloads/1768002314.json', '/tmp/minio_downloads/1768002324.json', '/tmp/minio_downloads/1768002333.json', '/tmp/minio_downloads/1768002344.json', '/tmp/minio_downloads/1768002356.json', '/tmp/minio_downloads/1768002368.json', '/tmp/minio_downloads/1768002378.json', '/tmp/minio_downloads/1768002389.json', '/tmp/minio_downloads/1768002400.json', '/tmp/minio_downloads/1768002411.json', '/tmp/minio_downloads/1768002421.json', '/tmp/minio_downloads/1768002433.json', '/tmp/minio_downloads/1768002445.json', '/tmp/minio_downloads/1768002456.json', '/tmp/minio_downloads/1767994104.json', '/tmp/minio_downloads/1767994116.json', '/tmp/minio_downloads/1767994130.json', '/tmp/minio_downloads/1767994140.json', '/tmp/minio_downloads/1767994151.json', '/tmp/minio_downloads/1767994162.json', '/tmp/minio_downloads/1767994173.json', '/tmp/minio_downloads/1767994191.json', '/tmp/minio_downloads/1767994203.json', '/tmp/minio_downloads/1767994214.json', '/tmp/minio_downloads/1767994227.json', '/tmp/minio_downloads/1767994238.json', '/tmp/minio_downloads/1767994248.json', '/tmp/minio_downloads/1767994260.json', '/tmp/minio_downloads/1767994272.json', '/tmp/minio_downloads/1767997419.json', '/tmp/minio_downloads/1767997430.json', '/tmp/minio_downloads/1767997441.json', '/tmp/minio_downloads/1767997452.json', '/tmp/minio_downloads/1767997463.json', '/tmp/minio_downloads/1767997473.json', '/tmp/minio_downloads/1767997483.json', '/tmp/minio_downloads/1767997493.json', '/tmp/minio_downloads/1768000526.json', '/tmp/minio_downloads/1768000537.json', '/tmp/minio_downloads/1768000548.json', '/tmp/minio_downloads/1768000558.json', '/tmp/minio_downloads/1768000569.json', '/tmp/minio_downloads/1768000582.json', '/tmp/minio_downloads/1768000594.json', '/tmp/minio_downloads/1768000607.json', '/tmp/minio_downloads/1768000621.json', '/tmp/minio_downloads/1768000634.json', '/tmp/minio_downloads/1768000646.json', '/tmp/minio_downloads/1768000657.json', '/tmp/minio_downloads/1768000668.json', '/tmp/minio_downloads/1768000679.json', '/tmp/minio_downloads/1768000690.json', '/tmp/minio_downloads/1768000701.json', '/tmp/minio_downloads/1768000712.json', '/tmp/minio_downloads/1768000722.json', '/tmp/minio_downloads/1768000733.json', '/tmp/minio_downloads/1768000744.json', '/tmp/minio_downloads/1768000755.json', '/tmp/minio_downloads/1768000766.json', '/tmp/minio_downloads/1768000778.json', '/tmp/minio_downloads/1768000789.json', '/tmp/minio_downloads/1768000799.json', '/tmp/minio_downloads/1768000810.json', '/tmp/minio_downloads/1768000822.json', '/tmp/minio_downloads/1768000834.json', '/tmp/minio_downloads/1768000846.json', '/tmp/minio_downloads/1768000858.json', '/tmp/minio_downloads/1768000869.json', '/tmp/minio_downloads/1768000880.json', '/tmp/minio_downloads/1768000892.json', '/tmp/minio_downloads/1768000903.json', '/tmp/minio_downloads/1768000913.json', '/tmp/minio_downloads/1768000923.json', '/tmp/minio_downloads/1768000933.json', '/tmp/minio_downloads/1768000944.json', '/tmp/minio_downloads/1768000956.json', '/tmp/minio_downloads/1768001781.json', '/tmp/minio_downloads/1768001793.json', '/tmp/minio_downloads/1768001804.json', '/tmp/minio_downloads/1768001817.json', '/tmp/minio_downloads/1768001827.json', '/tmp/minio_downloads/1768001839.json', '/tmp/minio_downloads/1768001850.json', '/tmp/minio_downloads/1768001860.json', '/tmp/minio_downloads/1768001870.json', '/tmp/minio_downloads/1768002257.json', '/tmp/minio_downloads/1768002267.json', '/tmp/minio_downloads/1768002277.json', '/tmp/minio_downloads/1768002286.json', '/tmp/minio_downloads/1768002296.json', '/tmp/minio_downloads/1768002305.json', '/tmp/minio_downloads/1768002315.json', '/tmp/minio_downloads/1768002324.json', '/tmp/minio_downloads/1768002334.json', '/tmp/minio_downloads/1768002345.json', '/tmp/minio_downloads/1768002357.json', '/tmp/minio_downloads/1768002369.json', '/tmp/minio_downloads/1768002379.json', '/tmp/minio_downloads/1768002390.json', '/tmp/minio_downloads/1768002401.json', '/tmp/minio_downloads/1768002412.json', '/tmp/minio_downloads/1768002423.json', '/tmp/minio_downloads/1768002434.json', '/tmp/minio_downloads/1768002446.json', '/tmp/minio_downloads/1768002457.json']
[2026-01-10T01:01:11.981+0000] {taskinstance.py:441} INFO - ::group::Post task execution logs
[2026-01-10T01:01:12.066+0000] {taskinstance.py:1206} INFO - Marking task as SUCCESS. dag_id=minio_to_snowflake, task_id=download_minio, run_id=scheduled__2026-01-10T01:00:00+00:00, execution_date=20260110T010000, start_date=20260110T010103, end_date=20260110T010112
[2026-01-10T01:01:12.141+0000] {local_task_job_runner.py:243} INFO - Task exited with return code 0
[2026-01-10T01:01:12.212+0000] {taskinstance.py:3503} INFO - 1 downstream tasks scheduled from follow-on schedule check
[2026-01-10T01:01:12.216+0000] {local_task_job_runner.py:222} INFO - ::endgroup::
